<?xml version="1.0" encoding="UTF-8"?>
<coverage generated="1785506651433" clover="3.2.0">
  <project timestamp="1785506651433" name="All files">
    <metrics statements="3744" coveredstatements="3534" conditionals="855" coveredconditionals="617" methods="787" coveredmethods="680" elements="5386" coveredelements="4831" complexity="0" loc="3744" ncloc="3744" packages="142" files="233" classes="233"/>
    <package name="src.config">
      <metrics statements="74" coveredstatements="59" conditionals="35" coveredconditionals="23" methods="14" coveredmethods="5"/>
      <file name="database.ts" path="D:\My Work\Bytesved\CA firm\backend\src\config\database.ts">
        <metrics statements="13" coveredstatements="12" conditionals="5" coveredconditionals="4" methods="3" coveredmethods="2"/>
        <line num="1" count="23" type="stmt"/>
        <line num="2" count="23" type="stmt"/>
        <line num="3" count="23" type="stmt"/>
        <line num="16" count="23" type="stmt"/>
        <line num="21" count="23" type="stmt"/>
        <line num="23" count="23" type="stmt"/>
        <line num="33" count="23" type="cond" truecount="2" falsecount="0"/>
        <line num="35" count="23" type="cond" truecount="1" falsecount="0"/>
        <line num="36" count="23" type="stmt"/>
        <line num="43" count="23" type="stmt"/>
        <line num="44" count="0" type="stmt"/>
        <line num="51" count="23" type="stmt"/>
        <line num="52" count="2" type="stmt"/>
      </file>
      <file name="environment.ts" path="D:\My Work\Bytesved\CA firm\backend\src\config\environment.ts">
        <metrics statements="8" coveredstatements="5" conditionals="1" coveredconditionals="0" methods="0" coveredmethods="0"/>
        <line num="1" count="50" type="stmt"/>
        <line num="9" count="50" type="stmt"/>
        <line num="93" count="50" type="stmt"/>
        <line num="95" count="50" type="cond" truecount="0" falsecount="1"/>
        <line num="96" count="0" type="stmt"/>
        <line num="97" count="0" type="stmt"/>
        <line num="98" count="0" type="stmt"/>
        <line num="101" count="50" type="stmt"/>
      </file>
      <file name="jwt.ts" path="D:\My Work\Bytesved\CA firm\backend\src\config\jwt.ts">
        <metrics statements="2" coveredstatements="2" conditionals="0" coveredconditionals="0" methods="0" coveredmethods="0"/>
        <line num="1" count="31" type="stmt"/>
        <line num="8" count="31" type="stmt"/>
      </file>
      <file name="logger.ts" path="D:\My Work\Bytesved\CA firm\backend\src\config\logger.ts">
        <metrics statements="5" coveredstatements="5" conditionals="2" coveredconditionals="1" methods="1" coveredmethods="1"/>
        <line num="1" count="48" type="stmt"/>
        <line num="2" count="48" type="stmt"/>
        <line num="31" count="48" type="stmt"/>
        <line num="87" count="48" type="stmt"/>
        <line num="88" count="723" type="stmt"/>
      </file>
      <file name="queue.ts" path="D:\My Work\Bytesved\CA firm\backend\src\config\queue.ts">
        <metrics statements="9" coveredstatements="9" conditionals="0" coveredconditionals="0" methods="0" coveredmethods="0"/>
        <line num="1" count="1" type="stmt"/>
        <line num="2" count="1" type="stmt"/>
        <line num="9" count="1" type="stmt"/>
        <line num="14" count="1" type="stmt"/>
        <line num="28" count="1" type="stmt"/>
        <line num="38" count="1" type="stmt"/>
        <line num="48" count="1" type="stmt"/>
        <line num="58" count="1" type="stmt"/>
        <line num="68" count="1" type="stmt"/>
      </file>
      <file name="razorpay.ts" path="D:\My Work\Bytesved\CA firm\backend\src\config\razorpay.ts">
        <metrics statements="4" coveredstatements="4" conditionals="10" coveredconditionals="6" methods="0" coveredmethods="0"/>
        <line num="1" count="3" type="stmt"/>
        <line num="2" count="3" type="stmt"/>
        <line num="12" count="3" type="stmt"/>
        <line num="17" count="3" type="stmt"/>
      </file>
      <file name="redis.ts" path="D:\My Work\Bytesved\CA firm\backend\src\config\redis.ts">
        <metrics statements="24" coveredstatements="13" conditionals="3" coveredconditionals="2" methods="10" coveredmethods="2"/>
        <line num="1" count="1" type="stmt"/>
        <line num="2" count="1" type="stmt"/>
        <line num="3" count="1" type="stmt"/>
        <line num="10" count="1" type="stmt"/>
        <line num="17" count="0" type="stmt"/>
        <line num="18" count="0" type="stmt"/>
        <line num="21" count="0" type="stmt"/>
        <line num="22" count="0" type="cond" truecount="0" falsecount="1"/>
        <line num="23" count="0" type="stmt"/>
        <line num="25" count="0" type="stmt"/>
        <line num="30" count="1" type="stmt"/>
        <line num="31" count="1" type="stmt"/>
        <line num="34" count="1" type="stmt"/>
        <line num="35" count="1" type="stmt"/>
        <line num="38" count="1" type="stmt"/>
        <line num="39" count="0" type="stmt"/>
        <line num="42" count="1" type="stmt"/>
        <line num="43" count="0" type="stmt"/>
        <line num="46" count="1" type="stmt"/>
        <line num="47" count="0" type="stmt"/>
        <line num="53" count="1" type="stmt"/>
        <line num="54" count="0" type="stmt"/>
        <line num="60" count="1" type="stmt"/>
        <line num="61" count="0" type="stmt"/>
      </file>
      <file name="storage.ts" path="D:\My Work\Bytesved\CA firm\backend\src\config\storage.ts">
        <metrics statements="4" coveredstatements="4" conditionals="12" coveredconditionals="9" methods="0" coveredmethods="0"/>
        <line num="1" count="5" type="stmt"/>
        <line num="2" count="5" type="stmt"/>
        <line num="8" count="5" type="stmt"/>
        <line num="20" count="5" type="stmt"/>
      </file>
      <file name="swagger.ts" path="D:\My Work\Bytesved\CA firm\backend\src\config\swagger.ts">
        <metrics statements="5" coveredstatements="5" conditionals="2" coveredconditionals="1" methods="0" coveredmethods="0"/>
        <line num="1" count="1" type="stmt"/>
        <line num="2" count="1" type="stmt"/>
        <line num="8" count="1" type="stmt"/>
        <line num="59" count="1" type="stmt"/>
        <line num="64" count="1" type="stmt"/>
      </file>
    </package>
    <package name="src.middlewares">
      <metrics statements="157" coveredstatements="123" conditionals="60" coveredconditionals="33" methods="24" coveredmethods="19"/>
      <file name="auth.middleware.ts" path="D:\My Work\Bytesved\CA firm\backend\src\middlewares\auth.middleware.ts">
        <metrics statements="26" coveredstatements="17" conditionals="12" coveredconditionals="6" methods="2" coveredmethods="1"/>
        <line num="2" count="30" type="stmt"/>
        <line num="3" count="30" type="stmt"/>
        <line num="4" count="30" type="stmt"/>
        <line num="28" count="30" type="stmt"/>
        <line num="33" count="468" type="stmt"/>
        <line num="35" count="468" type="cond" truecount="3" falsecount="0"/>
        <line num="36" count="21" type="stmt"/>
        <line num="39" count="447" type="stmt"/>
        <line num="41" count="447" type="stmt"/>
        <line num="42" count="447" type="stmt"/>
        <line num="44" count="442" type="stmt"/>
        <line num="52" count="442" type="stmt"/>
        <line num="54" count="5" type="cond" truecount="1" falsecount="0"/>
        <line num="55" count="2" type="stmt"/>
        <line num="57" count="3" type="cond" truecount="1" falsecount="0"/>
        <line num="58" count="3" type="stmt"/>
        <line num="60" count="0" type="stmt"/>
        <line num="68" count="30" type="stmt"/>
        <line num="73" count="0" type="stmt"/>
        <line num="75" count="0" type="cond" truecount="0" falsecount="3"/>
        <line num="76" count="0" type="stmt"/>
        <line num="79" count="0" type="stmt"/>
        <line num="81" count="0" type="stmt"/>
        <line num="82" count="0" type="stmt"/>
        <line num="83" count="0" type="stmt"/>
        <line num="94" count="0" type="stmt"/>
      </file>
      <file name="correlation-id.middleware.ts" path="D:\My Work\Bytesved\CA firm\backend\src\middlewares\correlation-id.middleware.ts">
        <metrics statements="8" coveredstatements="8" conditionals="4" coveredconditionals="3" methods="1" coveredmethods="1"/>
        <line num="2" count="21" type="stmt"/>
        <line num="33" count="21" type="stmt"/>
        <line num="39" count="494" type="stmt"/>
        <line num="40" count="494" type="cond" truecount="3" falsecount="1"/>
        <line num="43" count="494" type="stmt"/>
        <line num="46" count="494" type="stmt"/>
        <line num="49" count="494" type="stmt"/>
        <line num="51" count="494" type="stmt"/>
      </file>
      <file name="error.middleware.ts" path="D:\My Work\Bytesved\CA firm\backend\src\middlewares\error.middleware.ts">
        <metrics statements="43" coveredstatements="32" conditionals="15" coveredconditionals="7" methods="2" coveredmethods="1"/>
        <line num="2" count="21" type="stmt"/>
        <line num="3" count="21" type="stmt"/>
        <line num="4" count="21" type="stmt"/>
        <line num="5" count="21" type="stmt"/>
        <line num="6" count="21" type="stmt"/>
        <line num="7" count="21" type="stmt"/>
        <line num="8" count="21" type="stmt"/>
        <line num="9" count="21" type="stmt"/>
        <line num="10" count="21" type="stmt"/>
        <line num="34" count="21" type="stmt"/>
        <line num="42" count="227" type="stmt"/>
        <line num="51" count="227" type="cond" truecount="1" falsecount="0"/>
        <line num="52" count="222" type="cond" truecount="1" falsecount="1"/>
        <line num="53" count="222" type="stmt"/>
        <line num="56" count="0" type="stmt"/>
        <line num="59" count="222" type="stmt"/>
        <line num="62" count="222" type="stmt"/>
        <line num="66" count="5" type="cond" truecount="0" falsecount="1"/>
        <line num="67" count="0" type="stmt"/>
        <line num="72" count="0" type="stmt"/>
        <line num="74" count="0" type="stmt"/>
        <line num="84" count="0" type="stmt"/>
        <line num="88" count="5" type="cond" truecount="0" falsecount="1"/>
        <line num="89" count="0" type="stmt"/>
        <line num="91" count="0" type="stmt"/>
        <line num="94" count="0" type="stmt"/>
        <line num="98" count="5" type="cond" truecount="1" falsecount="0"/>
        <line num="100" count="4" type="cond" truecount="1" falsecount="0"/>
        <line num="101" count="2" type="stmt"/>
        <line num="102" count="2" type="stmt"/>
        <line num="111" count="2" type="stmt"/>
        <line num="115" count="2" type="cond" truecount="0" falsecount="1"/>
        <line num="116" count="0" type="stmt"/>
        <line num="117" count="0" type="stmt"/>
        <line num="126" count="0" type="stmt"/>
        <line num="130" count="2" type="cond" truecount="1" falsecount="0"/>
        <line num="131" count="2" type="stmt"/>
        <line num="132" count="2" type="stmt"/>
        <line num="141" count="2" type="stmt"/>
        <line num="146" count="1" type="stmt"/>
        <line num="149" count="1" type="cond" truecount="1" falsecount="1"/>
        <line num="153" count="1" type="cond" truecount="1" falsecount="1"/>
        <line num="155" count="1" type="stmt"/>
      </file>
      <file name="permission.middleware.ts" path="D:\My Work\Bytesved\CA firm\backend\src\middlewares\permission.middleware.ts">
        <metrics statements="26" coveredstatements="16" conditionals="10" coveredconditionals="3" methods="8" coveredmethods="5"/>
        <line num="2" count="27" type="stmt"/>
        <line num="17" count="27" type="stmt"/>
        <line num="18" count="222" type="stmt"/>
        <line num="19" count="377" type="cond" truecount="0" falsecount="1"/>
        <line num="20" count="0" type="stmt"/>
        <line num="23" count="377" type="cond" truecount="1" falsecount="1"/>
        <line num="24" count="377" type="stmt"/>
        <line num="26" count="377" type="cond" truecount="1" falsecount="0"/>
        <line num="27" count="41" type="stmt"/>
        <line num="32" count="336" type="stmt"/>
        <line num="39" count="27" type="stmt"/>
        <line num="40" count="0" type="stmt"/>
        <line num="41" count="0" type="cond" truecount="0" falsecount="1"/>
        <line num="42" count="0" type="stmt"/>
        <line num="45" count="0" type="cond" truecount="0" falsecount="2"/>
        <line num="46" count="0" type="stmt"/>
        <line num="48" count="0" type="cond" truecount="0" falsecount="1"/>
        <line num="49" count="0" type="stmt"/>
        <line num="54" count="0" type="stmt"/>
        <line num="62" count="27" type="stmt"/>
        <line num="63" count="14" type="stmt"/>
        <line num="64" count="16" type="cond" truecount="0" falsecount="1"/>
        <line num="65" count="0" type="stmt"/>
        <line num="68" count="16" type="cond" truecount="1" falsecount="0"/>
        <line num="69" count="2" type="stmt"/>
        <line num="72" count="14" type="stmt"/>
      </file>
      <file name="request-logger.middleware.ts" path="D:\My Work\Bytesved\CA firm\backend\src\middlewares\request-logger.middleware.ts">
        <metrics statements="13" coveredstatements="13" conditionals="6" coveredconditionals="5" methods="7" coveredmethods="7"/>
        <line num="1" count="21" type="stmt"/>
        <line num="2" count="21" type="stmt"/>
        <line num="12" count="21" type="stmt"/>
        <line num="14" count="494" type="stmt"/>
        <line num="16" count="493" type="cond" truecount="3" falsecount="0"/>
        <line num="17" count="489" type="cond" truecount="1" falsecount="0"/>
        <line num="18" count="266" type="stmt"/>
        <line num="21" count="489" type="stmt"/>
        <line num="23" count="4" type="stmt"/>
        <line num="26" count="494" type="stmt"/>
        <line num="27" count="494" type="stmt"/>
        <line num="36" count="493" type="stmt"/>
        <line num="44" count="494" type="cond" truecount="1" falsecount="1"/>
      </file>
      <file name="tenant.middleware.ts" path="D:\My Work\Bytesved\CA firm\backend\src\middlewares\tenant.middleware.ts">
        <metrics statements="24" coveredstatements="21" conditionals="8" coveredconditionals="5" methods="1" coveredmethods="1"/>
        <line num="2" count="30" type="stmt"/>
        <line num="3" count="30" type="stmt"/>
        <line num="4" count="30" type="stmt"/>
        <line num="5" count="30" type="stmt"/>
        <line num="6" count="30" type="stmt"/>
        <line num="7" count="30" type="stmt"/>
        <line num="11" count="30" type="stmt"/>
        <line num="48" count="426" type="cond" truecount="0" falsecount="1"/>
        <line num="49" count="0" type="stmt"/>
        <line num="52" count="426" type="stmt"/>
        <line num="55" count="426" type="stmt"/>
        <line num="68" count="426" type="cond" truecount="0" falsecount="1"/>
        <line num="69" count="0" type="stmt"/>
        <line num="72" count="426" type="stmt"/>
        <line num="74" count="426" type="cond" truecount="0" falsecount="1"/>
        <line num="75" count="0" type="stmt"/>
        <line num="79" count="426" type="cond" truecount="3" falsecount="0"/>
        <line num="83" count="426" type="cond" truecount="1" falsecount="0"/>
        <line num="84" count="1" type="stmt"/>
        <line num="87" count="425" type="cond" truecount="1" falsecount="0"/>
        <line num="88" count="1" type="stmt"/>
        <line num="91" count="424" type="stmt"/>
        <line num="99" count="424" type="stmt"/>
        <line num="102" count="30" type="stmt"/>
      </file>
      <file name="validation.middleware.ts" path="D:\My Work\Bytesved\CA firm\backend\src\middlewares\validation.middleware.ts">
        <metrics statements="17" coveredstatements="16" conditionals="5" coveredconditionals="4" methods="3" coveredmethods="3"/>
        <line num="2" count="30" type="stmt"/>
        <line num="3" count="30" type="stmt"/>
        <line num="25" count="30" type="stmt"/>
        <line num="26" count="239" type="stmt"/>
        <line num="27" count="396" type="stmt"/>
        <line num="28" count="396" type="cond" truecount="1" falsecount="0"/>
        <line num="29" count="189" type="stmt"/>
        <line num="31" count="373" type="cond" truecount="1" falsecount="0"/>
        <line num="32" count="200" type="stmt"/>
        <line num="34" count="356" type="cond" truecount="1" falsecount="0"/>
        <line num="35" count="73" type="stmt"/>
        <line num="37" count="349" type="stmt"/>
        <line num="39" count="47" type="cond" truecount="1" falsecount="1"/>
        <line num="40" count="50" type="stmt"/>
        <line num="45" count="47" type="stmt"/>
        <line num="47" count="0" type="stmt"/>
        <line num="56" count="30" type="stmt"/>
      </file>
    </package>
    <package name="src.modules.audit">
      <metrics statements="2" coveredstatements="2" conditionals="0" coveredconditionals="0" methods="2" coveredmethods="1"/>
      <file name="index.ts" path="D:\My Work\Bytesved\CA firm\backend\src\modules\audit\index.ts">
        <metrics statements="2" coveredstatements="2" conditionals="0" coveredconditionals="0" methods="2" coveredmethods="1"/>
        <line num="9" count="16" type="stmt"/>
        <line num="10" count="310" type="stmt"/>
      </file>
    </package>
    <package name="src.modules.audit.constants">
      <metrics statements="3" coveredstatements="3" conditionals="0" coveredconditionals="0" methods="0" coveredmethods="0"/>
      <file name="audit.permissions.ts" path="D:\My Work\Bytesved\CA firm\backend\src\modules\audit\constants\audit.permissions.ts">
        <metrics statements="3" coveredstatements="3" conditionals="0" coveredconditionals="0" methods="0" coveredmethods="0"/>
        <line num="1" count="16" type="stmt"/>
        <line num="15" count="16" type="stmt"/>
        <line num="17" count="16" type="stmt"/>
      </file>
    </package>
    <package name="src.modules.audit.controller">
      <metrics statements="14" coveredstatements="14" conditionals="0" coveredconditionals="0" methods="2" coveredmethods="2"/>
      <file name="audit-log.controller.ts" path="D:\My Work\Bytesved\CA firm\backend\src\modules\audit\controller\audit-log.controller.ts">
        <metrics statements="14" coveredstatements="14" conditionals="0" coveredconditionals="0" methods="2" coveredmethods="2"/>
        <line num="2" count="16" type="stmt"/>
        <line num="3" count="16" type="stmt"/>
        <line num="4" count="16" type="stmt"/>
        <line num="5" count="16" type="stmt"/>
        <line num="6" count="16" type="stmt"/>
        <line num="12" count="16" type="stmt"/>
        <line num="13" count="16" type="stmt"/>
        <line num="14" count="4" type="stmt"/>
        <line num="15" count="4" type="stmt"/>
        <line num="17" count="4" type="stmt"/>
        <line num="20" count="16" type="stmt"/>
        <line num="21" count="2" type="stmt"/>
        <line num="22" count="2" type="stmt"/>
        <line num="24" count="1" type="stmt"/>
      </file>
    </package>
    <package name="src.modules.audit.mapper">
      <metrics statements="3" coveredstatements="3" conditionals="0" coveredconditionals="0" methods="3" coveredmethods="3"/>
      <file name="audit.mapper.ts" path="D:\My Work\Bytesved\CA firm\backend\src\modules\audit\mapper\audit.mapper.ts">
        <metrics statements="3" coveredstatements="3" conditionals="0" coveredconditionals="0" methods="3" coveredmethods="3"/>
        <line num="8" count="16" type="stmt"/>
        <line num="10" count="5" type="stmt"/>
        <line num="24" count="4" type="stmt"/>
      </file>
    </package>
    <package name="src.modules.audit.repository">
      <metrics statements="17" coveredstatements="15" conditionals="15" coveredconditionals="10" methods="4" coveredmethods="4"/>
      <file name="audit-log.repository.ts" path="D:\My Work\Bytesved\CA firm\backend\src\modules\audit\repository\audit-log.repository.ts">
        <metrics statements="17" coveredstatements="15" conditionals="15" coveredconditionals="10" methods="4" coveredmethods="4"/>
        <line num="2" count="18" type="stmt"/>
        <line num="36" count="18" type="stmt"/>
        <line num="38" count="300" type="stmt"/>
        <line num="46" count="4" type="stmt"/>
        <line num="48" count="4" type="cond" truecount="1" falsecount="0"/>
        <line num="49" count="2" type="stmt"/>
        <line num="51" count="4" type="cond" truecount="1" falsecount="0"/>
        <line num="52" count="2" type="stmt"/>
        <line num="54" count="4" type="cond" truecount="1" falsecount="0"/>
        <line num="55" count="1" type="stmt"/>
        <line num="57" count="4" type="cond" truecount="2" falsecount="1"/>
        <line num="58" count="0" type="stmt"/>
        <line num="60" count="4" type="cond" truecount="0" falsecount="1"/>
        <line num="61" count="0" type="stmt"/>
        <line num="64" count="4" type="stmt"/>
        <line num="68" count="2" type="stmt"/>
        <line num="73" count="24" type="stmt"/>
      </file>
    </package>
    <package name="src.modules.audit.routes">
      <metrics statements="12" coveredstatements="12" conditionals="0" coveredconditionals="0" methods="0" coveredmethods="0"/>
      <file name="audit-log.routes.ts" path="D:\My Work\Bytesved\CA firm\backend\src\modules\audit\routes\audit-log.routes.ts">
        <metrics statements="12" coveredstatements="12" conditionals="0" coveredconditionals="0" methods="0" coveredmethods="0"/>
        <line num="1" count="16" type="stmt"/>
        <line num="2" count="16" type="stmt"/>
        <line num="3" count="16" type="stmt"/>
        <line num="4" count="16" type="stmt"/>
        <line num="5" count="16" type="stmt"/>
        <line num="6" count="16" type="stmt"/>
        <line num="7" count="16" type="stmt"/>
        <line num="8" count="16" type="stmt"/>
        <line num="22" count="16" type="stmt"/>
        <line num="101" count="16" type="stmt"/>
        <line num="126" count="16" type="stmt"/>
        <line num="135" count="16" type="stmt"/>
      </file>
    </package>
    <package name="src.modules.audit.schemas">
      <metrics statements="6" coveredstatements="6" conditionals="0" coveredconditionals="0" methods="0" coveredmethods="0"/>
      <file name="audit.schema.ts" path="D:\My Work\Bytesved\CA firm\backend\src\modules\audit\schemas\audit.schema.ts">
        <metrics statements="6" coveredstatements="6" conditionals="0" coveredconditionals="0" methods="0" coveredmethods="0"/>
        <line num="1" count="16" type="stmt"/>
        <line num="2" count="16" type="stmt"/>
        <line num="3" count="16" type="stmt"/>
        <line num="19" count="16" type="stmt"/>
        <line num="21" count="16" type="stmt"/>
        <line num="23" count="16" type="stmt"/>
      </file>
    </package>
    <package name="src.modules.audit.service">
      <metrics statements="20" coveredstatements="20" conditionals="10" coveredconditionals="10" methods="5" coveredmethods="5"/>
      <file name="audit-log.recorder.ts" path="D:\My Work\Bytesved\CA firm\backend\src\modules\audit\service\audit-log.recorder.ts">
        <metrics statements="10" coveredstatements="10" conditionals="9" coveredconditionals="9" methods="2" coveredmethods="2"/>
        <line num="2" count="17" type="stmt"/>
        <line num="3" count="17" type="stmt"/>
        <line num="4" count="17" type="stmt"/>
        <line num="50" count="17" type="stmt"/>
        <line num="51" count="297" type="cond" truecount="1" falsecount="0"/>
        <line num="54" count="51" type="stmt"/>
        <line num="55" count="51" type="stmt"/>
        <line num="59" count="27" type="cond" truecount="2" falsecount="0"/>
        <line num="61" count="27" type="stmt"/>
        <line num="74" count="25" type="stmt"/>
      </file>
      <file name="audit-log.service.ts" path="D:\My Work\Bytesved\CA firm\backend\src\modules\audit\service\audit-log.service.ts">
        <metrics statements="10" coveredstatements="10" conditionals="1" coveredconditionals="1" methods="3" coveredmethods="3"/>
        <line num="3" count="17" type="stmt"/>
        <line num="4" count="17" type="stmt"/>
        <line num="6" count="17" type="stmt"/>
        <line num="21" count="17" type="stmt"/>
        <line num="24" count="9" type="cond" truecount="1" falsecount="0"/>
        <line num="26" count="9" type="stmt"/>
        <line num="30" count="5" type="stmt"/>
        <line num="45" count="4" type="stmt"/>
        <line num="46" count="4" type="stmt"/>
        <line num="47" count="2" type="stmt"/>
      </file>
    </package>
    <package name="src.modules.auth.controller">
      <metrics statements="38" coveredstatements="38" conditionals="4" coveredconditionals="3" methods="9" coveredmethods="9"/>
      <file name="auth.controller.ts" path="D:\My Work\Bytesved\CA firm\backend\src\modules\auth\controller\auth.controller.ts">
        <metrics statements="38" coveredstatements="38" conditionals="4" coveredconditionals="3" methods="9" coveredmethods="9"/>
        <line num="2" count="1" type="stmt"/>
        <line num="3" count="1" type="stmt"/>
        <line num="4" count="1" type="stmt"/>
        <line num="5" count="1" type="stmt"/>
        <line num="21" count="13" type="cond" truecount="3" falsecount="1"/>
        <line num="24" count="1" type="stmt"/>
        <line num="25" count="1" type="stmt"/>
        <line num="26" count="10" type="stmt"/>
        <line num="27" count="10" type="stmt"/>
        <line num="29" count="7" type="stmt"/>
        <line num="32" count="1" type="stmt"/>
        <line num="33" count="3" type="stmt"/>
        <line num="34" count="3" type="stmt"/>
        <line num="36" count="2" type="stmt"/>
        <line num="39" count="1" type="stmt"/>
        <line num="40" count="1" type="stmt"/>
        <line num="41" count="1" type="stmt"/>
        <line num="43" count="1" type="stmt"/>
        <line num="46" count="1" type="stmt"/>
        <line num="47" count="1" type="stmt"/>
        <line num="48" count="1" type="stmt"/>
        <line num="50" count="1" type="stmt"/>
        <line num="53" count="1" type="stmt"/>
        <line num="54" count="2" type="stmt"/>
        <line num="55" count="2" type="stmt"/>
        <line num="57" count="1" type="stmt"/>
        <line num="60" count="1" type="stmt"/>
        <line num="61" count="1" type="stmt"/>
        <line num="62" count="1" type="stmt"/>
        <line num="64" count="1" type="stmt"/>
        <line num="67" count="1" type="stmt"/>
        <line num="68" count="1" type="stmt"/>
        <line num="69" count="1" type="stmt"/>
        <line num="71" count="1" type="stmt"/>
        <line num="74" count="1" type="stmt"/>
        <line num="75" count="1" type="stmt"/>
        <line num="76" count="1" type="stmt"/>
        <line num="78" count="1" type="stmt"/>
      </file>
    </package>
    <package name="src.modules.auth.mapper">
      <metrics statements="5" coveredstatements="5" conditionals="2" coveredconditionals="2" methods="5" coveredmethods="5"/>
      <file name="auth.mapper.ts" path="D:\My Work\Bytesved\CA firm\backend\src\modules\auth\mapper\auth.mapper.ts">
        <metrics statements="5" coveredstatements="5" conditionals="2" coveredconditionals="2" methods="5" coveredmethods="5"/>
        <line num="8" count="4" type="stmt"/>
        <line num="10" count="11" type="stmt"/>
        <line num="22" count="2" type="stmt"/>
        <line num="36" count="6" type="stmt"/>
        <line num="52" count="6" type="stmt"/>
      </file>
    </package>
    <package name="src.modules.auth.repository">
      <metrics statements="31" coveredstatements="29" conditionals="2" coveredconditionals="1" methods="23" coveredmethods="22"/>
      <file name="auth.repository.ts" path="D:\My Work\Bytesved\CA firm\backend\src\modules\auth\repository\auth.repository.ts">
        <metrics statements="31" coveredstatements="29" conditionals="2" coveredconditionals="1" methods="23" coveredmethods="22"/>
        <line num="1" count="2" type="stmt"/>
        <line num="30" count="2" type="stmt"/>
        <line num="31" count="20" type="stmt"/>
        <line num="46" count="10" type="stmt"/>
        <line num="50" count="5" type="stmt"/>
        <line num="54" count="2" type="stmt"/>
        <line num="58" count="7" type="stmt"/>
        <line num="65" count="1" type="stmt"/>
        <line num="73" count="7" type="stmt"/>
        <line num="90" count="10" type="stmt"/>
        <line num="105" count="10" type="stmt"/>
        <line num="106" count="10" type="stmt"/>
        <line num="107" count="0" type="stmt"/>
        <line num="108" count="0" type="stmt"/>
        <line num="111" count="10" type="stmt"/>
        <line num="119" count="7" type="stmt"/>
        <line num="123" count="2" type="stmt"/>
        <line num="127" count="1" type="stmt"/>
        <line num="134" count="1" type="stmt"/>
        <line num="138" count="3" type="stmt"/>
        <line num="145" count="2" type="stmt"/>
        <line num="149" count="2" type="stmt"/>
        <line num="157" count="9" type="stmt"/>
        <line num="161" count="4" type="stmt"/>
        <line num="165" count="2" type="stmt"/>
        <line num="170" count="1" type="stmt"/>
        <line num="177" count="2" type="stmt"/>
        <line num="198" count="12" type="stmt"/>
        <line num="202" count="1" type="stmt"/>
        <line num="206" count="1" type="stmt"/>
        <line num="212" count="1" type="stmt"/>
      </file>
    </package>
    <package name="src.modules.auth.routes">
      <metrics statements="16" coveredstatements="16" conditionals="0" coveredconditionals="0" methods="0" coveredmethods="0"/>
      <file name="auth.routes.ts" path="D:\My Work\Bytesved\CA firm\backend\src\modules\auth\routes\auth.routes.ts">
        <metrics statements="16" coveredstatements="16" conditionals="0" coveredconditionals="0" methods="0" coveredmethods="0"/>
        <line num="1" count="1" type="stmt"/>
        <line num="2" count="1" type="stmt"/>
        <line num="3" count="1" type="stmt"/>
        <line num="4" count="1" type="stmt"/>
        <line num="5" count="1" type="stmt"/>
        <line num="6" count="1" type="stmt"/>
        <line num="28" count="1" type="stmt"/>
        <line num="75" count="1" type="stmt"/>
        <line num="91" count="1" type="stmt"/>
        <line num="108" count="1" type="stmt"/>
        <line num="121" count="1" type="stmt"/>
        <line num="140" count="1" type="stmt"/>
        <line num="153" count="1" type="stmt"/>
        <line num="169" count="1" type="stmt"/>
        <line num="194" count="1" type="stmt"/>
        <line num="196" count="1" type="stmt"/>
      </file>
    </package>
    <package name="src.modules.auth.schemas">
      <metrics statements="8" coveredstatements="8" conditionals="0" coveredconditionals="0" methods="0" coveredmethods="0"/>
      <file name="auth.schema.ts" path="D:\My Work\Bytesved\CA firm\backend\src\modules\auth\schemas\auth.schema.ts">
        <metrics statements="8" coveredstatements="8" conditionals="0" coveredconditionals="0" methods="0" coveredmethods="0"/>
        <line num="1" count="1" type="stmt"/>
        <line num="2" count="1" type="stmt"/>
        <line num="21" count="1" type="stmt"/>
        <line num="23" count="1" type="stmt"/>
        <line num="29" count="1" type="stmt"/>
        <line num="34" count="1" type="stmt"/>
        <line num="39" count="1" type="stmt"/>
        <line num="43" count="1" type="stmt"/>
      </file>
    </package>
    <package name="src.modules.auth.service">
      <metrics statements="120" coveredstatements="120" conditionals="46" coveredconditionals="41" methods="13" coveredmethods="13"/>
      <file name="auth.service.ts" path="D:\My Work\Bytesved\CA firm\backend\src\modules\auth\service\auth.service.ts">
        <metrics statements="120" coveredstatements="120" conditionals="46" coveredconditionals="41" methods="13" coveredmethods="13"/>
        <line num="1" count="2" type="stmt"/>
        <line num="3" count="2" type="stmt"/>
        <line num="4" count="2" type="stmt"/>
        <line num="5" count="2" type="stmt"/>
        <line num="17" count="2" type="stmt"/>
        <line num="18" count="2" type="stmt"/>
        <line num="19" count="2" type="stmt"/>
        <line num="20" count="2" type="stmt"/>
        <line num="21" count="2" type="stmt"/>
        <line num="22" count="2" type="stmt"/>
        <line num="23" count="2" type="stmt"/>
        <line num="25" count="2" type="stmt"/>
        <line num="26" count="2" type="stmt"/>
        <line num="27" count="2" type="stmt"/>
        <line num="28" count="2" type="stmt"/>
        <line num="33" count="2" type="stmt"/>
        <line num="67" count="2" type="stmt"/>
        <line num="70" count="46" type="cond" truecount="1" falsecount="0"/>
        <line num="71" count="46" type="cond" truecount="1" falsecount="0"/>
        <line num="73" count="46" type="stmt"/>
        <line num="81" count="18" type="stmt"/>
        <line num="83" count="18" type="cond" truecount="1" falsecount="0"/>
        <line num="84" count="2" type="stmt"/>
        <line num="85" count="2" type="stmt"/>
        <line num="88" count="16" type="cond" truecount="3" falsecount="0"/>
        <line num="89" count="1" type="stmt"/>
        <line num="92" count="15" type="cond" truecount="1" falsecount="0"/>
        <line num="93" count="1" type="stmt"/>
        <line num="96" count="14" type="cond" truecount="1" falsecount="1"/>
        <line num="97" count="14" type="cond" truecount="1" falsecount="0"/>
        <line num="98" count="4" type="stmt"/>
        <line num="99" count="4" type="stmt"/>
        <line num="102" count="10" type="stmt"/>
        <line num="103" count="10" type="cond" truecount="3" falsecount="0"/>
        <line num="104" count="1" type="stmt"/>
        <line num="107" count="9" type="stmt"/>
        <line num="108" count="9" type="stmt"/>
        <line num="110" count="9" type="cond" truecount="1" falsecount="1"/>
        <line num="111" count="9" type="stmt"/>
        <line num="117" count="9" type="stmt"/>
        <line num="129" count="9" type="stmt"/>
        <line num="130" count="9" type="stmt"/>
        <line num="142" count="9" type="stmt"/>
        <line num="143" count="9" type="stmt"/>
        <line num="153" count="9" type="stmt"/>
        <line num="161" count="9" type="stmt"/>
        <line num="163" count="9" type="stmt"/>
        <line num="178" count="9" type="stmt"/>
        <line num="180" count="9" type="cond" truecount="1" falsecount="0"/>
        <line num="181" count="1" type="stmt"/>
        <line num="184" count="8" type="cond" truecount="1" falsecount="0"/>
        <line num="185" count="2" type="stmt"/>
        <line num="186" count="2" type="stmt"/>
        <line num="187" count="2" type="stmt"/>
        <line num="193" count="6" type="cond" truecount="3" falsecount="0"/>
        <line num="194" count="2" type="stmt"/>
        <line num="197" count="4" type="stmt"/>
        <line num="198" count="4" type="cond" truecount="3" falsecount="0"/>
        <line num="199" count="1" type="stmt"/>
        <line num="202" count="3" type="stmt"/>
        <line num="203" count="3" type="stmt"/>
        <line num="205" count="3" type="stmt"/>
        <line num="206" count="3" type="stmt"/>
        <line num="219" count="3" type="stmt"/>
        <line num="220" count="3" type="stmt"/>
        <line num="221" count="3" type="stmt"/>
        <line num="232" count="3" type="stmt"/>
        <line num="240" count="3" type="stmt"/>
        <line num="242" count="3" type="stmt"/>
        <line num="243" count="3" type="cond" truecount="3" falsecount="0"/>
        <line num="244" count="2" type="stmt"/>
        <line num="245" count="2" type="stmt"/>
        <line num="251" count="3" type="cond" truecount="1" falsecount="0"/>
        <line num="252" count="3" type="stmt"/>
        <line num="261" count="3" type="stmt"/>
        <line num="269" count="2" type="stmt"/>
        <line num="270" count="2" type="stmt"/>
        <line num="271" count="2" type="stmt"/>
        <line num="273" count="2" type="stmt"/>
        <line num="274" count="2" type="stmt"/>
        <line num="286" count="6" type="stmt"/>
        <line num="287" count="6" type="stmt"/>
        <line num="288" count="6" type="stmt"/>
        <line num="290" count="6" type="cond" truecount="1" falsecount="1"/>
        <line num="291" count="6" type="cond" truecount="1" falsecount="0"/>
        <line num="292" count="2" type="stmt"/>
        <line num="295" count="4" type="stmt"/>
        <line num="296" count="4" type="cond" truecount="1" falsecount="1"/>
        <line num="297" count="4" type="stmt"/>
        <line num="299" count="6" type="cond" truecount="1" falsecount="0"/>
        <line num="300" count="2" type="stmt"/>
        <line num="304" count="2" type="stmt"/>
        <line num="305" count="2" type="cond" truecount="1" falsecount="0"/>
        <line num="306" count="2" type="stmt"/>
        <line num="308" count="2" type="stmt"/>
        <line num="309" count="2" type="stmt"/>
        <line num="311" count="2" type="stmt"/>
        <line num="325" count="2" type="stmt"/>
        <line num="326" count="2" type="stmt"/>
        <line num="327" count="2" type="stmt"/>
        <line num="331" count="3" type="stmt"/>
        <line num="332" count="3" type="stmt"/>
        <line num="333" count="3" type="stmt"/>
        <line num="335" count="2" type="stmt"/>
        <line num="336" count="2" type="stmt"/>
        <line num="341" count="3" type="stmt"/>
        <line num="344" count="3" type="cond" truecount="1" falsecount="0"/>
        <line num="345" count="1" type="stmt"/>
        <line num="346" count="1" type="cond" truecount="3" falsecount="0"/>
        <line num="349" count="3" type="stmt"/>
        <line num="350" count="3" type="stmt"/>
        <line num="358" count="19" type="cond" truecount="0" falsecount="1"/>
        <line num="359" count="19" type="stmt"/>
        <line num="363" count="14" type="cond" truecount="2" falsecount="0"/>
        <line num="367" count="12" type="stmt"/>
        <line num="371" count="6" type="cond" truecount="1" falsecount="0"/>
        <line num="372" count="4" type="stmt"/>
        <line num="374" count="4" type="cond" truecount="2" falsecount="0"/>
        <line num="377" count="4" type="stmt"/>
        <line num="380" count="6" type="stmt"/>
      </file>
    </package>
    <package name="src.modules.auth.utils">
      <metrics statements="8" coveredstatements="8" conditionals="6" coveredconditionals="6" methods="4" coveredmethods="4"/>
      <file name="user-agent.util.ts" path="D:\My Work\Bytesved\CA firm\backend\src\modules\auth\utils\user-agent.util.ts">
        <metrics statements="8" coveredstatements="8" conditionals="6" coveredconditionals="6" methods="4" coveredmethods="4"/>
        <line num="8" count="3" type="stmt"/>
        <line num="16" count="3" type="stmt"/>
        <line num="26" count="3" type="stmt"/>
        <line num="27" count="15" type="cond" truecount="1" falsecount="0"/>
        <line num="28" count="19" type="cond" truecount="2" falsecount="0"/>
        <line num="31" count="3" type="stmt"/>
        <line num="32" count="15" type="cond" truecount="1" falsecount="0"/>
        <line num="33" count="17" type="cond" truecount="2" falsecount="0"/>
      </file>
    </package>
    <package name="src.modules.billing">
      <metrics statements="4" coveredstatements="4" conditionals="0" coveredconditionals="0" methods="6" coveredmethods="4"/>
      <file name="index.ts" path="D:\My Work\Bytesved\CA firm\backend\src\modules\billing\index.ts">
        <metrics statements="4" coveredstatements="4" conditionals="0" coveredconditionals="0" methods="6" coveredmethods="4"/>
        <line num="12" count="2" type="stmt"/>
        <line num="13" count="8" type="stmt"/>
        <line num="14" count="2" type="stmt"/>
        <line num="15" count="4" type="stmt"/>
      </file>
    </package>
    <package name="src.modules.billing.constants">
      <metrics statements="3" coveredstatements="3" conditionals="0" coveredconditionals="0" methods="0" coveredmethods="0"/>
      <file name="billing.permissions.ts" path="D:\My Work\Bytesved\CA firm\backend\src\modules\billing\constants\billing.permissions.ts">
        <metrics statements="3" coveredstatements="3" conditionals="0" coveredconditionals="0" methods="0" coveredmethods="0"/>
        <line num="1" count="3" type="stmt"/>
        <line num="14" count="3" type="stmt"/>
        <line num="16" count="3" type="stmt"/>
      </file>
    </package>
    <package name="src.modules.billing.controller">
      <metrics statements="47" coveredstatements="44" conditionals="0" coveredconditionals="0" methods="9" coveredmethods="8"/>
      <file name="billing.controller.ts" path="D:\My Work\Bytesved\CA firm\backend\src\modules\billing\controller\billing.controller.ts">
        <metrics statements="26" coveredstatements="23" conditionals="0" coveredconditionals="0" methods="5" coveredmethods="4"/>
        <line num="2" count="3" type="stmt"/>
        <line num="3" count="3" type="stmt"/>
        <line num="4" count="3" type="stmt"/>
        <line num="5" count="3" type="stmt"/>
        <line num="15" count="3" type="stmt"/>
        <line num="16" count="3" type="stmt"/>
        <line num="17" count="2" type="stmt"/>
        <line num="18" count="2" type="stmt"/>
        <line num="20" count="2" type="stmt"/>
        <line num="23" count="3" type="stmt"/>
        <line num="24" count="1" type="stmt"/>
        <line num="25" count="1" type="stmt"/>
        <line num="27" count="1" type="stmt"/>
        <line num="30" count="3" type="stmt"/>
        <line num="31" count="2" type="stmt"/>
        <line num="32" count="2" type="stmt"/>
        <line num="34" count="1" type="stmt"/>
        <line num="37" count="3" type="stmt"/>
        <line num="38" count="0" type="stmt"/>
        <line num="39" count="0" type="stmt"/>
        <line num="41" count="0" type="stmt"/>
        <line num="44" count="3" type="stmt"/>
        <line num="45" count="1" type="stmt"/>
        <line num="46" count="1" type="stmt"/>
        <line num="47" count="1" type="stmt"/>
        <line num="50" count="1" type="stmt"/>
      </file>
      <file name="plan.controller.ts" path="D:\My Work\Bytesved\CA firm\backend\src\modules\billing\controller\plan.controller.ts">
        <metrics statements="21" coveredstatements="21" conditionals="0" coveredconditionals="0" methods="4" coveredmethods="4"/>
        <line num="2" count="3" type="stmt"/>
        <line num="3" count="3" type="stmt"/>
        <line num="4" count="3" type="stmt"/>
        <line num="5" count="3" type="stmt"/>
        <line num="15" count="3" type="stmt"/>
        <line num="16" count="3" type="stmt"/>
        <line num="17" count="3" type="stmt"/>
        <line num="18" count="3" type="stmt"/>
        <line num="20" count="3" type="stmt"/>
        <line num="23" count="3" type="stmt"/>
        <line num="24" count="1" type="stmt"/>
        <line num="25" count="1" type="stmt"/>
        <line num="27" count="1" type="stmt"/>
        <line num="30" count="3" type="stmt"/>
        <line num="31" count="2" type="stmt"/>
        <line num="32" count="2" type="stmt"/>
        <line num="34" count="1" type="stmt"/>
        <line num="37" count="3" type="stmt"/>
        <line num="38" count="2" type="stmt"/>
        <line num="39" count="2" type="stmt"/>
        <line num="41" count="1" type="stmt"/>
      </file>
    </package>
    <package name="src.modules.billing.mapper">
      <metrics statements="8" coveredstatements="7" conditionals="6" coveredconditionals="3" methods="10" coveredmethods="8"/>
      <file name="billing.mapper.ts" path="D:\My Work\Bytesved\CA firm\backend\src\modules\billing\mapper\billing.mapper.ts">
        <metrics statements="8" coveredstatements="7" conditionals="6" coveredconditionals="3" methods="10" coveredmethods="8"/>
        <line num="12" count="5" type="stmt"/>
        <line num="14" count="50" type="stmt"/>
        <line num="30" count="31" type="stmt"/>
        <line num="34" count="11" type="stmt"/>
        <line num="38" count="11" type="stmt"/>
        <line num="45" count="6" type="stmt"/>
        <line num="54" count="0" type="stmt"/>
        <line num="69" count="1" type="stmt"/>
      </file>
    </package>
    <package name="src.modules.billing.repository">
      <metrics statements="23" coveredstatements="20" conditionals="3" coveredconditionals="2" methods="16" coveredmethods="13"/>
      <file name="plan.repository.ts" path="D:\My Work\Bytesved\CA firm\backend\src\modules\billing\repository\plan.repository.ts">
        <metrics statements="10" coveredstatements="10" conditionals="2" coveredconditionals="2" methods="9" coveredmethods="9"/>
        <line num="30" count="5" type="stmt"/>
        <line num="31" count="14" type="stmt"/>
        <line num="34" count="3" type="stmt"/>
        <line num="39" count="1" type="stmt"/>
        <line num="48" count="3" type="stmt"/>
        <line num="49" count="10" type="cond" truecount="2" falsecount="0"/>
        <line num="53" count="5" type="stmt"/>
        <line num="57" count="2" type="stmt"/>
        <line num="61" count="1" type="stmt"/>
        <line num="65" count="1" type="stmt"/>
      </file>
      <file name="platform-invoice.repository.ts" path="D:\My Work\Bytesved\CA firm\backend\src\modules\billing\repository\platform-invoice.repository.ts">
        <metrics statements="9" coveredstatements="7" conditionals="1" coveredconditionals="0" methods="4" coveredmethods="2"/>
        <line num="1" count="4" type="stmt"/>
        <line num="2" count="4" type="stmt"/>
        <line num="6" count="4" type="stmt"/>
        <line num="23" count="4" type="stmt"/>
        <line num="25" count="6" type="stmt"/>
        <line num="29" count="0" type="stmt"/>
        <line num="42" count="1" type="stmt"/>
        <line num="43" count="1" type="stmt"/>
        <line num="50" count="0" type="stmt"/>
      </file>
      <file name="tenant-billing.repository.ts" path="D:\My Work\Bytesved\CA firm\backend\src\modules\billing\repository\tenant-billing.repository.ts">
        <metrics statements="4" coveredstatements="3" conditionals="0" coveredconditionals="0" methods="3" coveredmethods="2"/>
        <line num="27" count="4" type="stmt"/>
        <line num="28" count="6" type="stmt"/>
        <line num="31" count="2" type="stmt"/>
        <line num="36" count="0" type="stmt"/>
      </file>
    </package>
    <package name="src.modules.billing.routes">
      <metrics statements="17" coveredstatements="17" conditionals="0" coveredconditionals="0" methods="0" coveredmethods="0"/>
      <file name="billing.routes.ts" path="D:\My Work\Bytesved\CA firm\backend\src\modules\billing\routes\billing.routes.ts">
        <metrics statements="17" coveredstatements="17" conditionals="0" coveredconditionals="0" methods="0" coveredmethods="0"/>
        <line num="1" count="3" type="stmt"/>
        <line num="2" count="3" type="stmt"/>
        <line num="3" count="3" type="stmt"/>
        <line num="4" count="3" type="stmt"/>
        <line num="5" count="3" type="stmt"/>
        <line num="6" count="3" type="stmt"/>
        <line num="7" count="3" type="stmt"/>
        <line num="8" count="3" type="stmt"/>
        <line num="9" count="3" type="stmt"/>
        <line num="33" count="3" type="stmt"/>
        <line num="35" count="3" type="stmt"/>
        <line num="37" count="3" type="stmt"/>
        <line num="45" count="3" type="stmt"/>
        <line num="54" count="3" type="stmt"/>
        <line num="63" count="3" type="stmt"/>
        <line num="73" count="3" type="stmt"/>
        <line num="75" count="3" type="stmt"/>
      </file>
    </package>
    <package name="src.modules.billing.schemas">
      <metrics statements="12" coveredstatements="12" conditionals="0" coveredconditionals="0" methods="0" coveredmethods="0"/>
      <file name="billing.schema.ts" path="D:\My Work\Bytesved\CA firm\backend\src\modules\billing\schemas\billing.schema.ts">
        <metrics statements="12" coveredstatements="12" conditionals="0" coveredconditionals="0" methods="0" coveredmethods="0"/>
        <line num="1" count="3" type="stmt"/>
        <line num="2" count="3" type="stmt"/>
        <line num="3" count="3" type="stmt"/>
        <line num="16" count="3" type="stmt"/>
        <line num="17" count="3" type="stmt"/>
        <line num="21" count="3" type="stmt"/>
        <line num="33" count="3" type="stmt"/>
        <line num="44" count="3" type="stmt"/>
        <line num="46" count="3" type="stmt"/>
        <line num="50" count="3" type="stmt"/>
        <line num="54" count="3" type="stmt"/>
        <line num="60" count="3" type="stmt"/>
      </file>
    </package>
    <package name="src.modules.billing.service">
      <metrics statements="96" coveredstatements="94" conditionals="32" coveredconditionals="29" methods="15" coveredmethods="15"/>
      <file name="billing.service.ts" path="D:\My Work\Bytesved\CA firm\backend\src\modules\billing\service\billing.service.ts">
        <metrics statements="70" coveredstatements="69" conditionals="20" coveredconditionals="17" methods="9" coveredmethods="9"/>
        <line num="2" count="4" type="stmt"/>
        <line num="3" count="4" type="stmt"/>
        <line num="4" count="4" type="stmt"/>
        <line num="5" count="4" type="stmt"/>
        <line num="6" count="4" type="stmt"/>
        <line num="8" count="4" type="stmt"/>
        <line num="9" count="4" type="stmt"/>
        <line num="10" count="4" type="stmt"/>
        <line num="11" count="4" type="stmt"/>
        <line num="12" count="4" type="stmt"/>
        <line num="13" count="4" type="stmt"/>
        <line num="14" count="4" type="stmt"/>
        <line num="15" count="4" type="stmt"/>
        <line num="22" count="4" type="stmt"/>
        <line num="50" count="4" type="stmt"/>
        <line num="53" count="22" type="cond" truecount="1" falsecount="0"/>
        <line num="54" count="22" type="cond" truecount="1" falsecount="0"/>
        <line num="55" count="22" type="cond" truecount="1" falsecount="0"/>
        <line num="57" count="22" type="stmt"/>
        <line num="61" count="7" type="stmt"/>
        <line num="62" count="7" type="stmt"/>
        <line num="64" count="6" type="cond" truecount="2" falsecount="0"/>
        <line num="65" count="6" type="stmt"/>
        <line num="69" count="1" type="stmt"/>
        <line num="73" count="1" type="stmt"/>
        <line num="77" count="6" type="stmt"/>
        <line num="79" count="5" type="stmt"/>
        <line num="80" count="5" type="stmt"/>
        <line num="81" count="3" type="cond" truecount="1" falsecount="0"/>
        <line num="82" count="1" type="stmt"/>
        <line num="85" count="2" type="stmt"/>
        <line num="86" count="2" type="stmt"/>
        <line num="88" count="2" type="stmt"/>
        <line num="95" count="2" type="stmt"/>
        <line num="105" count="2" type="stmt"/>
        <line num="115" count="5" type="stmt"/>
        <line num="117" count="5" type="stmt"/>
        <line num="118" count="5" type="stmt"/>
        <line num="120" count="4" type="cond" truecount="1" falsecount="0"/>
        <line num="121" count="1" type="stmt"/>
        <line num="124" count="3" type="cond" truecount="1" falsecount="0"/>
        <line num="126" count="1" type="stmt"/>
        <line num="129" count="2" type="stmt"/>
        <line num="133" count="2" type="cond" truecount="1" falsecount="0"/>
        <line num="134" count="1" type="stmt"/>
        <line num="137" count="1" type="stmt"/>
        <line num="138" count="1" type="stmt"/>
        <line num="147" count="5" type="cond" truecount="1" falsecount="0"/>
        <line num="148" count="2" type="stmt"/>
        <line num="149" count="2" type="stmt"/>
        <line num="151" count="3" type="cond" truecount="2" falsecount="1"/>
        <line num="152" count="0" type="stmt"/>
        <line num="155" count="3" type="stmt"/>
        <line num="156" count="3" type="cond" truecount="1" falsecount="0"/>
        <line num="157" count="1" type="stmt"/>
        <line num="160" count="2" type="stmt"/>
        <line num="164" count="2" type="cond" truecount="0" falsecount="1"/>
        <line num="166" count="2" type="stmt"/>
        <line num="167" count="2" type="stmt"/>
        <line num="168" count="2" type="cond" truecount="3" falsecount="0"/>
        <line num="170" count="1" type="stmt"/>
        <line num="182" count="2" type="stmt"/>
        <line num="183" count="2" type="stmt"/>
        <line num="185" count="2" type="stmt"/>
        <line num="187" count="2" type="stmt"/>
        <line num="200" count="2" type="stmt"/>
        <line num="204" count="13" type="cond" truecount="0" falsecount="1"/>
        <line num="205" count="13" type="stmt"/>
        <line num="209" count="11" type="cond" truecount="1" falsecount="0"/>
        <line num="210" count="1" type="stmt"/>
      </file>
      <file name="plan.service.ts" path="D:\My Work\Bytesved\CA firm\backend\src\modules\billing\service\plan.service.ts">
        <metrics statements="26" coveredstatements="25" conditionals="12" coveredconditionals="12" methods="6" coveredmethods="6"/>
        <line num="2" count="4" type="stmt"/>
        <line num="3" count="4" type="stmt"/>
        <line num="4" count="4" type="stmt"/>
        <line num="5" count="4" type="stmt"/>
        <line num="6" count="4" type="stmt"/>
        <line num="27" count="4" type="stmt"/>
        <line num="30" count="15" type="cond" truecount="1" falsecount="0"/>
        <line num="32" count="15" type="stmt"/>
        <line num="36" count="4" type="stmt"/>
        <line num="37" count="4" type="stmt"/>
        <line num="41" count="2" type="stmt"/>
        <line num="42" count="2" type="stmt"/>
        <line num="46" count="1" type="stmt"/>
        <line num="47" count="1" type="stmt"/>
        <line num="48" count="0" type="stmt"/>
        <line num="52" count="4" type="stmt"/>
        <line num="53" count="4" type="cond" truecount="1" falsecount="0"/>
        <line num="54" count="2" type="stmt"/>
        <line num="57" count="2" type="stmt"/>
        <line num="58" count="2" type="stmt"/>
        <line num="69" count="2" type="stmt"/>
        <line num="73" count="4" type="stmt"/>
        <line num="74" count="4" type="stmt"/>
        <line num="76" count="2" type="stmt"/>
        <line num="77" count="2" type="stmt"/>
        <line num="78" count="2" type="stmt"/>
      </file>
    </package>
    <package name="src.modules.business">
      <metrics statements="3" coveredstatements="3" conditionals="0" coveredconditionals="0" methods="3" coveredmethods="0"/>
      <file name="index.ts" path="D:\My Work\Bytesved\CA firm\backend\src\modules\business\index.ts">
        <metrics statements="3" coveredstatements="3" conditionals="0" coveredconditionals="0" methods="3" coveredmethods="0"/>
        <line num="11" count="2" type="stmt"/>
        <line num="12" count="2" type="stmt"/>
        <line num="13" count="2" type="stmt"/>
      </file>
    </package>
    <package name="src.modules.business.constants">
      <metrics statements="3" coveredstatements="3" conditionals="0" coveredconditionals="0" methods="0" coveredmethods="0"/>
      <file name="business.permissions.ts" path="D:\My Work\Bytesved\CA firm\backend\src\modules\business\constants\business.permissions.ts">
        <metrics statements="3" coveredstatements="3" conditionals="0" coveredconditionals="0" methods="0" coveredmethods="0"/>
        <line num="1" count="3" type="stmt"/>
        <line num="21" count="3" type="stmt"/>
        <line num="23" count="3" type="stmt"/>
      </file>
    </package>
    <package name="src.modules.business.controller">
      <metrics statements="30" coveredstatements="30" conditionals="0" coveredconditionals="0" methods="6" coveredmethods="6"/>
      <file name="business.controller.ts" path="D:\My Work\Bytesved\CA firm\backend\src\modules\business\controller\business.controller.ts">
        <metrics statements="30" coveredstatements="30" conditionals="0" coveredconditionals="0" methods="6" coveredmethods="6"/>
        <line num="2" count="3" type="stmt"/>
        <line num="3" count="3" type="stmt"/>
        <line num="4" count="3" type="stmt"/>
        <line num="5" count="3" type="stmt"/>
        <line num="6" count="3" type="stmt"/>
        <line num="22" count="3" type="stmt"/>
        <line num="23" count="3" type="stmt"/>
        <line num="24" count="6" type="stmt"/>
        <line num="25" count="6" type="stmt"/>
        <line num="27" count="5" type="stmt"/>
        <line num="32" count="3" type="stmt"/>
        <line num="33" count="3" type="stmt"/>
        <line num="34" count="3" type="stmt"/>
        <line num="36" count="2" type="stmt"/>
        <line num="41" count="3" type="stmt"/>
        <line num="42" count="2" type="stmt"/>
        <line num="43" count="2" type="stmt"/>
        <line num="45" count="1" type="stmt"/>
        <line num="48" count="3" type="stmt"/>
        <line num="49" count="5" type="stmt"/>
        <line num="50" count="5" type="stmt"/>
        <line num="52" count="2" type="stmt"/>
        <line num="57" count="3" type="stmt"/>
        <line num="58" count="3" type="stmt"/>
        <line num="59" count="3" type="stmt"/>
        <line num="61" count="3" type="stmt"/>
        <line num="66" count="3" type="stmt"/>
        <line num="67" count="2" type="stmt"/>
        <line num="68" count="2" type="stmt"/>
        <line num="70" count="2" type="stmt"/>
      </file>
    </package>
    <package name="src.modules.business.mapper">
      <metrics statements="5" coveredstatements="5" conditionals="2" coveredconditionals="1" methods="6" coveredmethods="6"/>
      <file name="business.mapper.ts" path="D:\My Work\Bytesved\CA firm\backend\src\modules\business\mapper\business.mapper.ts">
        <metrics statements="5" coveredstatements="5" conditionals="2" coveredconditionals="1" methods="6" coveredmethods="6"/>
        <line num="9" count="3" type="stmt"/>
        <line num="11" count="13" type="stmt"/>
        <line num="29" count="4" type="stmt"/>
        <line num="33" count="42" type="stmt"/>
        <line num="43" count="42" type="stmt"/>
      </file>
    </package>
    <package name="src.modules.business.repository">
      <metrics statements="13" coveredstatements="13" conditionals="5" coveredconditionals="2" methods="4" coveredmethods="4"/>
      <file name="business-type.repository.ts" path="D:\My Work\Bytesved\CA firm\backend\src\modules\business\repository\business-type.repository.ts">
        <metrics statements="4" coveredstatements="4" conditionals="1" coveredconditionals="1" methods="2" coveredmethods="2"/>
        <line num="2" count="4" type="stmt"/>
        <line num="12" count="4" type="stmt"/>
        <line num="14" count="21" type="stmt"/>
        <line num="18" count="2" type="stmt"/>
      </file>
      <file name="business.repository.ts" path="D:\My Work\Bytesved\CA firm\backend\src\modules\business\repository\business.repository.ts">
        <metrics statements="9" coveredstatements="9" conditionals="4" coveredconditionals="1" methods="2" coveredmethods="2"/>
        <line num="2" count="4" type="stmt"/>
        <line num="28" count="4" type="stmt"/>
        <line num="30" count="21" type="stmt"/>
        <line num="43" count="3" type="stmt"/>
        <line num="45" count="3" type="cond" truecount="0" falsecount="1"/>
        <line num="46" count="3" type="cond" truecount="0" falsecount="1"/>
        <line num="48" count="3" type="cond" truecount="1" falsecount="0"/>
        <line num="49" count="2" type="stmt"/>
        <line num="57" count="3" type="stmt"/>
      </file>
    </package>
    <package name="src.modules.business.routes">
      <metrics statements="16" coveredstatements="16" conditionals="0" coveredconditionals="0" methods="0" coveredmethods="0"/>
      <file name="business.routes.ts" path="D:\My Work\Bytesved\CA firm\backend\src\modules\business\routes\business.routes.ts">
        <metrics statements="16" coveredstatements="16" conditionals="0" coveredconditionals="0" methods="0" coveredmethods="0"/>
        <line num="1" count="3" type="stmt"/>
        <line num="2" count="3" type="stmt"/>
        <line num="3" count="3" type="stmt"/>
        <line num="4" count="3" type="stmt"/>
        <line num="5" count="3" type="stmt"/>
        <line num="6" count="3" type="stmt"/>
        <line num="7" count="3" type="stmt"/>
        <line num="8" count="3" type="stmt"/>
        <line num="31" count="3" type="stmt"/>
        <line num="153" count="3" type="stmt"/>
        <line num="202" count="3" type="stmt"/>
        <line num="227" count="3" type="stmt"/>
        <line num="253" count="3" type="stmt"/>
        <line num="282" count="3" type="stmt"/>
        <line num="307" count="3" type="stmt"/>
        <line num="316" count="3" type="stmt"/>
      </file>
    </package>
    <package name="src.modules.business.schemas">
      <metrics statements="15" coveredstatements="15" conditionals="0" coveredconditionals="0" methods="0" coveredmethods="0"/>
      <file name="business.schema.ts" path="D:\My Work\Bytesved\CA firm\backend\src\modules\business\schemas\business.schema.ts">
        <metrics statements="15" coveredstatements="15" conditionals="0" coveredconditionals="0" methods="0" coveredmethods="0"/>
        <line num="1" count="3" type="stmt"/>
        <line num="2" count="3" type="stmt"/>
        <line num="3" count="3" type="stmt"/>
        <line num="24" count="3" type="stmt"/>
        <line num="26" count="3" type="stmt"/>
        <line num="32" count="3" type="stmt"/>
        <line num="36" count="3" type="stmt"/>
        <line num="37" count="3" type="stmt"/>
        <line num="39" count="3" type="stmt"/>
        <line num="40" count="3" type="stmt"/>
        <line num="41" count="3" type="stmt"/>
        <line num="45" count="3" type="stmt"/>
        <line num="61" count="3" type="stmt"/>
        <line num="74" count="3" type="stmt"/>
        <line num="78" count="3" type="stmt"/>
      </file>
    </package>
    <package name="src.modules.business.service">
      <metrics statements="23" coveredstatements="23" conditionals="18" coveredconditionals="17" methods="7" coveredmethods="7"/>
      <file name="business.service.ts" path="D:\My Work\Bytesved\CA firm\backend\src\modules\business\service\business.service.ts">
        <metrics statements="23" coveredstatements="23" conditionals="18" coveredconditionals="17" methods="7" coveredmethods="7"/>
        <line num="3" count="4" type="stmt"/>
        <line num="4" count="4" type="stmt"/>
        <line num="6" count="4" type="stmt"/>
        <line num="7" count="4" type="stmt"/>
        <line num="29" count="4" type="stmt"/>
        <line num="32" count="31" type="cond" truecount="1" falsecount="0"/>
        <line num="33" count="31" type="cond" truecount="1" falsecount="0"/>
        <line num="35" count="31" type="stmt"/>
        <line num="43" count="8" type="stmt"/>
        <line num="47" count="8" type="stmt"/>
        <line num="65" count="5" type="stmt"/>
        <line num="66" count="5" type="stmt"/>
        <line num="68" count="3" type="stmt"/>
        <line num="70" count="3" type="stmt"/>
        <line num="74" count="4" type="stmt"/>
        <line num="75" count="4" type="stmt"/>
        <line num="77" count="2" type="stmt"/>
        <line num="79" count="2" type="stmt"/>
        <line num="87" count="7" type="stmt"/>
        <line num="88" count="7" type="stmt"/>
        <line num="89" count="3" type="stmt"/>
        <line num="93" count="4" type="stmt"/>
        <line num="111" count="3" type="stmt"/>
      </file>
    </package>
    <package name="src.modules.client-billing.constants">
      <metrics statements="3" coveredstatements="3" conditionals="0" coveredconditionals="0" methods="0" coveredmethods="0"/>
      <file name="client-billing.permissions.ts" path="D:\My Work\Bytesved\CA firm\backend\src\modules\client-billing\constants\client-billing.permissions.ts">
        <metrics statements="3" coveredstatements="3" conditionals="0" coveredconditionals="0" methods="0" coveredmethods="0"/>
        <line num="1" count="1" type="stmt"/>
        <line num="17" count="1" type="stmt"/>
        <line num="19" count="1" type="stmt"/>
      </file>
    </package>
    <package name="src.modules.client-billing.controller">
      <metrics statements="78" coveredstatements="71" conditionals="0" coveredconditionals="0" methods="15" coveredmethods="13"/>
      <file name="expense.controller.ts" path="D:\My Work\Bytesved\CA firm\backend\src\modules\client-billing\controller\expense.controller.ts">
        <metrics statements="26" coveredstatements="25" conditionals="0" coveredconditionals="0" methods="5" coveredmethods="5"/>
        <line num="2" count="1" type="stmt"/>
        <line num="3" count="1" type="stmt"/>
        <line num="4" count="1" type="stmt"/>
        <line num="5" count="1" type="stmt"/>
        <line num="6" count="1" type="stmt"/>
        <line num="12" count="1" type="stmt"/>
        <line num="13" count="1" type="stmt"/>
        <line num="14" count="1" type="stmt"/>
        <line num="15" count="1" type="stmt"/>
        <line num="17" count="1" type="stmt"/>
        <line num="20" count="1" type="stmt"/>
        <line num="21" count="1" type="stmt"/>
        <line num="22" count="1" type="stmt"/>
        <line num="24" count="0" type="stmt"/>
        <line num="27" count="1" type="stmt"/>
        <line num="28" count="1" type="stmt"/>
        <line num="29" count="1" type="stmt"/>
        <line num="31" count="1" type="stmt"/>
        <line num="34" count="1" type="stmt"/>
        <line num="35" count="1" type="stmt"/>
        <line num="36" count="1" type="stmt"/>
        <line num="38" count="1" type="stmt"/>
        <line num="41" count="1" type="stmt"/>
        <line num="42" count="1" type="stmt"/>
        <line num="43" count="1" type="stmt"/>
        <line num="45" count="1" type="stmt"/>
      </file>
      <file name="invoice.controller.ts" path="D:\My Work\Bytesved\CA firm\backend\src\modules\client-billing\controller\invoice.controller.ts">
        <metrics statements="26" coveredstatements="26" conditionals="0" coveredconditionals="0" methods="5" coveredmethods="5"/>
        <line num="2" count="1" type="stmt"/>
        <line num="3" count="1" type="stmt"/>
        <line num="4" count="1" type="stmt"/>
        <line num="5" count="1" type="stmt"/>
        <line num="6" count="1" type="stmt"/>
        <line num="12" count="1" type="stmt"/>
        <line num="13" count="1" type="stmt"/>
        <line num="14" count="2" type="stmt"/>
        <line num="15" count="2" type="stmt"/>
        <line num="17" count="2" type="stmt"/>
        <line num="20" count="1" type="stmt"/>
        <line num="21" count="4" type="stmt"/>
        <line num="22" count="4" type="stmt"/>
        <line num="24" count="1" type="stmt"/>
        <line num="27" count="1" type="stmt"/>
        <line num="28" count="7" type="stmt"/>
        <line num="29" count="7" type="stmt"/>
        <line num="31" count="4" type="stmt"/>
        <line num="34" count="1" type="stmt"/>
        <line num="35" count="1" type="stmt"/>
        <line num="36" count="1" type="stmt"/>
        <line num="38" count="1" type="stmt"/>
        <line num="41" count="1" type="stmt"/>
        <line num="42" count="1" type="stmt"/>
        <line num="43" count="1" type="stmt"/>
        <line num="45" count="1" type="stmt"/>
      </file>
      <file name="payment.controller.ts" path="D:\My Work\Bytesved\CA firm\backend\src\modules\client-billing\controller\payment.controller.ts">
        <metrics statements="26" coveredstatements="20" conditionals="0" coveredconditionals="0" methods="5" coveredmethods="3"/>
        <line num="2" count="1" type="stmt"/>
        <line num="3" count="1" type="stmt"/>
        <line num="4" count="1" type="stmt"/>
        <line num="5" count="1" type="stmt"/>
        <line num="6" count="1" type="stmt"/>
        <line num="12" count="1" type="stmt"/>
        <line num="13" count="1" type="stmt"/>
        <line num="14" count="0" type="stmt"/>
        <line num="15" count="0" type="stmt"/>
        <line num="17" count="0" type="stmt"/>
        <line num="20" count="1" type="stmt"/>
        <line num="21" count="1" type="stmt"/>
        <line num="22" count="1" type="stmt"/>
        <line num="24" count="1" type="stmt"/>
        <line num="27" count="1" type="stmt"/>
        <line num="28" count="3" type="stmt"/>
        <line num="29" count="3" type="stmt"/>
        <line num="31" count="1" type="stmt"/>
        <line num="34" count="1" type="stmt"/>
        <line num="35" count="0" type="stmt"/>
        <line num="36" count="0" type="stmt"/>
        <line num="38" count="0" type="stmt"/>
        <line num="41" count="1" type="stmt"/>
        <line num="42" count="1" type="stmt"/>
        <line num="43" count="1" type="stmt"/>
        <line num="45" count="1" type="stmt"/>
      </file>
    </package>
    <package name="src.modules.client-billing.mapper">
      <metrics statements="9" coveredstatements="8" conditionals="8" coveredconditionals="4" methods="9" coveredmethods="7"/>
      <file name="expense.mapper.ts" path="D:\My Work\Bytesved\CA firm\backend\src\modules\client-billing\mapper\expense.mapper.ts">
        <metrics statements="3" coveredstatements="3" conditionals="2" coveredconditionals="1" methods="3" coveredmethods="3"/>
        <line num="5" count="1" type="stmt"/>
        <line num="7" count="3" type="stmt"/>
        <line num="23" count="1" type="stmt"/>
      </file>
      <file name="invoice.mapper.ts" path="D:\My Work\Bytesved\CA firm\backend\src\modules\client-billing\mapper\invoice.mapper.ts">
        <metrics statements="3" coveredstatements="3" conditionals="4" coveredconditionals="2" methods="3" coveredmethods="3"/>
        <line num="10" count="1" type="stmt"/>
        <line num="12" count="8" type="stmt"/>
        <line num="29" count="2" type="stmt"/>
      </file>
      <file name="payment.mapper.ts" path="D:\My Work\Bytesved\CA firm\backend\src\modules\client-billing\mapper\payment.mapper.ts">
        <metrics statements="3" coveredstatements="2" conditionals="2" coveredconditionals="1" methods="3" coveredmethods="1"/>
        <line num="5" count="1" type="stmt"/>
        <line num="7" count="2" type="stmt"/>
        <line num="23" count="0" type="stmt"/>
      </file>
    </package>
    <package name="src.modules.client-billing.repository">
      <metrics statements="45" coveredstatements="35" conditionals="13" coveredconditionals="1" methods="11" coveredmethods="10"/>
      <file name="expense.repository.ts" path="D:\My Work\Bytesved\CA firm\backend\src\modules\client-billing\repository\expense.repository.ts">
        <metrics statements="15" coveredstatements="13" conditionals="5" coveredconditionals="1" methods="3" coveredmethods="3"/>
        <line num="2" count="2" type="stmt"/>
        <line num="17" count="2" type="stmt"/>
        <line num="19" count="5" type="stmt"/>
        <line num="27" count="1" type="stmt"/>
        <line num="29" count="1" type="cond" truecount="0" falsecount="1"/>
        <line num="30" count="0" type="stmt"/>
        <line num="32" count="1" type="cond" truecount="1" falsecount="0"/>
        <line num="33" count="1" type="stmt"/>
        <line num="35" count="1" type="cond" truecount="0" falsecount="1"/>
        <line num="36" count="0" type="stmt"/>
        <line num="42" count="1" type="stmt"/>
        <line num="46" count="1" type="stmt"/>
        <line num="47" count="1" type="stmt"/>
        <line num="48" count="1" type="stmt"/>
        <line num="49" count="1" type="stmt"/>
      </file>
      <file name="invoice.repository.ts" path="D:\My Work\Bytesved\CA firm\backend\src\modules\client-billing\repository\invoice.repository.ts">
        <metrics statements="17" coveredstatements="15" conditionals="4" coveredconditionals="0" methods="5" coveredmethods="5"/>
        <line num="2" count="3" type="stmt"/>
        <line num="22" count="3" type="stmt"/>
        <line num="24" count="20" type="stmt"/>
        <line num="32" count="2" type="stmt"/>
        <line num="34" count="2" type="cond" truecount="0" falsecount="1"/>
        <line num="35" count="0" type="stmt"/>
        <line num="37" count="2" type="cond" truecount="0" falsecount="1"/>
        <line num="38" count="0" type="stmt"/>
        <line num="41" count="2" type="stmt"/>
        <line num="46" count="2" type="stmt"/>
        <line num="47" count="2" type="stmt"/>
        <line num="52" count="2" type="stmt"/>
        <line num="53" count="2" type="stmt"/>
        <line num="63" count="1" type="stmt"/>
        <line num="64" count="1" type="stmt"/>
        <line num="65" count="1" type="stmt"/>
        <line num="66" count="1" type="stmt"/>
      </file>
      <file name="payment.repository.ts" path="D:\My Work\Bytesved\CA firm\backend\src\modules\client-billing\repository\payment.repository.ts">
        <metrics statements="13" coveredstatements="7" conditionals="4" coveredconditionals="0" methods="3" coveredmethods="2"/>
        <line num="2" count="2" type="stmt"/>
        <line num="16" count="2" type="stmt"/>
        <line num="18" count="5" type="stmt"/>
        <line num="26" count="0" type="stmt"/>
        <line num="28" count="0" type="cond" truecount="0" falsecount="1"/>
        <line num="29" count="0" type="stmt"/>
        <line num="31" count="0" type="cond" truecount="0" falsecount="1"/>
        <line num="32" count="0" type="stmt"/>
        <line num="38" count="0" type="stmt"/>
        <line num="42" count="1" type="stmt"/>
        <line num="43" count="1" type="stmt"/>
        <line num="44" count="1" type="stmt"/>
        <line num="45" count="1" type="stmt"/>
      </file>
    </package>
    <package name="src.modules.client-billing.routes">
      <metrics statements="45" coveredstatements="45" conditionals="0" coveredconditionals="0" methods="0" coveredmethods="0"/>
      <file name="expense.routes.ts" path="D:\My Work\Bytesved\CA firm\backend\src\modules\client-billing\routes\expense.routes.ts">
        <metrics statements="15" coveredstatements="15" conditionals="0" coveredconditionals="0" methods="0" coveredmethods="0"/>
        <line num="1" count="1" type="stmt"/>
        <line num="2" count="1" type="stmt"/>
        <line num="3" count="1" type="stmt"/>
        <line num="4" count="1" type="stmt"/>
        <line num="5" count="1" type="stmt"/>
        <line num="6" count="1" type="stmt"/>
        <line num="7" count="1" type="stmt"/>
        <line num="8" count="1" type="stmt"/>
        <line num="20" count="1" type="stmt"/>
        <line num="128" count="1" type="stmt"/>
        <line num="137" count="1" type="stmt"/>
        <line num="189" count="1" type="stmt"/>
        <line num="198" count="1" type="stmt"/>
        <line num="207" count="1" type="stmt"/>
        <line num="216" count="1" type="stmt"/>
      </file>
      <file name="invoice.routes.ts" path="D:\My Work\Bytesved\CA firm\backend\src\modules\client-billing\routes\invoice.routes.ts">
        <metrics statements="15" coveredstatements="15" conditionals="0" coveredconditionals="0" methods="0" coveredmethods="0"/>
        <line num="1" count="1" type="stmt"/>
        <line num="2" count="1" type="stmt"/>
        <line num="3" count="1" type="stmt"/>
        <line num="4" count="1" type="stmt"/>
        <line num="5" count="1" type="stmt"/>
        <line num="6" count="1" type="stmt"/>
        <line num="7" count="1" type="stmt"/>
        <line num="8" count="1" type="stmt"/>
        <line num="22" count="1" type="stmt"/>
        <line num="129" count="1" type="stmt"/>
        <line num="138" count="1" type="stmt"/>
        <line num="190" count="1" type="stmt"/>
        <line num="199" count="1" type="stmt"/>
        <line num="208" count="1" type="stmt"/>
        <line num="217" count="1" type="stmt"/>
      </file>
      <file name="payment.routes.ts" path="D:\My Work\Bytesved\CA firm\backend\src\modules\client-billing\routes\payment.routes.ts">
        <metrics statements="15" coveredstatements="15" conditionals="0" coveredconditionals="0" methods="0" coveredmethods="0"/>
        <line num="1" count="1" type="stmt"/>
        <line num="2" count="1" type="stmt"/>
        <line num="3" count="1" type="stmt"/>
        <line num="4" count="1" type="stmt"/>
        <line num="5" count="1" type="stmt"/>
        <line num="6" count="1" type="stmt"/>
        <line num="7" count="1" type="stmt"/>
        <line num="8" count="1" type="stmt"/>
        <line num="20" count="1" type="stmt"/>
        <line num="126" count="1" type="stmt"/>
        <line num="135" count="1" type="stmt"/>
        <line num="187" count="1" type="stmt"/>
        <line num="196" count="1" type="stmt"/>
        <line num="205" count="1" type="stmt"/>
        <line num="214" count="1" type="stmt"/>
      </file>
    </package>
    <package name="src.modules.client-billing.schemas">
      <metrics statements="24" coveredstatements="24" conditionals="0" coveredconditionals="0" methods="0" coveredmethods="0"/>
      <file name="expense.schema.ts" path="D:\My Work\Bytesved\CA firm\backend\src\modules\client-billing\schemas\expense.schema.ts">
        <metrics statements="8" coveredstatements="8" conditionals="0" coveredconditionals="0" methods="0" coveredmethods="0"/>
        <line num="1" count="2" type="stmt"/>
        <line num="2" count="2" type="stmt"/>
        <line num="3" count="2" type="stmt"/>
        <line num="15" count="2" type="stmt"/>
        <line num="17" count="2" type="stmt"/>
        <line num="27" count="2" type="stmt"/>
        <line num="29" count="2" type="stmt"/>
        <line num="31" count="2" type="stmt"/>
      </file>
      <file name="invoice.schema.ts" path="D:\My Work\Bytesved\CA firm\backend\src\modules\client-billing\schemas\invoice.schema.ts">
        <metrics statements="8" coveredstatements="8" conditionals="0" coveredconditionals="0" methods="0" coveredmethods="0"/>
        <line num="1" count="2" type="stmt"/>
        <line num="2" count="2" type="stmt"/>
        <line num="3" count="2" type="stmt"/>
        <line num="11" count="2" type="stmt"/>
        <line num="13" count="2" type="stmt"/>
        <line num="23" count="2" type="stmt"/>
        <line num="25" count="2" type="stmt"/>
        <line num="27" count="2" type="stmt"/>
      </file>
      <file name="payment.schema.ts" path="D:\My Work\Bytesved\CA firm\backend\src\modules\client-billing\schemas\payment.schema.ts">
        <metrics statements="8" coveredstatements="8" conditionals="0" coveredconditionals="0" methods="0" coveredmethods="0"/>
        <line num="1" count="2" type="stmt"/>
        <line num="2" count="2" type="stmt"/>
        <line num="3" count="2" type="stmt"/>
        <line num="14" count="2" type="stmt"/>
        <line num="16" count="2" type="stmt"/>
        <line num="26" count="2" type="stmt"/>
        <line num="28" count="2" type="stmt"/>
        <line num="30" count="2" type="stmt"/>
      </file>
    </package>
    <package name="src.modules.client-billing.service">
      <metrics statements="78" coveredstatements="77" conditionals="43" coveredconditionals="43" methods="20" coveredmethods="19"/>
      <file name="expense.service.ts" path="D:\My Work\Bytesved\CA firm\backend\src\modules\client-billing\service\expense.service.ts">
[...]
        <line num="66" count="2" type="stmt"/>
        <line num="67" count="2" type="stmt"/>
        <line num="69" count="2" type="stmt"/>
        <line num="74" count="2" type="cond" truecount="1" falsecount="0"/>
        <line num="75" count="1" type="stmt"/>
      </file>
    </package>
    <package name="tests.integration.helpers">
      <metrics statements="295" coveredstatements="295" conditionals="4" coveredconditionals="4" methods="26" coveredmethods="26"/>
      <file name="audit-test-app.ts" path="D:\My Work\Bytesved\CA firm\backend\tests\integration\helpers\audit-test-app.ts">
        <metrics statements="15" coveredstatements="15" conditionals="0" coveredconditionals="0" methods="1" coveredmethods="1"/>
        <line num="1" count="1" type="stmt"/>
        <line num="2" count="1" type="stmt"/>
        <line num="3" count="1" type="stmt"/>
        <line num="4" count="1" type="stmt"/>
        <line num="5" count="1" type="stmt"/>
        <line num="6" count="1" type="stmt"/>
        <line num="19" count="1" type="stmt"/>
        <line num="20" count="1" type="stmt"/>
        <line num="21" count="1" type="stmt"/>
        <line num="22" count="1" type="stmt"/>
        <line num="23" count="1" type="stmt"/>
        <line num="24" count="1" type="stmt"/>
        <line num="25" count="1" type="stmt"/>
        <line num="26" count="1" type="stmt"/>
        <line num="27" count="1" type="stmt"/>
      </file>
      <file name="auth-test-app.ts" path="D:\My Work\Bytesved\CA firm\backend\tests\integration\helpers\auth-test-app.ts">
        <metrics statements="13" coveredstatements="13" conditionals="0" coveredconditionals="0" methods="1" coveredmethods="1"/>
        <line num="1" count="1" type="stmt"/>
        <line num="2" count="1" type="stmt"/>
        <line num="3" count="1" type="stmt"/>
        <line num="4" count="1" type="stmt"/>
        <line num="5" count="1" type="stmt"/>
        <line num="12" count="1" type="stmt"/>
        <line num="13" count="1" type="stmt"/>
        <line num="14" count="1" type="stmt"/>
        <line num="15" count="1" type="stmt"/>
        <line num="16" count="1" type="stmt"/>
        <line num="17" count="1" type="stmt"/>
        <line num="18" count="1" type="stmt"/>
        <line num="19" count="1" type="stmt"/>
      </file>
      <file name="billing-test-app.ts" path="D:\My Work\Bytesved\CA firm\backend\tests\integration\helpers\billing-test-app.ts">
        <metrics statements="13" coveredstatements="13" conditionals="0" coveredconditionals="0" methods="2" coveredmethods="2"/>
        <line num="1" count="1" type="stmt"/>
        <line num="2" count="1" type="stmt"/>
        <line num="3" count="1" type="stmt"/>
        <line num="4" count="1" type="stmt"/>
        <line num="5" count="1" type="stmt"/>
        <line num="16" count="1" type="stmt"/>
        <line num="17" count="1" type="stmt"/>
        <line num="18" count="1" type="stmt"/>
        <line num="19" count="1" type="stmt"/>
        <line num="20" count="4" type="stmt"/>
        <line num="21" count="1" type="stmt"/>
        <line num="22" count="1" type="stmt"/>
        <line num="23" count="1" type="stmt"/>
      </file>
      <file name="business-test-app.ts" path="D:\My Work\Bytesved\CA firm\backend\tests\integration\helpers\business-test-app.ts">
        <metrics statements="13" coveredstatements="13" conditionals="0" coveredconditionals="0" methods="1" coveredmethods="1"/>
        <line num="1" count="1" type="stmt"/>
        <line num="2" count="1" type="stmt"/>
        <line num="3" count="1" type="stmt"/>
        <line num="4" count="1" type="stmt"/>
        <line num="5" count="1" type="stmt"/>
        <line num="14" count="1" type="stmt"/>
        <line num="15" count="1" type="stmt"/>
        <line num="16" count="1" type="stmt"/>
        <line num="17" count="1" type="stmt"/>
        <line num="18" count="1" type="stmt"/>
        <line num="19" count="1" type="stmt"/>
        <line num="20" count="1" type="stmt"/>
        <line num="21" count="1" type="stmt"/>
      </file>
      <file name="client-billing-test-app.ts" path="D:\My Work\Bytesved\CA firm\backend\tests\integration\helpers\client-billing-test-app.ts">
        <metrics statements="17" coveredstatements="17" conditionals="0" coveredconditionals="0" methods="1" coveredmethods="1"/>
        <line num="1" count="1" type="stmt"/>
        <line num="2" count="1" type="stmt"/>
        <line num="3" count="1" type="stmt"/>
        <line num="4" count="1" type="stmt"/>
        <line num="5" count="1" type="stmt"/>
        <line num="6" count="1" type="stmt"/>
        <line num="7" count="1" type="stmt"/>
        <line num="16" count="1" type="stmt"/>
        <line num="17" count="1" type="stmt"/>
        <line num="18" count="1" type="stmt"/>
        <line num="19" count="1" type="stmt"/>
        <line num="20" count="1" type="stmt"/>
        <line num="21" count="1" type="stmt"/>
        <line num="22" count="1" type="stmt"/>
        <line num="23" count="1" type="stmt"/>
        <line num="24" count="1" type="stmt"/>
        <line num="25" count="1" type="stmt"/>
      </file>
      <file name="compliance-test-app.ts" path="D:\My Work\Bytesved\CA firm\backend\tests\integration\helpers\compliance-test-app.ts">
        <metrics statements="15" coveredstatements="15" conditionals="0" coveredconditionals="0" methods="1" coveredmethods="1"/>
        <line num="1" count="1" type="stmt"/>
        <line num="2" count="1" type="stmt"/>
        <line num="3" count="1" type="stmt"/>
        <line num="4" count="1" type="stmt"/>
        <line num="5" count="1" type="stmt"/>
        <line num="6" count="1" type="stmt"/>
        <line num="16" count="1" type="stmt"/>
        <line num="17" count="1" type="stmt"/>
        <line num="18" count="1" type="stmt"/>
        <line num="19" count="1" type="stmt"/>
        <line num="20" count="1" type="stmt"/>
        <line num="21" count="1" type="stmt"/>
        <line num="22" count="1" type="stmt"/>
        <line num="23" count="1" type="stmt"/>
        <line num="24" count="1" type="stmt"/>
      </file>
      <file name="contact-test-app.ts" path="D:\My Work\Bytesved\CA firm\backend\tests\integration\helpers\contact-test-app.ts">
        <metrics statements="13" coveredstatements="13" conditionals="0" coveredconditionals="0" methods="1" coveredmethods="1"/>
        <line num="1" count="1" type="stmt"/>
        <line num="2" count="1" type="stmt"/>
        <line num="3" count="1" type="stmt"/>
        <line num="4" count="1" type="stmt"/>
        <line num="5" count="1" type="stmt"/>
        <line num="12" count="1" type="stmt"/>
        <line num="13" count="1" type="stmt"/>
        <line num="14" count="1" type="stmt"/>
        <line num="15" count="1" type="stmt"/>
        <line num="16" count="1" type="stmt"/>
        <line num="17" count="1" type="stmt"/>
        <line num="18" count="1" type="stmt"/>
        <line num="19" count="1" type="stmt"/>
      </file>
      <file name="crm-test-app.ts" path="D:\My Work\Bytesved\CA firm\backend\tests\integration\helpers\crm-test-app.ts">
        <metrics statements="13" coveredstatements="13" conditionals="0" coveredconditionals="0" methods="1" coveredmethods="1"/>
        <line num="1" count="1" type="stmt"/>
        <line num="2" count="1" type="stmt"/>
        <line num="3" count="1" type="stmt"/>
        <line num="4" count="1" type="stmt"/>
        <line num="5" count="1" type="stmt"/>
        <line num="12" count="1" type="stmt"/>
        <line num="13" count="1" type="stmt"/>
        <line num="14" count="1" type="stmt"/>
        <line num="15" count="1" type="stmt"/>
        <line num="16" count="1" type="stmt"/>
        <line num="17" count="1" type="stmt"/>
        <line num="18" count="1" type="stmt"/>
        <line num="19" count="1" type="stmt"/>
      </file>
      <file name="document-test-app.ts" path="D:\My Work\Bytesved\CA firm\backend\tests\integration\helpers\document-test-app.ts">
        <metrics statements="13" coveredstatements="13" conditionals="0" coveredconditionals="0" methods="1" coveredmethods="1"/>
        <line num="1" count="1" type="stmt"/>
        <line num="2" count="1" type="stmt"/>
        <line num="3" count="1" type="stmt"/>
        <line num="4" count="1" type="stmt"/>
        <line num="5" count="1" type="stmt"/>
        <line num="12" count="1" type="stmt"/>
        <line num="13" count="1" type="stmt"/>
        <line num="14" count="1" type="stmt"/>
        <line num="15" count="1" type="stmt"/>
        <line num="16" count="1" type="stmt"/>
        <line num="17" count="1" type="stmt"/>
        <line num="18" count="1" type="stmt"/>
        <line num="19" count="1" type="stmt"/>
      </file>
      <file name="fixtures.ts" path="D:\My Work\Bytesved\CA firm\backend\tests\integration\helpers\fixtures.ts">
        <metrics statements="21" coveredstatements="21" conditionals="0" coveredconditionals="0" methods="4" coveredmethods="4"/>
        <line num="1" count="20" type="stmt"/>
        <line num="2" count="20" type="stmt"/>
        <line num="24" count="40" type="stmt"/>
        <line num="26" count="40" type="stmt"/>
        <line num="34" count="40" type="stmt"/>
        <line num="43" count="40" type="stmt"/>
        <line num="50" count="40" type="stmt"/>
        <line num="59" count="40" type="stmt"/>
        <line num="67" count="40" type="stmt"/>
        <line num="70" count="20" type="stmt"/>
        <line num="71" count="20" type="stmt"/>
        <line num="76" count="20" type="stmt"/>
        <line num="84" count="20" type="stmt"/>
        <line num="85" count="20" type="stmt"/>
        <line num="87" count="20" type="stmt"/>
        <line num="88" count="20" type="stmt"/>
        <line num="90" count="20" type="stmt"/>
        <line num="94" count="20" type="stmt"/>
        <line num="95" count="40" type="stmt"/>
        <line num="97" count="20" type="stmt"/>
        <line num="98" count="20" type="stmt"/>
      </file>
      <file name="full-test-app.ts" path="D:\My Work\Bytesved\CA firm\backend\tests\integration\helpers\full-test-app.ts">
        <metrics statements="22" coveredstatements="22" conditionals="0" coveredconditionals="0" methods="2" coveredmethods="2"/>
        <line num="1" count="1" type="stmt"/>
        <line num="2" count="1" type="stmt"/>
        <line num="3" count="1" type="stmt"/>
        <line num="4" count="1" type="stmt"/>
        <line num="5" count="1" type="stmt"/>
        <line num="6" count="1" type="stmt"/>
        <line num="7" count="1" type="stmt"/>
        <line num="8" count="1" type="stmt"/>
        <line num="9" count="1" type="stmt"/>
        <line num="26" count="1" type="stmt"/>
        <line num="27" count="1" type="stmt"/>
        <line num="30" count="1" type="stmt"/>
        <line num="31" count="1" type="stmt"/>
        <line num="32" count="1" type="stmt"/>
        <line num="33" count="1" type="stmt"/>
        <line num="36" count="1" type="stmt"/>
        <line num="37" count="1" type="stmt"/>
        <line num="43" count="1" type="stmt"/>
        <line num="46" count="1" type="stmt"/>
        <line num="47" count="1" type="stmt"/>
        <line num="50" count="1" type="stmt"/>
        <line num="52" count="1" type="stmt"/>
      </file>
      <file name="jwt.ts" path="D:\My Work\Bytesved\CA firm\backend\tests\integration\helpers\jwt.ts">
        <metrics statements="6" coveredstatements="6" conditionals="4" coveredconditionals="4" methods="1" coveredmethods="1"/>
        <line num="1" count="20" type="stmt"/>
        <line num="2" count="20" type="stmt"/>
        <line num="3" count="20" type="stmt"/>
        <line num="21" count="20" type="stmt"/>
        <line num="29" count="401" type="stmt"/>
        <line num="31" count="401" type="stmt"/>
      </file>
      <file name="master-admin-test-app.ts" path="D:\My Work\Bytesved\CA firm\backend\tests\integration\helpers\master-admin-test-app.ts">
        <metrics statements="13" coveredstatements="13" conditionals="0" coveredconditionals="0" methods="1" coveredmethods="1"/>
        <line num="1" count="2" type="stmt"/>
        <line num="2" count="2" type="stmt"/>
        <line num="3" count="2" type="stmt"/>
        <line num="4" count="2" type="stmt"/>
        <line num="5" count="2" type="stmt"/>
        <line num="12" count="2" type="stmt"/>
        <line num="13" count="2" type="stmt"/>
        <line num="14" count="2" type="stmt"/>
        <line num="15" count="2" type="stmt"/>
        <line num="16" count="2" type="stmt"/>
        <line num="17" count="2" type="stmt"/>
        <line num="18" count="2" type="stmt"/>
        <line num="19" count="2" type="stmt"/>
      </file>
      <file name="notification-test-app.ts" path="D:\My Work\Bytesved\CA firm\backend\tests\integration\helpers\notification-test-app.ts">
        <metrics statements="13" coveredstatements="13" conditionals="0" coveredconditionals="0" methods="1" coveredmethods="1"/>
        <line num="1" count="1" type="stmt"/>
        <line num="2" count="1" type="stmt"/>
        <line num="3" count="1" type="stmt"/>
        <line num="4" count="1" type="stmt"/>
        <line num="5" count="1" type="stmt"/>
        <line num="12" count="1" type="stmt"/>
        <line num="13" count="1" type="stmt"/>
        <line num="14" count="1" type="stmt"/>
        <line num="15" count="1" type="stmt"/>
        <line num="16" count="1" type="stmt"/>
        <line num="17" count="1" type="stmt"/>
        <line num="18" count="1" type="stmt"/>
        <line num="19" count="1" type="stmt"/>
      </file>
      <file name="permission-test-app.ts" path="D:\My Work\Bytesved\CA firm\backend\tests\integration\helpers\permission-test-app.ts">
        <metrics statements="13" coveredstatements="13" conditionals="0" coveredconditionals="0" methods="1" coveredmethods="1"/>
        <line num="1" count="1" type="stmt"/>
        <line num="2" count="1" type="stmt"/>
        <line num="3" count="1" type="stmt"/>
        <line num="4" count="1" type="stmt"/>
        <line num="5" count="1" type="stmt"/>
        <line num="12" count="1" type="stmt"/>
        <line num="13" count="1" type="stmt"/>
        <line num="14" count="1" type="stmt"/>
        <line num="15" count="1" type="stmt"/>
        <line num="16" count="1" type="stmt"/>
        <line num="17" count="1" type="stmt"/>
        <line num="18" count="1" type="stmt"/>
        <line num="19" count="1" type="stmt"/>
      </file>
      <file name="report-test-app.ts" path="D:\My Work\Bytesved\CA firm\backend\tests\integration\helpers\report-test-app.ts">
        <metrics statements="13" coveredstatements="13" conditionals="0" coveredconditionals="0" methods="1" coveredmethods="1"/>
        <line num="1" count="1" type="stmt"/>
        <line num="2" count="1" type="stmt"/>
        <line num="3" count="1" type="stmt"/>
        <line num="4" count="1" type="stmt"/>
        <line num="5" count="1" type="stmt"/>
        <line num="12" count="1" type="stmt"/>
        <line num="13" count="1" type="stmt"/>
        <line num="14" count="1" type="stmt"/>
        <line num="15" count="1" type="stmt"/>
        <line num="16" count="1" type="stmt"/>
        <line num="17" count="1" type="stmt"/>
        <line num="18" count="1" type="stmt"/>
        <line num="19" count="1" type="stmt"/>
      </file>
      <file name="role-test-app.ts" path="D:\My Work\Bytesved\CA firm\backend\tests\integration\helpers\role-test-app.ts">
        <metrics statements="13" coveredstatements="13" conditionals="0" coveredconditionals="0" methods="1" coveredmethods="1"/>
        <line num="1" count="1" type="stmt"/>
        <line num="2" count="1" type="stmt"/>
        <line num="3" count="1" type="stmt"/>
        <line num="4" count="1" type="stmt"/>
        <line num="5" count="1" type="stmt"/>
        <line num="12" count="1" type="stmt"/>
        <line num="13" count="1" type="stmt"/>
        <line num="14" count="1" type="stmt"/>
        <line num="15" count="1" type="stmt"/>
        <line num="16" count="1" type="stmt"/>
        <line num="17" count="1" type="stmt"/>
        <line num="18" count="1" type="stmt"/>
        <line num="19" count="1" type="stmt"/>
      </file>
      <file name="task-test-app.ts" path="D:\My Work\Bytesved\CA firm\backend\tests\integration\helpers\task-test-app.ts">
        <metrics statements="13" coveredstatements="13" conditionals="0" coveredconditionals="0" methods="1" coveredmethods="1"/>
        <line num="1" count="2" type="stmt"/>
        <line num="2" count="2" type="stmt"/>
        <line num="3" count="2" type="stmt"/>
        <line num="4" count="2" type="stmt"/>
        <line num="5" count="2" type="stmt"/>
        <line num="14" count="2" type="stmt"/>
        <line num="15" count="2" type="stmt"/>
        <line num="16" count="2" type="stmt"/>
        <line num="17" count="2" type="stmt"/>
        <line num="18" count="2" type="stmt"/>
        <line num="19" count="2" type="stmt"/>
        <line num="20" count="2" type="stmt"/>
        <line num="21" count="2" type="stmt"/>
      </file>
      <file name="tenant-test-app.ts" path="D:\My Work\Bytesved\CA firm\backend\tests\integration\helpers\tenant-test-app.ts">
        <metrics statements="17" coveredstatements="17" conditionals="0" coveredconditionals="0" methods="1" coveredmethods="1"/>
        <line num="1" count="1" type="stmt"/>
        <line num="2" count="1" type="stmt"/>
        <line num="3" count="1" type="stmt"/>
        <line num="4" count="1" type="stmt"/>
        <line num="5" count="1" type="stmt"/>
        <line num="6" count="1" type="stmt"/>
        <line num="7" count="1" type="stmt"/>
        <line num="14" count="1" type="stmt"/>
        <line num="15" count="1" type="stmt"/>
        <line num="16" count="1" type="stmt"/>
        <line num="17" count="1" type="stmt"/>
        <line num="18" count="1" type="stmt"/>
        <line num="19" count="1" type="stmt"/>
        <line num="20" count="1" type="stmt"/>
        <line num="21" count="1" type="stmt"/>
        <line num="22" count="1" type="stmt"/>
        <line num="23" count="1" type="stmt"/>
      </file>
      <file name="test-app.ts" path="D:\My Work\Bytesved\CA firm\backend\tests\integration\helpers\test-app.ts">
        <metrics statements="13" coveredstatements="13" conditionals="0" coveredconditionals="0" methods="1" coveredmethods="1"/>
        <line num="1" count="1" type="stmt"/>
        <line num="2" count="1" type="stmt"/>
        <line num="3" count="1" type="stmt"/>
        <line num="4" count="1" type="stmt"/>
        <line num="5" count="1" type="stmt"/>
        <line num="17" count="1" type="stmt"/>
        <line num="18" count="1" type="stmt"/>
        <line num="19" count="1" type="stmt"/>
        <line num="20" count="1" type="stmt"/>
        <line num="21" count="1" type="stmt"/>
        <line num="22" count="1" type="stmt"/>
        <line num="23" count="1" type="stmt"/>
        <line num="24" count="1" type="stmt"/>
      </file>
      <file name="user-test-app.ts" path="D:\My Work\Bytesved\CA firm\backend\tests\integration\helpers\user-test-app.ts">
        <metrics statements="13" coveredstatements="13" conditionals="0" coveredconditionals="0" methods="1" coveredmethods="1"/>
        <line num="1" count="1" type="stmt"/>
        <line num="2" count="1" type="stmt"/>
        <line num="3" count="1" type="stmt"/>
        <line num="4" count="1" type="stmt"/>
        <line num="5" count="1" type="stmt"/>
        <line num="12" count="1" type="stmt"/>
        <line num="13" count="1" type="stmt"/>
        <line num="14" count="1" type="stmt"/>
        <line num="15" count="1" type="stmt"/>
        <line num="16" count="1" type="stmt"/>
        <line num="17" count="1" type="stmt"/>
        <line num="18" count="1" type="stmt"/>
        <line num="19" count="1" type="stmt"/>
      </file>
    </package>
  </project>
</coverage>
