<?xml version="1.0" encoding="UTF-8"?>
<coverage generated="1784811862121" clover="3.2.0">
  <project timestamp="1784811862121" name="All files">
    <metrics statements="920" coveredstatements="813" conditionals="273" coveredconditionals="160" methods="197" coveredmethods="143" elements="1390" coveredelements="1116" complexity="0" loc="920" ncloc="920" packages="24" files="54" classes="54"/>
    <package name="src.config">
      <metrics statements="33" coveredstatements="29" conditionals="10" coveredconditionals="6" methods="4" coveredmethods="3"/>
      <file name="database.ts" path="D:\My Work\Bytesved\CA firm\backend\src\config\database.ts">
        <metrics statements="13" coveredstatements="12" conditionals="5" coveredconditionals="4" methods="3" coveredmethods="2"/>
        <line num="1" count="6" type="stmt"/>
        <line num="2" count="6" type="stmt"/>
        <line num="3" count="6" type="stmt"/>
        <line num="16" count="6" type="stmt"/>
        <line num="21" count="6" type="stmt"/>
        <line num="23" count="6" type="stmt"/>
        <line num="33" count="6" type="cond" truecount="2" falsecount="0"/>
        <line num="35" count="6" type="cond" truecount="1" falsecount="0"/>
        <line num="36" count="6" type="stmt"/>
        <line num="43" count="6" type="stmt"/>
        <line num="44" count="0" type="stmt"/>
        <line num="51" count="6" type="stmt"/>
        <line num="52" count="2" type="stmt"/>
      </file>
      <file name="environment.ts" path="D:\My Work\Bytesved\CA firm\backend\src\config\environment.ts">
        <metrics statements="8" coveredstatements="5" conditionals="1" coveredconditionals="0" methods="0" coveredmethods="0"/>
        <line num="1" count="8" type="stmt"/>
        <line num="9" count="8" type="stmt"/>
        <line num="66" count="8" type="stmt"/>
        <line num="68" count="8" type="cond" truecount="0" falsecount="1"/>
        <line num="69" count="0" type="stmt"/>
        <line num="70" count="0" type="stmt"/>
        <line num="71" count="0" type="stmt"/>
        <line num="74" count="8" type="stmt"/>
      </file>
      <file name="jwt.ts" path="D:\My Work\Bytesved\CA firm\backend\src\config\jwt.ts">
        <metrics statements="2" coveredstatements="2" conditionals="0" coveredconditionals="0" methods="0" coveredmethods="0"/>
        <line num="1" count="4" type="stmt"/>
        <line num="8" count="4" type="stmt"/>
      </file>
      <file name="logger.ts" path="D:\My Work\Bytesved\CA firm\backend\src\config\logger.ts">
        <metrics statements="5" coveredstatements="5" conditionals="2" coveredconditionals="1" methods="1" coveredmethods="1"/>
        <line num="1" count="7" type="stmt"/>
        <line num="2" count="7" type="stmt"/>
        <line num="23" count="7" type="stmt"/>
        <line num="79" count="7" type="stmt"/>
        <line num="80" count="209" type="stmt"/>
      </file>
      <file name="swagger.ts" path="D:\My Work\Bytesved\CA firm\backend\src\config\swagger.ts">
        <metrics statements="5" coveredstatements="5" conditionals="2" coveredconditionals="1" methods="0" coveredmethods="0"/>
        <line num="1" count="1" type="stmt"/>
        <line num="2" count="1" type="stmt"/>
        <line num="8" count="1" type="stmt"/>
        <line num="59" count="1" type="stmt"/>
        <line num="64" count="1" type="stmt"/>
      </file>
    </package>
    <package name="src.middlewares">
      <metrics statements="144" coveredstatements="99" conditionals="54" coveredconditionals="24" methods="24" coveredmethods="17"/>
      <file name="auth.middleware.ts" path="D:\My Work\Bytesved\CA firm\backend\src\middlewares\auth.middleware.ts">
        <metrics statements="26" coveredstatements="17" conditionals="12" coveredconditionals="6" methods="2" coveredmethods="1"/>
        <line num="2" count="4" type="stmt"/>
        <line num="3" count="4" type="stmt"/>
        <line num="4" count="4" type="stmt"/>
        <line num="27" count="4" type="stmt"/>
        <line num="32" count="167" type="stmt"/>
        <line num="34" count="167" type="cond" truecount="3" falsecount="0"/>
        <line num="35" count="4" type="stmt"/>
        <line num="38" count="163" type="stmt"/>
        <line num="40" count="163" type="stmt"/>
        <line num="41" count="163" type="stmt"/>
        <line num="43" count="159" type="stmt"/>
        <line num="51" count="159" type="stmt"/>
        <line num="53" count="4" type="cond" truecount="1" falsecount="0"/>
        <line num="54" count="2" type="stmt"/>
        <line num="56" count="2" type="cond" truecount="1" falsecount="0"/>
        <line num="57" count="2" type="stmt"/>
        <line num="59" count="0" type="stmt"/>
        <line num="67" count="4" type="stmt"/>
        <line num="72" count="0" type="stmt"/>
        <line num="74" count="0" type="cond" truecount="0" falsecount="3"/>
        <line num="75" count="0" type="stmt"/>
        <line num="78" count="0" type="stmt"/>
        <line num="80" count="0" type="stmt"/>
        <line num="81" count="0" type="stmt"/>
        <line num="82" count="0" type="stmt"/>
        <line num="93" count="0" type="stmt"/>
      </file>
      <file name="correlation-id.middleware.ts" path="D:\My Work\Bytesved\CA firm\backend\src\middlewares\correlation-id.middleware.ts">
        <metrics statements="8" coveredstatements="8" conditionals="4" coveredconditionals="3" methods="1" coveredmethods="1"/>
        <line num="2" count="4" type="stmt"/>
        <line num="33" count="4" type="stmt"/>
        <line num="39" count="170" type="stmt"/>
        <line num="40" count="170" type="cond" truecount="3" falsecount="1"/>
        <line num="43" count="170" type="stmt"/>
        <line num="46" count="170" type="stmt"/>
        <line num="49" count="170" type="stmt"/>
        <line num="51" count="170" type="stmt"/>
      </file>
      <file name="error.middleware.ts" path="D:\My Work\Bytesved\CA firm\backend\src\middlewares\error.middleware.ts">
        <metrics statements="38" coveredstatements="21" conditionals="14" coveredconditionals="4" methods="2" coveredmethods="1"/>
        <line num="2" count="4" type="stmt"/>
        <line num="3" count="4" type="stmt"/>
        <line num="4" count="4" type="stmt"/>
        <line num="5" count="4" type="stmt"/>
        <line num="6" count="4" type="stmt"/>
        <line num="7" count="4" type="stmt"/>
        <line num="8" count="4" type="stmt"/>
        <line num="9" count="4" type="stmt"/>
        <line num="33" count="4" type="stmt"/>
        <line num="41" count="69" type="stmt"/>
        <line num="50" count="69" type="cond" truecount="1" falsecount="0"/>
        <line num="51" count="68" type="cond" truecount="1" falsecount="1"/>
        <line num="52" count="68" type="stmt"/>
        <line num="55" count="0" type="stmt"/>
        <line num="58" count="68" type="stmt"/>
        <line num="61" count="68" type="stmt"/>
        <line num="65" count="1" type="cond" truecount="0" falsecount="1"/>
        <line num="66" count="0" type="stmt"/>
        <line num="71" count="0" type="stmt"/>
        <line num="73" count="0" type="stmt"/>
        <line num="83" count="0" type="stmt"/>
        <line num="87" count="1" type="cond" truecount="0" falsecount="1"/>
        <line num="89" count="0" type="cond" truecount="0" falsecount="1"/>
        <line num="90" count="0" type="stmt"/>
        <line num="91" count="0" type="stmt"/>
        <line num="100" count="0" type="stmt"/>
        <line num="104" count="0" type="cond" truecount="0" falsecount="1"/>
        <line num="105" count="0" type="stmt"/>
        <line num="106" count="0" type="stmt"/>
        <line num="115" count="0" type="stmt"/>
        <line num="119" count="0" type="cond" truecount="0" falsecount="1"/>
        <line num="120" count="0" type="stmt"/>
        <line num="121" count="0" type="stmt"/>
        <line num="130" count="0" type="stmt"/>
        <line num="135" count="1" type="stmt"/>
        <line num="138" count="1" type="cond" truecount="1" falsecount="1"/>
        <line num="142" count="1" type="cond" truecount="1" falsecount="1"/>
        <line num="144" count="1" type="stmt"/>
      </file>
      <file name="permission.middleware.ts" path="D:\My Work\Bytesved\CA firm\backend\src\middlewares\permission.middleware.ts">
        <metrics statements="26" coveredstatements="11" conditionals="10" coveredconditionals="2" methods="8" coveredmethods="3"/>
        <line num="2" count="4" type="stmt"/>
        <line num="17" count="4" type="stmt"/>
        <line num="18" count="54" type="stmt"/>
        <line num="19" count="159" type="cond" truecount="0" falsecount="1"/>
        <line num="20" count="0" type="stmt"/>
        <line num="23" count="159" type="cond" truecount="1" falsecount="1"/>
        <line num="24" count="159" type="stmt"/>
        <line num="26" count="159" type="cond" truecount="1" falsecount="0"/>
        <line num="27" count="10" type="stmt"/>
        <line num="32" count="149" type="stmt"/>
        <line num="39" count="4" type="stmt"/>
        <line num="40" count="0" type="stmt"/>
        <line num="41" count="0" type="cond" truecount="0" falsecount="1"/>
        <line num="42" count="0" type="stmt"/>
        <line num="45" count="0" type="cond" truecount="0" falsecount="2"/>
        <line num="46" count="0" type="stmt"/>
        <line num="48" count="0" type="cond" truecount="0" falsecount="1"/>
        <line num="49" count="0" type="stmt"/>
        <line num="54" count="0" type="stmt"/>
        <line num="62" count="4" type="stmt"/>
        <line num="63" count="0" type="stmt"/>
        <line num="64" count="0" type="cond" truecount="0" falsecount="1"/>
        <line num="65" count="0" type="stmt"/>
        <line num="68" count="0" type="cond" truecount="0" falsecount="1"/>
        <line num="69" count="0" type="stmt"/>
        <line num="72" count="0" type="stmt"/>
      </file>
      <file name="request-logger.middleware.ts" path="D:\My Work\Bytesved\CA firm\backend\src\middlewares\request-logger.middleware.ts">
        <metrics statements="13" coveredstatements="13" conditionals="6" coveredconditionals="5" methods="7" coveredmethods="7"/>
        <line num="1" count="4" type="stmt"/>
        <line num="2" count="4" type="stmt"/>
        <line num="12" count="4" type="stmt"/>
        <line num="14" count="170" type="stmt"/>
        <line num="16" count="169" type="cond" truecount="3" falsecount="0"/>
        <line num="17" count="168" type="cond" truecount="1" falsecount="0"/>
        <line num="18" count="100" type="stmt"/>
        <line num="21" count="168" type="stmt"/>
        <line num="23" count="1" type="stmt"/>
        <line num="26" count="170" type="stmt"/>
        <line num="27" count="170" type="stmt"/>
        <line num="36" count="169" type="stmt"/>
        <line num="44" count="170" type="cond" truecount="1" falsecount="1"/>
      </file>
      <file name="tenant.middleware.ts" path="D:\My Work\Bytesved\CA firm\backend\src\middlewares\tenant.middleware.ts">
        <metrics statements="16" coveredstatements="13" conditionals="3" coveredconditionals="0" methods="1" coveredmethods="1"/>
        <line num="2" count="4" type="stmt"/>
        <line num="3" count="4" type="stmt"/>
        <line num="4" count="4" type="stmt"/>
        <line num="5" count="4" type="stmt"/>
        <line num="17" count="4" type="stmt"/>
        <line num="22" count="159" type="cond" truecount="0" falsecount="1"/>
        <line num="23" count="0" type="stmt"/>
        <line num="26" count="159" type="stmt"/>
        <line num="29" count="159" type="stmt"/>
        <line num="40" count="159" type="cond" truecount="0" falsecount="1"/>
        <line num="41" count="0" type="stmt"/>
        <line num="44" count="159" type="stmt"/>
        <line num="46" count="159" type="cond" truecount="0" falsecount="1"/>
        <line num="47" count="0" type="stmt"/>
        <line num="50" count="159" type="stmt"/>
        <line num="58" count="159" type="stmt"/>
      </file>
      <file name="validation.middleware.ts" path="D:\My Work\Bytesved\CA firm\backend\src\middlewares\validation.middleware.ts">
        <metrics statements="17" coveredstatements="16" conditionals="5" coveredconditionals="4" methods="3" coveredmethods="3"/>
        <line num="2" count="4" type="stmt"/>
        <line num="3" count="4" type="stmt"/>
        <line num="25" count="4" type="stmt"/>
        <line num="26" count="49" type="stmt"/>
        <line num="27" count="145" type="stmt"/>
        <line num="28" count="145" type="cond" truecount="1" falsecount="0"/>
        <line num="29" count="67" type="stmt"/>
        <line num="31" count="139" type="cond" truecount="1" falsecount="0"/>
        <line num="32" count="85" type="stmt"/>
        <line num="34" count="132" type="cond" truecount="1" falsecount="0"/>
        <line num="35" count="22" type="stmt"/>
        <line num="37" count="129" type="stmt"/>
        <line num="39" count="16" type="cond" truecount="1" falsecount="1"/>
        <line num="40" count="17" type="stmt"/>
        <line num="45" count="16" type="stmt"/>
        <line num="47" count="0" type="stmt"/>
        <line num="56" count="4" type="stmt"/>
      </file>
    </package>
    <package name="src.modules.projects.constants">
      <metrics statements="3" coveredstatements="3" conditionals="0" coveredconditionals="0" methods="0" coveredmethods="0"/>
      <file name="project.permissions.ts" path="D:\My Work\Bytesved\CA firm\backend\src\modules\projects\constants\project.permissions.ts">
        <metrics statements="3" coveredstatements="3" conditionals="0" coveredconditionals="0" methods="0" coveredmethods="0"/>
        <line num="1" count="2" type="stmt"/>
        <line num="19" count="2" type="stmt"/>
        <line num="21" count="2" type="stmt"/>
      </file>
    </package>
    <package name="src.modules.projects.controller">
      <metrics statements="54" coveredstatements="45" conditionals="0" coveredconditionals="0" methods="12" coveredmethods="9"/>
      <file name="project.controller.ts" path="D:\My Work\Bytesved\CA firm\backend\src\modules\projects\controller\project.controller.ts">
        <metrics statements="54" coveredstatements="45" conditionals="0" coveredconditionals="0" methods="12" coveredmethods="9"/>
        <line num="2" count="2" type="stmt"/>
        <line num="3" count="2" type="stmt"/>
        <line num="4" count="2" type="stmt"/>
        <line num="5" count="2" type="stmt"/>
        <line num="6" count="2" type="stmt"/>
        <line num="27" count="2" type="stmt"/>
        <line num="28" count="2" type="stmt"/>
        <line num="29" count="7" type="stmt"/>
        <line num="30" count="7" type="stmt"/>
        <line num="32" count="6" type="stmt"/>
        <line num="37" count="2" type="stmt"/>
        <line num="38" count="2" type="stmt"/>
        <line num="39" count="2" type="stmt"/>
        <line num="41" count="1" type="stmt"/>
        <line num="46" count="2" type="stmt"/>
        <line num="47" count="4" type="stmt"/>
        <line num="48" count="4" type="stmt"/>
        <line num="53" count="3" type="stmt"/>
        <line num="58" count="2" type="stmt"/>
        <line num="59" count="1" type="stmt"/>
        <line num="60" count="1" type="stmt"/>
        <line num="62" count="1" type="stmt"/>
        <line num="69" count="2" type="stmt"/>
        <line num="70" count="2" type="stmt"/>
        <line num="71" count="2" type="stmt"/>
        <line num="73" count="1" type="stmt"/>
        <line num="80" count="2" type="stmt"/>
        <line num="81" count="2" type="stmt"/>
        <line num="82" count="2" type="stmt"/>
        <line num="84" count="1" type="stmt"/>
        <line num="87" count="2" type="stmt"/>
        <line num="88" count="6" type="stmt"/>
        <line num="89" count="6" type="stmt"/>
        <line num="91" count="3" type="stmt"/>
        <line num="96" count="2" type="stmt"/>
        <line num="97" count="1" type="stmt"/>
        <line num="98" count="1" type="stmt"/>
        <line num="100" count="1" type="stmt"/>
        <line num="105" count="2" type="stmt"/>
        <line num="106" count="3" type="stmt"/>
        <line num="107" count="3" type="stmt"/>
        <line num="109" count="3" type="stmt"/>
        <line num="114" count="2" type="stmt"/>
        <line num="115" count="0" type="stmt"/>
        <line num="116" count="0" type="stmt"/>
        <line num="118" count="0" type="stmt"/>
        <line num="129" count="2" type="stmt"/>
        <line num="130" count="0" type="stmt"/>
        <line num="131" count="0" type="stmt"/>
        <line num="133" count="0" type="stmt"/>
        <line num="144" count="2" type="stmt"/>
        <line num="145" count="0" type="stmt"/>
        <line num="146" count="0" type="stmt"/>
        <line num="148" count="0" type="stmt"/>
      </file>
    </package>
    <package name="src.modules.projects.mapper">
      <metrics statements="6" coveredstatements="6" conditionals="11" coveredconditionals="7" methods="3" coveredmethods="3"/>
      <file name="project.mapper.ts" path="D:\My Work\Bytesved\CA firm\backend\src\modules\projects\mapper\project.mapper.ts">
        <metrics statements="6" coveredstatements="6" conditionals="11" coveredconditionals="7" methods="3" coveredmethods="3"/>
        <line num="1" count="2" type="stmt"/>
        <line num="4" count="2" type="stmt"/>
        <line num="15" count="2" type="stmt"/>
        <line num="18" count="19" type="cond" truecount="1" falsecount="2"/>
        <line num="22" count="19" type="stmt"/>
        <line num="40" count="3" type="stmt"/>
      </file>
    </package>
    <package name="src.modules.projects.repository">
      <metrics statements="17" coveredstatements="13" conditionals="16" coveredconditionals="3" methods="6" coveredmethods="3"/>
      <file name="project.repository.ts" path="D:\My Work\Bytesved\CA firm\backend\src\modules\projects\repository\project.repository.ts">
        <metrics statements="17" coveredstatements="13" conditionals="16" coveredconditionals="3" methods="6" coveredmethods="3"/>
        <line num="1" count="3" type="stmt"/>
        <line num="2" count="3" type="stmt"/>
        <line num="31" count="3" type="stmt"/>
        <line num="33" count="28" type="stmt"/>
        <line num="40" count="8" type="stmt"/>
        <line num="47" count="0" type="stmt"/>
        <line num="57" count="0" type="stmt"/>
        <line num="64" count="0" type="stmt"/>
        <line num="87" count="3" type="stmt"/>
        <line num="89" count="3" type="cond" truecount="0" falsecount="1"/>
        <line num="90" count="3" type="cond" truecount="0" falsecount="1"/>
        <line num="91" count="3" type="cond" truecount="0" falsecount="1"/>
        <line num="93" count="3" type="cond" truecount="2" falsecount="1"/>
        <line num="94" count="0" type="stmt"/>
        <line num="100" count="3" type="cond" truecount="1" falsecount="0"/>
        <line num="101" count="2" type="stmt"/>
        <line num="107" count="3" type="stmt"/>
      </file>
    </package>
    <package name="src.modules.projects.routes">
      <metrics statements="22" coveredstatements="22" conditionals="0" coveredconditionals="0" methods="0" coveredmethods="0"/>
      <file name="project.routes.ts" path="D:\My Work\Bytesved\CA firm\backend\src\modules\projects\routes\project.routes.ts">
        <metrics statements="22" coveredstatements="22" conditionals="0" coveredconditionals="0" methods="0" coveredmethods="0"/>
        <line num="1" count="2" type="stmt"/>
        <line num="2" count="2" type="stmt"/>
        <line num="3" count="2" type="stmt"/>
        <line num="4" count="2" type="stmt"/>
        <line num="5" count="2" type="stmt"/>
        <line num="6" count="2" type="stmt"/>
        <line num="7" count="2" type="stmt"/>
        <line num="8" count="2" type="stmt"/>
        <line num="37" count="2" type="stmt"/>
        <line num="276" count="2" type="stmt"/>
        <line num="349" count="2" type="stmt"/>
        <line num="385" count="2" type="stmt"/>
        <line num="430" count="2" type="stmt"/>
        <line num="476" count="2" type="stmt"/>
        <line num="522" count="2" type="stmt"/>
        <line num="571" count="2" type="stmt"/>
        <line num="632" count="2" type="stmt"/>
        <line num="695" count="2" type="stmt"/>
        <line num="747" count="2" type="stmt"/>
        <line num="799" count="2" type="stmt"/>
        <line num="851" count="2" type="stmt"/>
        <line num="860" count="2" type="stmt"/>
      </file>
    </package>
    <package name="src.modules.projects.schemas">
      <metrics statements="14" coveredstatements="14" conditionals="0" coveredconditionals="0" methods="0" coveredmethods="0"/>
      <file name="project.schema.ts" path="D:\My Work\Bytesved\CA firm\backend\src\modules\projects\schemas\project.schema.ts">
        <metrics statements="14" coveredstatements="14" conditionals="0" coveredconditionals="0" methods="0" coveredmethods="0"/>
        <line num="1" count="2" type="stmt"/>
        <line num="2" count="2" type="stmt"/>
        <line num="3" count="2" type="stmt"/>
        <line num="19" count="2" type="stmt"/>
        <line num="22" count="2" type="stmt"/>
        <line num="29" count="2" type="stmt"/>
        <line num="37" count="2" type="stmt"/>
        <line num="48" count="2" type="stmt"/>
        <line num="57" count="2" type="stmt"/>
        <line num="64" count="2" type="stmt"/>
        <line num="65" count="2" type="stmt"/>
        <line num="66" count="2" type="stmt"/>
        <line num="67" count="2" type="stmt"/>
        <line num="71" count="2" type="stmt"/>
      </file>
    </package>
    <package name="src.modules.projects.service">
      <metrics statements="81" coveredstatements="76" conditionals="33" coveredconditionals="27" methods="15" coveredmethods="12"/>
      <file name="project.service.ts" path="D:\My Work\Bytesved\CA firm\backend\src\modules\projects\service\project.service.ts">
        <metrics statements="81" coveredstatements="76" conditionals="33" coveredconditionals="27" methods="15" coveredmethods="12"/>
        <line num="2" count="3" type="stmt"/>
        <line num="3" count="3" type="stmt"/>
        <line num="4" count="3" type="stmt"/>
        <line num="5" count="3" type="stmt"/>
        <line num="7" count="3" type="stmt"/>
        <line num="21" count="3" type="stmt"/>
        <line num="30" count="3" type="stmt"/>
        <line num="33" count="3" type="stmt"/>
        <line num="52" count="3" type="stmt"/>
        <line num="55" count="50" type="cond" truecount="1" falsecount="0"/>
        <line num="57" count="50" type="stmt"/>
        <line num="68" count="11" type="cond" truecount="4" falsecount="0"/>
        <line num="69" count="1" type="stmt"/>
        <line num="74" count="7" type="cond" truecount="0" falsecount="1"/>
        <line num="75" count="0" type="stmt"/>
        <line num="78" count="7" type="cond" truecount="1" falsecount="1"/>
        <line num="79" count="7" type="cond" truecount="1" falsecount="0"/>
        <line num="80" count="2" type="stmt"/>
        <line num="83" count="5" type="cond" truecount="3" falsecount="0"/>
        <line num="84" count="1" type="stmt"/>
        <line num="93" count="10" type="stmt"/>
        <line num="95" count="9" type="stmt"/>
        <line num="98" count="9" type="cond" truecount="1" falsecount="0"/>
        <line num="99" count="2" type="stmt"/>
        <line num="102" count="7" type="stmt"/>
        <line num="106" count="7" type="stmt"/>
        <line num="121" count="7" type="stmt"/>
        <line num="125" count="2" type="stmt"/>
        <line num="126" count="2" type="stmt"/>
        <line num="128" count="2" type="cond" truecount="1" falsecount="0"/>
        <line num="129" count="1" type="stmt"/>
        <line num="132" count="1" type="cond" truecount="1" falsecount="1"/>
        <line num="133" count="1" type="cond" truecount="1" falsecount="1"/>
        <line num="134" count="1" type="stmt"/>
        <line num="136" count="1" type="stmt"/>
        <line num="138" count="1" type="stmt"/>
        <line num="146" count="8" type="stmt"/>
        <line num="147" count="8" type="stmt"/>
        <line num="149" count="8" type="cond" truecount="1" falsecount="0"/>
        <line num="150" count="1" type="stmt"/>
        <line num="153" count="7" type="stmt"/>
        <line num="155" count="4" type="stmt"/>
        <line num="156" count="4" type="cond" truecount="2" falsecount="0"/>
        <line num="157" count="2" type="stmt"/>
        <line num="158" count="2" type="cond" truecount="0" falsecount="1"/>
        <line num="160" count="0" type="stmt"/>
        <line num="163" count="4" type="stmt"/>
        <line num="171" count="4" type="stmt"/>
        <line num="175" count="4" type="stmt"/>
        <line num="179" count="4" type="stmt"/>
        <line num="180" count="4" type="stmt"/>
        <line num="182" count="3" type="cond" truecount="1" falsecount="0"/>
        <line num="183" count="1" type="stmt"/>
        <line num="186" count="2" type="stmt"/>
        <line num="190" count="2" type="stmt"/>
        <line num="197" count="2" type="stmt"/>
        <line num="205" count="8" type="stmt"/>
        <line num="206" count="8" type="stmt"/>
        <line num="208" count="7" type="cond" truecount="1" falsecount="0"/>
        <line num="209" count="5" type="stmt"/>
        <line num="212" count="2" type="stmt"/>
        <line num="216" count="2" type="stmt"/>
        <line num="222" count="5" type="stmt"/>
        <line num="226" count="5" type="stmt"/>
        <line num="228" count="4" type="cond" truecount="1" falsecount="0"/>
        <line num="229" count="2" type="stmt"/>
        <line num="232" count="2" type="stmt"/>
        <line num="234" count="2" type="stmt"/>
        <line num="236" count="2" type="stmt"/>
        <line num="237" count="2" type="stmt"/>
        <line num="238" count="2" type="stmt"/>
        <line num="246" count="8" type="stmt"/>
        <line num="247" count="8" type="stmt"/>
        <line num="248" count="4" type="stmt"/>
        <line num="252" count="1" type="stmt"/>
        <line num="253" count="1" type="stmt"/>
        <line num="254" count="1" type="stmt"/>
        <line num="258" count="4" type="stmt"/>
        <line num="278" count="0" type="stmt"/>
        <line num="282" count="0" type="stmt"/>
        <line num="291" count="0" type="stmt"/>
      </file>
    </package>
    <package name="src.modules.tasks.constants">
      <metrics statements="3" coveredstatements="3" conditionals="0" coveredconditionals="0" methods="0" coveredmethods="0"/>
      <file name="task.permissions.ts" path="D:\My Work\Bytesved\CA firm\backend\src\modules\tasks\constants\task.permissions.ts">
        <metrics statements="3" coveredstatements="3" conditionals="0" coveredconditionals="0" methods="0" coveredmethods="0"/>
        <line num="1" count="3" type="stmt"/>
        <line num="20" count="3" type="stmt"/>
        <line num="22" count="3" type="stmt"/>
      </file>
    </package>
    <package name="src.modules.tasks.controller">
      <metrics statements="46" coveredstatements="46" conditionals="0" coveredconditionals="0" methods="10" coveredmethods="10"/>
      <file name="task.controller.ts" path="D:\My Work\Bytesved\CA firm\backend\src\modules\tasks\controller\task.controller.ts">
        <metrics statements="46" coveredstatements="46" conditionals="0" coveredconditionals="0" methods="10" coveredmethods="10"/>
        <line num="2" count="3" type="stmt"/>
        <line num="3" count="3" type="stmt"/>
        <line num="4" count="3" type="stmt"/>
        <line num="5" count="3" type="stmt"/>
        <line num="6" count="3" type="stmt"/>
        <line num="27" count="3" type="stmt"/>
        <line num="28" count="3" type="stmt"/>
        <line num="29" count="25" type="stmt"/>
        <line num="30" count="25" type="stmt"/>
        <line num="32" count="23" type="stmt"/>
        <line num="37" count="3" type="stmt"/>
        <line num="38" count="8" type="stmt"/>
        <line num="39" count="8" type="stmt"/>
        <line num="41" count="4" type="stmt"/>
        <line num="46" count="3" type="stmt"/>
        <line num="47" count="15" type="stmt"/>
        <line num="48" count="15" type="stmt"/>
        <line num="50" count="10" type="stmt"/>
        <line num="55" count="3" type="stmt"/>
        <line num="56" count="10" type="stmt"/>
        <line num="57" count="10" type="stmt"/>
        <line num="59" count="5" type="stmt"/>
        <line num="62" count="3" type="stmt"/>
        <line num="63" count="6" type="stmt"/>
        <line num="64" count="6" type="stmt"/>
        <line num="66" count="3" type="stmt"/>
        <line num="71" count="3" type="stmt"/>
        <line num="72" count="14" type="stmt"/>
        <line num="73" count="14" type="stmt"/>
        <line num="75" count="7" type="stmt"/>
        <line num="80" count="3" type="stmt"/>
        <line num="81" count="16" type="stmt"/>
        <line num="82" count="16" type="stmt"/>
        <line num="84" count="16" type="stmt"/>
        <line num="89" count="3" type="stmt"/>
        <line num="90" count="4" type="stmt"/>
        <line num="91" count="4" type="stmt"/>
        <line num="93" count="4" type="stmt"/>
        <line num="100" count="3" type="stmt"/>
        <line num="101" count="3" type="stmt"/>
        <line num="102" count="3" type="stmt"/>
        <line num="104" count="3" type="stmt"/>
        <line num="111" count="3" type="stmt"/>
        <line num="112" count="4" type="stmt"/>
        <line num="113" count="4" type="stmt"/>
        <line num="115" count="4" type="stmt"/>
      </file>
    </package>
    <package name="src.modules.tasks.mapper">
      <metrics statements="7" coveredstatements="7" conditionals="9" coveredconditionals="9" methods="3" coveredmethods="3"/>
      <file name="task.mapper.ts" path="D:\My Work\Bytesved\CA firm\backend\src\modules\tasks\mapper\task.mapper.ts">
        <metrics statements="7" coveredstatements="7" conditionals="9" coveredconditionals="9" methods="3" coveredmethods="3"/>
        <line num="1" count="3" type="stmt"/>
        <line num="5" count="3" type="stmt"/>
        <line num="16" count="3" type="stmt"/>
        <line num="18" count="114" type="stmt"/>
        <line num="20" count="114" type="cond" truecount="3" falsecount="0"/>
        <line num="22" count="114" type="stmt"/>
        <line num="40" count="67" type="stmt"/>
      </file>
    </package>
    <package name="src.modules.tasks.repository">
      <metrics statements="20" coveredstatements="19" conditionals="18" coveredconditionals="11" methods="8" coveredmethods="7"/>
      <file name="task.repository.ts" path="D:\My Work\Bytesved\CA firm\backend\src\modules\tasks\repository\task.repository.ts">
        <metrics statements="20" coveredstatements="19" conditionals="18" coveredconditionals="11" methods="8" coveredmethods="7"/>
        <line num="1" count="6" type="stmt"/>
        <line num="2" count="6" type="stmt"/>
        <line num="29" count="6" type="stmt"/>
        <line num="49" count="6" type="stmt"/>
        <line num="51" count="106" type="stmt"/>
        <line num="58" count="0" type="stmt"/>
        <line num="65" count="5" type="stmt"/>
        <line num="72" count="4" type="stmt"/>
        <line num="79" count="4" type="stmt"/>
        <line num="100" count="18" type="stmt"/>
        <line num="102" count="18" type="cond" truecount="1" falsecount="0"/>
        <line num="103" count="18" type="cond" truecount="1" falsecount="0"/>
        <line num="104" count="18" type="cond" truecount="1" falsecount="0"/>
        <line num="106" count="18" type="cond" truecount="3" falsecount="0"/>
        <line num="107" count="1" type="stmt"/>
        <line num="113" count="18" type="cond" truecount="1" falsecount="0"/>
        <line num="114" count="5" type="stmt"/>
        <line num="120" count="18" type="stmt"/>
        <line num="127" count="1" type="stmt"/>
        <line num="134" count="1" type="stmt"/>
      </file>
    </package>
    <package name="src.modules.tasks.routes">
      <metrics statements="20" coveredstatements="20" conditionals="0" coveredconditionals="0" methods="0" coveredmethods="0"/>
      <file name="task.routes.ts" path="D:\My Work\Bytesved\CA firm\backend\src\modules\tasks\routes\task.routes.ts">
        <metrics statements="20" coveredstatements="20" conditionals="0" coveredconditionals="0" methods="0" coveredmethods="0"/>
        <line num="1" count="3" type="stmt"/>
        <line num="2" count="3" type="stmt"/>
        <line num="3" count="3" type="stmt"/>
        <line num="4" count="3" type="stmt"/>
        <line num="5" count="3" type="stmt"/>
        <line num="6" count="3" type="stmt"/>
        <line num="7" count="3" type="stmt"/>
        <line num="8" count="3" type="stmt"/>
        <line num="37" count="3" type="stmt"/>
        <line num="250" count="3" type="stmt"/>
        <line num="323" count="3" type="stmt"/>
        <line num="359" count="3" type="stmt"/>
        <line num="404" count="3" type="stmt"/>
        <line num="450" count="3" type="stmt"/>
        <line num="499" count="3" type="stmt"/>
        <line num="552" count="3" type="stmt"/>
        <line num="614" count="3" type="stmt"/>
        <line num="662" count="3" type="stmt"/>
        <line num="713" count="3" type="stmt"/>
        <line num="722" count="3" type="stmt"/>
      </file>
    </package>
    <package name="src.modules.tasks.schemas">
      <metrics statements="13" coveredstatements="13" conditionals="0" coveredconditionals="0" methods="0" coveredmethods="0"/>
      <file name="task.schema.ts" path="D:\My Work\Bytesved\CA firm\backend\src\modules\tasks\schemas\task.schema.ts">
        <metrics statements="13" coveredstatements="13" conditionals="0" coveredconditionals="0" methods="0" coveredmethods="0"/>
        <line num="1" count="3" type="stmt"/>
        <line num="2" count="3" type="stmt"/>
        <line num="3" count="3" type="stmt"/>
        <line num="24" count="3" type="stmt"/>
        <line num="26" count="3" type="stmt"/>
        <line num="32" count="3" type="stmt"/>
        <line num="36" count="3" type="stmt"/>
        <line num="47" count="3" type="stmt"/>
        <line num="58" count="3" type="stmt"/>
        <line num="65" count="3" type="stmt"/>
        <line num="66" count="3" type="stmt"/>
        <line num="67" count="3" type="stmt"/>
        <line num="71" count="3" type="stmt"/>
      </file>
    </package>
    <package name="src.modules.tasks.service">
      <metrics statements="64" coveredstatements="64" conditionals="32" coveredconditionals="31" methods="15" coveredmethods="15"/>
      <file name="task.service.ts" path="D:\My Work\Bytesved\CA firm\backend\src\modules\tasks\service\task.service.ts">
        <metrics statements="64" coveredstatements="64" conditionals="32" coveredconditionals="31" methods="15" coveredmethods="15"/>
        <line num="2" count="5" type="stmt"/>
        <line num="3" count="5" type="stmt"/>
        <line num="4" count="5" type="stmt"/>
        <line num="5" count="5" type="stmt"/>
        <line num="7" count="5" type="stmt"/>
        <line num="28" count="5" type="stmt"/>
        <line num="37" count="5" type="stmt"/>
        <line num="40" count="5" type="stmt"/>
        <line num="56" count="5" type="stmt"/>
        <line num="59" count="159" type="cond" truecount="1" falsecount="0"/>
        <line num="61" count="159" type="stmt"/>
        <line num="72" count="38" type="cond" truecount="4" falsecount="0"/>
        <line num="73" count="8" type="stmt"/>
        <line num="78" count="28" type="cond" truecount="2" falsecount="0"/>
        <line num="79" count="28" type="cond" truecount="1" falsecount="0"/>
        <line num="80" count="7" type="stmt"/>
        <line num="83" count="21" type="cond" truecount="3" falsecount="0"/>
        <line num="84" count="3" type="stmt"/>
        <line num="93" count="29" type="stmt"/>
        <line num="95" count="25" type="stmt"/>
        <line num="100" count="25" type="stmt"/>
        <line num="115" count="25" type="stmt"/>
        <line num="119" count="13" type="stmt"/>
        <line num="120" count="13" type="stmt"/>
        <line num="122" count="9" type="cond" truecount="2" falsecount="0"/>
        <line num="123" count="9" type="cond" truecount="2" falsecount="0"/>
        <line num="124" count="9" type="stmt"/>
        <line num="126" count="5" type="stmt"/>
        <line num="132" count="5" type="stmt"/>
        <line num="140" count="29" type="stmt"/>
        <line num="141" count="29" type="stmt"/>
        <line num="143" count="28" type="stmt"/>
        <line num="145" count="18" type="stmt"/>
        <line num="147" count="18" type="cond" truecount="2" falsecount="0"/>
        <line num="149" count="3" type="stmt"/>
        <line num="150" count="15" type="cond" truecount="1" falsecount="0"/>
        <line num="152" count="3" type="stmt"/>
        <line num="155" count="18" type="stmt"/>
        <line num="164" count="18" type="stmt"/>
        <line num="168" count="18" type="stmt"/>
        <line num="172" count="10" type="stmt"/>
        <line num="176" count="10" type="stmt"/>
        <line num="178" count="9" type="cond" truecount="1" falsecount="0"/>
        <line num="179" count="5" type="stmt"/>
        <line num="182" count="4" type="stmt"/>
        <line num="184" count="4" type="stmt"/>
        <line num="186" count="4" type="stmt"/>
        <line num="187" count="4" type="stmt"/>
        <line num="188" count="4" type="stmt"/>
        <line num="192" count="19" type="stmt"/>
        <line num="193" count="19" type="stmt"/>
        <line num="195" count="16" type="cond" truecount="1" falsecount="0"/>
        <line num="196" count="8" type="stmt"/>
        <line num="202" count="8" type="stmt"/>
        <line num="207" count="8" type="stmt"/>
        <line num="217" count="16" type="stmt"/>
        <line num="218" count="16" type="stmt"/>
        <line num="219" count="8" type="stmt"/>
        <line num="223" count="17" type="stmt"/>
        <line num="243" count="4" type="stmt"/>
        <line num="247" count="3" type="stmt"/>
        <line num="251" count="4" type="stmt"/>
        <line num="255" count="1" type="stmt"/>
        <line num="259" count="1" type="stmt"/>
      </file>
    </package>
    <package name="src.shared.base">
      <metrics statements="88" coveredstatements="65" conditionals="37" coveredconditionals="14" methods="22" coveredmethods="15"/>
      <file name="base.repository.ts" path="D:\My Work\Bytesved\CA firm\backend\src\shared\base\base.repository.ts">
        <metrics statements="61" coveredstatements="49" conditionals="34" coveredconditionals="12" methods="15" coveredmethods="12"/>
        <line num="3" count="8" type="stmt"/>
        <line num="58" count="8" type="stmt"/>
        <line num="63" count="134" type="stmt"/>
        <line num="64" count="134" type="stmt"/>
        <line num="71" count="200" type="cond" truecount="1" falsecount="0"/>
        <line num="78" count="0" type="stmt"/>
        <line num="80" count="0" type="stmt"/>
        <line num="83" count="0" type="cond" truecount="0" falsecount="1"/>
        <line num="84" count="0" type="stmt"/>
        <line num="88" count="0" type="stmt"/>
        <line num="99" count="156" type="stmt"/>
        <line num="101" count="156" type="cond" truecount="1" falsecount="0"/>
        <line num="102" count="145" type="stmt"/>
        <line num="105" count="156" type="cond" truecount="1" falsecount="0"/>
        <line num="106" count="156" type="cond" truecount="0" falsecount="1"/>
        <line num="107" count="0" type="stmt"/>
        <line num="111" count="156" type="stmt"/>
        <line num="114" count="156" type="stmt"/>
        <line num="130" count="85" type="stmt"/>
        <line num="131" count="85" type="stmt"/>
        <line num="133" count="85" type="stmt"/>
        <line num="148" count="8" type="stmt"/>
        <line num="149" count="8" type="stmt"/>
        <line num="150" count="8" type="stmt"/>
        <line num="165" count="13" type="stmt"/>
        <line num="166" count="13" type="stmt"/>
        <line num="167" count="13" type="stmt"/>
        <line num="180" count="44" type="stmt"/>
        <line num="181" count="44" type="cond" truecount="3" falsecount="0"/>
        <line num="182" count="44" type="stmt"/>
        <line num="184" count="44" type="stmt"/>
        <line num="185" count="44" type="stmt"/>
        <line num="199" count="17" type="stmt"/>
        <line num="200" count="17" type="stmt"/>
        <line num="202" count="17" type="stmt"/>
        <line num="203" count="17" type="stmt"/>
        <line num="210" count="6" type="stmt"/>
        <line num="211" count="6" type="stmt"/>
        <line num="214" count="6" type="stmt"/>
        <line num="222" count="6" type="stmt"/>
        <line num="230" count="4" type="stmt"/>
        <line num="231" count="4" type="stmt"/>
        <line num="233" count="4" type="stmt"/>
        <line num="241" count="4" type="stmt"/>
        <line num="248" count="0" type="stmt"/>
        <line num="249" count="0" type="stmt"/>
        <line num="251" count="0" type="stmt"/>
        <line num="255" count="0" type="stmt"/>
        <line num="266" count="0" type="stmt"/>
        <line num="267" count="0" type="stmt"/>
        <line num="278" count="2" type="stmt"/>
        <line num="279" count="2" type="stmt"/>
        <line num="280" count="2" type="stmt"/>
        <line num="294" count="21" type="stmt"/>
        <line num="295" count="21" type="stmt"/>
        <line num="297" count="21" type="cond" truecount="1" falsecount="1"/>
        <line num="298" count="21" type="cond" truecount="1" falsecount="1"/>
        <line num="299" count="21" type="stmt"/>
        <line num="300" count="21" type="cond" truecount="3" falsecount="1"/>
        <line num="302" count="21" type="stmt"/>
        <line num="313" count="21" type="stmt"/>
      </file>
      <file name="base.service.ts" path="D:\My Work\Bytesved\CA firm\backend\src\shared\base\base.service.ts">
        <metrics statements="25" coveredstatements="14" conditionals="3" coveredconditionals="2" methods="7" coveredmethods="3"/>
        <line num="3" count="7" type="stmt"/>
        <line num="4" count="7" type="stmt"/>
        <line num="5" count="7" type="stmt"/>
        <line num="6" count="7" type="stmt"/>
        <line num="8" count="7" type="stmt"/>
        <line num="32" count="7" type="stmt"/>
        <line num="39" count="209" type="stmt"/>
        <line num="40" count="209" type="stmt"/>
        <line num="41" count="209" type="stmt"/>
        <line num="44" count="209" type="stmt"/>
        <line num="64" count="0" type="stmt"/>
        <line num="80" count="0" type="stmt"/>
        <line num="81" count="0" type="stmt"/>
        <line num="82" count="0" type="stmt"/>
        <line num="83" count="0" type="stmt"/>
        <line num="85" count="0" type="cond" truecount="0" falsecount="1"/>
        <line num="87" count="0" type="stmt"/>
        <line num="91" count="0" type="stmt"/>
        <line num="94" count="0" type="stmt"/>
        <line num="106" count="129" type="cond" truecount="1" falsecount="0"/>
        <line num="107" count="24" type="stmt"/>
        <line num="115" count="24" type="stmt"/>
        <line num="116" count="24" type="stmt"/>
        <line num="124" count="0" type="stmt"/>
        <line num="131" count="0" type="stmt"/>
      </file>
      <file name="index.ts" path="D:\My Work\Bytesved\CA firm\backend\src\shared\base\index.ts">
        <metrics statements="2" coveredstatements="2" conditionals="0" coveredconditionals="0" methods="0" coveredmethods="0"/>
        <line num="1" count="7" type="stmt"/>
        <line num="2" count="7" type="stmt"/>
      </file>
    </package>
    <package name="src.shared.constants">
      <metrics statements="32" coveredstatements="32" conditionals="0" coveredconditionals="0" methods="16" coveredmethods="3"/>
      <file name="api.constants.ts" path="D:\My Work\Bytesved\CA firm\backend\src\shared\constants\api.constants.ts">
        <metrics statements="11" coveredstatements="11" conditionals="0" coveredconditionals="0" methods="0" coveredmethods="0"/>
        <line num="30" count="8" type="stmt"/>
        <line num="47" count="8" type="stmt"/>
        <line num="62" count="8" type="stmt"/>
        <line num="95" count="8" type="stmt"/>
        <line num="110" count="8" type="stmt"/>
        <line num="127" count="8" type="stmt"/>
        <line num="142" count="8" type="stmt"/>
        <line num="151" count="8" type="stmt"/>
        <line num="166" count="8" type="stmt"/>
        <line num="181" count="8" type="stmt"/>
        <line num="190" count="8" type="stmt"/>
      </file>
      <file name="date-formats.ts" path="D:\My Work\Bytesved\CA firm\backend\src\shared\constants\date-formats.ts">
        <metrics statements="2" coveredstatements="2" conditionals="0" coveredconditionals="0" methods="0" coveredmethods="0"/>
        <line num="21" count="8" type="stmt"/>
        <line num="86" count="8" type="stmt"/>
      </file>
      <file name="http-status.ts" path="D:\My Work\Bytesved\CA firm\backend\src\shared\constants\http-status.ts">
        <metrics statements="1" coveredstatements="1" conditionals="0" coveredconditionals="0" methods="0" coveredmethods="0"/>
        <line num="5" count="8" type="stmt"/>
      </file>
      <file name="index.ts" path="D:\My Work\Bytesved\CA firm\backend\src\shared\constants\index.ts">
        <metrics statements="16" coveredstatements="16" conditionals="0" coveredconditionals="0" methods="16" coveredmethods="3"/>
        <line num="13" count="108" type="stmt"/>
        <line num="16" count="107" type="stmt"/>
        <line num="19" count="8" type="stmt"/>
        <line num="20" count="40" type="stmt"/>
        <line num="21" count="8" type="stmt"/>
        <line num="22" count="8" type="stmt"/>
        <line num="23" count="8" type="stmt"/>
        <line num="24" count="8" type="stmt"/>
        <line num="25" count="8" type="stmt"/>
        <line num="26" count="8" type="stmt"/>
        <line num="27" count="8" type="stmt"/>
        <line num="28" count="8" type="stmt"/>
        <line num="29" count="8" type="stmt"/>
        <line num="30" count="8" type="stmt"/>
        <line num="33" count="8" type="stmt"/>
        <line num="36" count="8" type="stmt"/>
      </file>
      <file name="messages.ts" path="D:\My Work\Bytesved\CA firm\backend\src\shared\constants\messages.ts">
        <metrics statements="1" coveredstatements="1" conditionals="0" coveredconditionals="0" methods="0" coveredmethods="0"/>
        <line num="23" count="8" type="stmt"/>
      </file>
      <file name="regex.ts" path="D:\My Work\Bytesved\CA firm\backend\src\shared\constants\regex.ts">
        <metrics statements="1" coveredstatements="1" conditionals="0" coveredconditionals="0" methods="0" coveredmethods="0"/>
        <line num="22" count="8" type="stmt"/>
      </file>
    </package>
    <package name="src.shared.enums">
      <metrics statements="97" coveredstatements="97" conditionals="14" coveredconditionals="14" methods="14" coveredmethods="12"/>
      <file name="error.enum.ts" path="D:\My Work\Bytesved\CA firm\backend\src\shared\enums\error.enum.ts">
        <metrics statements="45" coveredstatements="45" conditionals="2" coveredconditionals="2" methods="1" coveredmethods="1"/>
        <line num="36" count="7" type="cond" truecount="2" falsecount="0"/>
        <line num="41" count="7" type="stmt"/>
        <line num="44" count="7" type="stmt"/>
        <line num="47" count="7" type="stmt"/>
        <line num="50" count="7" type="stmt"/>
        <line num="53" count="7" type="stmt"/>
        <line num="56" count="7" type="stmt"/>
        <line num="59" count="7" type="stmt"/>
        <line num="62" count="7" type="stmt"/>
        <line num="65" count="7" type="stmt"/>
        <line num="68" count="7" type="stmt"/>
        <line num="71" count="7" type="stmt"/>
        <line num="74" count="7" type="stmt"/>
        <line num="79" count="7" type="stmt"/>
        <line num="82" count="7" type="stmt"/>
        <line num="85" count="7" type="stmt"/>
        <line num="88" count="7" type="stmt"/>
        <line num="91" count="7" type="stmt"/>
        <line num="94" count="7" type="stmt"/>
        <line num="97" count="7" type="stmt"/>
        <line num="100" count="7" type="stmt"/>
        <line num="103" count="7" type="stmt"/>
        <line num="106" count="7" type="stmt"/>
        <line num="109" count="7" type="stmt"/>
        <line num="112" count="7" type="stmt"/>
        <line num="115" count="7" type="stmt"/>
        <line num="120" count="7" type="stmt"/>
        <line num="123" count="7" type="stmt"/>
        <line num="126" count="7" type="stmt"/>
        <line num="129" count="7" type="stmt"/>
        <line num="134" count="7" type="stmt"/>
        <line num="137" count="7" type="stmt"/>
        <line num="140" count="7" type="stmt"/>
        <line num="145" count="7" type="stmt"/>
        <line num="148" count="7" type="stmt"/>
        <line num="151" count="7" type="stmt"/>
        <line num="154" count="7" type="stmt"/>
        <line num="159" count="7" type="stmt"/>
        <line num="162" count="7" type="stmt"/>
        <line num="165" count="7" type="stmt"/>
        <line num="170" count="7" type="stmt"/>
        <line num="173" count="7" type="stmt"/>
        <line num="176" count="7" type="stmt"/>
        <line num="181" count="7" type="stmt"/>
        <line num="184" count="7" type="stmt"/>
      </file>
      <file name="index.ts" path="D:\My Work\Bytesved\CA firm\backend\src\shared\enums\index.ts">
        <metrics statements="4" coveredstatements="4" conditionals="0" coveredconditionals="0" methods="7" coveredmethods="5"/>
        <line num="19" count="201" type="stmt"/>
        <line num="20" count="42" type="stmt"/>
        <line num="21" count="166" type="stmt"/>
        <line num="22" count="119" type="stmt"/>
      </file>
      <file name="permission.enum.ts" path="D:\My Work\Bytesved\CA firm\backend\src\shared\enums\permission.enum.ts">
        <metrics statements="25" coveredstatements="25" conditionals="4" coveredconditionals="4" methods="2" coveredmethods="2"/>
        <line num="5" count="7" type="cond" truecount="2" falsecount="0"/>
        <line num="6" count="7" type="stmt"/>
        <line num="7" count="7" type="stmt"/>
        <line num="8" count="7" type="stmt"/>
        <line num="9" count="7" type="stmt"/>
        <line num="10" count="7" type="stmt"/>
        <line num="11" count="7" type="stmt"/>
        <line num="12" count="7" type="stmt"/>
        <line num="13" count="7" type="stmt"/>
        <line num="20" count="7" type="cond" truecount="2" falsecount="0"/>
        <line num="21" count="7" type="stmt"/>
        <line num="22" count="7" type="stmt"/>
        <line num="23" count="7" type="stmt"/>
        <line num="24" count="7" type="stmt"/>
        <line num="25" count="7" type="stmt"/>
        <line num="26" count="7" type="stmt"/>
        <line num="27" count="7" type="stmt"/>
        <line num="28" count="7" type="stmt"/>
        <line num="29" count="7" type="stmt"/>
        <line num="30" count="7" type="stmt"/>
        <line num="31" count="7" type="stmt"/>
        <line num="32" count="7" type="stmt"/>
        <line num="33" count="7" type="stmt"/>
        <line num="34" count="7" type="stmt"/>
        <line num="35" count="7" type="stmt"/>
      </file>
      <file name="tenant.enum.ts" path="D:\My Work\Bytesved\CA firm\backend\src\shared\enums\tenant.enum.ts">
        <metrics statements="12" coveredstatements="12" conditionals="4" coveredconditionals="4" methods="2" coveredmethods="2"/>
        <line num="23" count="7" type="cond" truecount="2" falsecount="0"/>
        <line num="24" count="7" type="stmt"/>
        <line num="25" count="7" type="stmt"/>
        <line num="26" count="7" type="stmt"/>
        <line num="27" count="7" type="stmt"/>
        <line num="34" count="7" type="cond" truecount="2" falsecount="0"/>
        <line num="35" count="7" type="stmt"/>
        <line num="36" count="7" type="stmt"/>
        <line num="37" count="7" type="stmt"/>
        <line num="38" count="7" type="stmt"/>
        <line num="39" count="7" type="stmt"/>
        <line num="40" count="7" type="stmt"/>
      </file>
      <file name="user.enum.ts" path="D:\My Work\Bytesved\CA firm\backend\src\shared\enums\user.enum.ts">
        <metrics statements="11" coveredstatements="11" conditionals="4" coveredconditionals="4" methods="2" coveredmethods="2"/>
        <line num="5" count="7" type="cond" truecount="2" falsecount="0"/>
        <line num="6" count="7" type="stmt"/>
        <line num="7" count="7" type="stmt"/>
        <line num="8" count="7" type="stmt"/>
        <line num="9" count="7" type="stmt"/>
        <line num="10" count="7" type="stmt"/>
        <line num="16" count="7" type="cond" truecount="2" falsecount="0"/>
        <line num="17" count="7" type="stmt"/>
        <line num="18" count="7" type="stmt"/>
        <line num="19" count="7" type="stmt"/>
        <line num="20" count="7" type="stmt"/>
      </file>
    </package>
    <package name="src.shared.errors">
      <metrics statements="43" coveredstatements="38" conditionals="21" coveredconditionals="5" methods="22" coveredmethods="12"/>
      <file name="app.error.ts" path="D:\My Work\Bytesved\CA firm\backend\src\shared\errors\app.error.ts">
        <metrics statements="8" coveredstatements="8" conditionals="1" coveredconditionals="0" methods="1" coveredmethods="1"/>
        <line num="41" count="7" type="stmt"/>
        <line num="64" count="111" type="stmt"/>
        <line num="65" count="111" type="stmt"/>
        <line num="66" count="111" type="stmt"/>
        <line num="67" count="111" type="stmt"/>
        <line num="68" count="111" type="stmt"/>
        <line num="69" count="111" type="stmt"/>
        <line num="72" count="111" type="stmt"/>
      </file>
      <file name="http.errors.ts" path="D:\My Work\Bytesved\CA firm\backend\src\shared\errors\http.errors.ts">
        <metrics statements="23" coveredstatements="18" conditionals="20" coveredconditionals="5" methods="10" coveredmethods="5"/>
        <line num="1" count="7" type="stmt"/>
        <line num="2" count="7" type="stmt"/>
        <line num="3" count="7" type="stmt"/>
        <line num="38" count="7" type="stmt"/>
        <line num="44" count="0" type="stmt"/>
        <line num="50" count="7" type="stmt"/>
        <line num="55" count="8" type="stmt"/>
        <line num="61" count="7" type="stmt"/>
        <line num="66" count="10" type="stmt"/>
        <line num="72" count="7" type="stmt"/>
        <line num="77" count="26" type="stmt"/>
        <line num="83" count="7" type="stmt"/>
        <line num="88" count="37" type="stmt"/>
        <line num="94" count="7" type="stmt"/>
        <line num="99" count="0" type="stmt"/>
        <line num="105" count="7" type="stmt"/>
        <line num="111" count="30" type="stmt"/>
        <line num="117" count="7" type="stmt"/>
        <line num="122" count="0" type="stmt"/>
        <line num="132" count="7" type="stmt"/>
        <line num="137" count="0" type="stmt"/>
        <line num="143" count="7" type="stmt"/>
        <line num="148" count="0" type="stmt"/>
      </file>
      <file name="index.ts" path="D:\My Work\Bytesved\CA firm\backend\src\shared\errors\index.ts">
        <metrics statements="12" coveredstatements="12" conditionals="0" coveredconditionals="0" methods="11" coveredmethods="6"/>
        <line num="5" count="76" type="stmt"/>
        <line num="6" count="7" type="stmt"/>
        <line num="7" count="7" type="stmt"/>
        <line num="8" count="15" type="stmt"/>
        <line num="9" count="17" type="stmt"/>
        <line num="10" count="44" type="stmt"/>
        <line num="11" count="65" type="stmt"/>
        <line num="12" count="7" type="stmt"/>
        <line num="13" count="46" type="stmt"/>
        <line num="14" count="7" type="stmt"/>
        <line num="15" count="7" type="stmt"/>
        <line num="16" count="7" type="stmt"/>
      </file>
    </package>
    <package name="src.shared.response">
      <metrics statements="15" coveredstatements="14" conditionals="9" coveredconditionals="5" methods="9" coveredmethods="8"/>
      <file name="api-response.ts" path="D:\My Work\Bytesved\CA firm\backend\src\shared\response\api-response.ts">
        <metrics statements="15" coveredstatements="14" conditionals="9" coveredconditionals="5" methods="9" coveredmethods="8"/>
        <line num="2" count="8" type="stmt"/>
        <line num="26" count="8" type="stmt"/>
        <line num="31" count="169" type="stmt"/>
        <line num="32" count="169" type="cond" truecount="0" falsecount="1"/>
        <line num="34" count="169" type="cond" truecount="1" falsecount="1"/>
        <line num="35" count="169" type="stmt"/>
        <line num="46" count="28" type="stmt"/>
        <line num="58" count="29" type="stmt"/>
        <line num="70" count="18" type="stmt"/>
        <line num="82" count="6" type="stmt"/>
        <line num="99" count="19" type="stmt"/>
        <line num="112" count="0" type="stmt"/>
        <line num="128" count="69" type="stmt"/>
        <line num="140" count="21" type="stmt"/>
        <line num="141" count="21" type="stmt"/>
      </file>
    </package>
    <package name="src.shared.utils">
      <metrics statements="18" coveredstatements="8" conditionals="5" coveredconditionals="0" methods="5" coveredmethods="2"/>
      <file name="async-handler.ts" path="D:\My Work\Bytesved\CA firm\backend\src\shared\utils\async-handler.ts">
        <metrics statements="4" coveredstatements="4" conditionals="0" coveredconditionals="0" methods="2" coveredmethods="2"/>
        <line num="30" count="4" type="stmt"/>
        <line num="31" count="4" type="stmt"/>
        <line num="32" count="54" type="stmt"/>
        <line num="33" count="133" type="stmt"/>
      </file>
      <file name="crypto.utils.ts" path="D:\My Work\Bytesved\CA firm\backend\src\shared\utils\crypto.utils.ts">
        <metrics statements="12" coveredstatements="2" conditionals="5" coveredconditionals="0" methods="3" coveredmethods="0"/>
        <line num="1" count="4" type="stmt"/>
        <line num="18" count="4" type="stmt"/>
        <line num="27" count="0" type="stmt"/>
        <line num="37" count="0" type="cond" truecount="0" falsecount="3"/>
        <line num="38" count="0" type="stmt"/>
        <line num="41" count="0" type="stmt"/>
        <line num="42" count="0" type="stmt"/>
        <line num="44" count="0" type="stmt"/>
        <line num="45" count="0" type="stmt"/>
        <line num="46" count="0" type="stmt"/>
        <line num="48" count="0" type="stmt"/>
        <line num="60" count="0" type="stmt"/>
      </file>
      <file name="index.ts" path="D:\My Work\Bytesved\CA firm\backend\src\shared\utils\index.ts">
        <metrics statements="2" coveredstatements="2" conditionals="0" coveredconditionals="0" methods="0" coveredmethods="0"/>
        <line num="4" count="4" type="stmt"/>
        <line num="5" count="4" type="stmt"/>
      </file>
    </package>
    <package name="src.shared.validators">
      <metrics statements="5" coveredstatements="5" conditionals="0" coveredconditionals="0" methods="0" coveredmethods="0"/>
      <file name="index.ts" path="D:\My Work\Bytesved\CA firm\backend\src\shared\validators\index.ts">
        <metrics statements="1" coveredstatements="1" conditionals="0" coveredconditionals="0" methods="0" coveredmethods="0"/>
        <line num="4" count="4" type="stmt"/>
      </file>
      <file name="pagination.validator.ts" path="D:\My Work\Bytesved\CA firm\backend\src\shared\validators\pagination.validator.ts">
        <metrics statements="4" coveredstatements="4" conditionals="0" coveredconditionals="0" methods="0" coveredmethods="0"/>
        <line num="1" count="4" type="stmt"/>
        <line num="2" count="4" type="stmt"/>
        <line num="20" count="4" type="stmt"/>
        <line num="51" count="4" type="stmt"/>
      </file>
    </package>
    <package name="tests.integration.helpers">
      <metrics statements="75" coveredstatements="75" conditionals="4" coveredconditionals="4" methods="9" coveredmethods="9"/>
      <file name="fixtures.ts" path="D:\My Work\Bytesved\CA firm\backend\tests\integration\helpers\fixtures.ts">
        <metrics statements="21" coveredstatements="21" conditionals="0" coveredconditionals="0" methods="4" coveredmethods="4"/>
        <line num="1" count="3" type="stmt"/>
        <line num="2" count="3" type="stmt"/>
        <line num="24" count="6" type="stmt"/>
        <line num="26" count="6" type="stmt"/>
        <line num="34" count="6" type="stmt"/>
        <line num="43" count="6" type="stmt"/>
        <line num="50" count="6" type="stmt"/>
        <line num="59" count="6" type="stmt"/>
        <line num="67" count="6" type="stmt"/>
        <line num="70" count="3" type="stmt"/>
        <line num="71" count="3" type="stmt"/>
        <line num="76" count="3" type="stmt"/>
        <line num="84" count="3" type="stmt"/>
        <line num="85" count="3" type="stmt"/>
        <line num="87" count="3" type="stmt"/>
        <line num="88" count="3" type="stmt"/>
        <line num="90" count="3" type="stmt"/>
        <line num="94" count="3" type="stmt"/>
        <line num="95" count="6" type="stmt"/>
        <line num="97" count="3" type="stmt"/>
        <line num="98" count="3" type="stmt"/>
      </file>
      <file name="full-test-app.ts" path="D:\My Work\Bytesved\CA firm\backend\tests\integration\helpers\full-test-app.ts">
        <metrics statements="22" coveredstatements="22" conditionals="0" coveredconditionals="0" methods="2" coveredmethods="2"/>
        <line num="1" count="1" type="stmt"/>
        <line num="2" count="1" type="stmt"/>
        <line num="3" count="1" type="stmt"/>
        <line num="4" count="1" type="stmt"/>
        <line num="5" count="1" type="stmt"/>
        <line num="6" count="1" type="stmt"/>
        <line num="7" count="1" type="stmt"/>
        <line num="8" count="1" type="stmt"/>
        <line num="9" count="1" type="stmt"/>
        <line num="26" count="1" type="stmt"/>
        <line num="27" count="1" type="stmt"/>
        <line num="30" count="1" type="stmt"/>
        <line num="31" count="1" type="stmt"/>
        <line num="32" count="1" type="stmt"/>
        <line num="33" count="1" type="stmt"/>
        <line num="36" count="1" type="stmt"/>
        <line num="37" count="1" type="stmt"/>
        <line num="43" count="1" type="stmt"/>
        <line num="46" count="1" type="stmt"/>
        <line num="47" count="1" type="stmt"/>
        <line num="50" count="1" type="stmt"/>
        <line num="52" count="1" type="stmt"/>
      </file>
      <file name="jwt.ts" path="D:\My Work\Bytesved\CA firm\backend\tests\integration\helpers\jwt.ts">
        <metrics statements="6" coveredstatements="6" conditionals="4" coveredconditionals="4" methods="1" coveredmethods="1"/>
        <line num="1" count="4" type="stmt"/>
        <line num="2" count="4" type="stmt"/>
        <line num="3" count="4" type="stmt"/>
        <line num="20" count="4" type="stmt"/>
        <line num="28" count="140" type="stmt"/>
        <line num="30" count="140" type="stmt"/>
      </file>
      <file name="task-test-app.ts" path="D:\My Work\Bytesved\CA firm\backend\tests\integration\helpers\task-test-app.ts">
        <metrics statements="13" coveredstatements="13" conditionals="0" coveredconditionals="0" methods="1" coveredmethods="1"/>
        <line num="1" count="2" type="stmt"/>
        <line num="2" count="2" type="stmt"/>
        <line num="3" count="2" type="stmt"/>
        <line num="4" count="2" type="stmt"/>
        <line num="5" count="2" type="stmt"/>
        <line num="14" count="2" type="stmt"/>
        <line num="15" count="2" type="stmt"/>
        <line num="16" count="2" type="stmt"/>
        <line num="17" count="2" type="stmt"/>
        <line num="18" count="2" type="stmt"/>
        <line num="19" count="2" type="stmt"/>
        <line num="20" count="2" type="stmt"/>
        <line num="21" count="2" type="stmt"/>
      </file>
      <file name="test-app.ts" path="D:\My Work\Bytesved\CA firm\backend\tests\integration\helpers\test-app.ts">
        <metrics statements="13" coveredstatements="13" conditionals="0" coveredconditionals="0" methods="1" coveredmethods="1"/>
        <line num="1" count="1" type="stmt"/>
        <line num="2" count="1" type="stmt"/>
        <line num="3" count="1" type="stmt"/>
        <line num="4" count="1" type="stmt"/>
        <line num="5" count="1" type="stmt"/>
        <line num="17" count="1" type="stmt"/>
        <line num="18" count="1" type="stmt"/>
        <line num="19" count="1" type="stmt"/>
        <line num="20" count="1" type="stmt"/>
        <line num="21" count="1" type="stmt"/>
        <line num="22" count="1" type="stmt"/>
        <line num="23" count="1" type="stmt"/>
        <line num="24" count="1" type="stmt"/>
      </file>
    </package>
  </project>
</coverage>
