{"D:\\My Work\\Bytesved\\CA firm\\backend\\src\\config\\database.ts": {"path":"D:\\My Work\\Bytesved\\CA firm\\backend\\src\\config\\database.ts","statementMap":{"0":{"start":{"line":43,"column":0},"end":{"line":43,"column":7}},"1":{"start":{"line":51,"column":0},"end":{"line":51,"column":7}},"2":{"start":{"line":1,"column":0},"end":{"line":1,"column":46}},"3":{"start":{"line":2,"column":0},"end":{"line":2,"column":46}},"4":{"start":{"line":3,"column":0},"end":{"line":3,"column":36}},"5":{"start":{"line":16,"column":24},"end":{"line":16,"column":null}},"6":{"start":{"line":21,"column":18},"end":{"line":21,"column":70}},"7":{"start":{"line":23,"column":2},"end":{"line":30,"column":5}},"8":{"start":{"line":33,"column":13},"end":{"line":33,"column":69}},"9":{"start":{"line":35,"column":0},"end":{"line":37,"column":1}},"10":{"start":{"line":36,"column":2},"end":{"line":36,"column":34}},"11":{"start":{"line":44,"column":2},"end":{"line":44,"column":26}},"12":{"start":{"line":52,"column":2},"end":{"line":52,"column":29}}},"fnMap":{"0":{"name":"createPrismaClient","decl":{"start":{"line":20,"column":9},"end":{"line":20,"column":27}},"loc":{"start":{"line":20,"column":27},"end":{"line":31,"column":1}}},"1":{"name":"connectDatabase","decl":{"start":{"line":43,"column":22},"end":{"line":43,"column":37}},"loc":{"start":{"line":43,"column":37},"end":{"line":45,"column":1}}},"2":{"name":"disconnectDatabase","decl":{"start":{"line":51,"column":22},"end":{"line":51,"column":40}},"loc":{"start":{"line":51,"column":40},"end":{"line":53,"column":1}}}},"branchMap":{"0":{"loc":{"start":{"line":26,"column":6},"end":{"line":28,"column":27}},"type":"cond-expr","locations":[{"start":{"line":27,"column":10},"end":{"line":27,"column":44}},{"start":{"line":28,"column":10},"end":{"line":28,"column":27}}]},"1":{"loc":{"start":{"line":33,"column":22},"end":{"line":33,"column":68}},"type":"binary-expr","locations":[{"start":{"line":33,"column":22},"end":{"line":33,"column":44}},{"start":{"line":33,"column":48},"end":{"line":33,"column":68}}]},"2":{"loc":{"start":{"line":35,"column":0},"end":{"line":37,"column":1}},"type":"if","locations":[{"start":{"line":35,"column":0},"end":{"line":37,"column":1}}]}},"s":{"0":23,"1":23,"2":23,"3":23,"4":23,"5":23,"6":23,"7":23,"8":23,"9":23,"10":23,"11":0,"12":2},"f":{"0":23,"1":0,"2":2},"b":{"0":[0,23],"1":[23,23],"2":[23]}}
,"D:\\My Work\\Bytesved\\CA firm\\backend\\src\\config\\environment.ts": {"path":"D:\\My Work\\Bytesved\\CA firm\\backend\\src\\config\\environment.ts","statementMap":{"0":{"start":{"line":1,"column":0},"end":{"line":1,"column":24}},"1":{"start":{"line":9,"column":18},"end":{"line":89,"column":2}},"2":{"start":{"line":93,"column":22},"end":{"line":93,"column":54}},"3":{"start":{"line":95,"column":0},"end":{"line":99,"column":1}},"4":{"start":{"line":96,"column":2},"end":{"line":96,"column":53}},"5":{"start":{"line":97,"column":2},"end":{"line":97,"column":59}},"6":{"start":{"line":98,"column":2},"end":{"line":98,"column":18}},"7":{"start":{"line":101,"column":13},"end":{"line":101,"column":43}}},"fnMap":{},"branchMap":{"0":{"loc":{"start":{"line":95,"column":0},"end":{"line":99,"column":1}},"type":"if","locations":[{"start":{"line":95,"column":0},"end":{"line":99,"column":1}}]}},"s":{"0":50,"1":50,"2":50,"3":50,"4":0,"5":0,"6":0,"7":50},"f":{},"b":{"0":[0]}}
,"D:\\My Work\\Bytesved\\CA firm\\backend\\src\\config\\jwt.ts": {"path":"D:\\My Work\\Bytesved\\CA firm\\backend\\src\\config\\jwt.ts","statementMap":{"0":{"start":{"line":1,"column":0},"end":{"line":1,"column":36}},"1":{"start":{"line":8,"column":13},"end":{"line":17,"column":11}}},"fnMap":{},"branchMap":{},"s":{"0":31,"1":31},"f":{},"b":{}}
,"D:\\My Work\\Bytesved\\CA firm\\backend\\src\\config\\logger.ts": {"path":"D:\\My Work\\Bytesved\\CA firm\\backend\\src\\config\\logger.ts","statementMap":{"0":{"start":{"line":87,"column":0},"end":{"line":87,"column":16}},"1":{"start":{"line":1,"column":0},"end":{"line":1,"column":24}},"2":{"start":{"line":2,"column":0},"end":{"line":2,"column":36}},"3":{"start":{"line":31,"column":13},"end":{"line":75,"column":3}},"4":{"start":{"line":88,"column":2},"end":{"line":93,"column":5}}},"fnMap":{"0":{"name":"createContextLogger","decl":{"start":{"line":87,"column":16},"end":{"line":87,"column":35}},"loc":{"start":{"line":87,"column":65},"end":{"line":94,"column":1}}}},"branchMap":{"0":{"loc":{"start":{"line":33,"column":6},"end":{"line":44,"column":8}},"type":"cond-expr","locations":[{"start":{"line":34,"column":6},"end":{"line":43,"column":null}},{"start":{"line":44,"column":6},"end":{"line":44,"column":8}}]}},"s":{"0":48,"1":48,"2":48,"3":48,"4":723},"f":{"0":723},"b":{"0":[0,48]}}
,"D:\\My Work\\Bytesved\\CA firm\\backend\\src\\config\\queue.ts": {"path":"D:\\My Work\\Bytesved\\CA firm\\backend\\src\\config\\queue.ts","statementMap":{"0":{"start":{"line":1,"column":0},"end":{"line":1,"column":31}},"1":{"start":{"line":2,"column":0},"end":{"line":2,"column":32}},"2":{"start":{"line":9,"column":19},"end":{"line":9,"column":24}},"3":{"start":{"line":14,"column":13},"end":{"line":20,"column":11}},"4":{"start":{"line":28,"column":13},"end":{"line":36,"column":3}},"5":{"start":{"line":38,"column":13},"end":{"line":46,"column":3}},"6":{"start":{"line":48,"column":13},"end":{"line":56,"column":3}},"7":{"start":{"line":58,"column":13},"end":{"line":66,"column":3}},"8":{"start":{"line":68,"column":13},"end":{"line":76,"column":3}}},"fnMap":{},"branchMap":{},"s":{"0":1,"1":1,"2":1,"3":1,"4":1,"5":1,"6":1,"7":1,"8":1},"f":{},"b":{}}
,"D:\\My Work\\Bytesved\\CA firm\\backend\\src\\config\\razorpay.ts": {"path":"D:\\My Work\\Bytesved\\CA firm\\backend\\src\\config\\razorpay.ts","statementMap":{"0":{"start":{"line":1,"column":0},"end":{"line":1,"column":32}},"1":{"start":{"line":2,"column":0},"end":{"line":2,"column":36}},"2":{"start":{"line":12,"column":13},"end":{"line":15,"column":3}},"3":{"start":{"line":17,"column":13},"end":{"line":23,"column":11}}},"fnMap":{},"branchMap":{"0":{"loc":{"start":{"line":13,"column":10},"end":{"line":13,"column":35}},"type":"binary-expr","locations":[{"start":{"line":13,"column":10},"end":{"line":13,"column":29}},{"start":{"line":13,"column":33},"end":{"line":13,"column":35}}]},"1":{"loc":{"start":{"line":14,"column":14},"end":{"line":14,"column":43}},"type":"binary-expr","locations":[{"start":{"line":14,"column":14},"end":{"line":14,"column":37}},{"start":{"line":14,"column":41},"end":{"line":14,"column":43}}]},"2":{"loc":{"start":{"line":18,"column":9},"end":{"line":18,"column":34}},"type":"binary-expr","locations":[{"start":{"line":18,"column":9},"end":{"line":18,"column":28}},{"start":{"line":18,"column":32},"end":{"line":18,"column":34}}]},"3":{"loc":{"start":{"line":20,"column":13},"end":{"line":20,"column":42}},"type":"binary-expr","locations":[{"start":{"line":20,"column":13},"end":{"line":20,"column":36}},{"start":{"line":20,"column":40},"end":{"line":20,"column":42}}]},"4":{"loc":{"start":{"line":22,"column":24},"end":{"line":22,"column":70}},"type":"binary-expr","locations":[{"start":{"line":22,"column":24},"end":{"line":22,"column":43}},{"start":{"line":22,"column":47},"end":{"line":22,"column":70}}]}},"s":{"0":3,"1":3,"2":3,"3":3},"f":{},"b":{"0":[3,0],"1":[3,0],"2":[3,0],"3":[3,0],"4":[3,3]}}
,"D:\\My Work\\Bytesved\\CA firm\\backend\\src\\config\\redis.ts": {"path":"D:\\My Work\\Bytesved\\CA firm\\backend\\src\\config\\redis.ts","statementMap":{"0":{"start":{"line":53,"column":0},"end":{"line":53,"column":7}},"1":{"start":{"line":60,"column":0},"end":{"line":60,"column":7}},"2":{"start":{"line":1,"column":0},"end":{"line":1,"column":28}},"3":{"start":{"line":2,"column":0},"end":{"line":2,"column":36}},"4":{"start":{"line":3,"column":0},"end":{"line":3,"column":34}},"5":{"start":{"line":10,"column":13},"end":{"line":28,"column":3}},"6":{"start":{"line":17,"column":18},"end":{"line":17,"column":45}},"7":{"start":{"line":18,"column":4},"end":{"line":18,"column":17}},"8":{"start":{"line":21,"column":25},"end":{"line":21,"column":67}},"9":{"start":{"line":22,"column":4},"end":{"line":24,"column":5}},"10":{"start":{"line":22,"column":33},"end":{"line":22,"column":56}},"11":{"start":{"line":23,"column":6},"end":{"line":23,"column":18}},"12":{"start":{"line":25,"column":4},"end":{"line":25,"column":17}},"13":{"start":{"line":30,"column":0},"end":{"line":32,"column":3}},"14":{"start":{"line":31,"column":2},"end":{"line":31,"column":33}},"15":{"start":{"line":34,"column":0},"end":{"line":36,"column":3}},"16":{"start":{"line":35,"column":2},"end":{"line":35,"column":29}},"17":{"start":{"line":38,"column":0},"end":{"line":40,"column":3}},"18":{"start":{"line":39,"column":2},"end":{"line":39,"column":39}},"19":{"start":{"line":42,"column":0},"end":{"line":44,"column":3}},"20":{"start":{"line":43,"column":2},"end":{"line":43,"column":41}},"21":{"start":{"line":46,"column":0},"end":{"line":48,"column":3}},"22":{"start":{"line":47,"column":2},"end":{"line":47,"column":39}},"23":{"start":{"line":54,"column":2},"end":{"line":54,"column":24}},"24":{"start":{"line":61,"column":2},"end":{"line":61,"column":21}}},"fnMap":{"0":{"name":"(anonymous_1)","decl":{"start":{"line":16,"column":2},"end":{"line":16,"column":15}},"loc":{"start":{"line":16,"column":21},"end":{"line":19,"column":3}}},"1":{"name":"(anonymous_2)","decl":{"start":{"line":20,"column":2},"end":{"line":20,"column":18}},"loc":{"start":{"line":20,"column":22},"end":{"line":26,"column":3}}},"2":{"name":"(anonymous_3)","decl":{"start":{"line":22,"column":26},"end":{"line":22,"column":27}},"loc":{"start":{"line":22,"column":33},"end":{"line":22,"column":56}}},"3":{"name":"(anonymous_4)","decl":{"start":{"line":30,"column":20},"end":{"line":30,"column":23}},"loc":{"start":{"line":30,"column":25},"end":{"line":32,"column":1}}},"4":{"name":"(anonymous_5)","decl":{"start":{"line":34,"column":18},"end":{"line":34,"column":21}},"loc":{"start":{"line":34,"column":23},"end":{"line":36,"column":1}}},"5":{"name":"(anonymous_6)","decl":{"start":{"line":38,"column":18},"end":{"line":38,"column":19}},"loc":{"start":{"line":38,"column":26},"end":{"line":40,"column":1}}},"6":{"name":"(anonymous_7)","decl":{"start":{"line":42,"column":18},"end":{"line":42,"column":21}},"loc":{"start":{"line":42,"column":23},"end":{"line":44,"column":1}}},"7":{"name":"(anonymous_8)","decl":{"start":{"line":46,"column":25},"end":{"line":46,"column":28}},"loc":{"start":{"line":46,"column":30},"end":{"line":48,"column":1}}},"8":{"name":"connectRedis","decl":{"start":{"line":53,"column":22},"end":{"line":53,"column":34}},"loc":{"start":{"line":53,"column":34},"end":{"line":55,"column":1}}},"9":{"name":"disconnectRedis","decl":{"start":{"line":60,"column":22},"end":{"line":60,"column":37}},"loc":{"start":{"line":60,"column":37},"end":{"line":62,"column":1}}}},"branchMap":{"0":{"loc":{"start":{"line":13,"column":12},"end":{"line":13,"column":43}},"type":"binary-expr","locations":[{"start":{"line":13,"column":12},"end":{"line":13,"column":30}},{"start":{"line":13,"column":34},"end":{"line":13,"column":43}}]},"1":{"loc":{"start":{"line":22,"column":4},"end":{"line":24,"column":5}},"type":"if","locations":[{"start":{"line":22,"column":4},"end":{"line":24,"column":5}}]}},"s":{"0":1,"1":1,"2":1,"3":1,"4":1,"5":1,"6":0,"7":0,"8":0,"9":0,"10":0,"11":0,"12":0,"13":1,"14":1,"15":1,"16":1,"17":1,"18":0,"19":1,"20":0,"21":1,"22":0,"23":0,"24":0},"f":{"0":0,"1":0,"2":0,"3":1,"4":1,"5":0,"6":0,"7":0,"8":0,"9":0},"b":{"0":[1,1],"1":[0]}}
,"D:\\My Work\\Bytesved\\CA firm\\backend\\src\\config\\storage.ts": {"path":"D:\\My Work\\Bytesved\\CA firm\\backend\\src\\config\\storage.ts","statementMap":{"0":{"start":{"line":1,"column":0},"end":{"line":1,"column":46}},"1":{"start":{"line":2,"column":0},"end":{"line":2,"column":36}},"2":{"start":{"line":8,"column":13},"end":{"line":18,"column":3}},"3":{"start":{"line":20,"column":13},"end":{"line":40,"column":11}}},"fnMap":{},"branchMap":{"0":{"loc":{"start":{"line":9,"column":10},"end":{"line":9,"column":34}},"type":"binary-expr","locations":[{"start":{"line":9,"column":10},"end":{"line":9,"column":24}},{"start":{"line":9,"column":28},"end":{"line":9,"column":34}}]},"1":{"loc":{"start":{"line":11,"column":4},"end":{"line":16,"column":17}},"type":"cond-expr","locations":[{"start":{"line":12,"column":8},"end":{"line":15,"column":null}},{"start":{"line":16,"column":8},"end":{"line":16,"column":17}}]},"2":{"loc":{"start":{"line":11,"column":4},"end":{"line":11,"column":54}},"type":"binary-expr","locations":[{"start":{"line":11,"column":4},"end":{"line":11,"column":25}},{"start":{"line":11,"column":29},"end":{"line":11,"column":54}}]},"3":{"loc":{"start":{"line":17,"column":6},"end":{"line":17,"column":68}},"type":"cond-expr","locations":[{"start":{"line":17,"column":29},"end":{"line":17,"column":63}},{"start":{"line":17,"column":66},"end":{"line":17,"column":68}}]},"4":{"loc":{"start":{"line":22,"column":14},"end":{"line":22,"column":39}},"type":"binary-expr","locations":[{"start":{"line":22,"column":14},"end":{"line":22,"column":33}},{"start":{"line":22,"column":37},"end":{"line":22,"column":39}}]},"5":{"loc":{"start":{"line":23,"column":10},"end":{"line":23,"column":34}},"type":"binary-expr","locations":[{"start":{"line":23,"column":10},"end":{"line":23,"column":24}},{"start":{"line":23,"column":28},"end":{"line":23,"column":34}}]}},"s":{"0":5,"1":5,"2":5,"3":5},"f":{},"b":{"0":[5,5],"1":[0,5],"2":[5,0],"3":[0,5],"4":[5,5],"5":[5,5]}}
,"D:\\My Work\\Bytesved\\CA firm\\backend\\src\\config\\swagger.ts": {"path":"D:\\My Work\\Bytesved\\CA firm\\backend\\src\\config\\swagger.ts","statementMap":{"0":{"start":{"line":1,"column":0},"end":{"line":1,"column":41}},"1":{"start":{"line":2,"column":0},"end":{"line":2,"column":36}},"2":{"start":{"line":8,"column":55},"end":{"line":57,"column":2}},"3":{"start":{"line":59,"column":38},"end":{"line":62,"column":2}},"4":{"start":{"line":64,"column":13},"end":{"line":64,"column":49}}},"fnMap":{},"branchMap":{"0":{"loc":{"start":{"line":28,"column":8},"end":{"line":30,"column":32}},"type":"cond-expr","locations":[{"start":{"line":29,"column":12},"end":{"line":29,"column":31}},{"start":{"line":30,"column":12},"end":{"line":30,"column":32}}]}},"s":{"0":1,"1":1,"2":1,"3":1,"4":1},"f":{},"b":{"0":[0,1]}}
,"D:\\My Work\\Bytesved\\CA firm\\backend\\src\\middlewares\\auth.middleware.ts": {"path":"D:\\My Work\\Bytesved\\CA firm\\backend\\src\\middlewares\\auth.middleware.ts","statementMap":{"0":{"start":{"line":28,"column":0},"end":{"line":28,"column":16}},"1":{"start":{"line":68,"column":0},"end":{"line":68,"column":16}},"2":{"start":{"line":2,"column":0},"end":{"line":2,"column":31}},"3":{"start":{"line":3,"column":0},"end":{"line":3,"column":40}},"4":{"start":{"line":4,"column":0},"end":{"line":4,"column":51}},"5":{"start":{"line":33,"column":21},"end":{"line":33,"column":46}},"6":{"start":{"line":35,"column":2},"end":{"line":37,"column":3}},"7":{"start":{"line":36,"column":4},"end":{"line":36,"column":60}},"8":{"start":{"line":39,"column":16},"end":{"line":39,"column":40}},"9":{"start":{"line":41,"column":2},"end":{"line":61,"column":3}},"10":{"start":{"line":42,"column":20},"end":{"line":42,"column":76}},"11":{"start":{"line":44,"column":4},"end":{"line":50,"column":6}},"12":{"start":{"line":52,"column":4},"end":{"line":52,"column":11}},"13":{"start":{"line":54,"column":4},"end":{"line":56,"column":5}},"14":{"start":{"line":55,"column":6},"end":{"line":55,"column":62}},"15":{"start":{"line":57,"column":4},"end":{"line":59,"column":5}},"16":{"start":{"line":58,"column":6},"end":{"line":58,"column":58}},"17":{"start":{"line":60,"column":4},"end":{"line":60,"column":57}},"18":{"start":{"line":73,"column":21},"end":{"line":73,"column":46}},"19":{"start":{"line":75,"column":2},"end":{"line":77,"column":3}},"20":{"start":{"line":76,"column":4},"end":{"line":76,"column":18}},"21":{"start":{"line":79,"column":16},"end":{"line":79,"column":40}},"22":{"start":{"line":81,"column":2},"end":{"line":92,"column":3}},"23":{"start":{"line":82,"column":20},"end":{"line":82,"column":76}},"24":{"start":{"line":83,"column":4},"end":{"line":89,"column":6}},"25":{"start":{"line":94,"column":2},"end":{"line":94,"column":9}}},"fnMap":{"0":{"name":"authMiddleware","decl":{"start":{"line":28,"column":16},"end":{"line":28,"column":30}},"loc":{"start":{"line":31,"column":20},"end":{"line":62,"column":1}}},"1":{"name":"optionalAuthMiddleware","decl":{"start":{"line":68,"column":16},"end":{"line":68,"column":38}},"loc":{"start":{"line":71,"column":20},"end":{"line":95,"column":1}}}},"branchMap":{"0":{"loc":{"start":{"line":35,"column":2},"end":{"line":37,"column":3}},"type":"if","locations":[{"start":{"line":35,"column":2},"end":{"line":37,"column":3}}]},"1":{"loc":{"start":{"line":35,"column":6},"end":{"line":35,"column":54}},"type":"binary-expr","locations":[{"start":{"line":35,"column":6},"end":{"line":35,"column":17}},{"start":{"line":35,"column":21},"end":{"line":35,"column":54}}]},"2":{"loc":{"start":{"line":49,"column":19},"end":{"line":49,"column":44}},"type":"binary-expr","locations":[{"start":{"line":49,"column":19},"end":{"line":49,"column":38}},{"start":{"line":49,"column":42},"end":{"line":49,"column":44}}]},"3":{"loc":{"start":{"line":54,"column":4},"end":{"line":56,"column":5}},"type":"if","locations":[{"start":{"line":54,"column":4},"end":{"line":56,"column":5}}]},"4":{"loc":{"start":{"line":57,"column":4},"end":{"line":59,"column":5}},"type":"if","locations":[{"start":{"line":57,"column":4},"end":{"line":59,"column":5}}]},"5":{"loc":{"start":{"line":75,"column":2},"end":{"line":77,"column":3}},"type":"if","locations":[{"start":{"line":75,"column":2},"end":{"line":77,"column":3}}]},"6":{"loc":{"start":{"line":75,"column":6},"end":{"line":75,"column":54}},"type":"binary-expr","locations":[{"start":{"line":75,"column":6},"end":{"line":75,"column":17}},{"start":{"line":75,"column":21},"end":{"line":75,"column":54}}]},"7":{"loc":{"start":{"line":88,"column":19},"end":{"line":88,"column":44}},"type":"binary-expr","locations":[{"start":{"line":88,"column":19},"end":{"line":88,"column":38}},{"start":{"line":88,"column":42},"end":{"line":88,"column":44}}]}},"s":{"0":30,"1":30,"2":30,"3":30,"4":30,"5":468,"6":468,"7":21,"8":447,"9":447,"10":447,"11":442,"12":442,"13":5,"14":2,"15":3,"16":3,"17":0,"18":0,"19":0,"20":0,"21":0,"22":0,"23":0,"24":0,"25":0},"f":{"0":468,"1":0},"b":{"0":[21],"1":[468,447],"2":[442,0],"3":[2],"4":[3],"5":[0],"6":[0,0],"7":[0,0]}}
,"D:\\My Work\\Bytesved\\CA firm\\backend\\src\\middlewares\\correlation-id.middleware.ts": {"path":"D:\\My Work\\Bytesved\\CA firm\\backend\\src\\middlewares\\correlation-id.middleware.ts","statementMap":{"0":{"start":{"line":33,"column":0},"end":{"line":33,"column":16}},"1":{"start":{"line":2,"column":0},"end":{"line":2,"column":36}},"2":{"start":{"line":39,"column":21},"end":{"line":39,"column":52}},"3":{"start":{"line":40,"column":24},"end":{"line":40,"column":92}},"4":{"start":{"line":43,"column":2},"end":{"line":43,"column":36}},"5":{"start":{"line":46,"column":2},"end":{"line":46,"column":36}},"6":{"start":{"line":49,"column":2},"end":{"line":49,"column":51}},"7":{"start":{"line":51,"column":2},"end":{"line":51,"column":9}}},"fnMap":{"0":{"name":"correlationIdMiddleware","decl":{"start":{"line":33,"column":16},"end":{"line":33,"column":39}},"loc":{"start":{"line":36,"column":20},"end":{"line":52,"column":1}}}},"branchMap":{"0":{"loc":{"start":{"line":40,"column":24},"end":{"line":40,"column":92}},"type":"binary-expr","locations":[{"start":{"line":40,"column":25},"end":{"line":40,"column":79}},{"start":{"line":40,"column":84},"end":{"line":40,"column":92}}]},"1":{"loc":{"start":{"line":40,"column":25},"end":{"line":40,"column":79}},"type":"cond-expr","locations":[{"start":{"line":40,"column":53},"end":{"line":40,"column":66}},{"start":{"line":40,"column":69},"end":{"line":40,"column":79}}]}},"s":{"0":21,"1":21,"2":494,"3":494,"4":494,"5":494,"6":494,"7":494},"f":{"0":494},"b":{"0":[494,494],"1":[0,494]}}
,"D:\\My Work\\Bytesved\\CA firm\\backend\\src\\middlewares\\error.middleware.ts": {"path":"D:\\My Work\\Bytesved\\CA firm\\backend\\src\\middlewares\\error.middleware.ts","statementMap":{"0":{"start":{"line":34,"column":0},"end":{"line":34,"column":16}},"1":{"start":{"line":2,"column":0},"end":{"line":2,"column":31}},"2":{"start":{"line":3,"column":0},"end":{"line":3,"column":37}},"3":{"start":{"line":4,"column":0},"end":{"line":4,"column":40}},"4":{"start":{"line":5,"column":0},"end":{"line":5,"column":40}},"5":{"start":{"line":6,"column":0},"end":{"line":6,"column":42}},"6":{"start":{"line":7,"column":0},"end":{"line":7,"column":66}},"7":{"start":{"line":8,"column":0},"end":{"line":8,"column":48}},"8":{"start":{"line":9,"column":0},"end":{"line":9,"column":42}},"9":{"start":{"line":10,"column":0},"end":{"line":10,"column":42}},"10":{"start":{"line":42,"column":14},"end":{"line":48,"column":4}},"11":{"start":{"line":51,"column":2},"end":{"line":63,"column":3}},"12":{"start":{"line":52,"column":4},"end":{"line":57,"column":5}},"13":{"start":{"line":53,"column":6},"end":{"line":53,"column":53}},"14":{"start":{"line":56,"column":6},"end":{"line":56,"column":54}},"15":{"start":{"line":59,"column":4},"end":{"line":61,"column":78}},"16":{"start":{"line":62,"column":4},"end":{"line":62,"column":11}},"17":{"start":{"line":66,"column":2},"end":{"line":85,"column":3}},"18":{"start":{"line":67,"column":20},"end":{"line":70,"column":7}},"19":{"start":{"line":67,"column":43},"end":{"line":70,"column":6}},"20":{"start":{"line":72,"column":4},"end":{"line":72,"column":51}},"21":{"start":{"line":74,"column":4},"end":{"line":83,"column":8}},"22":{"start":{"line":84,"column":4},"end":{"line":84,"column":11}},"23":{"start":{"line":88,"column":2},"end":{"line":95,"column":3}},"24":{"start":{"line":89,"column":4},"end":{"line":89,"column":59}},"25":{"start":{"line":91,"column":4},"end":{"line":93,"column":83}},"26":{"start":{"line":94,"column":4},"end":{"line":94,"column":11}},"27":{"start":{"line":98,"column":2},"end":{"line":143,"column":3}},"28":{"start":{"line":100,"column":4},"end":{"line":112,"column":5}},"29":{"start":{"line":101,"column":6},"end":{"line":101,"column":62}},"30":{"start":{"line":102,"column":6},"end":{"line":110,"column":10}},"31":{"start":{"line":111,"column":6},"end":{"line":111,"column":13}},"32":{"start":{"line":115,"column":4},"end":{"line":127,"column":5}},"33":{"start":{"line":116,"column":6},"end":{"line":116,"column":51}},"34":{"start":{"line":117,"column":6},"end":{"line":125,"column":10}},"35":{"start":{"line":126,"column":6},"end":{"line":126,"column":13}},"36":{"start":{"line":130,"column":4},"end":{"line":142,"column":5}},"37":{"start":{"line":131,"column":6},"end":{"line":131,"column":67}},"38":{"start":{"line":132,"column":6},"end":{"line":140,"column":10}},"39":{"start":{"line":141,"column":6},"end":{"line":141,"column":13}},"40":{"start":{"line":146,"column":2},"end":{"line":146,"column":47}},"41":{"start":{"line":149,"column":4},"end":{"line":151,"column":63}},"42":{"start":{"line":153,"column":18},"end":{"line":153,"column":83}},"43":{"start":{"line":155,"column":2},"end":{"line":164,"column":6}}},"fnMap":{"0":{"name":"errorMiddleware","decl":{"start":{"line":34,"column":16},"end":{"line":34,"column":31}},"loc":{"start":{"line":39,"column":20},"end":{"line":165,"column":1}}},"1":{"name":"(anonymous_1)","decl":{"start":{"line":67,"column":35},"end":{"line":67,"column":36}},"loc":{"start":{"line":67,"column":43},"end":{"line":70,"column":6}}}},"branchMap":{"0":{"loc":{"start":{"line":51,"column":2},"end":{"line":63,"column":3}},"type":"if","locations":[{"start":{"line":51,"column":2},"end":{"line":63,"column":3}}]},"1":{"loc":{"start":{"line":52,"column":4},"end":{"line":57,"column":5}},"type":"if","locations":[{"start":{"line":52,"column":4},"end":{"line":57,"column":5}},{"start":{"line":54,"column":11},"end":{"line":57,"column":5}}]},"2":{"loc":{"start":{"line":66,"column":2},"end":{"line":85,"column":3}},"type":"if","locations":[{"start":{"line":66,"column":2},"end":{"line":85,"column":3}}]},"3":{"loc":{"start":{"line":88,"column":2},"end":{"line":95,"column":3}},"type":"if","locations":[{"start":{"line":88,"column":2},"end":{"line":95,"column":3}}]},"4":{"loc":{"start":{"line":98,"column":2},"end":{"line":143,"column":3}},"type":"if","locations":[{"start":{"line":98,"column":2},"end":{"line":143,"column":3}}]},"5":{"loc":{"start":{"line":100,"column":4},"end":{"line":112,"column":5}},"type":"if","locations":[{"start":{"line":100,"column":4},"end":{"line":112,"column":5}}]},"6":{"loc":{"start":{"line":115,"column":4},"end":{"line":127,"column":5}},"type":"if","locations":[{"start":{"line":115,"column":4},"end":{"line":127,"column":5}}]},"7":{"loc":{"start":{"line":130,"column":4},"end":{"line":142,"column":5}},"type":"if","locations":[{"start":{"line":130,"column":4},"end":{"line":142,"column":5}}]},"8":{"loc":{"start":{"line":149,"column":4},"end":{"line":151,"column":63}},"type":"cond-expr","locations":[{"start":{"line":150,"column":8},"end":{"line":150,"column":46}},{"start":{"line":151,"column":8},"end":{"line":151,"column":63}}]},"9":{"loc":{"start":{"line":150,"column":8},"end":{"line":150,"column":46}},"type":"binary-expr","locations":[{"start":{"line":150,"column":8},"end":{"line":150,"column":19}},{"start":{"line":150,"column":23},"end":{"line":150,"column":46}}]},"10":{"loc":{"start":{"line":153,"column":18},"end":{"line":153,"column":83}},"type":"cond-expr","locations":[{"start":{"line":153,"column":51},"end":{"line":153,"column":71}},{"start":{"line":153,"column":74},"end":{"line":153,"column":83}}]}},"s":{"0":21,"1":21,"2":21,"3":21,"4":21,"5":21,"6":21,"7":21,"8":21,"9":21,"10":227,"11":227,"12":222,"13":222,"14":0,"15":222,"16":222,"17":5,"18":0,"19":0,"20":0,"21":0,"22":0,"23":5,"24":0,"25":0,"26":0,"27":5,"28":4,"29":2,"30":2,"31":2,"32":2,"33":0,"34":0,"35":0,"36":2,"37":2,"38":2,"39":2,"40":1,"41":1,"42":1,"43":1},"f":{"0":227,"1":0},"b":{"0":[222],"1":[222,0],"2":[0],"3":[0],"4":[4],"5":[2],"6":[0],"7":[2],"8":[0,1],"9":[0,0],"10":[0,1]}}
,"D:\\My Work\\Bytesved\\CA firm\\backend\\src\\middlewares\\permission.middleware.ts": {"path":"D:\\My Work\\Bytesved\\CA firm\\backend\\src\\middlewares\\permission.middleware.ts","statementMap":{"0":{"start":{"line":17,"column":0},"end":{"line":17,"column":16}},"1":{"start":{"line":39,"column":0},"end":{"line":39,"column":16}},"2":{"start":{"line":62,"column":0},"end":{"line":62,"column":16}},"3":{"start":{"line":2,"column":0},"end":{"line":2,"column":67}},"4":{"start":{"line":18,"column":2},"end":{"line":33,"column":4}},"5":{"start":{"line":19,"column":4},"end":{"line":21,"column":5}},"6":{"start":{"line":20,"column":6},"end":{"line":20,"column":36}},"7":{"start":{"line":23,"column":28},"end":{"line":23,"column":54}},"8":{"start":{"line":24,"column":19},"end":{"line":24,"column":72}},"9":{"start":{"line":24,"column":44},"end":{"line":24,"column":71}},"10":{"start":{"line":26,"column":4},"end":{"line":30,"column":5}},"11":{"start":{"line":27,"column":6},"end":{"line":29,"column":8}},"12":{"start":{"line":32,"column":4},"end":{"line":32,"column":11}},"13":{"start":{"line":40,"column":2},"end":{"line":55,"column":4}},"14":{"start":{"line":41,"column":4},"end":{"line":43,"column":5}},"15":{"start":{"line":42,"column":6},"end":{"line":42,"column":36}},"16":{"start":{"line":45,"column":28},"end":{"line":45,"column":54}},"17":{"start":{"line":46,"column":19},"end":{"line":46,"column":71}},"18":{"start":{"line":46,"column":43},"end":{"line":46,"column":70}},"19":{"start":{"line":48,"column":4},"end":{"line":52,"column":5}},"20":{"start":{"line":49,"column":6},"end":{"line":51,"column":8}},"21":{"start":{"line":54,"column":4},"end":{"line":54,"column":11}},"22":{"start":{"line":63,"column":2},"end":{"line":73,"column":4}},"23":{"start":{"line":64,"column":4},"end":{"line":66,"column":5}},"24":{"start":{"line":65,"column":6},"end":{"line":65,"column":36}},"25":{"start":{"line":68,"column":4},"end":{"line":70,"column":5}},"26":{"start":{"line":69,"column":6},"end":{"line":69,"column":52}},"27":{"start":{"line":72,"column":4},"end":{"line":72,"column":11}}},"fnMap":{"0":{"name":"requirePermission","decl":{"start":{"line":17,"column":16},"end":{"line":17,"column":33}},"loc":{"start":{"line":17,"column":58},"end":{"line":34,"column":1}}},"1":{"name":"(anonymous_1)","decl":{"start":{"line":18,"column":9},"end":{"line":18,"column":10}},"loc":{"start":{"line":18,"column":67},"end":{"line":33,"column":3}}},"2":{"name":"(anonymous_2)","decl":{"start":{"line":24,"column":37},"end":{"line":24,"column":38}},"loc":{"start":{"line":24,"column":44},"end":{"line":24,"column":71}}},"3":{"name":"requireAnyPermission","decl":{"start":{"line":39,"column":16},"end":{"line":39,"column":36}},"loc":{"start":{"line":39,"column":61},"end":{"line":56,"column":1}}},"4":{"name":"(anonymous_4)","decl":{"start":{"line":40,"column":9},"end":{"line":40,"column":10}},"loc":{"start":{"line":40,"column":67},"end":{"line":55,"column":3}}},"5":{"name":"(anonymous_5)","decl":{"start":{"line":46,"column":36},"end":{"line":46,"column":37}},"loc":{"start":{"line":46,"column":43},"end":{"line":46,"column":70}}},"6":{"name":"requireRole","decl":{"start":{"line":62,"column":16},"end":{"line":62,"column":27}},"loc":{"start":{"line":62,"column":46},"end":{"line":74,"column":1}}},"7":{"name":"(anonymous_7)","decl":{"start":{"line":63,"column":9},"end":{"line":63,"column":10}},"loc":{"start":{"line":63,"column":67},"end":{"line":73,"column":3}}}},"branchMap":{"0":{"loc":{"start":{"line":19,"column":4},"end":{"line":21,"column":5}},"type":"if","locations":[{"start":{"line":19,"column":4},"end":{"line":21,"column":5}}]},"1":{"loc":{"start":{"line":23,"column":28},"end":{"line":23,"column":54}},"type":"binary-expr","locations":[{"start":{"line":23,"column":28},"end":{"line":23,"column":48}},{"start":{"line":23,"column":52},"end":{"line":23,"column":54}}]},"2":{"loc":{"start":{"line":26,"column":4},"end":{"line":30,"column":5}},"type":"if","locations":[{"start":{"line":26,"column":4},"end":{"line":30,"column":5}}]},"3":{"loc":{"start":{"line":41,"column":4},"end":{"line":43,"column":5}},"type":"if","locations":[{"start":{"line":41,"column":4},"end":{"line":43,"column":5}}]},"4":{"loc":{"start":{"line":45,"column":28},"end":{"line":45,"column":54}},"type":"binary-expr","locations":[{"start":{"line":45,"column":28},"end":{"line":45,"column":48}},{"start":{"line":45,"column":52},"end":{"line":45,"column":54}}]},"5":{"loc":{"start":{"line":48,"column":4},"end":{"line":52,"column":5}},"type":"if","locations":[{"start":{"line":48,"column":4},"end":{"line":52,"column":5}}]},"6":{"loc":{"start":{"line":64,"column":4},"end":{"line":66,"column":5}},"type":"if","locations":[{"start":{"line":64,"column":4},"end":{"line":66,"column":5}}]},"7":{"loc":{"start":{"line":68,"column":4},"end":{"line":70,"column":5}},"type":"if","locations":[{"start":{"line":68,"column":4},"end":{"line":70,"column":5}}]}},"s":{"0":27,"1":27,"2":27,"3":27,"4":222,"5":377,"6":0,"7":377,"8":377,"9":377,"10":377,"11":41,"12":336,"13":0,"14":0,"15":0,"16":0,"17":0,"18":0,"19":0,"20":0,"21":0,"22":14,"23":16,"24":0,"25":16,"26":2,"27":14},"f":{"0":222,"1":377,"2":377,"3":0,"4":0,"5":0,"6":14,"7":16},"b":{"0":[0],"1":[377,0],"2":[41],"3":[0],"4":[0,0],"5":[0],"6":[0],"7":[2]}}
,"D:\\My Work\\Bytesved\\CA firm\\backend\\src\\middlewares\\request-logger.middleware.ts": {"path":"D:\\My Work\\Bytesved\\CA firm\\backend\\src\\middlewares\\request-logger.middleware.ts","statementMap":{"0":{"start":{"line":1,"column":0},"end":{"line":1,"column":33}},"1":{"start":{"line":2,"column":0},"end":{"line":2,"column":40}},"2":{"start":{"line":12,"column":13},"end":{"line":46,"column":3}},"3":{"start":{"line":14,"column":22},"end":{"line":14,"column":51}},"4":{"start":{"line":16,"column":4},"end":{"line":16,"column":53}},"5":{"start":{"line":16,"column":38},"end":{"line":16,"column":53}},"6":{"start":{"line":17,"column":4},"end":{"line":17,"column":45}},"7":{"start":{"line":17,"column":31},"end":{"line":17,"column":45}},"8":{"start":{"line":18,"column":4},"end":{"line":18,"column":18}},"9":{"start":{"line":21,"column":4},"end":{"line":21,"column":50}},"10":{"start":{"line":23,"column":4},"end":{"line":23,"column":67}},"11":{"start":{"line":26,"column":25},"end":{"line":26,"column":43}},"12":{"start":{"line":27,"column":6},"end":{"line":33,"column":8}},"13":{"start":{"line":36,"column":6},"end":{"line":38,"column":8}},"14":{"start":{"line":44,"column":6},"end":{"line":44,"column":74}}},"fnMap":{"0":{"name":"(anonymous_1)","decl":{"start":{"line":14,"column":12},"end":{"line":14,"column":13}},"loc":{"start":{"line":14,"column":22},"end":{"line":14,"column":51}}},"1":{"name":"(anonymous_2)","decl":{"start":{"line":15,"column":18},"end":{"line":15,"column":19}},"loc":{"start":{"line":15,"column":37},"end":{"line":19,"column":3}}},"2":{"name":"(anonymous_3)","decl":{"start":{"line":20,"column":24},"end":{"line":20,"column":25}},"loc":{"start":{"line":21,"column":4},"end":{"line":21,"column":50}}},"3":{"name":"(anonymous_4)","decl":{"start":{"line":22,"column":22},"end":{"line":22,"column":23}},"loc":{"start":{"line":23,"column":4},"end":{"line":23,"column":67}}},"4":{"name":"(anonymous_5)","decl":{"start":{"line":25,"column":4},"end":{"line":25,"column":7}},"loc":{"start":{"line":25,"column":11},"end":{"line":34,"column":5}}},"5":{"name":"(anonymous_6)","decl":{"start":{"line":35,"column":4},"end":{"line":35,"column":7}},"loc":{"start":{"line":35,"column":11},"end":{"line":39,"column":5}}},"6":{"name":"(anonymous_7)","decl":{"start":{"line":43,"column":12},"end":{"line":43,"column":13}},"loc":{"start":{"line":44,"column":6},"end":{"line":44,"column":74}}}},"branchMap":{"0":{"loc":{"start":{"line":16,"column":4},"end":{"line":16,"column":53}},"type":"if","locations":[{"start":{"line":16,"column":4},"end":{"line":16,"column":53}}]},"1":{"loc":{"start":{"line":16,"column":8},"end":{"line":16,"column":36}},"type":"binary-expr","locations":[{"start":{"line":16,"column":8},"end":{"line":16,"column":11}},{"start":{"line":16,"column":15},"end":{"line":16,"column":36}}]},"2":{"loc":{"start":{"line":17,"column":4},"end":{"line":17,"column":45}},"type":"if","locations":[{"start":{"line":17,"column":4},"end":{"line":17,"column":45}}]},"3":{"loc":{"start":{"line":44,"column":60},"end":{"line":44,"column":73}},"type":"binary-expr","locations":[{"start":{"line":44,"column":60},"end":{"line":44,"column":67}},{"start":{"line":44,"column":71},"end":{"line":44,"column":73}}]}},"s":{"0":21,"1":21,"2":21,"3":494,"4":493,"5":4,"6":489,"7":223,"8":266,"9":489,"10":4,"11":494,"12":494,"13":493,"14":494},"f":{"0":494,"1":493,"2":489,"3":4,"4":494,"5":493,"6":494},"b":{"0":[4],"1":[493,493],"2":[223],"3":[494,0]}}
,"D:\\My Work\\Bytesved\\CA firm\\backend\\src\\middlewares\\tenant.middleware.ts": {"path":"D:\\My Work\\Bytesved\\CA firm\\backend\\src\\middlewares\\tenant.middleware.ts","statementMap":{"0":{"start":{"line":2,"column":0},"end":{"line":2,"column":80}},"1":{"start":{"line":3,"column":0},"end":{"line":3,"column":42}},"2":{"start":{"line":4,"column":0},"end":{"line":4,"column":63}},"3":{"start":{"line":5,"column":0},"end":{"line":5,"column":45}},"4":{"start":{"line":6,"column":0},"end":{"line":6,"column":45}},"5":{"start":{"line":7,"column":0},"end":{"line":7,"column":45}},"6":{"start":{"line":11,"column":66},"end":{"line":15,"column":2}},"7":{"start":{"line":48,"column":2},"end":{"line":50,"column":3}},"8":{"start":{"line":49,"column":4},"end":{"line":49,"column":81}},"9":{"start":{"line":52,"column":23},"end":{"line":52,"column":31}},"10":{"start":{"line":55,"column":17},"end":{"line":66,"column":4}},"11":{"start":{"line":68,"column":2},"end":{"line":70,"column":3}},"12":{"start":{"line":69,"column":4},"end":{"line":69,"column":38}},"13":{"start":{"line":72,"column":19},"end":{"line":72,"column":56}},"14":{"start":{"line":74,"column":2},"end":{"line":76,"column":3}},"15":{"start":{"line":75,"column":4},"end":{"line":75,"column":55}},"16":{"start":{"line":79,"column":4},"end":{"line":81,"column":45}},"17":{"start":{"line":83,"column":2},"end":{"line":85,"column":3}},"18":{"start":{"line":84,"column":4},"end":{"line":84,"column":53}},"19":{"start":{"line":87,"column":2},"end":{"line":89,"column":3}},"20":{"start":{"line":88,"column":4},"end":{"line":88,"column":61}},"21":{"start":{"line":91,"column":2},"end":{"line":97,"column":4}},"22":{"start":{"line":99,"column":2},"end":{"line":99,"column":9}},"23":{"start":{"line":102,"column":13},"end":{"line":102,"column":86}}},"fnMap":{"0":{"name":"tenantMiddlewareHandler","decl":{"start":{"line":43,"column":15},"end":{"line":43,"column":38}},"loc":{"start":{"line":46,"column":20},"end":{"line":100,"column":1}}}},"branchMap":{"0":{"loc":{"start":{"line":48,"column":2},"end":{"line":50,"column":3}},"type":"if","locations":[{"start":{"line":48,"column":2},"end":{"line":50,"column":3}}]},"1":{"loc":{"start":{"line":68,"column":2},"end":{"line":70,"column":3}},"type":"if","locations":[{"start":{"line":68,"column":2},"end":{"line":70,"column":3}}]},"2":{"loc":{"start":{"line":74,"column":2},"end":{"line":76,"column":3}},"type":"if","locations":[{"start":{"line":74,"column":2},"end":{"line":76,"column":3}}]},"3":{"loc":{"start":{"line":79,"column":4},"end":{"line":81,"column":45}},"type":"binary-expr","locations":[{"start":{"line":79,"column":4},"end":{"line":79,"column":64}},{"start":{"line":80,"column":4},"end":{"line":80,"column":41}},{"start":{"line":81,"column":4},"end":{"line":81,"column":45}}]},"4":{"loc":{"start":{"line":83,"column":2},"end":{"line":85,"column":3}},"type":"if","locations":[{"start":{"line":83,"column":2},"end":{"line":85,"column":3}}]},"5":{"loc":{"start":{"line":87,"column":2},"end":{"line":89,"column":3}},"type":"if","locations":[{"start":{"line":87,"column":2},"end":{"line":89,"column":3}}]}},"s":{"0":30,"1":30,"2":30,"3":30,"4":30,"5":30,"6":30,"7":426,"8":0,"9":426,"10":426,"11":426,"12":0,"13":426,"14":426,"15":0,"16":426,"17":426,"18":1,"19":425,"20":1,"21":424,"22":424,"23":30},"f":{"0":426},"b":{"0":[0],"1":[0],"2":[0],"3":[426,401,1],"4":[1],"5":[1]}}
,"D:\\My Work\\Bytesved\\CA firm\\backend\\src\\middlewares\\validation.middleware.ts": {"path":"D:\\My Work\\Bytesved\\CA firm\\backend\\src\\middlewares\\validation.middleware.ts","statementMap":{"0":{"start":{"line":25,"column":0},"end":{"line":25,"column":16}},"1":{"start":{"line":2,"column":0},"end":{"line":2,"column":48}},"2":{"start":{"line":3,"column":0},"end":{"line":3,"column":49}},"3":{"start":{"line":26,"column":2},"end":{"line":50,"column":4}},"4":{"start":{"line":27,"column":4},"end":{"line":49,"column":5}},"5":{"start":{"line":28,"column":6},"end":{"line":30,"column":7}},"6":{"start":{"line":29,"column":8},"end":{"line":29,"column":59}},"7":{"start":{"line":31,"column":6},"end":{"line":33,"column":7}},"8":{"start":{"line":32,"column":8},"end":{"line":32,"column":65}},"9":{"start":{"line":34,"column":6},"end":{"line":36,"column":7}},"10":{"start":{"line":35,"column":8},"end":{"line":35,"column":62}},"11":{"start":{"line":37,"column":6},"end":{"line":37,"column":13}},"12":{"start":{"line":39,"column":6},"end":{"line":48,"column":7}},"13":{"start":{"line":40,"column":24},"end":{"line":44,"column":11}},"14":{"start":{"line":40,"column":47},"end":{"line":44,"column":10}},"15":{"start":{"line":45,"column":8},"end":{"line":45,"column":64}},"16":{"start":{"line":47,"column":8},"end":{"line":47,"column":18}},"17":{"start":{"line":56,"column":13},"end":{"line":62,"column":3}}},"fnMap":{"0":{"name":"validate","decl":{"start":{"line":25,"column":16},"end":{"line":25,"column":24}},"loc":{"start":{"line":25,"column":51},"end":{"line":51,"column":1}}},"1":{"name":"(anonymous_1)","decl":{"start":{"line":26,"column":9},"end":{"line":26,"column":14}},"loc":{"start":{"line":26,"column":82},"end":{"line":50,"column":3}}},"2":{"name":"(anonymous_2)","decl":{"start":{"line":40,"column":39},"end":{"line":40,"column":40}},"loc":{"start":{"line":40,"column":47},"end":{"line":44,"column":10}}}},"branchMap":{"0":{"loc":{"start":{"line":28,"column":6},"end":{"line":30,"column":7}},"type":"if","locations":[{"start":{"line":28,"column":6},"end":{"line":30,"column":7}}]},"1":{"loc":{"start":{"line":31,"column":6},"end":{"line":33,"column":7}},"type":"if","locations":[{"start":{"line":31,"column":6},"end":{"line":33,"column":7}}]},"2":{"loc":{"start":{"line":34,"column":6},"end":{"line":36,"column":7}},"type":"if","locations":[{"start":{"line":34,"column":6},"end":{"line":36,"column":7}}]},"3":{"loc":{"start":{"line":39,"column":6},"end":{"line":48,"column":7}},"type":"if","locations":[{"start":{"line":39,"column":6},"end":{"line":48,"column":7}},{"start":{"line":46,"column":13},"end":{"line":48,"column":7}}]}},"s":{"0":30,"1":30,"2":30,"3":239,"4":396,"5":396,"6":189,"7":373,"8":200,"9":356,"10":73,"11":349,"12":47,"13":47,"14":50,"15":47,"16":0,"17":30},"f":{"0":239,"1":396,"2":50},"b":{"0":[189],"1":[200],"2":[73],"3":[47,0]}}
,"D:\\My Work\\Bytesved\\CA firm\\backend\\src\\modules\\audit\\index.ts": {"path":"D:\\My Work\\Bytesved\\CA firm\\backend\\src\\modules\\audit\\index.ts","statementMap":{"0":{"start":{"line":9,"column":0},"end":{"line":9,"column":9}},"1":{"start":{"line":9,"column":9},"end":{"line":9,"column":31}},"2":{"start":{"line":10,"column":0},"end":{"line":10,"column":9}},"3":{"start":{"line":10,"column":9},"end":{"line":10,"column":64}}},"fnMap":{"0":{"name":"(anonymous_1)","decl":{"start":{"line":9,"column":9},"end":{"line":9,"column":16}},"loc":{"start":{"line":9,"column":9},"end":{"line":9,"column":31}}},"1":{"name":"(anonymous_2)","decl":{"start":{"line":10,"column":9},"end":{"line":10,"column":25}},"loc":{"start":{"line":10,"column":9},"end":{"line":10,"column":64}}}},"branchMap":{},"s":{"0":16,"1":16,"2":16,"3":310},"f":{"0":0,"1":294},"b":{}}
,"D:\\My Work\\Bytesved\\CA firm\\backend\\src\\modules\\audit\\constants\\audit.permissions.ts": {"path":"D:\\My Work\\Bytesved\\CA firm\\backend\\src\\modules\\audit\\constants\\audit.permissions.ts","statementMap":{"0":{"start":{"line":1,"column":0},"end":{"line":1,"column":69}},"1":{"start":{"line":15,"column":17},"end":{"line":15,"column":46}},"2":{"start":{"line":17,"column":13},"end":{"line":19,"column":11}}},"fnMap":{},"branchMap":{},"s":{"0":16,"1":16,"2":16},"f":{},"b":{}}
,"D:\\My Work\\Bytesved\\CA firm\\backend\\src\\modules\\audit\\controller\\audit-log.controller.ts": {"path":"D:\\My Work\\Bytesved\\CA firm\\backend\\src\\modules\\audit\\controller\\audit-log.controller.ts","statementMap":{"0":{"start":{"line":2,"column":0},"end":{"line":2,"column":58}},"1":{"start":{"line":3,"column":0},"end":{"line":3,"column":66}},"2":{"start":{"line":4,"column":0},"end":{"line":4,"column":45}},"3":{"start":{"line":5,"column":0},"end":{"line":5,"column":63}},"4":{"start":{"line":6,"column":0},"end":{"line":6,"column":53}},"5":{"start":{"line":13,"column":16},"end":{"line":18,"column":4}},"6":{"start":{"line":14,"column":20},"end":{"line":14,"column":44}},"7":{"start":{"line":15,"column":27},"end":{"line":15,"column":101}},"8":{"start":{"line":17,"column":4},"end":{"line":17,"column":113}},"9":{"start":{"line":20,"column":19},"end":{"line":25,"column":4}},"10":{"start":{"line":21,"column":20},"end":{"line":21,"column":44}},"11":{"start":{"line":22,"column":18},"end":{"line":22,"column":62}},"12":{"start":{"line":24,"column":4},"end":{"line":24,"column":120}},"13":{"start":{"line":12,"column":0},"end":{"line":12,"column":13}}},"fnMap":{"0":{"name":"(anonymous_0)","decl":{"start":{"line":13,"column":29},"end":{"line":13,"column":34}},"loc":{"start":{"line":13,"column":82},"end":{"line":18,"column":3}}},"1":{"name":"(anonymous_1)","decl":{"start":{"line":20,"column":32},"end":{"line":20,"column":37}},"loc":{"start":{"line":20,"column":85},"end":{"line":25,"column":3}}}},"branchMap":{},"s":{"0":16,"1":16,"2":16,"3":16,"4":16,"5":16,"6":4,"7":4,"8":4,"9":16,"10":2,"11":2,"12":1,"13":16},"f":{"0":4,"1":2},"b":{}}
,"D:\\My Work\\Bytesved\\CA firm\\backend\\src\\modules\\audit\\mapper\\audit.mapper.ts": {"path":"D:\\My Work\\Bytesved\\CA firm\\backend\\src\\modules\\audit\\mapper\\audit.mapper.ts","statementMap":{"0":{"start":{"line":10,"column":4},"end":{"line":20,"column":6}},"1":{"start":{"line":24,"column":4},"end":{"line":24,"column":69}},"2":{"start":{"line":24,"column":39},"end":{"line":24,"column":67}},"3":{"start":{"line":8,"column":0},"end":{"line":8,"column":13}}},"fnMap":{"0":{"name":"(anonymous_0)","decl":{"start":{"line":9,"column":2},"end":{"line":9,"column":8}},"loc":{"start":{"line":9,"column":41},"end":{"line":21,"column":3}}},"1":{"name":"(anonymous_1)","decl":{"start":{"line":23,"column":2},"end":{"line":23,"column":8}},"loc":{"start":{"line":23,"column":48},"end":{"line":25,"column":3}}},"2":{"name":"(anonymous_2)","decl":{"start":{"line":24,"column":25},"end":{"line":24,"column":26}},"loc":{"start":{"line":24,"column":39},"end":{"line":24,"column":67}}}},"branchMap":{},"s":{"0":5,"1":4,"2":4,"3":16},"f":{"0":5,"1":4,"2":4},"b":{}}
,"D:\\My Work\\Bytesved\\CA firm\\backend\\src\\modules\\audit\\repository\\audit-log.repository.ts": {"path":"D:\\My Work\\Bytesved\\CA firm\\backend\\src\\modules\\audit\\repository\\audit-log.repository.ts","statementMap":{"0":{"start":{"line":2,"column":0},"end":{"line":2,"column":81}},"1":{"start":{"line":38,"column":4},"end":{"line":38,"column":35}},"2":{"start":{"line":46,"column":45},"end":{"line":46,"column":47}},"3":{"start":{"line":48,"column":4},"end":{"line":50,"column":5}},"4":{"start":{"line":49,"column":6},"end":{"line":49,"column":42}},"5":{"start":{"line":51,"column":4},"end":{"line":53,"column":5}},"6":{"start":{"line":52,"column":6},"end":{"line":52,"column":38}},"7":{"start":{"line":54,"column":4},"end":{"line":56,"column":5}},"8":{"start":{"line":55,"column":6},"end":{"line":55,"column":44}},"9":{"start":{"line":57,"column":4},"end":{"line":59,"column":5}},"10":{"start":{"line":58,"column":6},"end":{"line":58,"column":63}},"11":{"start":{"line":60,"column":4},"end":{"line":62,"column":5}},"12":{"start":{"line":61,"column":6},"end":{"line":61,"column":76}},"13":{"start":{"line":64,"column":4},"end":{"line":64,"column":84}},"14":{"start":{"line":68,"column":4},"end":{"line":68,"column":69}},"15":{"start":{"line":73,"column":4},"end":{"line":84,"column":6}},"16":{"start":{"line":36,"column":0},"end":{"line":36,"column":13}}},"fnMap":{"0":{"name":"(anonymous_0)","decl":{"start":{"line":37,"column":2},"end":{"line":37,"column":14}},"loc":{"start":{"line":37,"column":34},"end":{"line":39,"column":3}}},"1":{"name":"(anonymous_1)","decl":{"start":{"line":41,"column":2},"end":{"line":41,"column":7}},"loc":{"start":{"line":44,"column":35},"end":{"line":65,"column":3}}},"2":{"name":"(anonymous_2)","decl":{"start":{"line":67,"column":2},"end":{"line":67,"column":7}},"loc":{"start":{"line":67,"column":66},"end":{"line":69,"column":3}}},"3":{"name":"(anonymous_3)","decl":{"start":{"line":72,"column":2},"end":{"line":72,"column":7}},"loc":{"start":{"line":72,"column":69},"end":{"line":85,"column":3}}}},"branchMap":{"0":{"loc":{"start":{"line":44,"column":4},"end":{"line":44,"column":35}},"type":"default-arg","locations":[{"start":{"line":44,"column":33},"end":{"line":44,"column":35}}]},"1":{"loc":{"start":{"line":48,"column":4},"end":{"line":50,"column":5}},"type":"if","locations":[{"start":{"line":48,"column":4},"end":{"line":50,"column":5}}]},"2":{"loc":{"start":{"line":51,"column":4},"end":{"line":53,"column":5}},"type":"if","locations":[{"start":{"line":51,"column":4},"end":{"line":53,"column":5}}]},"3":{"loc":{"start":{"line":54,"column":4},"end":{"line":56,"column":5}},"type":"if","locations":[{"start":{"line":54,"column":4},"end":{"line":56,"column":5}}]},"4":{"loc":{"start":{"line":57,"column":4},"end":{"line":59,"column":5}},"type":"if","locations":[{"start":{"line":57,"column":4},"end":{"line":59,"column":5}}]},"5":{"loc":{"start":{"line":57,"column":8},"end":{"line":57,"column":34}},"type":"binary-expr","locations":[{"start":{"line":57,"column":8},"end":{"line":57,"column":20}},{"start":{"line":57,"column":24},"end":{"line":57,"column":34}}]},"6":{"loc":{"start":{"line":60,"column":4},"end":{"line":62,"column":5}},"type":"if","locations":[{"start":{"line":60,"column":4},"end":{"line":62,"column":5}}]},"7":{"loc":{"start":{"line":67,"column":35},"end":{"line":67,"column":66}},"type":"default-arg","locations":[{"start":{"line":67,"column":64},"end":{"line":67,"column":66}}]},"8":{"loc":{"start":{"line":78,"column":20},"end":{"line":78,"column":44}},"type":"binary-expr","locations":[{"start":{"line":78,"column":20},"end":{"line":78,"column":36}},{"start":{"line":78,"column":40},"end":{"line":78,"column":44}}]},"9":{"loc":{"start":{"line":79,"column":18},"end":{"line":79,"column":40}},"type":"binary-expr","locations":[{"start":{"line":79,"column":18},"end":{"line":79,"column":32}},{"start":{"line":79,"column":36},"end":{"line":79,"column":40}}]},"10":{"loc":{"start":{"line":81,"column":19},"end":{"line":81,"column":42}},"type":"binary-expr","locations":[{"start":{"line":81,"column":19},"end":{"line":81,"column":34}},{"start":{"line":81,"column":38},"end":{"line":81,"column":42}}]}},"s":{"0":18,"1":300,"2":4,"3":4,"4":2,"5":4,"6":2,"7":4,"8":1,"9":4,"10":0,"11":4,"12":0,"13":4,"14":2,"15":24,"16":18},"f":{"0":300,"1":4,"2":2,"3":24},"b":{"0":[0],"1":[2],"2":[2],"3":[1],"4":[0],"5":[4,4],"6":[0],"7":[0],"8":[24,8],"9":[24,8],"10":[24,0]}}
,"D:\\My Work\\Bytesved\\CA firm\\backend\\src\\modules\\audit\\routes\\audit-log.routes.ts": {"path":"D:\\My Work\\Bytesved\\CA firm\\backend\\src\\modules\\audit\\routes\\audit-log.routes.ts","statementMap":{"0":{"start":{"line":1,"column":0},"end":{"line":1,"column":33}},"1":{"start":{"line":2,"column":0},"end":{"line":2,"column":62}},"2":{"start":{"line":3,"column":0},"end":{"line":3,"column":66}},"3":{"start":{"line":4,"column":0},"end":{"line":4,"column":71}},"4":{"start":{"line":5,"column":0},"end":{"line":5,"column":62}},"5":{"start":{"line":6,"column":0},"end":{"line":6,"column":72}},"6":{"start":{"line":7,"column":0},"end":{"line":7,"column":67}},"7":{"start":{"line":8,"column":0},"end":{"line":8,"column":90}},"8":{"start":{"line":22,"column":15},"end":{"line":22,"column":23}},"9":{"start":{"line":101,"column":0},"end":{"line":108,"column":2}},"10":{"start":{"line":126,"column":0},"end":{"line":133,"column":2}},"11":{"start":{"line":135,"column":0},"end":{"line":135,"column":22}}},"fnMap":{},"branchMap":{},"s":{"0":16,"1":16,"2":16,"3":16,"4":16,"5":16,"6":16,"7":16,"8":16,"9":16,"10":16,"11":16},"f":{},"b":{}}
,"D:\\My Work\\Bytesved\\CA firm\\backend\\src\\modules\\audit\\schemas\\audit.schema.ts": {"path":"D:\\My Work\\Bytesved\\CA firm\\backend\\src\\modules\\audit\\schemas\\audit.schema.ts","statementMap":{"0":{"start":{"line":1,"column":0},"end":{"line":1,"column":24}},"1":{"start":{"line":2,"column":0},"end":{"line":2,"column":48}},"2":{"start":{"line":3,"column":0},"end":{"line":3,"column":60}},"3":{"start":{"line":19,"column":13},"end":{"line":19,"column":52}},"4":{"start":{"line":21,"column":13},"end":{"line":21,"column":60}},"5":{"start":{"line":23,"column":13},"end":{"line":29,"column":3}}},"fnMap":{},"branchMap":{},"s":{"0":16,"1":16,"2":16,"3":16,"4":16,"5":16},"f":{},"b":{}}
,"D:\\My Work\\Bytesved\\CA firm\\backend\\src\\modules\\audit\\service\\audit-log.recorder.ts": {"path":"D:\\My Work\\Bytesved\\CA firm\\backend\\src\\modules\\audit\\service\\audit-log.recorder.ts","statementMap":{"0":{"start":{"line":2,"column":0},"end":{"line":2,"column":42}},"1":{"start":{"line":3,"column":0},"end":{"line":3,"column":40}},"2":{"start":{"line":4,"column":0},"end":{"line":4,"column":72}},"3":{"start":{"line":51,"column":31},"end":{"line":51,"column":64}},"4":{"start":{"line":54,"column":4},"end":{"line":75,"column":5}},"5":{"start":{"line":55,"column":20},"end":{"line":58,"column":8}},"6":{"start":{"line":59,"column":24},"end":{"line":59,"column":89}},"7":{"start":{"line":61,"column":6},"end":{"line":72,"column":8}},"8":{"start":{"line":74,"column":6},"end":{"line":74,"column":119}},"9":{"start":{"line":50,"column":0},"end":{"line":50,"column":13}}},"fnMap":{"0":{"name":"(anonymous_0)","decl":{"start":{"line":51,"column":2},"end":{"line":51,"column":31}},"loc":{"start":{"line":51,"column":94},"end":{"line":51,"column":98}}},"1":{"name":"(anonymous_1)","decl":{"start":{"line":53,"column":2},"end":{"line":53,"column":7}},"loc":{"start":{"line":53,"column":45},"end":{"line":76,"column":3}}}},"branchMap":{"0":{"loc":{"start":{"line":51,"column":31},"end":{"line":51,"column":94}},"type":"default-arg","locations":[{"start":{"line":51,"column":64},"end":{"line":51,"column":94}}]},"1":{"loc":{"start":{"line":59,"column":24},"end":{"line":59,"column":89}},"type":"cond-expr","locations":[{"start":{"line":59,"column":32},"end":{"line":59,"column":77}},{"start":{"line":59,"column":80},"end":{"line":59,"column":89}}]},"2":{"loc":{"start":{"line":66,"column":22},"end":{"line":66,"column":47}},"type":"binary-expr","locations":[{"start":{"line":66,"column":22},"end":{"line":66,"column":39}},{"start":{"line":66,"column":43},"end":{"line":66,"column":47}}]},"3":{"loc":{"start":{"line":67,"column":20},"end":{"line":67,"column":43}},"type":"binary-expr","locations":[{"start":{"line":67,"column":20},"end":{"line":67,"column":35}},{"start":{"line":67,"column":39},"end":{"line":67,"column":43}}]},"4":{"loc":{"start":{"line":69,"column":21},"end":{"line":69,"column":45}},"type":"binary-expr","locations":[{"start":{"line":69,"column":21},"end":{"line":69,"column":37}},{"start":{"line":69,"column":41},"end":{"line":69,"column":45}}]}},"s":{"0":17,"1":17,"2":17,"3":297,"4":51,"5":51,"6":27,"7":27,"8":25,"9":17},"f":{"0":297,"1":51},"b":{"0":[294],"1":[26,1],"2":[27,10],"3":[27,10],"4":[27,2]}}
,"D:\\My Work\\Bytesved\\CA firm\\backend\\src\\modules\\audit\\service\\audit-log.service.ts": {"path":"D:\\My Work\\Bytesved\\CA firm\\backend\\src\\modules\\audit\\service\\audit-log.service.ts","statementMap":{"0":{"start":{"line":3,"column":0},"end":{"line":3,"column":42}},"1":{"start":{"line":4,"column":0},"end":{"line":4,"column":43}},"2":{"start":{"line":6,"column":0},"end":{"line":6,"column":72}},"3":{"start":{"line":26,"column":4},"end":{"line":26,"column":15}},"4":{"start":{"line":24,"column":21},"end":{"line":24,"column":54}},"5":{"start":{"line":30,"column":4},"end":{"line":41,"column":6}},"6":{"start":{"line":45,"column":18},"end":{"line":45,"column":87}},"7":{"start":{"line":46,"column":4},"end":{"line":46,"column":50}},"8":{"start":{"line":47,"column":4},"end":{"line":47,"column":17}},"9":{"start":{"line":21,"column":0},"end":{"line":21,"column":13}}},"fnMap":{"0":{"name":"(anonymous_0)","decl":{"start":{"line":22,"column":2},"end":{"line":22,"column":null}},"loc":{"start":{"line":24,"column":84},"end":{"line":27,"column":3}}},"1":{"name":"(anonymous_1)","decl":{"start":{"line":29,"column":2},"end":{"line":29,"column":7}},"loc":{"start":{"line":29,"column":50},"end":{"line":42,"column":3}}},"2":{"name":"(anonymous_2)","decl":{"start":{"line":44,"column":2},"end":{"line":44,"column":7}},"loc":{"start":{"line":44,"column":34},"end":{"line":48,"column":3}}}},"branchMap":{"0":{"loc":{"start":{"line":24,"column":21},"end":{"line":24,"column":84}},"type":"default-arg","locations":[{"start":{"line":24,"column":54},"end":{"line":24,"column":84}}]}},"s":{"0":17,"1":17,"2":17,"3":9,"4":9,"5":5,"6":4,"7":4,"8":2,"9":17},"f":{"0":9,"1":5,"2":4},"b":{"0":[6]}}
,"D:\\My Work\\Bytesved\\CA firm\\backend\\src\\modules\\auth\\controller\\auth.controller.ts": {"path":"D:\\My Work\\Bytesved\\CA firm\\backend\\src\\modules\\auth\\controller\\auth.controller.ts","statementMap":{"0":{"start":{"line":2,"column":0},"end":{"line":2,"column":58}},"1":{"start":{"line":3,"column":0},"end":{"line":3,"column":66}},"2":{"start":{"line":4,"column":0},"end":{"line":4,"column":45}},"3":{"start":{"line":5,"column":0},"end":{"line":5,"column":54}},"4":{"start":{"line":21,"column":2},"end":{"line":21,"column":85}},"5":{"start":{"line":25,"column":17},"end":{"line":30,"column":4}},"6":{"start":{"line":26,"column":20},"end":{"line":26,"column":40}},"7":{"start":{"line":27,"column":19},"end":{"line":27,"column":78}},"8":{"start":{"line":29,"column":4},"end":{"line":29,"column":100}},"9":{"start":{"line":32,"column":19},"end":{"line":37,"column":4}},"10":{"start":{"line":33,"column":20},"end":{"line":33,"column":40}},"11":{"start":{"line":34,"column":19},"end":{"line":34,"column":87}},"12":{"start":{"line":36,"column":4},"end":{"line":36,"column":102}},"13":{"start":{"line":39,"column":18},"end":{"line":44,"column":4}},"14":{"start":{"line":40,"column":20},"end":{"line":40,"column":40}},"15":{"start":{"line":41,"column":4},"end":{"line":41,"column":48}},"16":{"start":{"line":43,"column":4},"end":{"line":43,"column":99}},"17":{"start":{"line":46,"column":14},"end":{"line":51,"column":4}},"18":{"start":{"line":47,"column":20},"end":{"line":47,"column":40}},"19":{"start":{"line":48,"column":19},"end":{"line":48,"column":37}},"20":{"start":{"line":50,"column":4},"end":{"line":50,"column":94}},"21":{"start":{"line":53,"column":26},"end":{"line":58,"column":4}},"22":{"start":{"line":54,"column":20},"end":{"line":54,"column":40}},"23":{"start":{"line":55,"column":4},"end":{"line":55,"column":64}},"24":{"start":{"line":57,"column":4},"end":{"line":57,"column":101}},"25":{"start":{"line":60,"column":24},"end":{"line":65,"column":4}},"26":{"start":{"line":61,"column":20},"end":{"line":61,"column":40}},"27":{"start":{"line":62,"column":19},"end":{"line":62,"column":47}},"28":{"start":{"line":64,"column":4},"end":{"line":64,"column":94}},"29":{"start":{"line":67,"column":25},"end":{"line":72,"column":4}},"30":{"start":{"line":68,"column":20},"end":{"line":68,"column":40}},"31":{"start":{"line":69,"column":4},"end":{"line":69,"column":47}},"32":{"start":{"line":71,"column":4},"end":{"line":71,"column":92}},"33":{"start":{"line":74,"column":29},"end":{"line":79,"column":4}},"34":{"start":{"line":75,"column":20},"end":{"line":75,"column":40}},"35":{"start":{"line":76,"column":19},"end":{"line":76,"column":84}},"36":{"start":{"line":78,"column":4},"end":{"line":78,"column":101}},"37":{"start":{"line":24,"column":0},"end":{"line":24,"column":13}}},"fnMap":{"0":{"name":"requestMeta","decl":{"start":{"line":20,"column":9},"end":{"line":20,"column":20}},"loc":{"start":{"line":20,"column":33},"end":{"line":22,"column":1}}},"1":{"name":"(anonymous_1)","decl":{"start":{"line":25,"column":30},"end":{"line":25,"column":35}},"loc":{"start":{"line":25,"column":83},"end":{"line":30,"column":3}}},"2":{"name":"(anonymous_2)","decl":{"start":{"line":32,"column":32},"end":{"line":32,"column":37}},"loc":{"start":{"line":32,"column":85},"end":{"line":37,"column":3}}},"3":{"name":"(anonymous_3)","decl":{"start":{"line":39,"column":31},"end":{"line":39,"column":36}},"loc":{"start":{"line":39,"column":84},"end":{"line":44,"column":3}}},"4":{"name":"(anonymous_4)","decl":{"start":{"line":46,"column":27},"end":{"line":46,"column":32}},"loc":{"start":{"line":46,"column":80},"end":{"line":51,"column":3}}},"5":{"name":"(anonymous_5)","decl":{"start":{"line":53,"column":39},"end":{"line":53,"column":44}},"loc":{"start":{"line":53,"column":92},"end":{"line":58,"column":3}}},"6":{"name":"(anonymous_6)","decl":{"start":{"line":60,"column":37},"end":{"line":60,"column":42}},"loc":{"start":{"line":60,"column":90},"end":{"line":65,"column":3}}},"7":{"name":"(anonymous_7)","decl":{"start":{"line":67,"column":38},"end":{"line":67,"column":43}},"loc":{"start":{"line":67,"column":91},"end":{"line":72,"column":3}}},"8":{"name":"(anonymous_8)","decl":{"start":{"line":74,"column":42},"end":{"line":74,"column":47}},"loc":{"start":{"line":74,"column":95},"end":{"line":79,"column":3}}}},"branchMap":{"0":{"loc":{"start":{"line":21,"column":22},"end":{"line":21,"column":36}},"type":"binary-expr","locations":[{"start":{"line":21,"column":22},"end":{"line":21,"column":28}},{"start":{"line":21,"column":32},"end":{"line":21,"column":36}}]},"1":{"loc":{"start":{"line":21,"column":49},"end":{"line":21,"column":82}},"type":"binary-expr","locations":[{"start":{"line":21,"column":49},"end":{"line":21,"column":74}},{"start":{"line":21,"column":78},"end":{"line":21,"column":82}}]}},"s":{"0":1,"1":1,"2":1,"3":1,"4":13,"5":1,"6":10,"7":10,"8":7,"9":1,"10":3,"11":3,"12":2,"13":1,"14":1,"15":1,"16":1,"17":1,"18":1,"19":1,"20":1,"21":1,"22":2,"23":2,"24":1,"25":1,"26":1,"27":1,"28":1,"29":1,"30":1,"31":1,"32":1,"33":1,"34":1,"35":1,"36":1,"37":1},"f":{"0":13,"1":10,"2":3,"3":1,"4":1,"5":2,"6":1,"7":1,"8":1},"b":{"0":[13,0],"1":[13,13]}}
,"D:\\My Work\\Bytesved\\CA firm\\backend\\src\\modules\\auth\\mapper\\auth.mapper.ts": {"path":"D:\\My Work\\Bytesved\\CA firm\\backend\\src\\modules\\auth\\mapper\\auth.mapper.ts","statementMap":{"0":{"start":{"line":10,"column":4},"end":{"line":18,"column":6}},"1":{"start":{"line":22,"column":4},"end":{"line":32,"column":6}},"2":{"start":{"line":36,"column":4},"end":{"line":48,"column":6}},"3":{"start":{"line":52,"column":4},"end":{"line":52,"column":91}},"4":{"start":{"line":52,"column":37},"end":{"line":52,"column":89}},"5":{"start":{"line":8,"column":0},"end":{"line":8,"column":13}}},"fnMap":{"0":{"name":"(anonymous_0)","decl":{"start":{"line":9,"column":2},"end":{"line":9,"column":8}},"loc":{"start":{"line":9,"column":70},"end":{"line":19,"column":3}}},"1":{"name":"(anonymous_1)","decl":{"start":{"line":21,"column":2},"end":{"line":21,"column":8}},"loc":{"start":{"line":21,"column":72},"end":{"line":33,"column":3}}},"2":{"name":"(anonymous_2)","decl":{"start":{"line":35,"column":2},"end":{"line":35,"column":8}},"loc":{"start":{"line":35,"column":88},"end":{"line":49,"column":3}}},"3":{"name":"(anonymous_3)","decl":{"start":{"line":51,"column":2},"end":{"line":51,"column":8}},"loc":{"start":{"line":51,"column":95},"end":{"line":53,"column":3}}},"4":{"name":"(anonymous_4)","decl":{"start":{"line":52,"column":24},"end":{"line":52,"column":25}},"loc":{"start":{"line":52,"column":37},"end":{"line":52,"column":89}}}},"branchMap":{"0":{"loc":{"start":{"line":30,"column":19},"end":{"line":30,"column":75}},"type":"cond-expr","locations":[{"start":{"line":30,"column":38},"end":{"line":30,"column":68}},{"start":{"line":30,"column":71},"end":{"line":30,"column":75}}]}},"s":{"0":11,"1":2,"2":6,"3":4,"4":6,"5":4},"f":{"0":11,"1":2,"2":6,"3":4,"4":6},"b":{"0":[1,1]}}
,"D:\\My Work\\Bytesved\\CA firm\\backend\\src\\modules\\auth\\repository\\auth.repository.ts": {"path":"D:\\My Work\\Bytesved\\CA firm\\backend\\src\\modules\\auth\\repository\\auth.repository.ts","statementMap":{"0":{"start":{"line":1,"column":0},"end":{"line":1,"column":null}},"1":{"start":{"line":31,"column":31},"end":{"line":31,"column":51}},"2":{"start":{"line":46,"column":4},"end":{"line":46,"column":77}},"3":{"start":{"line":50,"column":4},"end":{"line":50,"column":74}},"4":{"start":{"line":54,"column":4},"end":{"line":54,"column":102}},"5":{"start":{"line":58,"column":4},"end":{"line":61,"column":7}},"6":{"start":{"line":65,"column":4},"end":{"line":65,"column":116}},"7":{"start":{"line":73,"column":4},"end":{"line":73,"column":70}},"8":{"start":{"line":90,"column":24},"end":{"line":103,"column":6}},"9":{"start":{"line":105,"column":18},"end":{"line":105,"column":35}},"10":{"start":{"line":106,"column":4},"end":{"line":110,"column":5}},"11":{"start":{"line":107,"column":6},"end":{"line":109,"column":7}},"12":{"start":{"line":108,"column":8},"end":{"line":108,"column":38}},"13":{"start":{"line":111,"column":4},"end":{"line":111,"column":29}},"14":{"start":{"line":119,"column":4},"end":{"line":119,"column":52}},"15":{"start":{"line":123,"column":4},"end":{"line":123,"column":107}},"16":{"start":{"line":127,"column":4},"end":{"line":130,"column":7}},"17":{"start":{"line":134,"column":4},"end":{"line":134,"column":72}},"18":{"start":{"line":138,"column":4},"end":{"line":141,"column":7}},"19":{"start":{"line":145,"column":19},"end":{"line":148,"column":6}},"20":{"start":{"line":149,"column":4},"end":{"line":149,"column":24}},"21":{"start":{"line":157,"column":4},"end":{"line":157,"column":53}},"22":{"start":{"line":161,"column":4},"end":{"line":161,"column":73}},"23":{"start":{"line":165,"column":4},"end":{"line":165,"column":118}},"24":{"start":{"line":170,"column":4},"end":{"line":173,"column":7}},"25":{"start":{"line":177,"column":4},"end":{"line":180,"column":7}},"26":{"start":{"line":198,"column":4},"end":{"line":198,"column":52}},"27":{"start":{"line":202,"column":4},"end":{"line":202,"column":95}},"28":{"start":{"line":206,"column":17},"end":{"line":211,"column":6}},"29":{"start":{"line":212,"column":4},"end":{"line":212,"column":43}},"30":{"start":{"line":212,"column":27},"end":{"line":212,"column":41}},"31":{"start":{"line":30,"column":0},"end":{"line":30,"column":13}}},"fnMap":{"0":{"name":"(anonymous_0)","decl":{"start":{"line":31,"column":2},"end":{"line":31,"column":31}},"loc":{"start":{"line":31,"column":51},"end":{"line":31,"column":55}}},"1":{"name":"(anonymous_1)","decl":{"start":{"line":45,"column":2},"end":{"line":45,"column":7}},"loc":{"start":{"line":45,"column":37},"end":{"line":47,"column":3}}},"2":{"name":"(anonymous_2)","decl":{"start":{"line":49,"column":2},"end":{"line":49,"column":7}},"loc":{"start":{"line":49,"column":31},"end":{"line":51,"column":3}}},"3":{"name":"(anonymous_3)","decl":{"start":{"line":53,"column":2},"end":{"line":53,"column":7}},"loc":{"start":{"line":53,"column":92},"end":{"line":55,"column":3}}},"4":{"name":"(anonymous_4)","decl":{"start":{"line":57,"column":2},"end":{"line":57,"column":7}},"loc":{"start":{"line":57,"column":44},"end":{"line":62,"column":3}}},"5":{"name":"(anonymous_5)","decl":{"start":{"line":64,"column":2},"end":{"line":64,"column":7}},"loc":{"start":{"line":64,"column":59},"end":{"line":66,"column":3}}},"6":{"name":"(anonymous_6)","decl":{"start":{"line":72,"column":2},"end":{"line":72,"column":7}},"loc":{"start":{"line":72,"column":39},"end":{"line":74,"column":3}}},"7":{"name":"(anonymous_7)","decl":{"start":{"line":89,"column":2},"end":{"line":89,"column":7}},"loc":{"start":{"line":89,"column":45},"end":{"line":112,"column":3}}},"8":{"name":"(anonymous_8)","decl":{"start":{"line":118,"column":2},"end":{"line":118,"column":7}},"loc":{"start":{"line":118,"column":66},"end":{"line":120,"column":3}}},"9":{"name":"(anonymous_9)","decl":{"start":{"line":122,"column":2},"end":{"line":122,"column":7}},"loc":{"start":{"line":122,"column":38},"end":{"line":124,"column":3}}},"10":{"name":"(anonymous_10)","decl":{"start":{"line":126,"column":2},"end":{"line":126,"column":7}},"loc":{"start":{"line":126,"column":47},"end":{"line":131,"column":3}}},"11":{"name":"(anonymous_11)","decl":{"start":{"line":133,"column":2},"end":{"line":133,"column":7}},"loc":{"start":{"line":133,"column":50},"end":{"line":135,"column":3}}},"12":{"name":"(anonymous_12)","decl":{"start":{"line":137,"column":2},"end":{"line":137,"column":7}},"loc":{"start":{"line":137,"column":61},"end":{"line":142,"column":3}}},"13":{"name":"(anonymous_13)","decl":{"start":{"line":144,"column":2},"end":{"line":144,"column":7}},"loc":{"start":{"line":144,"column":112},"end":{"line":150,"column":3}}},"14":{"name":"(anonymous_14)","decl":{"start":{"line":156,"column":2},"end":{"line":156,"column":7}},"loc":{"start":{"line":156,"column":72},"end":{"line":158,"column":3}}},"15":{"name":"(anonymous_15)","decl":{"start":{"line":160,"column":2},"end":{"line":160,"column":7}},"loc":{"start":{"line":160,"column":48},"end":{"line":162,"column":3}}},"16":{"name":"(anonymous_16)","decl":{"start":{"line":164,"column":2},"end":{"line":164,"column":7}},"loc":{"start":{"line":164,"column":60},"end":{"line":166,"column":3}}},"17":{"name":"(anonymous_17)","decl":{"start":{"line":169,"column":2},"end":{"line":169,"column":7}},"loc":{"start":{"line":169,"column":83},"end":{"line":174,"column":3}}},"18":{"name":"(anonymous_18)","decl":{"start":{"line":176,"column":2},"end":{"line":176,"column":7}},"loc":{"start":{"line":176,"column":88},"end":{"line":181,"column":3}}},"19":{"name":"(anonymous_19)","decl":{"start":{"line":187,"column":2},"end":{"line":187,"column":7}},"loc":{"start":{"line":197,"column":3},"end":{"line":199,"column":3}}},"20":{"name":"(anonymous_20)","decl":{"start":{"line":201,"column":2},"end":{"line":201,"column":7}},"loc":{"start":{"line":201,"column":84},"end":{"line":203,"column":3}}},"21":{"name":"(anonymous_21)","decl":{"start":{"line":205,"column":2},"end":{"line":205,"column":7}},"loc":{"start":{"line":205,"column":61},"end":{"line":213,"column":3}}},"22":{"name":"(anonymous_22)","decl":{"start":{"line":212,"column":20},"end":{"line":212,"column":21}},"loc":{"start":{"line":212,"column":27},"end":{"line":212,"column":41}}}},"branchMap":{"0":{"loc":{"start":{"line":146,"column":57},"end":{"line":146,"column":112}},"type":"cond-expr","locations":[{"start":{"line":146,"column":75},"end":{"line":146,"column":107}},{"start":{"line":146,"column":110},"end":{"line":146,"column":112}}]}},"s":{"0":2,"1":20,"2":10,"3":5,"4":2,"5":7,"6":1,"7":7,"8":10,"9":10,"10":10,"11":0,"12":0,"13":10,"14":7,"15":2,"16":1,"17":1,"18":3,"19":2,"20":2,"21":9,"22":4,"23":2,"24":1,"25":2,"26":12,"27":1,"28":1,"29":1,"30":0,"31":2},"f":{"0":20,"1":10,"2":5,"3":2,"4":7,"5":1,"6":7,"7":10,"8":7,"9":2,"10":1,"11":1,"12":3,"13":2,"14":9,"15":4,"16":2,"17":1,"18":2,"19":12,"20":1,"21":1,"22":0},"b":{"0":[0,2]}}
,"D:\\My Work\\Bytesved\\CA firm\\backend\\src\\modules\\auth\\routes\\auth.routes.ts": {"path":"D:\\My Work\\Bytesved\\CA firm\\backend\\src\\modules\\auth\\routes\\auth.routes.ts","statementMap":{"0":{"start":{"line":1,"column":0},"end":{"line":1,"column":33}},"1":{"start":{"line":2,"column":0},"end":{"line":2,"column":62}},"2":{"start":{"line":3,"column":0},"end":{"line":3,"column":66}},"3":{"start":{"line":4,"column":0},"end":{"line":4,"column":62}},"4":{"start":{"line":5,"column":0},"end":{"line":5,"column":63}},"5":{"start":{"line":6,"column":0},"end":{"line":6,"column":null}},"6":{"start":{"line":28,"column":15},"end":{"line":28,"column":23}},"7":{"start":{"line":75,"column":0},"end":{"line":75,"column":77}},"8":{"start":{"line":91,"column":0},"end":{"line":91,"column":88}},"9":{"start":{"line":108,"column":0},"end":{"line":108,"column":114}},"10":{"start":{"line":121,"column":0},"end":{"line":121,"column":71}},"11":{"start":{"line":140,"column":0},"end":{"line":140,"column":139}},"12":{"start":{"line":153,"column":0},"end":{"line":153,"column":87}},"13":{"start":{"line":169,"column":0},"end":{"line":175,"column":2}},"14":{"start":{"line":194,"column":0},"end":{"line":194,"column":95}},"15":{"start":{"line":196,"column":0},"end":{"line":196,"column":22}}},"fnMap":{},"branchMap":{},"s":{"0":1,"1":1,"2":1,"3":1,"4":1,"5":1,"6":1,"7":1,"8":1,"9":1,"10":1,"11":1,"12":1,"13":1,"14":1,"15":1},"f":{},"b":{}}
,"D:\\My Work\\Bytesved\\CA firm\\backend\\src\\modules\\auth\\schemas\\auth.schema.ts": {"path":"D:\\My Work\\Bytesved\\CA firm\\backend\\src\\modules\\auth\\schemas\\auth.schema.ts","statementMap":{"0":{"start":{"line":1,"column":0},"end":{"line":1,"column":24}},"1":{"start":{"line":2,"column":0},"end":{"line":2,"column":45}},"2":{"start":{"line":21,"column":17},"end":{"line":21,"column":140}},"3":{"start":{"line":23,"column":13},"end":{"line":27,"column":3}},"4":{"start":{"line":29,"column":13},"end":{"line":31,"column":3}},"5":{"start":{"line":34,"column":13},"end":{"line":36,"column":3}},"6":{"start":{"line":39,"column":13},"end":{"line":41,"column":3}},"7":{"start":{"line":43,"column":13},"end":{"line":46,"column":3}}},"fnMap":{},"branchMap":{},"s":{"0":1,"1":1,"2":1,"3":1,"4":1,"5":1,"6":1,"7":1},"f":{},"b":{}}
,"D:\\My Work\\Bytesved\\CA firm\\backend\\src\\modules\\auth\\service\\auth.service.ts": {"path":"D:\\My Work\\Bytesved\\CA firm\\backend\\src\\modules\\auth\\service\\auth.service.ts","statementMap":{"0":{"start":{"line":1,"column":0},"end":{"line":1,"column":36}},"1":{"start":{"line":3,"column":0},"end":{"line":3,"column":30}},"2":{"start":{"line":4,"column":0},"end":{"line":4,"column":31}},"3":{"start":{"line":5,"column":0},"end":{"line":5,"column":null}},"4":{"start":{"line":17,"column":0},"end":{"line":17,"column":42}},"5":{"start":{"line":18,"column":0},"end":{"line":18,"column":40}},"6":{"start":{"line":19,"column":0},"end":{"line":19,"column":43}},"7":{"start":{"line":20,"column":0},"end":{"line":20,"column":82}},"8":{"start":{"line":21,"column":0},"end":{"line":21,"column":52}},"9":{"start":{"line":22,"column":0},"end":{"line":22,"column":62}},"10":{"start":{"line":23,"column":0},"end":{"line":23,"column":44}},"11":{"start":{"line":25,"column":0},"end":{"line":25,"column":50}},"12":{"start":{"line":26,"column":0},"end":{"line":26,"column":63}},"13":{"start":{"line":27,"column":0},"end":{"line":27,"column":51}},"14":{"start":{"line":28,"column":0},"end":{"line":28,"column":67}},"15":{"start":{"line":33,"column":43},"end":{"line":33,"column":60}},"16":{"start":{"line":73,"column":4},"end":{"line":73,"column":15}},"17":{"start":{"line":70,"column":21},"end":{"line":70,"column":54}},"18":{"start":{"line":71,"column":21},"end":{"line":71,"column":58}},"19":{"start":{"line":81,"column":17},"end":{"line":81,"column":69}},"20":{"start":{"line":83,"column":4},"end":{"line":86,"column":5}},"21":{"start":{"line":84,"column":6},"end":{"line":84,"column":63}},"22":{"start":{"line":85,"column":6},"end":{"line":85,"column":95}},"23":{"start":{"line":88,"column":4},"end":{"line":90,"column":5}},"24":{"start":{"line":89,"column":6},"end":{"line":89,"column":82}},"25":{"start":{"line":92,"column":4},"end":{"line":94,"column":5}},"26":{"start":{"line":93,"column":6},"end":{"line":93,"column":86}},"27":{"start":{"line":96,"column":26},"end":{"line":96,"column":107}},"28":{"start":{"line":97,"column":4},"end":{"line":100,"column":5}},"29":{"start":{"line":98,"column":6},"end":{"line":98,"column":58}},"30":{"start":{"line":99,"column":6},"end":{"line":99,"column":95}},"31":{"start":{"line":102,"column":19},"end":{"line":102,"column":74}},"32":{"start":{"line":103,"column":4},"end":{"line":105,"column":5}},"33":{"start":{"line":104,"column":6},"end":{"line":104,"column":84}},"34":{"start":{"line":107,"column":24},"end":{"line":107,"column":81}},"35":{"start":{"line":108,"column":17},"end":{"line":108,"column":39}},"36":{"start":{"line":110,"column":33},"end":{"line":110,"column":115}},"37":{"start":{"line":111,"column":22},"end":{"line":111,"column":72}},"38":{"start":{"line":117,"column":20},"end":{"line":127,"column":6}},"39":{"start":{"line":129,"column":28},"end":{"line":129,"column":79}},"40":{"start":{"line":130,"column":4},"end":{"line":140,"column":7}},"41":{"start":{"line":142,"column":4},"end":{"line":142,"column":61}},"42":{"start":{"line":143,"column":4},"end":{"line":152,"column":7}},"43":{"start":{"line":153,"column":4},"end":{"line":159,"column":7}},"44":{"start":{"line":161,"column":4},"end":{"line":161,"column":60}},"45":{"start":{"line":163,"column":4},"end":{"line":168,"column":6}},"46":{"start":{"line":178,"column":21},"end":{"line":178,"column":107}},"47":{"start":{"line":180,"column":4},"end":{"line":182,"column":5}},"48":{"start":{"line":181,"column":6},"end":{"line":181,"column":85}},"49":{"start":{"line":184,"column":4},"end":{"line":191,"column":5}},"50":{"start":{"line":185,"column":6},"end":{"line":185,"column":121}},"51":{"start":{"line":186,"column":6},"end":{"line":186,"column":107}},"52":{"start":{"line":187,"column":6},"end":{"line":190,"column":8}},"53":{"start":{"line":193,"column":4},"end":{"line":195,"column":5}},"54":{"start":{"line":194,"column":6},"end":{"line":194,"column":113}},"55":{"start":{"line":197,"column":17},"end":{"line":197,"column":72}},"56":{"start":{"line":198,"column":4},"end":{"line":200,"column":5}},"57":{"start":{"line":199,"column":6},"end":{"line":199,"column":86}},"58":{"start":{"line":202,"column":24},"end":{"line":202,"column":81}},"59":{"start":{"line":203,"column":17},"end":{"line":203,"column":39}},"60":{"start":{"line":205,"column":31},"end":{"line":205,"column":82}},"61":{"start":{"line":206,"column":24},"end":{"line":217,"column":6}},"62":{"start":{"line":219,"column":4},"end":{"line":219,"column":80}},"63":{"start":{"line":220,"column":4},"end":{"line":220,"column":63}},"64":{"start":{"line":221,"column":4},"end":{"line":230,"column":7}},"65":{"start":{"line":232,"column":4},"end":{"line":235,"column":6}},"66":{"start":{"line":240,"column":19},"end":{"line":240,"column":39}},"67":{"start":{"line":242,"column":21},"end":{"line":242,"column":107}},"68":{"start":{"line":243,"column":4},"end":{"line":246,"column":5}},"69":{"start":{"line":244,"column":6},"end":{"line":244,"column":114}},"70":{"start":{"line":245,"column":6},"end":{"line":245,"column":94}},"71":{"start":{"line":251,"column":4},"end":{"line":259,"column":5}},"72":{"start":{"line":252,"column":6},"end":{"line":258,"column":9}},"73":{"start":{"line":261,"column":4},"end":{"line":261,"column":52}},"74":{"start":{"line":269,"column":19},"end":{"line":269,"column":39}},"75":{"start":{"line":270,"column":17},"end":{"line":270,"column":63}},"76":{"start":{"line":271,"column":4},"end":{"line":271,"column":38}},"77":{"start":{"line":273,"column":24},"end":{"line":273,"column":80}},"78":{"start":{"line":274,"column":4},"end":{"line":274,"column":81}},"79":{"start":{"line":286,"column":19},"end":{"line":286,"column":39}},"80":{"start":{"line":287,"column":17},"end":{"line":287,"column":63}},"81":{"start":{"line":288,"column":4},"end":{"line":288,"column":38}},"82":{"start":{"line":290,"column":25},"end":{"line":290,"column":113}},"83":{"start":{"line":291,"column":4},"end":{"line":293,"column":5}},"84":{"start":{"line":292,"column":6},"end":{"line":292,"column":99}},"85":{"start":{"line":295,"column":25},"end":{"line":295,"column":106}},"86":{"start":{"line":296,"column":28},"end":{"line":296,"column":99}},"87":{"start":{"line":297,"column":4},"end":{"line":302,"column":5}},"88":{"start":{"line":299,"column":6},"end":{"line":301,"column":7}},"89":{"start":{"line":300,"column":8},"end":{"line":300,"column":106}},"90":{"start":{"line":304,"column":20},"end":{"line":304,"column":78}},"91":{"start":{"line":305,"column":4},"end":{"line":307,"column":5}},"92":{"start":{"line":306,"column":6},"end":{"line":306,"column":96}},"93":{"start":{"line":308,"column":4},"end":{"line":308,"column":62}},"94":{"start":{"line":309,"column":4},"end":{"line":309,"column":110}},"95":{"start":{"line":311,"column":4},"end":{"line":311,"column":53}},"96":{"start":{"line":325,"column":19},"end":{"line":325,"column":39}},"97":{"start":{"line":326,"column":21},"end":{"line":326,"column":79}},"98":{"start":{"line":327,"column":4},"end":{"line":327,"column":68}},"99":{"start":{"line":331,"column":19},"end":{"line":331,"column":39}},"100":{"start":{"line":332,"column":20},"end":{"line":332,"column":80}},"101":{"start":{"line":333,"column":4},"end":{"line":333,"column":44}},"102":{"start":{"line":335,"column":4},"end":{"line":335,"column":112}},"103":{"start":{"line":336,"column":4},"end":{"line":336,"column":91}},"104":{"start":{"line":341,"column":19},"end":{"line":341,"column":39}},"105":{"start":{"line":344,"column":4},"end":{"line":347,"column":5}},"106":{"start":{"line":345,"column":23},"end":{"line":345,"column":109}},"107":{"start":{"line":346,"column":6},"end":{"line":346,"column":87}},"108":{"start":{"line":346,"column":50},"end":{"line":346,"column":87}},"109":{"start":{"line":349,"column":25},"end":{"line":349,"column":127}},"110":{"start":{"line":350,"column":4},"end":{"line":350,"column":28}},"111":{"start":{"line":358,"column":4},"end":{"line":358,"column":52}},"112":{"start":{"line":358,"column":22},"end":{"line":358,"column":52}},"113"
[...]
,"D:\\My Work\\Bytesved\\CA firm\\backend\\tests\\integration\\helpers\\fixtures.ts": {"path":"D:\\My Work\\Bytesved\\CA firm\\backend\\tests\\integration\\helpers\\fixtures.ts","statementMap":{"0":{"start":{"line":70,"column":0},"end":{"line":70,"column":7}},"1":{"start":{"line":84,"column":0},"end":{"line":84,"column":7}},"2":{"start":{"line":1,"column":0},"end":{"line":1,"column":36}},"3":{"start":{"line":2,"column":0},"end":{"line":2,"column":90}},"4":{"start":{"line":24,"column":17},"end":{"line":24,"column":41}},"5":{"start":{"line":26,"column":17},"end":{"line":32,"column":4}},"6":{"start":{"line":34,"column":15},"end":{"line":41,"column":4}},"7":{"start":{"line":43,"column":23},"end":{"line":48,"column":4}},"8":{"start":{"line":50,"column":19},"end":{"line":57,"column":4}},"9":{"start":{"line":59,"column":17},"end":{"line":65,"column":4}},"10":{"start":{"line":67,"column":2},"end":{"line":67,"column":71}},"11":{"start":{"line":71,"column":29},"end":{"line":74,"column":4}},"12":{"start":{"line":76,"column":2},"end":{"line":76,"column":30}},"13":{"start":{"line":85,"column":20},"end":{"line":85,"column":74}},"14":{"start":{"line":87,"column":2},"end":{"line":87,"column":78}},"15":{"start":{"line":88,"column":2},"end":{"line":88,"column":77}},"16":{"start":{"line":90,"column":21},"end":{"line":93,"column":4}},"17":{"start":{"line":94,"column":2},"end":{"line":94,"column":79}},"18":{"start":{"line":95,"column":2},"end":{"line":95,"column":99}},"19":{"start":{"line":95,"column":82},"end":{"line":95,"column":90}},"20":{"start":{"line":97,"column":2},"end":{"line":97,"column":75}},"21":{"start":{"line":98,"column":2},"end":{"line":98,"column":71}}},"fnMap":{"0":{"name":"createTenantFixture","decl":{"start":{"line":23,"column":15},"end":{"line":23,"column":34}},"loc":{"start":{"line":23,"column":70},"end":{"line":68,"column":1}}},"1":{"name":"seedFixtures","decl":{"start":{"line":70,"column":22},"end":{"line":70,"column":34}},"loc":{"start":{"line":70,"column":55},"end":{"line":77,"column":1}}},"2":{"name":"cleanupFixtures","decl":{"start":{"line":84,"column":22},"end":{"line":84,"column":37}},"loc":{"start":{"line":84,"column":82},"end":{"line":99,"column":1}}},"3":{"name":"(anonymous_3)","decl":{"start":{"line":95,"column":75},"end":{"line":95,"column":76}},"loc":{"start":{"line":95,"column":82},"end":{"line":95,"column":90}}}},"branchMap":{},"s":{"0":20,"1":20,"2":20,"3":20,"4":40,"5":40,"6":40,"7":40,"8":40,"9":40,"10":40,"11":20,"12":20,"13":20,"14":20,"15":20,"16":20,"17":20,"18":20,"19":40,"20":20,"21":20},"f":{"0":40,"1":20,"2":20,"3":40},"b":{}}
,"D:\\My Work\\Bytesved\\CA firm\\backend\\tests\\integration\\helpers\\full-test-app.ts": {"path":"D:\\My Work\\Bytesved\\CA firm\\backend\\tests\\integration\\helpers\\full-test-app.ts","statementMap":{"0":{"start":{"line":26,"column":0},"end":{"line":26,"column":16}},"1":{"start":{"line":1,"column":0},"end":{"line":1,"column":66}},"2":{"start":{"line":2,"column":0},"end":{"line":2,"column":43}},"3":{"start":{"line":3,"column":0},"end":{"line":3,"column":81}},"4":{"start":{"line":4,"column":0},"end":{"line":4,"column":81}},"5":{"start":{"line":5,"column":0},"end":{"line":5,"column":64}},"6":{"start":{"line":6,"column":0},"end":{"line":6,"column":66}},"7":{"start":{"line":7,"column":0},"end":{"line":7,"column":46}},"8":{"start":{"line":8,"column":0},"end":{"line":8,"column":68}},"9":{"start":{"line":9,"column":0},"end":{"line":9,"column":59}},"10":{"start":{"line":27,"column":14},"end":{"line":27,"column":23}},"11":{"start":{"line":30,"column":2},"end":{"line":30,"column":35}},"12":{"start":{"line":31,"column":2},"end":{"line":31,"column":35}},"13":{"start":{"line":32,"column":2},"end":{"line":32,"column":26}},"14":{"start":{"line":33,"column":2},"end":{"line":33,"column":50}},"15":{"start":{"line":36,"column":2},"end":{"line":40,"column":5}},"16":{"start":{"line":37,"column":4},"end":{"line":39,"column":6}},"17":{"start":{"line":43,"column":2},"end":{"line":43,"column":70}},"18":{"start":{"line":46,"column":2},"end":{"line":46,"column":45}},"19":{"start":{"line":47,"column":2},"end":{"line":47,"column":39}},"20":{"start":{"line":50,"column":2},"end":{"line":50,"column":27}},"21":{"start":{"line":52,"column":2},"end":{"line":52,"column":13}}},"fnMap":{"0":{"name":"createFullTestApp","decl":{"start":{"line":26,"column":16},"end":{"line":26,"column":33}},"loc":{"start":{"line":26,"column":33},"end":{"line":53,"column":1}}},"1":{"name":"(anonymous_2)","decl":{"start":{"line":36,"column":21},"end":{"line":36,"column":22}},"loc":{"start":{"line":36,"column":53},"end":{"line":40,"column":3}}}},"branchMap":{},"s":{"0":1,"1":1,"2":1,"3":1,"4":1,"5":1,"6":1,"7":1,"8":1,"9":1,"10":1,"11":1,"12":1,"13":1,"14":1,"15":1,"16":1,"17":1,"18":1,"19":1,"20":1,"21":1},"f":{"0":1,"1":1},"b":{}}
,"D:\\My Work\\Bytesved\\CA firm\\backend\\tests\\integration\\helpers\\jwt.ts": {"path":"D:\\My Work\\Bytesved\\CA firm\\backend\\tests\\integration\\helpers\\jwt.ts","statementMap":{"0":{"start":{"line":21,"column":0},"end":{"line":21,"column":16}},"1":{"start":{"line":1,"column":0},"end":{"line":1,"column":31}},"2":{"start":{"line":2,"column":0},"end":{"line":2,"column":40}},"3":{"start":{"line":3,"column":0},"end":{"line":3,"column":41}},"4":{"start":{"line":29,"column":6},"end":{"line":29,"column":10}},"5":{"start":{"line":31,"column":2},"end":{"line":33,"column":5}}},"fnMap":{"0":{"name":"signAccessToken","decl":{"start":{"line":21,"column":16},"end":{"line":21,"column":31}},"loc":{"start":{"line":21,"column":54},"end":{"line":34,"column":1}}}},"branchMap":{"0":{"loc":{"start":{"line":25,"column":4},"end":{"line":25,"column":43}},"type":"default-arg","locations":[{"start":{"line":25,"column":12},"end":{"line":25,"column":43}}]},"1":{"loc":{"start":{"line":26,"column":4},"end":{"line":26,"column":32}},"type":"default-arg","locations":[{"start":{"line":26,"column":11},"end":{"line":26,"column":32}}]},"2":{"loc":{"start":{"line":27,"column":4},"end":{"line":27,"column":20}},"type":"default-arg","locations":[{"start":{"line":27,"column":18},"end":{"line":27,"column":20}}]},"3":{"loc":{"start":{"line":28,"column":4},"end":{"line":28,"column":30}},"type":"default-arg","locations":[{"start":{"line":28,"column":23},"end":{"line":28,"column":30}}]}},"s":{"0":20,"1":20,"2":20,"3":20,"4":401,"5":401},"f":{"0":401},"b":{"0":[387],"1":[385],"2":[3],"3":[399]}}
,"D:\\My Work\\Bytesved\\CA firm\\backend\\tests\\integration\\helpers\\master-admin-test-app.ts": {"path":"D:\\My Work\\Bytesved\\CA firm\\backend\\tests\\integration\\helpers\\master-admin-test-app.ts","statementMap":{"0":{"start":{"line":12,"column":0},"end":{"line":12,"column":16}},"1":{"start":{"line":1,"column":0},"end":{"line":1,"column":47}},"2":{"start":{"line":2,"column":0},"end":{"line":2,"column":81}},"3":{"start":{"line":3,"column":0},"end":{"line":3,"column":81}},"4":{"start":{"line":4,"column":0},"end":{"line":4,"column":64}},"5":{"start":{"line":5,"column":0},"end":{"line":5,"column":81}},"6":{"start":{"line":13,"column":14},"end":{"line":13,"column":23}},"7":{"start":{"line":14,"column":2},"end":{"line":14,"column":35}},"8":{"start":{"line":15,"column":2},"end":{"line":15,"column":35}},"9":{"start":{"line":16,"column":2},"end":{"line":16,"column":26}},"10":{"start":{"line":17,"column":2},"end":{"line":17,"column":53}},"11":{"start":{"line":18,"column":2},"end":{"line":18,"column":27}},"12":{"start":{"line":19,"column":2},"end":{"line":19,"column":13}}},"fnMap":{"0":{"name":"createMasterAdminTestApp","decl":{"start":{"line":12,"column":16},"end":{"line":12,"column":40}},"loc":{"start":{"line":12,"column":40},"end":{"line":20,"column":1}}}},"branchMap":{},"s":{"0":2,"1":2,"2":2,"3":2,"4":2,"5":2,"6":2,"7":2,"8":2,"9":2,"10":2,"11":2,"12":2},"f":{"0":2},"b":{}}
,"D:\\My Work\\Bytesved\\CA firm\\backend\\tests\\integration\\helpers\\notification-test-app.ts": {"path":"D:\\My Work\\Bytesved\\CA firm\\backend\\tests\\integration\\helpers\\notification-test-app.ts","statementMap":{"0":{"start":{"line":12,"column":0},"end":{"line":12,"column":16}},"1":{"start":{"line":1,"column":0},"end":{"line":1,"column":47}},"2":{"start":{"line":2,"column":0},"end":{"line":2,"column":81}},"3":{"start":{"line":3,"column":0},"end":{"line":3,"column":81}},"4":{"start":{"line":4,"column":0},"end":{"line":4,"column":64}},"5":{"start":{"line":5,"column":0},"end":{"line":5,"column":83}},"6":{"start":{"line":13,"column":14},"end":{"line":13,"column":23}},"7":{"start":{"line":14,"column":2},"end":{"line":14,"column":35}},"8":{"start":{"line":15,"column":2},"end":{"line":15,"column":35}},"9":{"start":{"line":16,"column":2},"end":{"line":16,"column":26}},"10":{"start":{"line":17,"column":2},"end":{"line":17,"column":55}},"11":{"start":{"line":18,"column":2},"end":{"line":18,"column":27}},"12":{"start":{"line":19,"column":2},"end":{"line":19,"column":13}}},"fnMap":{"0":{"name":"createNotificationTestApp","decl":{"start":{"line":12,"column":16},"end":{"line":12,"column":41}},"loc":{"start":{"line":12,"column":41},"end":{"line":20,"column":1}}}},"branchMap":{},"s":{"0":1,"1":1,"2":1,"3":1,"4":1,"5":1,"6":1,"7":1,"8":1,"9":1,"10":1,"11":1,"12":1},"f":{"0":1},"b":{}}
,"D:\\My Work\\Bytesved\\CA firm\\backend\\tests\\integration\\helpers\\permission-test-app.ts": {"path":"D:\\My Work\\Bytesved\\CA firm\\backend\\tests\\integration\\helpers\\permission-test-app.ts","statementMap":{"0":{"start":{"line":12,"column":0},"end":{"line":12,"column":16}},"1":{"start":{"line":1,"column":0},"end":{"line":1,"column":47}},"2":{"start":{"line":2,"column":0},"end":{"line":2,"column":81}},"3":{"start":{"line":3,"column":0},"end":{"line":3,"column":81}},"4":{"start":{"line":4,"column":0},"end":{"line":4,"column":64}},"5":{"start":{"line":5,"column":0},"end":{"line":5,"column":77}},"6":{"start":{"line":13,"column":14},"end":{"line":13,"column":23}},"7":{"start":{"line":14,"column":2},"end":{"line":14,"column":35}},"8":{"start":{"line":15,"column":2},"end":{"line":15,"column":35}},"9":{"start":{"line":16,"column":2},"end":{"line":16,"column":26}},"10":{"start":{"line":17,"column":2},"end":{"line":17,"column":51}},"11":{"start":{"line":18,"column":2},"end":{"line":18,"column":27}},"12":{"start":{"line":19,"column":2},"end":{"line":19,"column":13}}},"fnMap":{"0":{"name":"createPermissionTestApp","decl":{"start":{"line":12,"column":16},"end":{"line":12,"column":39}},"loc":{"start":{"line":12,"column":39},"end":{"line":20,"column":1}}}},"branchMap":{},"s":{"0":1,"1":1,"2":1,"3":1,"4":1,"5":1,"6":1,"7":1,"8":1,"9":1,"10":1,"11":1,"12":1},"f":{"0":1},"b":{}}
,"D:\\My Work\\Bytesved\\CA firm\\backend\\tests\\integration\\helpers\\report-test-app.ts": {"path":"D:\\My Work\\Bytesved\\CA firm\\backend\\tests\\integration\\helpers\\report-test-app.ts","statementMap":{"0":{"start":{"line":12,"column":0},"end":{"line":12,"column":16}},"1":{"start":{"line":1,"column":0},"end":{"line":1,"column":47}},"2":{"start":{"line":2,"column":0},"end":{"line":2,"column":81}},"3":{"start":{"line":3,"column":0},"end":{"line":3,"column":81}},"4":{"start":{"line":4,"column":0},"end":{"line":4,"column":64}},"5":{"start":{"line":5,"column":0},"end":{"line":5,"column":65}},"6":{"start":{"line":13,"column":14},"end":{"line":13,"column":23}},"7":{"start":{"line":14,"column":2},"end":{"line":14,"column":35}},"8":{"start":{"line":15,"column":2},"end":{"line":15,"column":35}},"9":{"start":{"line":16,"column":2},"end":{"line":16,"column":26}},"10":{"start":{"line":17,"column":2},"end":{"line":17,"column":43}},"11":{"start":{"line":18,"column":2},"end":{"line":18,"column":27}},"12":{"start":{"line":19,"column":2},"end":{"line":19,"column":13}}},"fnMap":{"0":{"name":"createReportTestApp","decl":{"start":{"line":12,"column":16},"end":{"line":12,"column":35}},"loc":{"start":{"line":12,"column":35},"end":{"line":20,"column":1}}}},"branchMap":{},"s":{"0":1,"1":1,"2":1,"3":1,"4":1,"5":1,"6":1,"7":1,"8":1,"9":1,"10":1,"11":1,"12":1},"f":{"0":1},"b":{}}
,"D:\\My Work\\Bytesved\\CA firm\\backend\\tests\\integration\\helpers\\role-test-app.ts": {"path":"D:\\My Work\\Bytesved\\CA firm\\backend\\tests\\integration\\helpers\\role-test-app.ts","statementMap":{"0":{"start":{"line":12,"column":0},"end":{"line":12,"column":16}},"1":{"start":{"line":1,"column":0},"end":{"line":1,"column":47}},"2":{"start":{"line":2,"column":0},"end":{"line":2,"column":81}},"3":{"start":{"line":3,"column":0},"end":{"line":3,"column":81}},"4":{"start":{"line":4,"column":0},"end":{"line":4,"column":64}},"5":{"start":{"line":5,"column":0},"end":{"line":5,"column":59}},"6":{"start":{"line":13,"column":14},"end":{"line":13,"column":23}},"7":{"start":{"line":14,"column":2},"end":{"line":14,"column":35}},"8":{"start":{"line":15,"column":2},"end":{"line":15,"column":35}},"9":{"start":{"line":16,"column":2},"end":{"line":16,"column":26}},"10":{"start":{"line":17,"column":2},"end":{"line":17,"column":39}},"11":{"start":{"line":18,"column":2},"end":{"line":18,"column":27}},"12":{"start":{"line":19,"column":2},"end":{"line":19,"column":13}}},"fnMap":{"0":{"name":"createRoleTestApp","decl":{"start":{"line":12,"column":16},"end":{"line":12,"column":33}},"loc":{"start":{"line":12,"column":33},"end":{"line":20,"column":1}}}},"branchMap":{},"s":{"0":1,"1":1,"2":1,"3":1,"4":1,"5":1,"6":1,"7":1,"8":1,"9":1,"10":1,"11":1,"12":1},"f":{"0":1},"b":{}}
,"D:\\My Work\\Bytesved\\CA firm\\backend\\tests\\integration\\helpers\\task-test-app.ts": {"path":"D:\\My Work\\Bytesved\\CA firm\\backend\\tests\\integration\\helpers\\task-test-app.ts","statementMap":{"0":{"start":{"line":14,"column":0},"end":{"line":14,"column":16}},"1":{"start":{"line":1,"column":0},"end":{"line":1,"column":47}},"2":{"start":{"line":2,"column":0},"end":{"line":2,"column":81}},"3":{"start":{"line":3,"column":0},"end":{"line":3,"column":81}},"4":{"start":{"line":4,"column":0},"end":{"line":4,"column":64}},"5":{"start":{"line":5,"column":0},"end":{"line":5,"column":59}},"6":{"start":{"line":15,"column":14},"end":{"line":15,"column":23}},"7":{"start":{"line":16,"column":2},"end":{"line":16,"column":35}},"8":{"start":{"line":17,"column":2},"end":{"line":17,"column":35}},"9":{"start":{"line":18,"column":2},"end":{"line":18,"column":26}},"10":{"start":{"line":19,"column":2},"end":{"line":19,"column":39}},"11":{"start":{"line":20,"column":2},"end":{"line":20,"column":27}},"12":{"start":{"line":21,"column":2},"end":{"line":21,"column":13}}},"fnMap":{"0":{"name":"createTaskTestApp","decl":{"start":{"line":14,"column":16},"end":{"line":14,"column":33}},"loc":{"start":{"line":14,"column":33},"end":{"line":22,"column":1}}}},"branchMap":{},"s":{"0":2,"1":2,"2":2,"3":2,"4":2,"5":2,"6":2,"7":2,"8":2,"9":2,"10":2,"11":2,"12":2},"f":{"0":2},"b":{}}
,"D:\\My Work\\Bytesved\\CA firm\\backend\\tests\\integration\\helpers\\tenant-test-app.ts": {"path":"D:\\My Work\\Bytesved\\CA firm\\backend\\tests\\integration\\helpers\\tenant-test-app.ts","statementMap":{"0":{"start":{"line":14,"column":0},"end":{"line":14,"column":16}},"1":{"start":{"line":1,"column":0},"end":{"line":1,"column":47}},"2":{"start":{"line":2,"column":0},"end":{"line":2,"column":81}},"3":{"start":{"line":3,"column":0},"end":{"line":3,"column":81}},"4":{"start":{"line":4,"column":0},"end":{"line":4,"column":64}},"5":{"start":{"line":5,"column":0},"end":{"line":5,"column":68}},"6":{"start":{"line":6,"column":0},"end":{"line":6,"column":64}},"7":{"start":{"line":7,"column":0},"end":{"line":7,"column":81}},"8":{"start":{"line":15,"column":14},"end":{"line":15,"column":23}},"9":{"start":{"line":16,"column":2},"end":{"line":16,"column":35}},"10":{"start":{"line":17,"column":2},"end":{"line":17,"column":35}},"11":{"start":{"line":18,"column":2},"end":{"line":18,"column":26}},"12":{"start":{"line":19,"column":2},"end":{"line":19,"column":55}},"13":{"start":{"line":20,"column":2},"end":{"line":20,"column":51}},"14":{"start":{"line":21,"column":2},"end":{"line":21,"column":50}},"15":{"start":{"line":22,"column":2},"end":{"line":22,"column":27}},"16":{"start":{"line":23,"column":2},"end":{"line":23,"column":13}}},"fnMap":{"0":{"name":"createTenantTestApp","decl":{"start":{"line":14,"column":16},"end":{"line":14,"column":35}},"loc":{"start":{"line":14,"column":35},"end":{"line":24,"column":1}}}},"branchMap":{},"s":{"0":1,"1":1,"2":1,"3":1,"4":1,"5":1,"6":1,"7":1,"8":1,"9":1,"10":1,"11":1,"12":1,"13":1,"14":1,"15":1,"16":1},"f":{"0":1},"b":{}}
,"D:\\My Work\\Bytesved\\CA firm\\backend\\tests\\integration\\helpers\\test-app.ts": {"path":"D:\\My Work\\Bytesved\\CA firm\\backend\\tests\\integration\\helpers\\test-app.ts","statementMap":{"0":{"start":{"line":17,"column":0},"end":{"line":17,"column":16}},"1":{"start":{"line":1,"column":0},"end":{"line":1,"column":47}},"2":{"start":{"line":2,"column":0},"end":{"line":2,"column":81}},"3":{"start":{"line":3,"column":0},"end":{"line":3,"column":81}},"4":{"start":{"line":4,"column":0},"end":{"line":4,"column":64}},"5":{"start":{"line":5,"column":0},"end":{"line":5,"column":68}},"6":{"start":{"line":18,"column":14},"end":{"line":18,"column":23}},"7":{"start":{"line":19,"column":2},"end":{"line":19,"column":35}},"8":{"start":{"line":20,"column":2},"end":{"line":20,"column":35}},"9":{"start":{"line":21,"column":2},"end":{"line":21,"column":26}},"10":{"start":{"line":22,"column":2},"end":{"line":22,"column":45}},"11":{"start":{"line":23,"column":2},"end":{"line":23,"column":27}},"12":{"start":{"line":24,"column":2},"end":{"line":24,"column":13}}},"fnMap":{"0":{"name":"createTestApp","decl":{"start":{"line":17,"column":16},"end":{"line":17,"column":29}},"loc":{"start":{"line":17,"column":29},"end":{"line":25,"column":1}}}},"branchMap":{},"s":{"0":1,"1":1,"2":1,"3":1,"4":1,"5":1,"6":1,"7":1,"8":1,"9":1,"10":1,"11":1,"12":1},"f":{"0":1},"b":{}}
,"D:\\My Work\\Bytesved\\CA firm\\backend\\tests\\integration\\helpers\\user-test-app.ts": {"path":"D:\\My Work\\Bytesved\\CA firm\\backend\\tests\\integration\\helpers\\user-test-app.ts","statementMap":{"0":{"start":{"line":12,"column":0},"end":{"line":12,"column":16}},"1":{"start":{"line":1,"column":0},"end":{"line":1,"column":47}},"2":{"start":{"line":2,"column":0},"end":{"line":2,"column":81}},"3":{"start":{"line":3,"column":0},"end":{"line":3,"column":81}},"4":{"start":{"line":4,"column":0},"end":{"line":4,"column":64}},"5":{"start":{"line":5,"column":0},"end":{"line":5,"column":59}},"6":{"start":{"line":13,"column":14},"end":{"line":13,"column":23}},"7":{"start":{"line":14,"column":2},"end":{"line":14,"column":35}},"8":{"start":{"line":15,"column":2},"end":{"line":15,"column":35}},"9":{"start":{"line":16,"column":2},"end":{"line":16,"column":26}},"10":{"start":{"line":17,"column":2},"end":{"line":17,"column":39}},"11":{"start":{"line":18,"column":2},"end":{"line":18,"column":27}},"12":{"start":{"line":19,"column":2},"end":{"line":19,"column":13}}},"fnMap":{"0":{"name":"createUserTestApp","decl":{"start":{"line":12,"column":16},"end":{"line":12,"column":33}},"loc":{"start":{"line":12,"column":33},"end":{"line":20,"column":1}}}},"branchMap":{},"s":{"0":1,"1":1,"2":1,"3":1,"4":1,"5":1,"6":1,"7":1,"8":1,"9":1,"10":1,"11":1,"12":1},"f":{"0":1},"b":{}}
}
