{"D:\\My Work\\Bytesved\\CA firm\\backend\\src\\config\\database.ts": {"path":"D:\\My Work\\Bytesved\\CA firm\\backend\\src\\config\\database.ts","statementMap":{"0":{"start":{"line":43,"column":0},"end":{"line":43,"column":7}},"1":{"start":{"line":51,"column":0},"end":{"line":51,"column":7}},"2":{"start":{"line":1,"column":0},"end":{"line":1,"column":46}},"3":{"start":{"line":2,"column":0},"end":{"line":2,"column":46}},"4":{"start":{"line":3,"column":0},"end":{"line":3,"column":36}},"5":{"start":{"line":16,"column":24},"end":{"line":16,"column":null}},"6":{"start":{"line":21,"column":18},"end":{"line":21,"column":70}},"7":{"start":{"line":23,"column":2},"end":{"line":30,"column":5}},"8":{"start":{"line":33,"column":13},"end":{"line":33,"column":69}},"9":{"start":{"line":35,"column":0},"end":{"line":37,"column":1}},"10":{"start":{"line":36,"column":2},"end":{"line":36,"column":34}},"11":{"start":{"line":44,"column":2},"end":{"line":44,"column":26}},"12":{"start":{"line":52,"column":2},"end":{"line":52,"column":29}}},"fnMap":{"0":{"name":"createPrismaClient","decl":{"start":{"line":20,"column":9},"end":{"line":20,"column":27}},"loc":{"start":{"line":20,"column":27},"end":{"line":31,"column":1}}},"1":{"name":"connectDatabase","decl":{"start":{"line":43,"column":22},"end":{"line":43,"column":37}},"loc":{"start":{"line":43,"column":37},"end":{"line":45,"column":1}}},"2":{"name":"disconnectDatabase","decl":{"start":{"line":51,"column":22},"end":{"line":51,"column":40}},"loc":{"start":{"line":51,"column":40},"end":{"line":53,"column":1}}}},"branchMap":{"0":{"loc":{"start":{"line":26,"column":6},"end":{"line":28,"column":27}},"type":"cond-expr","locations":[{"start":{"line":27,"column":10},"end":{"line":27,"column":44}},{"start":{"line":28,"column":10},"end":{"line":28,"column":27}}]},"1":{"loc":{"start":{"line":33,"column":22},"end":{"line":33,"column":68}},"type":"binary-expr","locations":[{"start":{"line":33,"column":22},"end":{"line":33,"column":44}},{"start":{"line":33,"column":48},"end":{"line":33,"column":68}}]},"2":{"loc":{"start":{"line":35,"column":0},"end":{"line":37,"column":1}},"type":"if","locations":[{"start":{"line":35,"column":0},"end":{"line":37,"column":1}}]}},"s":{"0":6,"1":6,"2":6,"3":6,"4":6,"5":6,"6":6,"7":6,"8":6,"9":6,"10":6,"11":0,"12":2},"f":{"0":6,"1":0,"2":2},"b":{"0":[0,6],"1":[6,6],"2":[6]}}
,"D:\\My Work\\Bytesved\\CA firm\\backend\\src\\config\\environment.ts": {"path":"D:\\My Work\\Bytesved\\CA firm\\backend\\src\\config\\environment.ts","statementMap":{"0":{"start":{"line":1,"column":0},"end":{"line":1,"column":24}},"1":{"start":{"line":9,"column":18},"end":{"line":62,"column":2}},"2":{"start":{"line":66,"column":22},"end":{"line":66,"column":54}},"3":{"start":{"line":68,"column":0},"end":{"line":72,"column":1}},"4":{"start":{"line":69,"column":2},"end":{"line":69,"column":53}},"5":{"start":{"line":70,"column":2},"end":{"line":70,"column":59}},"6":{"start":{"line":71,"column":2},"end":{"line":71,"column":18}},"7":{"start":{"line":74,"column":13},"end":{"line":74,"column":43}}},"fnMap":{},"branchMap":{"0":{"loc":{"start":{"line":68,"column":0},"end":{"line":72,"column":1}},"type":"if","locations":[{"start":{"line":68,"column":0},"end":{"line":72,"column":1}}]}},"s":{"0":8,"1":8,"2":8,"3":8,"4":0,"5":0,"6":0,"7":8},"f":{},"b":{"0":[0]}}
,"D:\\My Work\\Bytesved\\CA firm\\backend\\src\\config\\jwt.ts": {"path":"D:\\My Work\\Bytesved\\CA firm\\backend\\src\\config\\jwt.ts","statementMap":{"0":{"start":{"line":1,"column":0},"end":{"line":1,"column":36}},"1":{"start":{"line":8,"column":13},"end":{"line":17,"column":11}}},"fnMap":{},"branchMap":{},"s":{"0":4,"1":4},"f":{},"b":{}}
,"D:\\My Work\\Bytesved\\CA firm\\backend\\src\\config\\logger.ts": {"path":"D:\\My Work\\Bytesved\\CA firm\\backend\\src\\config\\logger.ts","statementMap":{"0":{"start":{"line":79,"column":0},"end":{"line":79,"column":16}},"1":{"start":{"line":1,"column":0},"end":{"line":1,"column":24}},"2":{"start":{"line":2,"column":0},"end":{"line":2,"column":36}},"3":{"start":{"line":23,"column":13},"end":{"line":67,"column":3}},"4":{"start":{"line":80,"column":2},"end":{"line":85,"column":5}}},"fnMap":{"0":{"name":"createContextLogger","decl":{"start":{"line":79,"column":16},"end":{"line":79,"column":35}},"loc":{"start":{"line":79,"column":65},"end":{"line":86,"column":1}}}},"branchMap":{"0":{"loc":{"start":{"line":25,"column":6},"end":{"line":36,"column":8}},"type":"cond-expr","locations":[{"start":{"line":26,"column":6},"end":{"line":35,"column":null}},{"start":{"line":36,"column":6},"end":{"line":36,"column":8}}]}},"s":{"0":7,"1":7,"2":7,"3":7,"4":209},"f":{"0":209},"b":{"0":[0,7]}}
,"D:\\My Work\\Bytesved\\CA firm\\backend\\src\\config\\swagger.ts": {"path":"D:\\My Work\\Bytesved\\CA firm\\backend\\src\\config\\swagger.ts","statementMap":{"0":{"start":{"line":1,"column":0},"end":{"line":1,"column":41}},"1":{"start":{"line":2,"column":0},"end":{"line":2,"column":36}},"2":{"start":{"line":8,"column":55},"end":{"line":57,"column":2}},"3":{"start":{"line":59,"column":38},"end":{"line":62,"column":2}},"4":{"start":{"line":64,"column":13},"end":{"line":64,"column":49}}},"fnMap":{},"branchMap":{"0":{"loc":{"start":{"line":28,"column":8},"end":{"line":30,"column":32}},"type":"cond-expr","locations":[{"start":{"line":29,"column":12},"end":{"line":29,"column":31}},{"start":{"line":30,"column":12},"end":{"line":30,"column":32}}]}},"s":{"0":1,"1":1,"2":1,"3":1,"4":1},"f":{},"b":{"0":[0,1]}}
,"D:\\My Work\\Bytesved\\CA firm\\backend\\src\\middlewares\\auth.middleware.ts": {"path":"D:\\My Work\\Bytesved\\CA firm\\backend\\src\\middlewares\\auth.middleware.ts","statementMap":{"0":{"start":{"line":27,"column":0},"end":{"line":27,"column":16}},"1":{"start":{"line":67,"column":0},"end":{"line":67,"column":16}},"2":{"start":{"line":2,"column":0},"end":{"line":2,"column":31}},"3":{"start":{"line":3,"column":0},"end":{"line":3,"column":40}},"4":{"start":{"line":4,"column":0},"end":{"line":4,"column":51}},"5":{"start":{"line":32,"column":21},"end":{"line":32,"column":46}},"6":{"start":{"line":34,"column":2},"end":{"line":36,"column":3}},"7":{"start":{"line":35,"column":4},"end":{"line":35,"column":60}},"8":{"start":{"line":38,"column":16},"end":{"line":38,"column":40}},"9":{"start":{"line":40,"column":2},"end":{"line":60,"column":3}},"10":{"start":{"line":41,"column":20},"end":{"line":41,"column":76}},"11":{"start":{"line":43,"column":4},"end":{"line":49,"column":6}},"12":{"start":{"line":51,"column":4},"end":{"line":51,"column":11}},"13":{"start":{"line":53,"column":4},"end":{"line":55,"column":5}},"14":{"start":{"line":54,"column":6},"end":{"line":54,"column":62}},"15":{"start":{"line":56,"column":4},"end":{"line":58,"column":5}},"16":{"start":{"line":57,"column":6},"end":{"line":57,"column":58}},"17":{"start":{"line":59,"column":4},"end":{"line":59,"column":57}},"18":{"start":{"line":72,"column":21},"end":{"line":72,"column":46}},"19":{"start":{"line":74,"column":2},"end":{"line":76,"column":3}},"20":{"start":{"line":75,"column":4},"end":{"line":75,"column":18}},"21":{"start":{"line":78,"column":16},"end":{"line":78,"column":40}},"22":{"start":{"line":80,"column":2},"end":{"line":91,"column":3}},"23":{"start":{"line":81,"column":20},"end":{"line":81,"column":76}},"24":{"start":{"line":82,"column":4},"end":{"line":88,"column":6}},"25":{"start":{"line":93,"column":2},"end":{"line":93,"column":9}}},"fnMap":{"0":{"name":"authMiddleware","decl":{"start":{"line":27,"column":16},"end":{"line":27,"column":30}},"loc":{"start":{"line":30,"column":20},"end":{"line":61,"column":1}}},"1":{"name":"optionalAuthMiddleware","decl":{"start":{"line":67,"column":16},"end":{"line":67,"column":38}},"loc":{"start":{"line":70,"column":20},"end":{"line":94,"column":1}}}},"branchMap":{"0":{"loc":{"start":{"line":34,"column":2},"end":{"line":36,"column":3}},"type":"if","locations":[{"start":{"line":34,"column":2},"end":{"line":36,"column":3}}]},"1":{"loc":{"start":{"line":34,"column":6},"end":{"line":34,"column":54}},"type":"binary-expr","locations":[{"start":{"line":34,"column":6},"end":{"line":34,"column":17}},{"start":{"line":34,"column":21},"end":{"line":34,"column":54}}]},"2":{"loc":{"start":{"line":48,"column":19},"end":{"line":48,"column":44}},"type":"binary-expr","locations":[{"start":{"line":48,"column":19},"end":{"line":48,"column":38}},{"start":{"line":48,"column":42},"end":{"line":48,"column":44}}]},"3":{"loc":{"start":{"line":53,"column":4},"end":{"line":55,"column":5}},"type":"if","locations":[{"start":{"line":53,"column":4},"end":{"line":55,"column":5}}]},"4":{"loc":{"start":{"line":56,"column":4},"end":{"line":58,"column":5}},"type":"if","locations":[{"start":{"line":56,"column":4},"end":{"line":58,"column":5}}]},"5":{"loc":{"start":{"line":74,"column":2},"end":{"line":76,"column":3}},"type":"if","locations":[{"start":{"line":74,"column":2},"end":{"line":76,"column":3}}]},"6":{"loc":{"start":{"line":74,"column":6},"end":{"line":74,"column":54}},"type":"binary-expr","locations":[{"start":{"line":74,"column":6},"end":{"line":74,"column":17}},{"start":{"line":74,"column":21},"end":{"line":74,"column":54}}]},"7":{"loc":{"start":{"line":87,"column":19},"end":{"line":87,"column":44}},"type":"binary-expr","locations":[{"start":{"line":87,"column":19},"end":{"line":87,"column":38}},{"start":{"line":87,"column":42},"end":{"line":87,"column":44}}]}},"s":{"0":4,"1":4,"2":4,"3":4,"4":4,"5":167,"6":167,"7":4,"8":163,"9":163,"10":163,"11":159,"12":159,"13":4,"14":2,"15":2,"16":2,"17":0,"18":0,"19":0,"20":0,"21":0,"22":0,"23":0,"24":0,"25":0},"f":{"0":167,"1":0},"b":{"0":[4],"1":[167,163],"2":[159,0],"3":[2],"4":[2],"5":[0],"6":[0,0],"7":[0,0]}}
,"D:\\My Work\\Bytesved\\CA firm\\backend\\src\\middlewares\\correlation-id.middleware.ts": {"path":"D:\\My Work\\Bytesved\\CA firm\\backend\\src\\middlewares\\correlation-id.middleware.ts","statementMap":{"0":{"start":{"line":33,"column":0},"end":{"line":33,"column":16}},"1":{"start":{"line":2,"column":0},"end":{"line":2,"column":36}},"2":{"start":{"line":39,"column":21},"end":{"line":39,"column":52}},"3":{"start":{"line":40,"column":24},"end":{"line":40,"column":92}},"4":{"start":{"line":43,"column":2},"end":{"line":43,"column":36}},"5":{"start":{"line":46,"column":2},"end":{"line":46,"column":36}},"6":{"start":{"line":49,"column":2},"end":{"line":49,"column":51}},"7":{"start":{"line":51,"column":2},"end":{"line":51,"column":9}}},"fnMap":{"0":{"name":"correlationIdMiddleware","decl":{"start":{"line":33,"column":16},"end":{"line":33,"column":39}},"loc":{"start":{"line":36,"column":20},"end":{"line":52,"column":1}}}},"branchMap":{"0":{"loc":{"start":{"line":40,"column":24},"end":{"line":40,"column":92}},"type":"binary-expr","locations":[{"start":{"line":40,"column":25},"end":{"line":40,"column":79}},{"start":{"line":40,"column":84},"end":{"line":40,"column":92}}]},"1":{"loc":{"start":{"line":40,"column":25},"end":{"line":40,"column":79}},"type":"cond-expr","locations":[{"start":{"line":40,"column":53},"end":{"line":40,"column":66}},{"start":{"line":40,"column":69},"end":{"line":40,"column":79}}]}},"s":{"0":4,"1":4,"2":170,"3":170,"4":170,"5":170,"6":170,"7":170},"f":{"0":170},"b":{"0":[170,170],"1":[0,170]}}
,"D:\\My Work\\Bytesved\\CA firm\\backend\\src\\middlewares\\error.middleware.ts": {"path":"D:\\My Work\\Bytesved\\CA firm\\backend\\src\\middlewares\\error.middleware.ts","statementMap":{"0":{"start":{"line":33,"column":0},"end":{"line":33,"column":16}},"1":{"start":{"line":2,"column":0},"end":{"line":2,"column":31}},"2":{"start":{"line":3,"column":0},"end":{"line":3,"column":40}},"3":{"start":{"line":4,"column":0},"end":{"line":4,"column":40}},"4":{"start":{"line":5,"column":0},"end":{"line":5,"column":42}},"5":{"start":{"line":6,"column":0},"end":{"line":6,"column":66}},"6":{"start":{"line":7,"column":0},"end":{"line":7,"column":48}},"7":{"start":{"line":8,"column":0},"end":{"line":8,"column":42}},"8":{"start":{"line":9,"column":0},"end":{"line":9,"column":42}},"9":{"start":{"line":41,"column":14},"end":{"line":47,"column":4}},"10":{"start":{"line":50,"column":2},"end":{"line":62,"column":3}},"11":{"start":{"line":51,"column":4},"end":{"line":56,"column":5}},"12":{"start":{"line":52,"column":6},"end":{"line":52,"column":53}},"13":{"start":{"line":55,"column":6},"end":{"line":55,"column":54}},"14":{"start":{"line":58,"column":4},"end":{"line":60,"column":78}},"15":{"start":{"line":61,"column":4},"end":{"line":61,"column":11}},"16":{"start":{"line":65,"column":2},"end":{"line":84,"column":3}},"17":{"start":{"line":66,"column":20},"end":{"line":69,"column":7}},"18":{"start":{"line":66,"column":43},"end":{"line":69,"column":6}},"19":{"start":{"line":71,"column":4},"end":{"line":71,"column":51}},"20":{"start":{"line":73,"column":4},"end":{"line":82,"column":8}},"21":{"start":{"line":83,"column":4},"end":{"line":83,"column":11}},"22":{"start":{"line":87,"column":2},"end":{"line":132,"column":3}},"23":{"start":{"line":89,"column":4},"end":{"line":101,"column":5}},"24":{"start":{"line":90,"column":6},"end":{"line":90,"column":62}},"25":{"start":{"line":91,"column":6},"end":{"line":99,"column":10}},"26":{"start":{"line":100,"column":6},"end":{"line":100,"column":13}},"27":{"start":{"line":104,"column":4},"end":{"line":116,"column":5}},"28":{"start":{"line":105,"column":6},"end":{"line":105,"column":51}},"29":{"start":{"line":106,"column":6},"end":{"line":114,"column":10}},"30":{"start":{"line":115,"column":6},"end":{"line":115,"column":13}},"31":{"start":{"line":119,"column":4},"end":{"line":131,"column":5}},"32":{"start":{"line":120,"column":6},"end":{"line":120,"column":67}},"33":{"start":{"line":121,"column":6},"end":{"line":129,"column":10}},"34":{"start":{"line":130,"column":6},"end":{"line":130,"column":13}},"35":{"start":{"line":135,"column":2},"end":{"line":135,"column":47}},"36":{"start":{"line":138,"column":4},"end":{"line":140,"column":63}},"37":{"start":{"line":142,"column":18},"end":{"line":142,"column":83}},"38":{"start":{"line":144,"column":2},"end":{"line":153,"column":6}}},"fnMap":{"0":{"name":"errorMiddleware","decl":{"start":{"line":33,"column":16},"end":{"line":33,"column":31}},"loc":{"start":{"line":38,"column":20},"end":{"line":154,"column":1}}},"1":{"name":"(anonymous_1)","decl":{"start":{"line":66,"column":35},"end":{"line":66,"column":36}},"loc":{"start":{"line":66,"column":43},"end":{"line":69,"column":6}}}},"branchMap":{"0":{"loc":{"start":{"line":50,"column":2},"end":{"line":62,"column":3}},"type":"if","locations":[{"start":{"line":50,"column":2},"end":{"line":62,"column":3}}]},"1":{"loc":{"start":{"line":51,"column":4},"end":{"line":56,"column":5}},"type":"if","locations":[{"start":{"line":51,"column":4},"end":{"line":56,"column":5}},{"start":{"line":53,"column":11},"end":{"line":56,"column":5}}]},"2":{"loc":{"start":{"line":65,"column":2},"end":{"line":84,"column":3}},"type":"if","locations":[{"start":{"line":65,"column":2},"end":{"line":84,"column":3}}]},"3":{"loc":{"start":{"line":87,"column":2},"end":{"line":132,"column":3}},"type":"if","locations":[{"start":{"line":87,"column":2},"end":{"line":132,"column":3}}]},"4":{"loc":{"start":{"line":89,"column":4},"end":{"line":101,"column":5}},"type":"if","locations":[{"start":{"line":89,"column":4},"end":{"line":101,"column":5}}]},"5":{"loc":{"start":{"line":104,"column":4},"end":{"line":116,"column":5}},"type":"if","locations":[{"start":{"line":104,"column":4},"end":{"line":116,"column":5}}]},"6":{"loc":{"start":{"line":119,"column":4},"end":{"line":131,"column":5}},"type":"if","locations":[{"start":{"line":119,"column":4},"end":{"line":131,"column":5}}]},"7":{"loc":{"start":{"line":138,"column":4},"end":{"line":140,"column":63}},"type":"cond-expr","locations":[{"start":{"line":139,"column":8},"end":{"line":139,"column":46}},{"start":{"line":140,"column":8},"end":{"line":140,"column":63}}]},"8":{"loc":{"start":{"line":139,"column":8},"end":{"line":139,"column":46}},"type":"binary-expr","locations":[{"start":{"line":139,"column":8},"end":{"line":139,"column":19}},{"start":{"line":139,"column":23},"end":{"line":139,"column":46}}]},"9":{"loc":{"start":{"line":142,"column":18},"end":{"line":142,"column":83}},"type":"cond-expr","locations":[{"start":{"line":142,"column":51},"end":{"line":142,"column":71}},{"start":{"line":142,"column":74},"end":{"line":142,"column":83}}]}},"s":{"0":4,"1":4,"2":4,"3":4,"4":4,"5":4,"6":4,"7":4,"8":4,"9":69,"10":69,"11":68,"12":68,"13":0,"14":68,"15":68,"16":1,"17":0,"18":0,"19":0,"20":0,"21":0,"22":1,"23":0,"24":0,"25":0,"26":0,"27":0,"28":0,"29":0,"30":0,"31":0,"32":0,"33":0,"34":0,"35":1,"36":1,"37":1,"38":1},"f":{"0":69,"1":0},"b":{"0":[68],"1":[68,0],"2":[0],"3":[0],"4":[0],"5":[0],"6":[0],"7":[0,1],"8":[0,0],"9":[0,1]}}
,"D:\\My Work\\Bytesved\\CA firm\\backend\\src\\middlewares\\permission.middleware.ts": {"path":"D:\\My Work\\Bytesved\\CA firm\\backend\\src\\middlewares\\permission.middleware.ts","statementMap":{"0":{"start":{"line":17,"column":0},"end":{"line":17,"column":16}},"1":{"start":{"line":39,"column":0},"end":{"line":39,"column":16}},"2":{"start":{"line":62,"column":0},"end":{"line":62,"column":16}},"3":{"start":{"line":2,"column":0},"end":{"line":2,"column":67}},"4":{"start":{"line":18,"column":2},"end":{"line":33,"column":4}},"5":{"start":{"line":19,"column":4},"end":{"line":21,"column":5}},"6":{"start":{"line":20,"column":6},"end":{"line":20,"column":36}},"7":{"start":{"line":23,"column":28},"end":{"line":23,"column":54}},"8":{"start":{"line":24,"column":19},"end":{"line":24,"column":72}},"9":{"start":{"line":24,"column":44},"end":{"line":24,"column":71}},"10":{"start":{"line":26,"column":4},"end":{"line":30,"column":5}},"11":{"start":{"line":27,"column":6},"end":{"line":29,"column":8}},"12":{"start":{"line":32,"column":4},"end":{"line":32,"column":11}},"13":{"start":{"line":40,"column":2},"end":{"line":55,"column":4}},"14":{"start":{"line":41,"column":4},"end":{"line":43,"column":5}},"15":{"start":{"line":42,"column":6},"end":{"line":42,"column":36}},"16":{"start":{"line":45,"column":28},"end":{"line":45,"column":54}},"17":{"start":{"line":46,"column":19},"end":{"line":46,"column":71}},"18":{"start":{"line":46,"column":43},"end":{"line":46,"column":70}},"19":{"start":{"line":48,"column":4},"end":{"line":52,"column":5}},"20":{"start":{"line":49,"column":6},"end":{"line":51,"column":8}},"21":{"start":{"line":54,"column":4},"end":{"line":54,"column":11}},"22":{"start":{"line":63,"column":2},"end":{"line":73,"column":4}},"23":{"start":{"line":64,"column":4},"end":{"line":66,"column":5}},"24":{"start":{"line":65,"column":6},"end":{"line":65,"column":36}},"25":{"start":{"line":68,"column":4},"end":{"line":70,"column":5}},"26":{"start":{"line":69,"column":6},"end":{"line":69,"column":52}},"27":{"start":{"line":72,"column":4},"end":{"line":72,"column":11}}},"fnMap":{"0":{"name":"requirePermission","decl":{"start":{"line":17,"column":16},"end":{"line":17,"column":33}},"loc":{"start":{"line":17,"column":58},"end":{"line":34,"column":1}}},"1":{"name":"(anonymous_1)","decl":{"start":{"line":18,"column":9},"end":{"line":18,"column":10}},"loc":{"start":{"line":18,"column":67},"end":{"line":33,"column":3}}},"2":{"name":"(anonymous_2)","decl":{"start":{"line":24,"column":37},"end":{"line":24,"column":38}},"loc":{"start":{"line":24,"column":44},"end":{"line":24,"column":71}}},"3":{"name":"requireAnyPermission","decl":{"start":{"line":39,"column":16},"end":{"line":39,"column":36}},"loc":{"start":{"line":39,"column":61},"end":{"line":56,"column":1}}},"4":{"name":"(anonymous_4)","decl":{"start":{"line":40,"column":9},"end":{"line":40,"column":10}},"loc":{"start":{"line":40,"column":67},"end":{"line":55,"column":3}}},"5":{"name":"(anonymous_5)","decl":{"start":{"line":46,"column":36},"end":{"line":46,"column":37}},"loc":{"start":{"line":46,"column":43},"end":{"line":46,"column":70}}},"6":{"name":"requireRole","decl":{"start":{"line":62,"column":16},"end":{"line":62,"column":27}},"loc":{"start":{"line":62,"column":46},"end":{"line":74,"column":1}}},"7":{"name":"(anonymous_7)","decl":{"start":{"line":63,"column":9},"end":{"line":63,"column":10}},"loc":{"start":{"line":63,"column":67},"end":{"line":73,"column":3}}}},"branchMap":{"0":{"loc":{"start":{"line":19,"column":4},"end":{"line":21,"column":5}},"type":"if","locations":[{"start":{"line":19,"column":4},"end":{"line":21,"column":5}}]},"1":{"loc":{"start":{"line":23,"column":28},"end":{"line":23,"column":54}},"type":"binary-expr","locations":[{"start":{"line":23,"column":28},"end":{"line":23,"column":48}},{"start":{"line":23,"column":52},"end":{"line":23,"column":54}}]},"2":{"loc":{"start":{"line":26,"column":4},"end":{"line":30,"column":5}},"type":"if","locations":[{"start":{"line":26,"column":4},"end":{"line":30,"column":5}}]},"3":{"loc":{"start":{"line":41,"column":4},"end":{"line":43,"column":5}},"type":"if","locations":[{"start":{"line":41,"column":4},"end":{"line":43,"column":5}}]},"4":{"loc":{"start":{"line":45,"column":28},"end":{"line":45,"column":54}},"type":"binary-expr","locations":[{"start":{"line":45,"column":28},"end":{"line":45,"column":48}},{"start":{"line":45,"column":52},"end":{"line":45,"column":54}}]},"5":{"loc":{"start":{"line":48,"column":4},"end":{"line":52,"column":5}},"type":"if","locations":[{"start":{"line":48,"column":4},"end":{"line":52,"column":5}}]},"6":{"loc":{"start":{"line":64,"column":4},"end":{"line":66,"column":5}},"type":"if","locations":[{"start":{"line":64,"column":4},"end":{"line":66,"column":5}}]},"7":{"loc":{"start":{"line":68,"column":4},"end":{"line":70,"column":5}},"type":"if","locations":[{"start":{"line":68,"column":4},"end":{"line":70,"column":5}}]}},"s":{"0":4,"1":4,"2":4,"3":4,"4":54,"5":159,"6":0,"7":159,"8":159,"9":159,"10":159,"11":10,"12":149,"13":0,"14":0,"15":0,"16":0,"17":0,"18":0,"19":0,"20":0,"21":0,"22":0,"23":0,"24":0,"25":0,"26":0,"27":0},"f":{"0":54,"1":159,"2":159,"3":0,"4":0,"5":0,"6":0,"7":0},"b":{"0":[0],"1":[159,0],"2":[10],"3":[0],"4":[0,0],"5":[0],"6":[0],"7":[0]}}
,"D:\\My Work\\Bytesved\\CA firm\\backend\\src\\middlewares\\request-logger.middleware.ts": {"path":"D:\\My Work\\Bytesved\\CA firm\\backend\\src\\middlewares\\request-logger.middleware.ts","statementMap":{"0":{"start":{"line":1,"column":0},"end":{"line":1,"column":33}},"1":{"start":{"line":2,"column":0},"end":{"line":2,"column":40}},"2":{"start":{"line":12,"column":13},"end":{"line":46,"column":3}},"3":{"start":{"line":14,"column":22},"end":{"line":14,"column":51}},"4":{"start":{"line":16,"column":4},"end":{"line":16,"column":53}},"5":{"start":{"line":16,"column":38},"end":{"line":16,"column":53}},"6":{"start":{"line":17,"column":4},"end":{"line":17,"column":45}},"7":{"start":{"line":17,"column":31},"end":{"line":17,"column":45}},"8":{"start":{"line":18,"column":4},"end":{"line":18,"column":18}},"9":{"start":{"line":21,"column":4},"end":{"line":21,"column":50}},"10":{"start":{"line":23,"column":4},"end":{"line":23,"column":67}},"11":{"start":{"line":26,"column":25},"end":{"line":26,"column":43}},"12":{"start":{"line":27,"column":6},"end":{"line":33,"column":8}},"13":{"start":{"line":36,"column":6},"end":{"line":38,"column":8}},"14":{"start":{"line":44,"column":6},"end":{"line":44,"column":74}}},"fnMap":{"0":{"name":"(anonymous_1)","decl":{"start":{"line":14,"column":12},"end":{"line":14,"column":13}},"loc":{"start":{"line":14,"column":22},"end":{"line":14,"column":51}}},"1":{"name":"(anonymous_2)","decl":{"start":{"line":15,"column":18},"end":{"line":15,"column":19}},"loc":{"start":{"line":15,"column":37},"end":{"line":19,"column":3}}},"2":{"name":"(anonymous_3)","decl":{"start":{"line":20,"column":24},"end":{"line":20,"column":25}},"loc":{"start":{"line":21,"column":4},"end":{"line":21,"column":50}}},"3":{"name":"(anonymous_4)","decl":{"start":{"line":22,"column":22},"end":{"line":22,"column":23}},"loc":{"start":{"line":23,"column":4},"end":{"line":23,"column":67}}},"4":{"name":"(anonymous_5)","decl":{"start":{"line":25,"column":4},"end":{"line":25,"column":7}},"loc":{"start":{"line":25,"column":11},"end":{"line":34,"column":5}}},"5":{"name":"(anonymous_6)","decl":{"start":{"line":35,"column":4},"end":{"line":35,"column":7}},"loc":{"start":{"line":35,"column":11},"end":{"line":39,"column":5}}},"6":{"name":"(anonymous_7)","decl":{"start":{"line":43,"column":12},"end":{"line":43,"column":13}},"loc":{"start":{"line":44,"column":6},"end":{"line":44,"column":74}}}},"branchMap":{"0":{"loc":{"start":{"line":16,"column":4},"end":{"line":16,"column":53}},"type":"if","locations":[{"start":{"line":16,"column":4},"end":{"line":16,"column":53}}]},"1":{"loc":{"start":{"line":16,"column":8},"end":{"line":16,"column":36}},"type":"binary-expr","locations":[{"start":{"line":16,"column":8},"end":{"line":16,"column":11}},{"start":{"line":16,"column":15},"end":{"line":16,"column":36}}]},"2":{"loc":{"start":{"line":17,"column":4},"end":{"line":17,"column":45}},"type":"if","locations":[{"start":{"line":17,"column":4},"end":{"line":17,"column":45}}]},"3":{"loc":{"start":{"line":44,"column":60},"end":{"line":44,"column":73}},"type":"binary-expr","locations":[{"start":{"line":44,"column":60},"end":{"line":44,"column":67}},{"start":{"line":44,"column":71},"end":{"line":44,"column":73}}]}},"s":{"0":4,"1":4,"2":4,"3":170,"4":169,"5":1,"6":168,"7":68,"8":100,"9":168,"10":1,"11":170,"12":170,"13":169,"14":170},"f":{"0":170,"1":169,"2":168,"3":1,"4":170,"5":169,"6":170},"b":{"0":[1],"1":[169,169],"2":[68],"3":[170,0]}}
,"D:\\My Work\\Bytesved\\CA firm\\backend\\src\\middlewares\\tenant.middleware.ts": {"path":"D:\\My Work\\Bytesved\\CA firm\\backend\\src\\middlewares\\tenant.middleware.ts","statementMap":{"0":{"start":{"line":17,"column":0},"end":{"line":17,"column":7}},"1":{"start":{"line":2,"column":0},"end":{"line":2,"column":42}},"2":{"start":{"line":3,"column":0},"end":{"line":3,"column":63}},"3":{"start":{"line":4,"column":0},"end":{"line":4,"column":45}},"4":{"start":{"line":5,"column":0},"end":{"line":5,"column":45}},"5":{"start":{"line":22,"column":2},"end":{"line":24,"column":3}},"6":{"start":{"line":23,"column":4},"end":{"line":23,"column":81}},"7":{"start":{"line":26,"column":23},"end":{"line":26,"column":31}},"8":{"start":{"line":29,"column":17},"end":{"line":38,"column":4}},"9":{"start":{"line":40,"column":2},"end":{"line":42,"column":3}},"10":{"start":{"line":41,"column":4},"end":{"line":41,"column":38}},"11":{"start":{"line":44,"column":19},"end":{"line":44,"column":56}},"12":{"start":{"line":46,"column":2},"end":{"line":48,"column":3}},"13":{"start":{"line":47,"column":4},"end":{"line":47,"column":55}},"14":{"start":{"line":50,"column":2},"end":{"line":56,"column":4}},"15":{"start":{"line":58,"column":2},"end":{"line":58,"column":9}}},"fnMap":{"0":{"name":"tenantMiddleware","decl":{"start":{"line":17,"column":22},"end":{"line":17,"column":38}},"loc":{"start":{"line":20,"column":20},"end":{"line":59,"column":1}}}},"branchMap":{"0":{"loc":{"start":{"line":22,"column":2},"end":{"line":24,"column":3}},"type":"if","locations":[{"start":{"line":22,"column":2},"end":{"line":24,"column":3}}]},"1":{"loc":{"start":{"line":40,"column":2},"end":{"line":42,"column":3}},"type":"if","locations":[{"start":{"line":40,"column":2},"end":{"line":42,"column":3}}]},"2":{"loc":{"start":{"line":46,"column":2},"end":{"line":48,"column":3}},"type":"if","locations":[{"start":{"line":46,"column":2},"end":{"line":48,"column":3}}]}},"s":{"0":4,"1":4,"2":4,"3":4,"4":4,"5":159,"6":0,"7":159,"8":159,"9":159,"10":0,"11":159,"12":159,"13":0,"14":159,"15":159},"f":{"0":159},"b":{"0":[0],"1":[0],"2":[0]}}
,"D:\\My Work\\Bytesved\\CA firm\\backend\\src\\middlewares\\validation.middleware.ts": {"path":"D:\\My Work\\Bytesved\\CA firm\\backend\\src\\middlewares\\validation.middleware.ts","statementMap":{"0":{"start":{"line":25,"column":0},"end":{"line":25,"column":16}},"1":{"start":{"line":2,"column":0},"end":{"line":2,"column":48}},"2":{"start":{"line":3,"column":0},"end":{"line":3,"column":49}},"3":{"start":{"line":26,"column":2},"end":{"line":50,"column":4}},"4":{"start":{"line":27,"column":4},"end":{"line":49,"column":5}},"5":{"start":{"line":28,"column":6},"end":{"line":30,"column":7}},"6":{"start":{"line":29,"column":8},"end":{"line":29,"column":59}},"7":{"start":{"line":31,"column":6},"end":{"line":33,"column":7}},"8":{"start":{"line":32,"column":8},"end":{"line":32,"column":65}},"9":{"start":{"line":34,"column":6},"end":{"line":36,"column":7}},"10":{"start":{"line":35,"column":8},"end":{"line":35,"column":62}},"11":{"start":{"line":37,"column":6},"end":{"line":37,"column":13}},"12":{"start":{"line":39,"column":6},"end":{"line":48,"column":7}},"13":{"start":{"line":40,"column":24},"end":{"line":44,"column":11}},"14":{"start":{"line":40,"column":47},"end":{"line":44,"column":10}},"15":{"start":{"line":45,"column":8},"end":{"line":45,"column":64}},"16":{"start":{"line":47,"column":8},"end":{"line":47,"column":18}},"17":{"start":{"line":56,"column":13},"end":{"line":62,"column":3}}},"fnMap":{"0":{"name":"validate","decl":{"start":{"line":25,"column":16},"end":{"line":25,"column":24}},"loc":{"start":{"line":25,"column":51},"end":{"line":51,"column":1}}},"1":{"name":"(anonymous_1)","decl":{"start":{"line":26,"column":9},"end":{"line":26,"column":14}},"loc":{"start":{"line":26,"column":82},"end":{"line":50,"column":3}}},"2":{"name":"(anonymous_2)","decl":{"start":{"line":40,"column":39},"end":{"line":40,"column":40}},"loc":{"start":{"line":40,"column":47},"end":{"line":44,"column":10}}}},"branchMap":{"0":{"loc":{"start":{"line":28,"column":6},"end":{"line":30,"column":7}},"type":"if","locations":[{"start":{"line":28,"column":6},"end":{"line":30,"column":7}}]},"1":{"loc":{"start":{"line":31,"column":6},"end":{"line":33,"column":7}},"type":"if","locations":[{"start":{"line":31,"column":6},"end":{"line":33,"column":7}}]},"2":{"loc":{"start":{"line":34,"column":6},"end":{"line":36,"column":7}},"type":"if","locations":[{"start":{"line":34,"column":6},"end":{"line":36,"column":7}}]},"3":{"loc":{"start":{"line":39,"column":6},"end":{"line":48,"column":7}},"type":"if","locations":[{"start":{"line":39,"column":6},"end":{"line":48,"column":7}},{"start":{"line":46,"column":13},"end":{"line":48,"column":7}}]}},"s":{"0":4,"1":4,"2":4,"3":49,"4":145,"5":145,"6":67,"7":139,"8":85,"9":132,"10":22,"11":129,"12":16,"13":16,"14":17,"15":16,"16":0,"17":4},"f":{"0":49,"1":145,"2":17},"b":{"0":[67],"1":[85],"2":[22],"3":[16,0]}}
,"D:\\My Work\\Bytesved\\CA firm\\backend\\src\\modules\\projects\\constants\\project.permissions.ts": {"path":"D:\\My Work\\Bytesved\\CA firm\\backend\\src\\modules\\projects\\constants\\project.permissions.ts","statementMap":{"0":{"start":{"line":1,"column":0},"end":{"line":1,"column":69}},"1":{"start":{"line":19,"column":17},"end":{"line":19,"column":44}},"2":{"start":{"line":21,"column":13},"end":{"line":29,"column":11}}},"fnMap":{},"branchMap":{},"s":{"0":2,"1":2,"2":2},"f":{},"b":{}}
,"D:\\My Work\\Bytesved\\CA firm\\backend\\src\\modules\\projects\\controller\\project.controller.ts": {"path":"D:\\My Work\\Bytesved\\CA firm\\backend\\src\\modules\\projects\\controller\\project.controller.ts","statementMap":{"0":{"start":{"line":2,"column":0},"end":{"line":2,"column":58}},"1":{"start":{"line":3,"column":0},"end":{"line":3,"column":66}},"2":{"start":{"line":4,"column":0},"end":{"line":4,"column":45}},"3":{"start":{"line":5,"column":0},"end":{"line":5,"column":60}},"4":{"start":{"line":6,"column":0},"end":{"line":6,"column":57}},"5":{"start":{"line":28,"column":18},"end":{"line":35,"column":4}},"6":{"start":{"line":29,"column":20},"end":{"line":29,"column":43}},"7":{"start":{"line":30,"column":20},"end":{"line":30,"column":77}},"8":{"start":{"line":32,"column":4},"end":{"line":34,"column":82}},"9":{"start":{"line":37,"column":18},"end":{"line":44,"column":4}},"10":{"start":{"line":38,"column":20},"end":{"line":38,"column":43}},"11":{"start":{"line":39,"column":20},"end":{"line":39,"column":92}},"12":{"start":{"line":41,"column":4},"end":{"line":43,"column":82}},"13":{"start":{"line":46,"column":24},"end":{"line":56,"column":4}},"14":{"start":{"line":47,"column":20},"end":{"line":47,"column":43}},"15":{"start":{"line":48,"column":20},"end":{"line":50,"column":null}},"16":{"start":{"line":53,"column":4},"end":{"line":55,"column":82}},"17":{"start":{"line":58,"column":19},"end":{"line":67,"column":4}},"18":{"start":{"line":59,"column":20},"end":{"line":59,"column":43}},"19":{"start":{"line":60,"column":20},"end":{"line":60,"column":63}},"20":{"start":{"line":62,"column":4},"end":{"line":66,"column":8}},"21":{"start":{"line":69,"column":19},"end":{"line":78,"column":4}},"22":{"start":{"line":70,"column":20},"end":{"line":70,"column":43}},"23":{"start":{"line":71,"column":20},"end":{"line":71,"column":63}},"24":{"start":{"line":73,"column":4},"end":{"line":77,"column":8}},"25":{"start":{"line":80,"column":18},"end":{"line":85,"column":4}},"26":{"start":{"line":81,"column":20},"end":{"line":81,"column":43}},"27":{"start":{"line":82,"column":4},"end":{"line":82,"column":47}},"28":{"start":{"line":84,"column":4},"end":{"line":84,"column":68}},"29":{"start":{"line":87,"column":19},"end":{"line":94,"column":4}},"30":{"start":{"line":88,"column":20},"end":{"line":88,"column":43}},"31":{"start":{"line":89,"column":20},"end":{"line":89,"column":63}},"32":{"start":{"line":91,"column":4},"end":{"line":93,"column":100}},"33":{"start":{"line":96,"column":21},"end":{"line":103,"column":4}},"34":{"start":{"line":97,"column":20},"end":{"line":97,"column":43}},"35":{"start":{"line":98,"column":20},"end":{"line":98,"column":67}},"36":{"start":{"line":100,"column":4},"end":{"line":102,"column":100}},"37":{"start":{"line":105,"column":16},"end":{"line":112,"column":4}},"38":{"start":{"line":106,"column":20},"end":{"line":106,"column":43}},"39":{"start":{"line":107,"column":27},"end":{"line":107,"column":99}},"40":{"start":{"line":109,"column":4},"end":{"line":111,"column":91}},"41":{"start":{"line":114,"column":23},"end":{"line":127,"column":4}},"42":{"start":{"line":115,"column":20},"end":{"line":115,"column":43}},"43":{"start":{"line":116,"column":21},"end":{"line":116,"column":75}},"44":{"start":{"line":118,"column":4},"end":{"line":126,"column":8}},"45":{"start":{"line":129,"column":24},"end":{"line":142,"column":4}},"46":{"start":{"line":130,"column":20},"end":{"line":130,"column":43}},"47":{"start":{"line":131,"column":21},"end":{"line":131,"column":77}},"48":{"start":{"line":133,"column":4},"end":{"line":141,"column":8}},"49":{"start":{"line":144,"column":22},"end":{"line":157,"column":4}},"50":{"start":{"line":145,"column":20},"end":{"line":145,"column":43}},"51":{"start":{"line":146,"column":21},"end":{"line":146,"column":55}},"52":{"start":{"line":148,"column":4},"end":{"line":156,"column":8}},"53":{"start":{"line":27,"column":0},"end":{"line":27,"column":13}}},"fnMap":{"0":{"name":"(anonymous_0)","decl":{"start":{"line":28,"column":31},"end":{"line":28,"column":36}},"loc":{"start":{"line":28,"column":84},"end":{"line":35,"column":3}}},"1":{"name":"(anonymous_1)","decl":{"start":{"line":37,"column":31},"end":{"line":37,"column":36}},"loc":{"start":{"line":37,"column":84},"end":{"line":44,"column":3}}},"2":{"name":"(anonymous_2)","decl":{"start":{"line":46,"column":37},"end":{"line":46,"column":42}},"loc":{"start":{"line":46,"column":90},"end":{"line":56,"column":3}}},"3":{"name":"(anonymous_3)","decl":{"start":{"line":58,"column":32},"end":{"line":58,"column":37}},"loc":{"start":{"line":58,"column":85},"end":{"line":67,"column":3}}},"4":{"name":"(anonymous_4)","decl":{"start":{"line":69,"column":32},"end":{"line":69,"column":37}},"loc":{"start":{"line":69,"column":85},"end":{"line":78,"column":3}}},"5":{"name":"(anonymous_5)","decl":{"start":{"line":80,"column":31},"end":{"line":80,"column":36}},"loc":{"start":{"line":80,"column":84},"end":{"line":85,"column":3}}},"6":{"name":"(anonymous_6)","decl":{"start":{"line":87,"column":32},"end":{"line":87,"column":37}},"loc":{"start":{"line":87,"column":85},"end":{"line":94,"column":3}}},"7":{"name":"(anonymous_7)","decl":{"start":{"line":96,"column":34},"end":{"line":96,"column":39}},"loc":{"start":{"line":96,"column":87},"end":{"line":103,"column":3}}},"8":{"name":"(anonymous_8)","decl":{"start":{"line":105,"column":29},"end":{"line":105,"column":34}},"loc":{"start":{"line":105,"column":82},"end":{"line":112,"column":3}}},"9":{"name":"(anonymous_9)","decl":{"start":{"line":114,"column":36},"end":{"line":114,"column":41}},"loc":{"start":{"line":114,"column":89},"end":{"line":127,"column":3}}},"10":{"name":"(anonymous_10)","decl":{"start":{"line":129,"column":37},"end":{"line":129,"column":42}},"loc":{"start":{"line":129,"column":90},"end":{"line":142,"column":3}}},"11":{"name":"(anonymous_11)","decl":{"start":{"line":144,"column":35},"end":{"line":144,"column":40}},"loc":{"start":{"line":144,"column":88},"end":{"line":157,"column":3}}}},"branchMap":{},"s":{"0":2,"1":2,"2":2,"3":2,"4":2,"5":2,"6":7,"7":7,"8":6,"9":2,"10":2,"11":2,"12":1,"13":2,"14":4,"15":4,"16":3,"17":2,"18":1,"19":1,"20":1,"21":2,"22":2,"23":2,"24":1,"25":2,"26":2,"27":2,"28":1,"29":2,"30":6,"31":6,"32":3,"33":2,"34":1,"35":1,"36":1,"37":2,"38":3,"39":3,"40":3,"41":2,"42":0,"43":0,"44":0,"45":2,"46":0,"47":0,"48":0,"49":2,"50":0,"51":0,"52":0,"53":2},"f":{"0":7,"1":2,"2":4,"3":1,"4":2,"5":2,"6":6,"7":1,"8":3,"9":0,"10":0,"11":0},"b":{}}
,"D:\\My Work\\Bytesved\\CA firm\\backend\\src\\modules\\projects\\mapper\\project.mapper.ts": {"path":"D:\\My Work\\Bytesved\\CA firm\\backend\\src\\modules\\projects\\mapper\\project.mapper.ts","statementMap":{"0":{"start":{"line":1,"column":0},"end":{"line":1,"column":56}},"1":{"start":{"line":4,"column":43},"end":{"line":8,"column":2}},"2":{"start":{"line":18,"column":6},"end":{"line":20,"column":49}},"3":{"start":{"line":22,"column":4},"end":{"line":36,"column":6}},"4":{"start":{"line":40,"column":4},"end":{"line":40,"column":66}},"5":{"start":{"line":40,"column":37},"end":{"line":40,"column":64}},"6":{"start":{"line":15,"column":0},"end":{"line":15,"column":13}}},"fnMap":{"0":{"name":"(anonymous_0)","decl":{"start":{"line":16,"column":2},"end":{"line":16,"column":8}},"loc":{"start":{"line":16,"column":39},"end":{"line":37,"column":3}}},"1":{"name":"(anonymous_1)","decl":{"start":{"line":39,"column":2},"end":{"line":39,"column":8}},"loc":{"start":{"line":39,"column":46},"end":{"line":41,"column":3}}},"2":{"name":"(anonymous_2)","decl":{"start":{"line":40,"column":24},"end":{"line":40,"column":25}},"loc":{"start":{"line":40,"column":37},"end":{"line":40,"column":64}}}},"branchMap":{"0":{"loc":{"start":{"line":18,"column":6},"end":{"line":20,"column":49}},"type":"binary-expr","locations":[{"start":{"line":18,"column":6},"end":{"line":18,"column":23}},{"start":{"line":19,"column":6},"end":{"line":19,"column":44}},{"start":{"line":20,"column":6},"end":{"line":20,"column":49}}]},"1":{"loc":{"start":{"line":29,"column":17},"end":{"line":29,"column":75}},"type":"cond-expr","locations":[{"start":{"line":29,"column":37},"end":{"line":29,"column":68}},{"start":{"line":29,"column":71},"end":{"line":29,"column":75}}]},"2":{"loc":{"start":{"line":30,"column":15},"end":{"line":30,"column":69}},"type":"cond-expr","locations":[{"start":{"line":30,"column":33},"end":{"line":30,"column":62}},{"start":{"line":30,"column":65},"end":{"line":30,"column":69}}]},"3":{"loc":{"start":{"line":31,"column":19},"end":{"line":31,"column":81}},"type":"cond-expr","locations":[{"start":{"line":31,"column":41},"end":{"line":31,"column":74}},{"start":{"line":31,"column":77},"end":{"line":31,"column":81}}]},"4":{"loc":{"start":{"line":32,"column":18},"end":{"line":32,"column":78}},"type":"cond-expr","locations":[{"start":{"line":32,"column":39},"end":{"line":32,"column":71}},{"start":{"line":32,"column":74},"end":{"line":32,"column":78}}]}},"s":{"0":2,"1":2,"2":19,"3":19,"4":3,"5":3,"6":2},"f":{"0":19,"1":3,"2":3},"b":{"0":[19,0,0],"1":[0,19],"2":[0,19],"3":[2,17],"4":[1,18]}}
,"D:\\My Work\\Bytesved\\CA firm\\backend\\src\\modules\\projects\\repository\\project.repository.ts": {"path":"D:\\My Work\\Bytesved\\CA firm\\backend\\src\\modules\\projects\\repository\\project.repository.ts","statementMap":{"0":{"start":{"line":1,"column":0},"end":{"line":1,"column":78}},"1":{"start":{"line":2,"column":0},"end":{"line":2,"column":81}},"2":{"start":{"line":33,"column":4},"end":{"line":33,"column":34}},"3":{"start":{"line":40,"column":4},"end":{"line":40,"column":45}},"4":{"start":{"line":47,"column":4},"end":{"line":47,"column":82}},"5":{"start":{"line":57,"column":4},"end":{"line":57,"column":64}},"6":{"start":{"line":64,"column":4},"end":{"line":74,"column":6}},"7":{"start":{"line":87,"column":44},"end":{"line":87,"column":46}},"8":{"start":{"line":89,"column":4},"end":{"line":89,"column":54}},"9":{"start":{"line":89,"column":24},"end":{"line":89,"column":54}},"10":{"start":{"line":90,"column":4},"end":{"line":90,"column":60}},"11":{"start":{"line":90,"column":26},"end":{"line":90,"column":60}},"12":{"start":{"line":91,"column":4},"end":{"line":91,"column":63}},"13":{"start":{"line":91,"column":27},"end":{"line":91,"column":63}},"14":{"start":{"line":93,"column":4},"end":{"line":98,"column":5}},"15":{"start":{"line":94,"column":6},"end":{"line":97,"column":8}},"16":{"start":{"line":100,"column":4},"end":{"line":105,"column":5}},"17":{"start":{"line":101,"column":6},"end":{"line":104,"column":8}},"18":{"start":{"line":107,"column":4},"end":{"line":107,"column":53}},"19":{"start":{"line":31,"column":0},"end":{"line":31,"column":13}}},"fnMap":{"0":{"name":"(anonymous_0)","decl":{"start":{"line":32,"column":2},"end":{"line":32,"column":14}},"loc":{"start":{"line":32,"column":34},"end":{"line":34,"column":3}}},"1":{"name":"(anonymous_1)","decl":{"start":{"line":39,"column":2},"end":{"line":39,"column":7}},"loc":{"start":{"line":39,"column":64},"end":{"line":41,"column":3}}},"2":{"name":"(anonymous_2)","decl":{"start":{"line":46,"column":2},"end":{"line":46,"column":7}},"loc":{"start":{"line":46,"column":70},"end":{"line":48,"column":3}}},"3":{"name":"(anonymous_3)","decl":{"start":{"line":53,"column":2},"end":{"line":53,"column":7}},"loc":{"start":{"line":55,"column":35},"end":{"line":58,"column":3}}},"4":{"name":"(anonymous_4)","decl":{"start":{"line":63,"column":2},"end":{"line":63,"column":7}},"loc":{"start":{"line":63,"column":51},"end":{"line":75,"column":3}}},"5":{"name":"(anonymous_5)","decl":{"start":{"line":82,"column":2},"end":{"line":82,"column":7}},"loc":{"start":{"line":85,"column":35},"end":{"line":108,"column":3}}}},"branchMap":{"0":{"loc":{"start":{"line":39,"column":33},"end":{"line":39,"column":64}},"type":"default-arg","locations":[{"start":{"line":39,"column":62},"end":{"line":39,"column":64}}]},"1":{"loc":{"start":{"line":46,"column":39},"end":{"line":46,"column":70}},"type":"default-arg","locations":[{"start":{"line":46,"column":68},"end":{"line":46,"column":70}}]},"2":{"loc":{"start":{"line":55,"column":4},"end":{"line":55,"column":35}},"type":"default-arg","locations":[{"start":{"line":55,"column":33},"end":{"line":55,"column":35}}]},"3":{"loc":{"start":{"line":63,"column":20},"end":{"line":63,"column":51}},"type":"default-arg","locations":[{"start":{"line":63,"column":49},"end":{"line":63,"column":51}}]},"4":{"loc":{"start":{"line":85,"column":4},"end":{"line":85,"column":35}},"type":"default-arg","locations":[{"start":{"line":85,"column":33},"end":{"line":85,"column":35}}]},"5":{"loc":{"start":{"line":89,"column":4},"end":{"line":89,"column":54}},"type":"if","locations":[{"start":{"line":89,"column":4},"end":{"line":89,"column":54}}]},"6":{"loc":{"start":{"line":90,"column":4},"end":{"line":90,"column":60}},"type":"if","locations":[{"start":{"line":90,"column":4},"end":{"line":90,"column":60}}]},"7":{"loc":{"start":{"line":91,"column":4},"end":{"line":91,"column":63}},"type":"if","locations":[{"start":{"line":91,"column":4},"end":{"line":91,"column":63}}]},"8":{"loc":{"start":{"line":93,"column":4},"end":{"line":98,"column":5}},"type":"if","locations":[{"start":{"line":93,"column":4},"end":{"line":98,"column":5}}]},"9":{"loc":{"start":{"line":93,"column":8},"end":{"line":93,"column":45}},"type":"binary-expr","locations":[{"start":{"line":93,"column":8},"end":{"line":93,"column":25}},{"start":{"line":93,"column":29},"end":{"line":93,"column":45}}]},"10":{"loc":{"start":{"line":95,"column":12},"end":{"line":95,"column":59}},"type":"binary-expr","locations":[{"start":{"line":95,"column":12},"end":{"line":95,"column":29}},{"start":{"line":95,"column":33},"end":{"line":95,"column":59}}]},"11":{"loc":{"start":{"line":96,"column":12},"end":{"line":96,"column":57}},"type":"binary-expr","locations":[{"start":{"line":96,"column":12},"end":{"line":96,"column":28}},{"start":{"line":96,"column":32},"end":{"line":96,"column":57}}]},"12":{"loc":{"start":{"line":100,"column":4},"end":{"line":105,"column":5}},"type":"if","locations":[{"start":{"line":100,"column":4},"end":{"line":105,"column":5}}]}},"s":{"0":3,"1":3,"2":28,"3":8,"4":0,"5":0,"6":0,"7":3,"8":3,"9":0,"10":3,"11":0,"12":3,"13":0,"14":3,"15":0,"16":3,"17":2,"18":3,"19":3},"f":{"0":28,"1":8,"2":0,"3":0,"4":0,"5":3},"b":{"0":[0],"1":[0],"2":[0],"3":[0],"4":[0],"5":[0],"6":[0],"7":[0],"8":[0],"9":[3,3],"10":[0,0],"11":[0,0],"12":[2]}}
,"D:\\My Work\\Bytesved\\CA firm\\backend\\src\\modules\\projects\\routes\\project.routes.ts": {"path":"D:\\My Work\\Bytesved\\CA firm\\backend\\src\\modules\\projects\\routes\\project.routes.ts","statementMap":{"0":{"start":{"line":1,"column":0},"end":{"line":1,"column":33}},"1":{"start":{"line":2,"column":0},"end":{"line":2,"column":62}},"2":{"start":{"line":3,"column":0},"end":{"line":3,"column":66}},"3":{"start":{"line":4,"column":0},"end":{"line":4,"column":71}},"4":{"start":{"line":5,"column":0},"end":{"line":5,"column":62}},"5":{"start":{"line":6,"column":0},"end":{"line":6,"column":69}},"6":{"start":{"line":7,"column":0},"end":{"line":7,"column":71}},"7":{"start":{"line":8,"column":0},"end":{"line":8,"column":null}},"8":{"start":{"line":37,"column":15},"end":{"line":37,"column":23}},"9":{"start":{"line":276,"column":0},"end":{"line":283,"column":2}},"10":{"start":{"line":349,"column":0},"end":{"line":356,"column":2}},"11":{"start":{"line":385,"column":0},"end":{"line":391,"column":2}},"12":{"start":{"line":430,"column":0},"end":{"line":437,"column":2}},"13":{"start":{"line":476,"column":0},"end":{"line":483,"column":2}},"14":{"start":{"line":522,"column":0},"end":{"line":529,"column":2}},"15":{"start":{"line":571,"column":0},"end":{"line":578,"column":2}},"16":{"start":{"line":632,"column":0},"end":{"line":639,"column":2}},"17":{"start":{"line":695,"column":0},"end":{"line":702,"column":2}},"18":{"start":{"line":747,"column":0},"end":{"line":754,"column":2}},"19":{"start":{"line":799,"column":0},"end":{"line":806,"column":2}},"20":{"start":{"line":851,"column":0},"end":{"line":858,"column":2}},"21":{"start":{"line":860,"column":0},"end":{"line":860,"column":22}}},"fnMap":{},"branchMap":{},"s":{"0":2,"1":2,"2":2,"3":2,"4":2,"5":2,"6":2,"7":2,"8":2,"9":2,"10":2,"11":2,"12":2,"13":2,"14":2,"15":2,"16":2,"17":2,"18":2,"19":2,"20":2,"21":2},"f":{},"b":{}}
,"D:\\My Work\\Bytesved\\CA firm\\backend\\src\\modules\\projects\\schemas\\project.schema.ts": {"path":"D:\\My Work\\Bytesved\\CA firm\\backend\\src\\modules\\projects\\schemas\\project.schema.ts","statementMap":{"0":{"start":{"line":1,"column":0},"end":{"line":1,"column":24}},"1":{"start":{"line":2,"column":0},"end":{"line":2,"column":47}},"2":{"start":{"line":3,"column":0},"end":{"line":3,"column":60}},"3":{"start":{"line":19,"column":13},"end":{"line":19,"column":52}},"4":{"start":{"line":22,"column":20},"end":{"line":27,"column":97}},"5":{"start":{"line":29,"column":20},"end":{"line":33,"column":48}},"6":{"start":{"line":37,"column":13},"end":{"line":44,"column":3}},"7":{"start":{"line":48,"column":13},"end":{"line":53,"column":3}},"8":{"start":{"line":57,"column":13},"end":{"line":60,"column":3}},"9":{"start":{"line":64,"column":13},"end":{"line":64,"column":59}},"10":{"start":{"line":65,"column":13},"end":{"line":65,"column":91}},"11":{"start":{"line":66,"column":13},"end":{"line":66,"column":64}},"12":{"start":{"line":67,"column":13},"end":{"line":67,"column":66}},"13":{"start":{"line":71,"column":13},"end":{"line":77,"column":3}}},"fnMap":{},"branchMap":{},"s":{"0":2,"1":2,"2":2,"3":2,"4":2,"5":2,"6":2,"7":2,"8":2,"9":2,"10":2,"11":2,"12":2,"13":2},"f":{},"b":{}}
,"D:\\My Work\\Bytesved\\CA firm\\backend\\src\\modules\\projects\\service\\project.service.ts": {"path":"D:\\My Work\\Bytesved\\CA firm\\backend\\src\\modules\\projects\\service\\project.service.ts","statementMap":{"0":{"start":{"line":2,"column":0},"end":{"line":2,"column":56}},"1":{"start":{"line":3,"column":0},"end":{"line":3,"column":42}},"2":{"start":{"line":4,"column":0},"end":{"line":4,"column":43}},"3":{"start":{"line":5,"column":0},"end":{"line":5,"column":64}},"4":{"start":{"line":7,"column":0},"end":{"line":7,"column":69}},"5":{"start":{"line":21,"column":77},"end":{"line":27,"column":2}},"6":{"start":{"line":30,"column":50},"end":{"line":30,"column":98}},"7":{"start":{"line":33,"column":44},"end":{"line":37,"column":2}},"8":{"start":{"line":57,"column":4},"end":{"line":57,"column":15}},"9":{"start":{"line":55,"column":21},"end":{"line":55,"column":60}},"10":{"start":{"line":68,"column":4},"end":{"line":70,"column":5}},"11":{"start":{"line":69,"column":6},"end":{"line":69,"column":71}},"12":{"start":{"line":74,"column":4},"end":{"line":76,"column":5}},"13":{"start":{"line":75,"column":6},"end":{"line":75,"column":88}},"14":{"start":{"line":78,"column":20},"end":{"line":78,"column":54}},"15":{"start":{"line":79,"column":4},"end":{"line":81,"column":5}},"16":{"start":{"line":80,"column":6},"end":{"line":80,"column":87}},"17":{"start":{"line":83,"column":4},"end":{"line":85,"column":5}},"18":{"start":{"line":84,"column":6},"end":{"line":84,"column":86}},"19":{"start":{"line":93,"column":4},"end":{"line":93,"column":58}},"20":{"start":{"line":95,"column":25},"end":{"line":97,"column":6}},"21":{"start":{"line":98,"column":4},"end":{"line":100,"column":5}},"22":{"start":{"line":99,"column":6},"end":{"line":99,"column":83}},"23":{"start":{"line":102,"column":4},"end":{"line":102,"column":85}},"24":{"start":{"line":106,"column":20},"end":{"line":117,"column":null}},"25":{"start":{"line":121,"column":4},"end":{"line":121,"column":19}},"26":{"start":{"line":125,"column":21},"end":{"line":125,"column":91}},"27":{"start":{"line":126,"column":4},"end":{"line":126,"column":45}},"28":{"start":{"line":128,"column":4},"end":{"line":130,"column":5}},"29":{"start":{"line":129,"column":6},"end":{"line":129,"column":88}},"30":{"start":{"line":132,"column":26},"end":{"line":132,"column":90}},"31":{"start":{"line":133,"column":24},"end":{"line":133,"column":82}},"32":{"start":{"line":134,"column":4},"end":{"line":134,"column":58}},"33":{"start":{"line":136,"column":4},"end":{"line":136,"column":60}},"34":{"start":{"line":138,"column":4},"end":{"line":138,"column":79}},"35":{"start":{"line":146,"column":21},"end":{"line":146,"column":91}},"36":{"start":{"line":147,"column":4},"end":{"line":147,"column":45}},"37":{"start":{"line":149,"column":4},"end":{"line":151,"column":5}},"38":{"start":{"line":150,"column":6},"end":{"line":150,"column":91}},"39":{"start":{"line":153,"column":4},"end":{"line":153,"column":72}},"40":{"start":{"line":155,"column":71},"end":{"line":155,"column":93}},"41":{"start":{"line":156,"column":4},"end":{"line":161,"column":5}},"42":{"start":{"line":157,"column":6},"end":{"line":157,"column":36}},"43":{"start":{"line":158,"column":11},"end":{"line":161,"column":5}},"44":{"start":{"line":160,"column":6},"end":{"line":160,"column":30}},"45":{"start":{"line":163,"column":4},"end":{"line":166,"column":6}},"46":{"start":{"line":171,"column":20},"end":{"line":171,"column":94}},"47":{"start":{"line":175,"column":4},"end":{"line":175,"column":19}},"48":{"start":{"line":179,"column":21},"end":{"line":179,"column":91}},"49":{"start":{"line":180,"column":4},"end":{"line":180,"column":45}},"50":{"start":{"line":182,"column":4},"end":{"line":184,"column":5}},"51":{"start":{"line":183,"column":6},"end":{"line":183,"column":74}},"52":{"start":{"line":186,"column":4},"end":{"line":186,"column":61}},"53":{"start":{"line":190,"column":21},"end":{"line":193,"column":null}},"54":{"start":{"line":197,"column":4},"end":{"line":197,"column":20}},"55":{"start":{"line":205,"column":21},"end":{"line":205,"column":91}},"56":{"start":{"line":206,"column":4},"end":{"line":206,"column":45}},"57":{"start":{"line":208,"column":4},"end":{"line":210,"column":5}},"58":{"start":{"line":209,"column":6},"end":{"line":209,"column":92}},"59":{"start":{"line":212,"column":4},"end":{"line":212,"column":60}},"60":{"start":{"line":216,"column":4},"end":{"line":216,"column":94}},"61":{"start":{"line":222,"column":21},"end":{"line":225,"column":6}},"62":{"start":{"line":226,"column":4},"end":{"line":226,"column":45}},"63":{"start":{"line":228,"column":4},"end":{"line":230,"column":5}},"64":{"start":{"line":229,"column":6},"end":{"line":229,"column":57}},"65":{"start":{"line":232,"column":4},"end":{"line":232,"column":61}},"66":{"start":{"line":234,"column":4},"end":{"line":234,"column":74}},"67":{"start":{"line":236,"column":21},"end":{"line":236,"column":91}},"68":{"start":{"line":237,"column":4},"end":{"line":237,"column":45}},"69":{"start":{"line":238,"column":4},"end":{"line":238,"column":20}},"70":{"start":{"line":246,"column":20},"end":{"line":246,"column":90}},"71":{"start":{"line":247,"column":4},"end":{"line":247,"column":44}},"72":{"start":{"line":248,"column":4},"end":{"line":248,"column":19}},"73":{"start":{"line":252,"column":20},"end":{"line":252,"column":94}},"74":{"start":{"line":253,"column":4},"end":{"line":253,"column":44}},"75":{"start":{"line":254,"column":4},"end":{"line":254,"column":19}},"76":{"start":{"line":258,"column":4},"end":{"line":274,"column":6}},"77":{"start":{"line":278,"column":4},"end":{"line":278,"column":86}},"78":{"start":{"line":282,"column":4},"end":{"line":287,"column":6}},"79":{"start":{"line":291,"column":4},"end":{"line":291,"column":75}},"80":{"start":{"line":52,"column":0},"end":{"line":52,"column":13}}},"fnMap":{"0":{"name":"(anonymous_0)","decl":{"start":{"line":53,"column":2},"end":{"line":53,"column":null}},"loc":{"start":{"line":55,"column":89},"end":{"line":58,"column":3}}},"1":{"name":"(anonymous_1)","decl":{"start":{"line":67,"column":10},"end":{"line":67,"column":30}},"loc":{"start":{"line":67,"column":77},"end":{"line":71,"column":3}}},"2":{"name":"(anonymous_2)","decl":{"start":{"line":73,"column":10},"end":{"line":73,"column":31}},"loc":{"start":{"line":73,"column":92},"end":{"line":86,"column":3}}},"3":{"name":"(anonymous_3)","decl":{"start":{"line":92,"column":2},"end":{"line":92,"column":7}},"loc":{"start":{"line":92,"column":43},"end":{"line":122,"column":3}}},"4":{"name":"(anonymous_4)","decl":{"start":{"line":124,"column":2},"end":{"line":124,"column":7}},"loc":{"start":{"line":124,"column":55},"end":{"line":139,"column":3}}},"5":{"name":"(anonymous_5)","decl":{"start":{"line":145,"column":2},"end":{"line":145,"column":7}},"loc":{"start":{"line":145,"column":67},"end":{"line":176,"column":3}}},"6":{"name":"(anonymous_6)","decl":{"start":{"line":178,"column":2},"end":{"line":178,"column":7}},"loc":{"start":{"line":178,"column":33},"end":{"line":198,"column":3}}},"7":{"name":"(anonymous_7)","decl":{"start":{"line":204,"column":2},"end":{"line":204,"column":7}},"loc":{"start":{"line":204,"column":32},"end":{"line":219,"column":3}}},"8":{"name":"(anonymous_8)","decl":{"start":{"line":221,"column":2},"end":{"line":221,"column":7}},"loc":{"start":{"line":221,"column":33},"end":{"line":239,"column":3}}},"9":{"name":"(anonymous_9)","decl":{"start":{"line":245,"column":2},"end":{"line":245,"column":7}},"loc":{"start":{"line":245,"column":33},"end":{"line":249,"column":3}}},"10":{"name":"(anonymous_10)","decl":{"start":{"line":251,"column":2},"end":{"line":251,"column":7}},"loc":{"start":{"line":251,"column":37},"end":{"line":255,"column":3}}},"11":{"name":"(anonymous_11)","decl":{"start":{"line":257,"column":2},"end":{"line":257,"column":7}},"loc":{"start":{"line":257,"column":48},"end":{"line":275,"column":3}}},"12":{"name":"(anonymous_12)","decl":{"start":{"line":277,"column":2},"end":{"line":277,"column":7}},"loc":{"start":{"line":277,"column":44},"end":{"line":279,"column":3}}},"13":{"name":"(anonymous_13)","decl":{"start":{"line":281,"column":2},"end":{"line":281,"column":7}},"loc":{"start":{"line":281,"column":46},"end":{"line":288,"column":3}}},"14":{"name":"(anonymous_14)","decl":{"start":{"line":290,"column":2},"end":{"line":290,"column":7}},"loc":{"start":{"line":290,"column":26},"end":{"line":292,"column":3}}}},"branchMap":{"0":{"loc":{"start":{"line":55,"column":21},"end":{"line":55,"column":89}},"type":"default-arg","locations":[{"start":{"line":55,"column":60},"end":{"line":55,"column":89}}]},"1":{"loc":{"start":{"line":68,"column":4},"end":{"line":70,"column":5}},"type":"if","locations":[{"start":{"line":68,"column":4},"end":{"line":70,"column":5}}]},"2":{"loc":{"start":{"line":68,"column":8},"end":{"line":68,"column":71}},"type":"binary-expr","locations":[{"start":{"line":68,"column":8},"end":{"line":68,"column":17}},{"start":{"line":68,"column":21},"end":{"line":68,"column":28}},{"start":{"line":68,"column":32},"end":{"line":68,"column":71}}]},"3":{"loc":{"start":{"line":74,"column":4},"end":{"line":76,"column":5}},"type":"if","locations":[{"start":{"line":74,"column":4},"end":{"line":76,"column":5}}]},"4":{"loc":{"start":{"line":78,"column":20},"end":{"line":78,"column":54}},"type":"binary-expr","locations":[{"start":{"line":78,"column":20},"end":{"line":78,"column":48}},{"start":{"line":78,"column":52},"end":{"line":78,"column":54}}]},"5":{"loc":{"start":{"line":79,"column":4},"end":{"line":81,"column":5}},"type":"if","locations":[{"start":{"line":79,"column":4},"end":{"line":81,"column":5}}]},"6":{"loc":{"start":{"line":83,"column":4},"end":{"line":85,"column":5}},"type":"if","locations":[{"start":{"line":83,"column":4},"end":{"line":85,"column":5}}]},"7":{"loc":{"start":{"line":83,"column":8},"end":{"line":83,"column":58}},"type":"binary-expr","locations":[{"start":{"line":83,"column":8},"end":{"line":83,"column":47}},{"start":{"line":83,"column":51},"end":{"line":83,"column":58}}]},"8":{"loc":{"start":{"line":98,"column":4},"end":{"line":100,"column":5}},"type":"if","locations":[{"start":{"line":98,"column":4},"end":{"line":100,"column":5}}]},"9":{"loc":{"start":{"line":109,"column":19},"end":{"line":109,"column":40}},"type":"binary-expr","locations":[{"start":{"line":109,"column":19},"end":{"line":109,"column":32}},{"start":{"line":109,"column":36},"end":{"line":109,"column":40}}]},"10":{"loc":{"start":{"line":112,"column":19},"end":{"line":112,"column":40}},"type":"binary-expr","locations":[{"start":{"line":112,"column":19},"end":{"line":112,"column":32}},{"start":{"line":112,"column":36},"end":{"line":112,"column":40}}]},"11":{"loc":{"start":{"line":113,"column":17},"end":{"line":113,"column":36}},"type":"binary-expr","locations":[{"start":{"line":113,"column":17},"end":{"line":113,"column":28}},{"start":{"line":113,"column":32},"end":{"line":113,"column":36}}]},"12":{"loc":{"start":{"line":115,"column":19},"end":{"line":115,"column":38}},"type":"binary-expr","locations":[{"start":{"line":115,"column":19},"end":{"line":115,"column":30}},{"start":{"line":115,"column":34},"end":{"line":115,"column":38}}]},"13":{"loc":{"start":{"line":128,"column":4},"end":{"line":130,"column":5}},"type":"if","locations":[{"start":{"line":128,"column":4},"end":{"line":130,"column":5}}]},"14":{"loc":{"start":{"line":132,"column":26},"end":{"line":132,"column":90}},"type":"cond-expr","locations":[{"start":{"line":132,"column":56},"end":{"line":132,"column":69}},{"start":{"line":132,"column":72},"end":{"line":132,"column":90}}]},"15":{"loc":{"start":{"line":133,"column":24},"end":{"line":133,"column":82}},"type":"cond-expr","locations":[{"start":{"line":133,"column":52},"end":{"line":133,"column":63}},{"start":{"line":133,"column":66},"end":{"line":133,"column":82}}]},"16":{"loc":{"start":{"line":149,"column":4},"end":{"line":151,"column":5}},"type":"if","locations":[{"start":{"line":149,"column":4},"end":{"line":151,"column":5}}]},"17":{"loc":{"start":{"line":156,"column":4},"end":{"line":161,"column":5}},"type":"if","locations":[{"start":{"line":156,"column":4},"end":{"line":161,"column":5}},{"start":{"line":158,"column":11},"end":{"line":161,"column":5}}]},"18":{"loc":{"start":{"line":158,"column":11},"end":{"line":161,"column":5}},"type":"if","locations":[{"start":{"line":158,"column":11},"end":{"line":161,"column":5}}]},"19":{"loc":{"start":{"line":182,"column":4},"end":{"line":184,"column":5}},"type":"if","locations":[{"start":{"line":182,"column":4},"end":{"line":184,"column":5}}]},"20":{"loc":{"start":{"line":208,"column":4},"end":{"line":210,"column":5}},"type":"if","locations":[{"start":{"line":208,"column":4},"end":{"line":210,"column":5}}]},"21":{"loc":{"start":{"line":228,"column":4},"end":{"line":230,"column":5}},"type":"if","locations":[{"start":{"line":228,"column":4},"end":{"line":230,"column":5}}]}},"s":{"0":3,"1":3,"2":3,"3":3,"4":3,"5":3,"6":3,"7":3,"8":50,"9":50,"10":11,"11":1,"12":7,"13":0,"14":7,"15":7,"16":2,"17":5,"18":1,"19":10,"20":9,"21":9,"22":2,"23":7,"24":7,"25":7,"26":2,"27":2,"28":2,"29":1,"30":1,"31":1,"32":1,"33":1,"34":1,"35":8,"36":8,"37":8,"38":1,"39":7,"40":4,"41":4,"42":2,"43":2,"44":0,"45":4,"46":4,"47":4,"48":4,"49":4,"50":3,"51":1,"52":2,"53":2,"54":2,"55":8,"56":8,"57":7,"58":5,"59":2,"60":2,"61":5,"62":5,"63":4,"64":2,"65":2,"66":2,"67":2,"68":2,"69":2,"70":8,"71":8,"72":4,"73":1,"74":1,"75":1,"76":4,"77":0,"78":0,"79":0,"80":3},"f":{"0":50,"1":11,"2":7,"3":10,"4":2,"5":8,"6":4,"7":8,"8":5,"9":8,"10":1,"11":4,"12":0,"13":0,"14":0},"b":{"0":[28],"1":[1],"2":[11,1,1],"3":[0],"4":[7,0],"5":[2],"6":[1],"7":[5,1],"8":[2],"9":[7,7],"10":[7,7],"11":[7,7],"12":[7,0],"13":[1],"14":[0,1],"15":[0,1],"16":[1],"17":[2,2],"18":[0],"19":[1],"20":[5],"21":[2]}}
,"D:\\My Work\\Bytesved\\CA firm\\backend\\src\\modules\\tasks\\constants\\task.permissions.ts": {"path":"D:\\My Work\\Bytesved\\CA firm\\backend\\src\\modules\\tasks\\constants\\task.permissions.ts","statementMap":{"0":{"start":{"line":1,"column":0},"end":{"line":1,"column":69}},"1":{"start":{"line":20,"column":17},"end":{"line":20,"column":41}},"2":{"start":{"line":22,"column":13},"end":{"line":30,"column":11}}},"fnMap":{},"branchMap":{},"s":{"0":3,"1":3,"2":3},"f":{},"b":{}}
,"D:\\My Work\\Bytesved\\CA firm\\backend\\src\\modules\\tasks\\controller\\task.controller.ts": {"path":"D:\\My Work\\Bytesved\\CA firm\\backend\\src\\modules\\tasks\\controller\\task.controller.ts","statementMap":{"0":{"start":{"line":2,"column":0},"end":{"line":2,"column":58}},"1":{"start":{"line":3,"column":0},"end":{"line":3,"column":66}},"2":{"start":{"line":4,"column":0},"end":{"line":4,"column":45}},"3":{"start":{"line":5,"column":0},"end":{"line":5,"column":54}},"4":{"start":{"line":6,"column":0},"end":{"line":6,"column":51}},"5":{"start":{"line":28,"column":18},"end":{"line":35,"column":4}},"6":{"start":{"line":29,"column":20},"end":{"line":29,"column":40}},"7":{"start":{"line":30,"column":17},"end":{"line":30,"column":68}},"8":{"start":{"line":32,"column":4},"end":{"line":34,"column":76}},"9":{"start":{"line":37,"column":18},"end":{"line":44,"column":4}},"10":{"start":{"line":38,"column":20},"end":{"line":38,"column":40}},"11":{"start":{"line":39,"column":17},"end":{"line":39,"column":83}},"12":{"start":{"line":41,"column":4},"end":{"line":43,"column":76}},"13":{"start":{"line":46,"column":24},"end":{"line":53,"column":4}},"14":{"start":{"line":47,"column":20},"end":{"line":47,"column":40}},"15":{"start":{"line":48,"column":17},"end":{"line":48,"column":95}},"16":{"start":{"line":50,"column":4},"end":{"line":52,"column":76}},"17":{"start":{"line":55,"column":18},"end":{"line":60,"column":4}},"18":{"start":{"line":56,"column":20},"end":{"line":56,"column":40}},"19":{"start":{"line":57,"column":4},"end":{"line":57,"column":44}},"20":{"start":{"line":59,"column":4},"end":{"line":59,"column":68}},"21":{"start":{"line":62,"column":19},"end":{"line":69,"column":4}},"22":{"start":{"line":63,"column":20},"end":{"line":63,"column":40}},"23":{"start":{"line":64,"column":17},"end":{"line":64,"column":57}},"24":{"start":{"line":66,"column":4},"end":{"line":68,"column":95}},"25":{"start":{"line":71,"column":19},"end":{"line":78,"column":4}},"26":{"start":{"line":72,"column":20},"end":{"line":72,"column":40}},"27":{"start":{"line":73,"column":17},"end":{"line":73,"column":57}},"28":{"start":{"line":75,"column":4},"end":{"line":77,"column":94}},"29":{"start":{"line":80,"column":16},"end":{"line":87,"column":4}},"30":{"start":{"line":81,"column":20},"end":{"line":81,"column":40}},"31":{"start":{"line":82,"column":27},"end":{"line":82,"column":93}},"32":{"start":{"line":84,"column":4},"end":{"line":86,"column":88}},"33":{"start":{"line":89,"column":24},"end":{"line":98,"column":4}},"34":{"start":{"line":90,"column":20},"end":{"line":90,"column":40}},"35":{"start":{"line":91,"column":18},"end":{"line":91,"column":71}},"36":{"start":{"line":93,"column":4},"end":{"line":97,"column":8}},"37":{"start":{"line":100,"column":25},"end":{"line":109,"column":4}},"38":{"start":{"line":101,"column":20},"end":{"line":101,"column":40}},"39":{"start":{"line":102,"column":18},"end":{"line":102,"column":73}},"40":{"start":{"line":104,"column":4},"end":{"line":108,"column":8}},"41":{"start":{"line":111,"column":22},"end":{"line":120,"column":4}},"42":{"start":{"line":112,"column":20},"end":{"line":112,"column":40}},"43":{"start":{"line":113,"column":18},"end":{"line":113,"column":49}},"44":{"start":{"line":115,"column":4},"end":{"line":119,"column":8}},"45":{"start":{"line":27,"column":0},"end":{"line":27,"column":13}}},"fnMap":{"0":{"name":"(anonymous_0)","decl":{"start":{"line":28,"column":31},"end":{"line":28,"column":36}},"loc":{"start":{"line":28,"column":84},"end":{"line":35,"column":3}}},"1":{"name":"(anonymous_1)","decl":{"start":{"line":37,"column":31},"end":{"line":37,"column":36}},"loc":{"start":{"line":37,"column":84},"end":{"line":44,"column":3}}},"2":{"name":"(anonymous_2)","decl":{"start":{"line":46,"column":37},"end":{"line":46,"column":42}},"loc":{"start":{"line":46,"column":90},"end":{"line":53,"column":3}}},"3":{"name":"(anonymous_3)","decl":{"start":{"line":55,"column":31},"end":{"line":55,"column":36}},"loc":{"start":{"line":55,"column":84},"end":{"line":60,"column":3}}},"4":{"name":"(anonymous_4)","decl":{"start":{"line":62,"column":32},"end":{"line":62,"column":37}},"loc":{"start":{"line":62,"column":85},"end":{"line":69,"column":3}}},"5":{"name":"(anonymous_5)","decl":{"start":{"line":71,"column":32},"end":{"line":71,"column":37}},"loc":{"start":{"line":71,"column":85},"end":{"line":78,"column":3}}},"6":{"name":"(anonymous_6)","decl":{"start":{"line":80,"column":29},"end":{"line":80,"column":34}},"loc":{"start":{"line":80,"column":82},"end":{"line":87,"column":3}}},"7":{"name":"(anonymous_7)","decl":{"start":{"line":89,"column":37},"end":{"line":89,"column":42}},"loc":{"start":{"line":89,"column":90},"end":{"line":98,"column":3}}},"8":{"name":"(anonymous_8)","decl":{"start":{"line":100,"column":38},"end":{"line":100,"column":43}},"loc":{"start":{"line":100,"column":91},"end":{"line":109,"column":3}}},"9":{"name":"(anonymous_9)","decl":{"start":{"line":111,"column":35},"end":{"line":111,"column":40}},"loc":{"start":{"line":111,"column":88},"end":{"line":120,"column":3}}}},"branchMap":{},"s":{"0":3,"1":3,"2":3,"3":3,"4":3,"5":3,"6":25,"7":25,"8":23,"9":3,"10":8,"11":8,"12":4,"13":3,"14":15,"15":15,"16":10,"17":3,"18":10,"19":10,"20":5,"21":3,"22":6,"23":6,"24":3,"25":3,"26":14,"27":14,"28":7,"29":3,"30":16,"31":16,"32":16,"33":3,"34":4,"35":4,"36":4,"37":3,"38":3,"39":3,"40":3,"41":3,"42":4,"43":4,"44":4,"45":3},"f":{"0":25,"1":8,"2":15,"3":10,"4":6,"5":14,"6":16,"7":4,"8":3,"9":4},"b":{}}
,"D:\\My Work\\Bytesved\\CA firm\\backend\\src\\modules\\tasks\\mapper\\task.mapper.ts": {"path":"D:\\My Work\\Bytesved\\CA firm\\backend\\src\\modules\\tasks\\mapper\\task.mapper.ts","statementMap":{"0":{"start":{"line":1,"column":0},"end":{"line":1,"column":50}},"1":{"start":{"line":5,"column":40},"end":{"line":5,"column":84}},"2":{"start":{"line":18,"column":24},"end":{"line":18,"column":60}},"3":{"start":{"line":20,"column":6},"end":{"line":20,"column":103}},"4":{"start":{"line":22,"column":4},"end":{"line":36,"column":6}},"5":{"start":{"line":40,"column":4},"end":{"line":40,"column":57}},"6":{"start":{"line":40,"column":31},"end":{"line":40,"column":55}},"7":{"start":{"line":16,"column":0},"end":{"line":16,"column":13}}},"fnMap":{"0":{"name":"(anonymous_0)","decl":{"start":{"line":17,"column":2},"end":{"line":17,"column":8}},"loc":{"start":{"line":17,"column":33},"end":{"line":37,"column":3}}},"1":{"name":"(anonymous_1)","decl":{"start":{"line":39,"column":2},"end":{"line":39,"column":8}},"loc":{"start":{"line":39,"column":40},"end":{"line":41,"column":3}}},"2":{"name":"(anonymous_2)","decl":{"start":{"line":40,"column":21},"end":{"line":40,"column":22}},"loc":{"start":{"line":40,"column":31},"end":{"line":40,"column":55}}}},"branchMap":{"0":{"loc":{"start":{"line":20,"column":6},"end":{"line":20,"column":103}},"type":"binary-expr","locations":[{"start":{"line":20,"column":6},"end":{"line":20,"column":20}},{"start":{"line":20,"column":24},"end":{"line":20,"column":59}},{"start":{"line":20,"column":63},"end":{"line":20,"column":103}}]},"1":{"loc":{"start":{"line":29,"column":17},"end":{"line":29,"column":69}},"type":"cond-expr","locations":[{"start":{"line":29,"column":34},"end":{"line":29,"column":62}},{"start":{"line":29,"column":65},"end":{"line":29,"column":69}}]},"2":{"loc":{"start":{"line":30,"column":15},"end":{"line":30,"column":63}},"type":"cond-expr","locations":[{"start":{"line":30,"column":30},"end":{"line":30,"column":56}},{"start":{"line":30,"column":59},"end":{"line":30,"column":63}}]},"3":{"loc":{"start":{"line":31,"column":19},"end":{"line":31,"column":75}},"type":"cond-expr","locations":[{"start":{"line":31,"column":38},"end":{"line":31,"column":68}},{"start":{"line":31,"column":71},"end":{"line":31,"column":75}}]}},"s":{"0":3,"1":3,"2":114,"3":114,"4":114,"5":27,"6":67,"7":3},"f":{"0":114,"1":27,"2":67},"b":{"0":[114,28,16],"1":[21,93],"2":[28,86],"3":[1,113]}}
,"D:\\My Work\\Bytesved\\CA firm\\backend\\src\\modules\\tasks\\repository\\task.repository.ts": {"path":"D:\\My Work\\Bytesved\\CA firm\\backend\\src\\modules\\tasks\\repository\\task.repository.ts","statementMap":{"0":{"start":{"line":1,"column":0},"end":{"line":1,"column":72}},"1":{"start":{"line":2,"column":0},"end":{"line":2,"column":81}},"2":{"start":{"line":29,"column":40},"end":{"line":29,"column":84}},"3":{"start":{"line":51,"column":4},"end":{"line":51,"column":31}},"4":{"start":{"line":58,"column":4},"end":{"line":58,"column":64}},"5":{"start":{"line":65,"column":4},"end":{"line":65,"column":83}},"6":{"start":{"line":72,"column":4},"end":{"line":72,"column":84}},"7":{"start":{"line":79,"column":4},"end":{"line":87,"column":6}},"8":{"start":{"line":100,"column":41},"end":{"line":100,"column":43}},"9":{"start":{"line":102,"column":4},"end":{"line":102,"column":54}},"10":{"start":{"line":102,"column":24},"end":{"line":102,"column":54}},"11":{"start":{"line":103,"column":4},"end":{"line":103,"column":63}},"12":{"start":{"line":103,"column":27},"end":{"line":103,"column":63}},"13":{"start":{"line":104,"column":4},"end":{"line":104,"column":66}},"14":{"start":{"line":104,"column":28},"end":{"line":104,"column":66}},"15":{"start":{"line":106,"column":4},"end":{"line":111,"column":5}},"16":{"start":{"line":107,"column":6},"end":{"line":110,"column":8}},"17":{"start":{"line":113,"column":4},"end":{"line":118,"column":5}},"18":{"start":{"line":114,"column":6},"end":{"line":117,"column":8}},"19":{"start":{"line":120,"column":4},"end":{"line":120,"column":53}},"20":{"start":{"line":127,"column":4},"end":{"line":127,"column":43}},"21":{"start":{"line":134,"column":4},"end":{"line":134,"column":46}},"22":{"start":{"line":49,"column":0},"end":{"line":49,"column":13}}},"fnMap":{"0":{"name":"(anonymous_0)","decl":{"start":{"line":50,"column":2},"end":{"line":50,"column":14}},"loc":{"start":{"line":50,"column":34},"end":{"line":52,"column":3}}},"1":{"name":"(anonymous_1)","decl":{"start":{"line":57,"column":2},"end":{"line":57,"column":7}},"loc":{"start":{"line":57,"column":76},"end":{"line":59,"column":3}}},"2":{"name":"(anonymous_2)","decl":{"start":{"line":64,"column":2},"end":{"line":64,"column":7}},"loc":{"start":{"line":64,"column":72},"end":{"line":66,"column":3}}},"3":{"name":"(anonymous_3)","decl":{"start":{"line":71,"column":2},"end":{"line":71,"column":7}},"loc":{"start":{"line":71,"column":74},"end":{"line":73,"column":3}}},"4":{"name":"(anonymous_4)","decl":{"start":{"line":78,"column":2},"end":{"line":78,"column":7}},"loc":{"start":{"line":78,"column":51},"end":{"line":88,"column":3}}},"5":{"name":"(anonymous_5)","decl":{"start":{"line":95,"column":2},"end":{"line":95,"column":7}},"loc":{"start":{"line":98,"column":35},"end":{"line":121,"column":3}}},"6":{"name":"(anonymous_6)","decl":{"start":{"line":126,"column":2},"end":{"line":126,"column":7}},"loc":{"start":{"line":126,"column":73},"end":{"line":128,"column":3}}},"7":{"name":"(anonymous_7)","decl":{"start":{"line":133,"column":2},"end":{"line":133,"column":7}},"loc":{"start":{"line":133,"column":73},"end":{"line":135,"column":3}}}},"branchMap":{"0":{"loc":{"start":{"line":57,"column":45},"end":{"line":57,"column":76}},"type":"default-arg","locations":[{"start":{"line":57,"column":74},"end":{"line":57,"column":76}}]},"1":{"loc":{"start":{"line":64,"column":41},"end":{"line":64,"column":72}},"type":"default-arg","locations":[{"start":{"line":64,"column":70},"end":{"line":64,"column":72}}]},"2":{"loc":{"start":{"line":71,"column":43},"end":{"line":71,"column":74}},"type":"default-arg","locations":[{"start":{"line":71,"column":72},"end":{"line":71,"column":74}}]},"3":{"loc":{"start":{"line":78,"column":20},"end":{"line":78,"column":51}},"type":"default-arg","locations":[{"start":{"line":78,"column":49},"end":{"line":78,"column":51}}]},"4":{"loc":{"start":{"line":98,"column":4},"end":{"line":98,"column":35}},"type":"default-arg","locations":[{"start":{"line":98,"column":33},"end":{"line":98,"column":35}}]},"5":{"loc":{"start":{"line":102,"column":4},"end":{"line":102,"column":54}},"type":"if","locations":[{"start":{"line":102,"column":4},"end":{"line":102,"column":54}}]},"6":{"loc":{"start":{"line":103,"column":4},"end":{"line":103,"column":63}},"type":"if","locations":[{"start":{"line":103,"column":4},"end":{"line":103,"column":63}}]},"7":{"loc":{"start":{"line":104,"column":4},"end":{"line":104,"column":66}},"type":"if","locations":[{"start":{"line":104,"column":4},"end":{"line":104,"column":66}}]},"8":{"loc":{"start":{"line":106,"column":4},"end":{"line":111,"column":5}},"type":"if","locations":[{"start":{"line":106,"column":4},"end":{"line":111,"column":5}}]},"9":{"loc":{"start":{"line":106,"column":8},"end":{"line":106,"column":45}},"type":"binary-expr","locations":[{"start":{"line":106,"column":8},"end":{"line":106,"column":25}},{"start":{"line":106,"column":29},"end":{"line":106,"column":45}}]},"10":{"loc":{"start":{"line":108,"column":12},"end":{"line":108,"column":59}},"type":"binary-expr","locations":[{"start":{"line":108,"column":12},"end":{"line":108,"column":29}},{"start":{"line":108,"column":33},"end":{"line":108,"column":59}}]},"11":{"loc":{"start":{"line":109,"column":12},"end":{"line":109,"column":57}},"type":"binary-expr","locations":[{"start":{"line":109,"column":12},"end":{"line":109,"column":28}},{"start":{"line":109,"column":32},"end":{"line":109,"column":57}}]},"12":{"loc":{"start":{"line":113,"column":4},"end":{"line":118,"column":5}},"type":"if","locations":[{"start":{"line":113,"column":4},"end":{"line":118,"column":5}}]},"13":{"loc":{"start":{"line":126,"column":42},"end":{"line":126,"column":73}},"type":"default-arg","locations":[{"start":{"line":126,"column":71},"end":{"line":126,"column":73}}]},"14":{"loc":{"start":{"line":133,"column":42},"end":{"line":133,"column":73}},"type":"default-arg","locations":[{"start":{"line":133,"column":71},"end":{"line":133,"column":73}}]}},"s":{"0":6,"1":6,"2":6,"3":106,"4":0,"5":5,"6":4,"7":4,"8":18,"9":18,"10":2,"11":18,"12":1,"13":18,"14":1,"15":18,"16":1,"17":18,"18":5,"19":18,"20":1,"21":1,"22":6},"f":{"0":106,"1":0,"2":5,"3":4,"4":4,"5":18,"6":1,"7":1},"b":{"0":[0],"1":[0],"2":[0],"3":[0],"4":[0],"5":[2],"6":[1],"7":[1],"8":[1],"9":[18,17],"10":[1,1],"11":[1,1],"12":[5],"13":[0],"14":[0]}}
,"D:\\My Work\\Bytesved\\CA firm\\backend\\src\\modules\\tasks\\routes\\task.routes.ts": {"path":"D:\\My Work\\Bytesved\\CA firm\\backend\\src\\modules\\tasks\\routes\\task.routes.ts","statementMap":{"0":{"start":{"line":1,"column":0},"end":{"line":1,"column":33}},"1":{"start":{"line":2,"column":0},"end":{"line":2,"column":62}},"2":{"start":{"line":3,"column":0},"end":{"line":3,"column":66}},"3":{"start":{"line":4,"column":0},"end":{"line":4,"column":71}},"4":{"start":{"line":5,"column":0},"end":{"line":5,"column":62}},"5":{"start":{"line":6,"column":0},"end":{"line":6,"column":63}},"6":{"start":{"line":7,"column":0},"end":{"line":7,"column":65}},"7":{"start":{"line":8,"column":0},"end":{"line":8,"column":null}},"8":{"start":{"line":37,"column":15},"end":{"line":37,"column":23}},"9":{"start":{"line":250,"column":0},"end":{"line":257,"column":2}},"10":{"start":{"line":323,"column":0},"end":{"line":330,"column":2}},"11":{"start":{"line":359,"column":0},"end":{"line":365,"column":2}},"12":{"start":{"line":404,"column":0},"end":{"line":411,"column":2}},"13":{"start":{"line":450,"column":0},"end":{"line":457,"column":2}},"14":{"start":{"line":499,"column":0},"end":{"line":506,"column":2}},"15":{"start":{"line":552,"column":0},"end":{"line":559,"column":2}},"16":{"start":{"line":614,"column":0},"end":{"line":621,"column":2}},"17":{"start":{"line":662,"column":0},"end":{"line":669,"column":2}},"18":{"start":{"line":713,"column":0},"end":{"line":720,"column":2}},"19":{"start":{"line":722,"column":0},"end":{"line":722,"column":22}}},"fnMap":{},"branchMap":{},"s":{"0":3,"1":3,"2":3,"3":3,"4":3,"5":3,"6":3,"7":3,"8":3,"9":3,"10":3,"11":3,"12":3,"13":3,"14":3,"15":3,"16":3,"17":3,"18":3,"19":3},"f":{},"b":{}}
,"D:\\My Work\\Bytesved\\CA firm\\backend\\src\\modules\\tasks\\schemas\\task.schema.ts": {"path":"D:\\My Work\\Bytesved\\CA firm\\backend\\src\\modules\\tasks\\schemas\\task.schema.ts","statementMap":{"0":{"start":{"line":1,"column":0},"end":{"line":1,"column":24}},"1":{"start":{"line":2,"column":0},"end":{"line":2,"column":44}},"2":{"start":{"line":3,"column":0},"end":{"line":3,"column":60}},"3":{"start":{"line":24,"column":13},"end":{"line":24,"column":52}},"4":{"start":{"line":26,"column":18},"end":{"line":30,"column":49}},"5":{"start":{"line":32,"column":24},"end":{"line":32,"column":96}},"6":{"start":{"line":36,"column":13},"end":{"line":43,"column":3}},"7":{"start":{"line":47,"column":13},"end":{"line":54,"column":3}},"8":{"start":{"line":58,"column":13},"end":{"line":61,"column":3}},"9":{"start":{"line":65,"column":13},"end":{"line":65,"column":56}},"10":{"start":{"line":66,"column":13},"end":{"line":66,"column":66}},"11":{"start":{"line":67,"column":13},"end":{"line":67,"column":68}},"12":{"start":{"line":71,"column":13},"end":{"line":77,"column":3}}},"fnMap":{},"branchMap":{},"s":{"0":3,"1":3,"2":3,"3":3,"4":3,"5":3,"6":3,"7":3,"8":3,"9":3,"10":3,"11":3,"12":3},"f":{},"b":{}}
[...]
,"D:\\My Work\\Bytesved\\CA firm\\backend\\src\\shared\\response\\api-response.ts": {"path":"D:\\My Work\\Bytesved\\CA firm\\backend\\src\\shared\\response\\api-response.ts","statementMap":{"0":{"start":{"line":2,"column":0},"end":{"line":2,"column":45}},"1":{"start":{"line":31,"column":22},"end":{"line":31,"column":46}},"2":{"start":{"line":32,"column":4},"end":{"line":32,"column":35}},"3":{"start":{"line":32,"column":14},"end":{"line":32,"column":35}},"4":{"start":{"line":34,"column":23},"end":{"line":34,"column":91}},"5":{"start":{"line":35,"column":4},"end":{"line":39,"column":6}},"6":{"start":{"line":46,"column":4},"end":{"line":51,"column":6}},"7":{"start":{"line":58,"column":4},"end":{"line":63,"column":6}},"8":{"start":{"line":70,"column":4},"end":{"line":75,"column":6}},"9":{"start":{"line":82,"column":4},"end":{"line":87,"column":6}},"10":{"start":{"line":99,"column":4},"end":{"line":105,"column":6}},"11":{"start":{"line":112,"column":4},"end":{"line":116,"column":6}},"12":{"start":{"line":128,"column":4},"end":{"line":133,"column":6}},"13":{"start":{"line":140,"column":23},"end":{"line":140,"column":47}},"14":{"start":{"line":141,"column":4},"end":{"line":148,"column":6}},"15":{"start":{"line":26,"column":0},"end":{"line":26,"column":13}}},"fnMap":{"0":{"name":"(anonymous_0)","decl":{"start":{"line":30,"column":10},"end":{"line":30,"column":16}},"loc":{"start":{"line":30,"column":45},"end":{"line":40,"column":3}}},"1":{"name":"(anonymous_1)","decl":{"start":{"line":45,"column":2},"end":{"line":45,"column":8}},"loc":{"start":{"line":45,"column":77},"end":{"line":52,"column":3}}},"2":{"name":"(anonymous_2)","decl":{"start":{"line":57,"column":2},"end":{"line":57,"column":8}},"loc":{"start":{"line":57,"column":77},"end":{"line":64,"column":3}}},"3":{"name":"(anonymous_3)","decl":{"start":{"line":69,"column":2},"end":{"line":69,"column":8}},"loc":{"start":{"line":69,"column":77},"end":{"line":76,"column":3}}},"4":{"name":"(anonymous_4)","decl":{"start":{"line":81,"column":2},"end":{"line":81,"column":8}},"loc":{"start":{"line":81,"column":78},"end":{"line":88,"column":3}}},"5":{"name":"(anonymous_5)","decl":{"start":{"line":93,"column":2},"end":{"line":93,"column":8}},"loc":{"start":{"line":97,"column":38},"end":{"line":106,"column":3}}},"6":{"name":"(anonymous_6)","decl":{"start":{"line":111,"column":2},"end":{"line":111,"column":8}},"loc":{"start":{"line":111,"column":67},"end":{"line":117,"column":3}}},"7":{"name":"(anonymous_7)","decl":{"start":{"line":122,"column":2},"end":{"line":122,"column":8}},"loc":{"start":{"line":126,"column":21},"end":{"line":134,"column":3}}},"8":{"name":"(anonymous_8)","decl":{"start":{"line":139,"column":2},"end":{"line":139,"column":8}},"loc":{"start":{"line":139,"column":71},"end":{"line":149,"column":3}}}},"branchMap":{"0":{"loc":{"start":{"line":32,"column":4},"end":{"line":32,"column":35}},"type":"if","locations":[{"start":{"line":32,"column":4},"end":{"line":32,"column":35}}]},"1":{"loc":{"start":{"line":34,"column":23},"end":{"line":34,"column":91}},"type":"cond-expr","locations":[{"start":{"line":34,"column":46},"end":{"line":34,"column":79}},{"start":{"line":34,"column":82},"end":{"line":34,"column":91}}]},"2":{"loc":{"start":{"line":45,"column":43},"end":{"line":45,"column":77}},"type":"default-arg","locations":[{"start":{"line":45,"column":61},"end":{"line":45,"column":77}}]},"3":{"loc":{"start":{"line":57,"column":43},"end":{"line":57,"column":77}},"type":"default-arg","locations":[{"start":{"line":57,"column":61},"end":{"line":57,"column":77}}]},"4":{"loc":{"start":{"line":69,"column":43},"end":{"line":69,"column":77}},"type":"default-arg","locations":[{"start":{"line":69,"column":61},"end":{"line":69,"column":77}}]},"5":{"loc":{"start":{"line":81,"column":44},"end":{"line":81,"column":78}},"type":"default-arg","locations":[{"start":{"line":81,"column":62},"end":{"line":81,"column":78}}]},"6":{"loc":{"start":{"line":97,"column":4},"end":{"line":97,"column":38}},"type":"default-arg","locations":[{"start":{"line":97,"column":22},"end":{"line":97,"column":38}}]},"7":{"loc":{"start":{"line":111,"column":33},"end":{"line":111,"column":67}},"type":"default-arg","locations":[{"start":{"line":111,"column":51},"end":{"line":111,"column":67}}]}},"s":{"0":8,"1":169,"2":169,"3":0,"4":169,"5":169,"6":28,"7":29,"8":18,"9":6,"10":19,"11":0,"12":69,"13":21,"14":21,"15":8},"f":{"0":169,"1":28,"2":29,"3":18,"4":6,"5":19,"6":0,"7":69,"8":21},"b":{"0":[0],"1":[169,0],"2":[0],"3":[29],"4":[18],"5":[6],"6":[19],"7":[0]}}
,"D:\\My Work\\Bytesved\\CA firm\\backend\\src\\shared\\utils\\async-handler.ts": {"path":"D:\\My Work\\Bytesved\\CA firm\\backend\\src\\shared\\utils\\async-handler.ts","statementMap":{"0":{"start":{"line":31,"column":2},"end":{"line":34,"column":3}},"1":{"start":{"line":32,"column":2},"end":{"line":34,"column":3}},"2":{"start":{"line":33,"column":4},"end":{"line":33,"column":52}},"3":{"start":{"line":30,"column":13},"end":{"line":30,"column":null}}},"fnMap":{"0":{"name":"(anonymous_0)","decl":{"start":{"line":31,"column":2},"end":{"line":31,"column":3}},"loc":{"start":{"line":32,"column":2},"end":{"line":34,"column":3}}},"1":{"name":"(anonymous_1)","decl":{"start":{"line":32,"column":2},"end":{"line":32,"column":3}},"loc":{"start":{"line":32,"column":60},"end":{"line":34,"column":3}}}},"branchMap":{},"s":{"0":4,"1":54,"2":133,"3":4},"f":{"0":54,"1":133},"b":{}}
,"D:\\My Work\\Bytesved\\CA firm\\backend\\src\\shared\\utils\\crypto.utils.ts": {"path":"D:\\My Work\\Bytesved\\CA firm\\backend\\src\\shared\\utils\\crypto.utils.ts","statementMap":{"0":{"start":{"line":1,"column":0},"end":{"line":1,"column":28}},"1":{"start":{"line":18,"column":13},"end":{"line":62,"column":2}},"2":{"start":{"line":27,"column":4},"end":{"line":27,"column":53}},"3":{"start":{"line":37,"column":4},"end":{"line":39,"column":5}},"4":{"start":{"line":38,"column":6},"end":{"line":38,"column":61}},"5":{"start":{"line":41,"column":14},"end":{"line":41,"column":16}},"6":{"start":{"line":42,"column":4},"end":{"line":47,"column":5}},"7":{"start":{"line":44,"column":21},"end":{"line":44,"column":42}},"8":{"start":{"line":45,"column":20},"end":{"line":45,"column":34}},"9":{"start":{"line":46,"column":6},"end":{"line":46,"column":30}},"10":{"start":{"line":48,"column":4},"end":{"line":48,"column":15}},"11":{"start":{"line":60,"column":4},"end":{"line":60,"column":66}}},"fnMap":{"0":{"name":"(anonymous_1)","decl":{"start":{"line":26,"column":2},"end":{"line":26,"column":21}},"loc":{"start":{"line":26,"column":32},"end":{"line":28,"column":3}}},"1":{"name":"(anonymous_2)","decl":{"start":{"line":36,"column":2},"end":{"line":36,"column":20}},"loc":{"start":{"line":36,"column":31},"end":{"line":49,"column":3}}},"2":{"name":"(anonymous_3)","decl":{"start":{"line":59,"column":2},"end":{"line":59,"column":8}},"loc":{"start":{"line":59,"column":21},"end":{"line":61,"column":3}}}},"branchMap":{"0":{"loc":{"start":{"line":26,"column":22},"end":{"line":26,"column":32}},"type":"default-arg","locations":[{"start":{"line":26,"column":30},"end":{"line":26,"column":32}}]},"1":{"loc":{"start":{"line":36,"column":21},"end":{"line":36,"column":31}},"type":"default-arg","locations":[{"start":{"line":36,"column":30},"end":{"line":36,"column":31}}]},"2":{"loc":{"start":{"line":37,"column":4},"end":{"line":39,"column":5}},"type":"if","locations":[{"start":{"line":37,"column":4},"end":{"line":39,"column":5}}]},"3":{"loc":{"start":{"line":37,"column":8},"end":{"line":37,"column":33}},"type":"binary-expr","locations":[{"start":{"line":37,"column":8},"end":{"line":37,"column":18}},{"start":{"line":37,"column":22},"end":{"line":37,"column":33}}]}},"s":{"0":4,"1":4,"2":0,"3":0,"4":0,"5":0,"6":0,"7":0,"8":0,"9":0,"10":0,"11":0},"f":{"0":0,"1":0,"2":0},"b":{"0":[0],"1":[0],"2":[0],"3":[0,0]}}
,"D:\\My Work\\Bytesved\\CA firm\\backend\\src\\shared\\utils\\index.ts": {"path":"D:\\My Work\\Bytesved\\CA firm\\backend\\src\\shared\\utils\\index.ts","statementMap":{"0":{"start":{"line":4,"column":0},"end":{"line":4,"column":32}},"1":{"start":{"line":5,"column":0},"end":{"line":5,"column":31}}},"fnMap":{},"branchMap":{},"s":{"0":4,"1":4},"f":{},"b":{}}
,"D:\\My Work\\Bytesved\\CA firm\\backend\\src\\shared\\validators\\index.ts": {"path":"D:\\My Work\\Bytesved\\CA firm\\backend\\src\\shared\\validators\\index.ts","statementMap":{"0":{"start":{"line":4,"column":0},"end":{"line":4,"column":39}}},"fnMap":{},"branchMap":{},"s":{"0":4},"f":{},"b":{}}
,"D:\\My Work\\Bytesved\\CA firm\\backend\\src\\shared\\validators\\pagination.validator.ts": {"path":"D:\\My Work\\Bytesved\\CA firm\\backend\\src\\shared\\validators\\pagination.validator.ts","statementMap":{"0":{"start":{"line":1,"column":0},"end":{"line":1,"column":24}},"1":{"start":{"line":2,"column":0},"end":{"line":2,"column":47}},"2":{"start":{"line":20,"column":13},"end":{"line":43,"column":3}},"3":{"start":{"line":51,"column":13},"end":{"line":53,"column":3}}},"fnMap":{},"branchMap":{},"s":{"0":4,"1":4,"2":4,"3":4},"f":{},"b":{}}
,"D:\\My Work\\Bytesved\\CA firm\\backend\\tests\\integration\\helpers\\fixtures.ts": {"path":"D:\\My Work\\Bytesved\\CA firm\\backend\\tests\\integration\\helpers\\fixtures.ts","statementMap":{"0":{"start":{"line":70,"column":0},"end":{"line":70,"column":7}},"1":{"start":{"line":84,"column":0},"end":{"line":84,"column":7}},"2":{"start":{"line":1,"column":0},"end":{"line":1,"column":36}},"3":{"start":{"line":2,"column":0},"end":{"line":2,"column":90}},"4":{"start":{"line":24,"column":17},"end":{"line":24,"column":41}},"5":{"start":{"line":26,"column":17},"end":{"line":32,"column":4}},"6":{"start":{"line":34,"column":15},"end":{"line":41,"column":4}},"7":{"start":{"line":43,"column":23},"end":{"line":48,"column":4}},"8":{"start":{"line":50,"column":19},"end":{"line":57,"column":4}},"9":{"start":{"line":59,"column":17},"end":{"line":65,"column":4}},"10":{"start":{"line":67,"column":2},"end":{"line":67,"column":71}},"11":{"start":{"line":71,"column":29},"end":{"line":74,"column":4}},"12":{"start":{"line":76,"column":2},"end":{"line":76,"column":30}},"13":{"start":{"line":85,"column":20},"end":{"line":85,"column":74}},"14":{"start":{"line":87,"column":2},"end":{"line":87,"column":78}},"15":{"start":{"line":88,"column":2},"end":{"line":88,"column":77}},"16":{"start":{"line":90,"column":21},"end":{"line":93,"column":4}},"17":{"start":{"line":94,"column":2},"end":{"line":94,"column":79}},"18":{"start":{"line":95,"column":2},"end":{"line":95,"column":99}},"19":{"start":{"line":95,"column":82},"end":{"line":95,"column":90}},"20":{"start":{"line":97,"column":2},"end":{"line":97,"column":75}},"21":{"start":{"line":98,"column":2},"end":{"line":98,"column":71}}},"fnMap":{"0":{"name":"createTenantFixture","decl":{"start":{"line":23,"column":15},"end":{"line":23,"column":34}},"loc":{"start":{"line":23,"column":70},"end":{"line":68,"column":1}}},"1":{"name":"seedFixtures","decl":{"start":{"line":70,"column":22},"end":{"line":70,"column":34}},"loc":{"start":{"line":70,"column":55},"end":{"line":77,"column":1}}},"2":{"name":"cleanupFixtures","decl":{"start":{"line":84,"column":22},"end":{"line":84,"column":37}},"loc":{"start":{"line":84,"column":82},"end":{"line":99,"column":1}}},"3":{"name":"(anonymous_3)","decl":{"start":{"line":95,"column":75},"end":{"line":95,"column":76}},"loc":{"start":{"line":95,"column":82},"end":{"line":95,"column":90}}}},"branchMap":{},"s":{"0":3,"1":3,"2":3,"3":3,"4":6,"5":6,"6":6,"7":6,"8":6,"9":6,"10":6,"11":3,"12":3,"13":3,"14":3,"15":3,"16":3,"17":3,"18":3,"19":6,"20":3,"21":3},"f":{"0":6,"1":3,"2":3,"3":6},"b":{}}
,"D:\\My Work\\Bytesved\\CA firm\\backend\\tests\\integration\\helpers\\full-test-app.ts": {"path":"D:\\My Work\\Bytesved\\CA firm\\backend\\tests\\integration\\helpers\\full-test-app.ts","statementMap":{"0":{"start":{"line":26,"column":0},"end":{"line":26,"column":16}},"1":{"start":{"line":1,"column":0},"end":{"line":1,"column":66}},"2":{"start":{"line":2,"column":0},"end":{"line":2,"column":43}},"3":{"start":{"line":3,"column":0},"end":{"line":3,"column":81}},"4":{"start":{"line":4,"column":0},"end":{"line":4,"column":81}},"5":{"start":{"line":5,"column":0},"end":{"line":5,"column":64}},"6":{"start":{"line":6,"column":0},"end":{"line":6,"column":66}},"7":{"start":{"line":7,"column":0},"end":{"line":7,"column":46}},"8":{"start":{"line":8,"column":0},"end":{"line":8,"column":68}},"9":{"start":{"line":9,"column":0},"end":{"line":9,"column":59}},"10":{"start":{"line":27,"column":14},"end":{"line":27,"column":23}},"11":{"start":{"line":30,"column":2},"end":{"line":30,"column":35}},"12":{"start":{"line":31,"column":2},"end":{"line":31,"column":35}},"13":{"start":{"line":32,"column":2},"end":{"line":32,"column":26}},"14":{"start":{"line":33,"column":2},"end":{"line":33,"column":50}},"15":{"start":{"line":36,"column":2},"end":{"line":40,"column":5}},"16":{"start":{"line":37,"column":4},"end":{"line":39,"column":6}},"17":{"start":{"line":43,"column":2},"end":{"line":43,"column":70}},"18":{"start":{"line":46,"column":2},"end":{"line":46,"column":45}},"19":{"start":{"line":47,"column":2},"end":{"line":47,"column":39}},"20":{"start":{"line":50,"column":2},"end":{"line":50,"column":27}},"21":{"start":{"line":52,"column":2},"end":{"line":52,"column":13}}},"fnMap":{"0":{"name":"createFullTestApp","decl":{"start":{"line":26,"column":16},"end":{"line":26,"column":33}},"loc":{"start":{"line":26,"column":33},"end":{"line":53,"column":1}}},"1":{"name":"(anonymous_2)","decl":{"start":{"line":36,"column":21},"end":{"line":36,"column":22}},"loc":{"start":{"line":36,"column":53},"end":{"line":40,"column":3}}}},"branchMap":{},"s":{"0":1,"1":1,"2":1,"3":1,"4":1,"5":1,"6":1,"7":1,"8":1,"9":1,"10":1,"11":1,"12":1,"13":1,"14":1,"15":1,"16":1,"17":1,"18":1,"19":1,"20":1,"21":1},"f":{"0":1,"1":1},"b":{}}
,"D:\\My Work\\Bytesved\\CA firm\\backend\\tests\\integration\\helpers\\jwt.ts": {"path":"D:\\My Work\\Bytesved\\CA firm\\backend\\tests\\integration\\helpers\\jwt.ts","statementMap":{"0":{"start":{"line":20,"column":0},"end":{"line":20,"column":16}},"1":{"start":{"line":1,"column":0},"end":{"line":1,"column":31}},"2":{"start":{"line":2,"column":0},"end":{"line":2,"column":40}},"3":{"start":{"line":3,"column":0},"end":{"line":3,"column":41}},"4":{"start":{"line":28,"column":6},"end":{"line":28,"column":10}},"5":{"start":{"line":30,"column":2},"end":{"line":32,"column":5}}},"fnMap":{"0":{"name":"signAccessToken","decl":{"start":{"line":20,"column":16},"end":{"line":20,"column":31}},"loc":{"start":{"line":20,"column":54},"end":{"line":33,"column":1}}}},"branchMap":{"0":{"loc":{"start":{"line":24,"column":4},"end":{"line":24,"column":43}},"type":"default-arg","locations":[{"start":{"line":24,"column":12},"end":{"line":24,"column":43}}]},"1":{"loc":{"start":{"line":25,"column":4},"end":{"line":25,"column":32}},"type":"default-arg","locations":[{"start":{"line":25,"column":11},"end":{"line":25,"column":32}}]},"2":{"loc":{"start":{"line":26,"column":4},"end":{"line":26,"column":20}},"type":"default-arg","locations":[{"start":{"line":26,"column":18},"end":{"line":26,"column":20}}]},"3":{"loc":{"start":{"line":27,"column":4},"end":{"line":27,"column":30}},"type":"default-arg","locations":[{"start":{"line":27,"column":23},"end":{"line":27,"column":30}}]}},"s":{"0":4,"1":4,"2":4,"3":4,"4":140,"5":140},"f":{"0":140},"b":{"0":[140],"1":[140],"2":[1],"3":[138]}}
,"D:\\My Work\\Bytesved\\CA firm\\backend\\tests\\integration\\helpers\\task-test-app.ts": {"path":"D:\\My Work\\Bytesved\\CA firm\\backend\\tests\\integration\\helpers\\task-test-app.ts","statementMap":{"0":{"start":{"line":14,"column":0},"end":{"line":14,"column":16}},"1":{"start":{"line":1,"column":0},"end":{"line":1,"column":47}},"2":{"start":{"line":2,"column":0},"end":{"line":2,"column":81}},"3":{"start":{"line":3,"column":0},"end":{"line":3,"column":81}},"4":{"start":{"line":4,"column":0},"end":{"line":4,"column":64}},"5":{"start":{"line":5,"column":0},"end":{"line":5,"column":59}},"6":{"start":{"line":15,"column":14},"end":{"line":15,"column":23}},"7":{"start":{"line":16,"column":2},"end":{"line":16,"column":35}},"8":{"start":{"line":17,"column":2},"end":{"line":17,"column":35}},"9":{"start":{"line":18,"column":2},"end":{"line":18,"column":26}},"10":{"start":{"line":19,"column":2},"end":{"line":19,"column":39}},"11":{"start":{"line":20,"column":2},"end":{"line":20,"column":27}},"12":{"start":{"line":21,"column":2},"end":{"line":21,"column":13}}},"fnMap":{"0":{"name":"createTaskTestApp","decl":{"start":{"line":14,"column":16},"end":{"line":14,"column":33}},"loc":{"start":{"line":14,"column":33},"end":{"line":22,"column":1}}}},"branchMap":{},"s":{"0":2,"1":2,"2":2,"3":2,"4":2,"5":2,"6":2,"7":2,"8":2,"9":2,"10":2,"11":2,"12":2},"f":{"0":2},"b":{}}
,"D:\\My Work\\Bytesved\\CA firm\\backend\\tests\\integration\\helpers\\test-app.ts": {"path":"D:\\My Work\\Bytesved\\CA firm\\backend\\tests\\integration\\helpers\\test-app.ts","statementMap":{"0":{"start":{"line":17,"column":0},"end":{"line":17,"column":16}},"1":{"start":{"line":1,"column":0},"end":{"line":1,"column":47}},"2":{"start":{"line":2,"column":0},"end":{"line":2,"column":81}},"3":{"start":{"line":3,"column":0},"end":{"line":3,"column":81}},"4":{"start":{"line":4,"column":0},"end":{"line":4,"column":64}},"5":{"start":{"line":5,"column":0},"end":{"line":5,"column":68}},"6":{"start":{"line":18,"column":14},"end":{"line":18,"column":23}},"7":{"start":{"line":19,"column":2},"end":{"line":19,"column":35}},"8":{"start":{"line":20,"column":2},"end":{"line":20,"column":35}},"9":{"start":{"line":21,"column":2},"end":{"line":21,"column":26}},"10":{"start":{"line":22,"column":2},"end":{"line":22,"column":45}},"11":{"start":{"line":23,"column":2},"end":{"line":23,"column":27}},"12":{"start":{"line":24,"column":2},"end":{"line":24,"column":13}}},"fnMap":{"0":{"name":"createTestApp","decl":{"start":{"line":17,"column":16},"end":{"line":17,"column":29}},"loc":{"start":{"line":17,"column":29},"end":{"line":25,"column":1}}}},"branchMap":{},"s":{"0":1,"1":1,"2":1,"3":1,"4":1,"5":1,"6":1,"7":1,"8":1,"9":1,"10":1,"11":1,"12":1},"f":{"0":1},"b":{}}
}
