TN:
SF:src\config\database.ts
FN:20,createPrismaClient
FN:43,connectDatabase
FN:51,disconnectDatabase
FNF:3
FNH:2
FNDA:6,createPrismaClient
FNDA:0,connectDatabase
FNDA:2,disconnectDatabase
DA:1,6
DA:2,6
DA:3,6
DA:16,6
DA:21,6
DA:23,6
DA:33,6
DA:35,6
DA:36,6
DA:43,6
DA:44,0
DA:51,6
DA:52,2
LF:13
LH:12
BRDA:26,0,0,0
BRDA:26,0,1,6
BRDA:33,1,0,6
BRDA:33,1,1,6
BRDA:35,2,0,6
BRF:5
BRH:4
end_of_record
TN:
SF:src\config\environment.ts
FNF:0
FNH:0
DA:1,8
DA:9,8
DA:66,8
DA:68,8
DA:69,0
DA:70,0
DA:71,0
DA:74,8
LF:8
LH:5
BRDA:68,0,0,0
BRF:1
BRH:0
end_of_record
TN:
SF:src\config\jwt.ts
FNF:0
FNH:0
DA:1,4
DA:8,4
LF:2
LH:2
BRF:0
BRH:0
end_of_record
TN:
SF:src\config\logger.ts
FN:79,createContextLogger
FNF:1
FNH:1
FNDA:209,createContextLogger
DA:1,7
DA:2,7
DA:23,7
DA:79,7
DA:80,209
LF:5
LH:5
BRDA:25,0,0,0
BRDA:25,0,1,7
BRF:2
BRH:1
end_of_record
TN:
SF:src\config\swagger.ts
FNF:0
FNH:0
DA:1,1
DA:2,1
DA:8,1
DA:59,1
DA:64,1
LF:5
LH:5
BRDA:28,0,0,0
BRDA:28,0,1,1
BRF:2
BRH:1
end_of_record
TN:
SF:src\middlewares\auth.middleware.ts
FN:27,authMiddleware
FN:67,optionalAuthMiddleware
FNF:2
FNH:1
FNDA:167,authMiddleware
FNDA:0,optionalAuthMiddleware
DA:2,4
DA:3,4
DA:4,4
DA:27,4
DA:32,167
DA:34,167
DA:35,4
DA:38,163
DA:40,163
DA:41,163
DA:43,159
DA:51,159
DA:53,4
DA:54,2
DA:56,2
DA:57,2
DA:59,0
DA:67,4
DA:72,0
DA:74,0
DA:75,0
DA:78,0
DA:80,0
DA:81,0
DA:82,0
DA:93,0
LF:26
LH:17
BRDA:34,0,0,4
BRDA:34,1,0,167
BRDA:34,1,1,163
BRDA:48,2,0,159
BRDA:48,2,1,0
BRDA:53,3,0,2
BRDA:56,4,0,2
BRDA:74,5,0,0
BRDA:74,6,0,0
BRDA:74,6,1,0
BRDA:87,7,0,0
BRDA:87,7,1,0
BRF:12
BRH:6
end_of_record
TN:
SF:src\middlewares\correlation-id.middleware.ts
FN:33,correlationIdMiddleware
FNF:1
FNH:1
FNDA:170,correlationIdMiddleware
DA:2,4
DA:33,4
DA:39,170
DA:40,170
DA:43,170
DA:46,170
DA:49,170
DA:51,170
LF:8
LH:8
BRDA:40,0,0,170
BRDA:40,0,1,170
BRDA:40,1,0,0
BRDA:40,1,1,170
BRF:4
BRH:3
end_of_record
TN:
SF:src\middlewares\error.middleware.ts
FN:33,errorMiddleware
FN:66,(anonymous_1)
FNF:2
FNH:1
FNDA:69,errorMiddleware
FNDA:0,(anonymous_1)
DA:2,4
DA:3,4
DA:4,4
DA:5,4
DA:6,4
DA:7,4
DA:8,4
DA:9,4
DA:33,4
DA:41,69
DA:50,69
DA:51,68
DA:52,68
DA:55,0
DA:58,68
DA:61,68
DA:65,1
DA:66,0
DA:71,0
DA:73,0
DA:83,0
DA:87,1
DA:89,0
DA:90,0
DA:91,0
DA:100,0
DA:104,0
DA:105,0
DA:106,0
DA:115,0
DA:119,0
DA:120,0
DA:121,0
DA:130,0
DA:135,1
DA:138,1
DA:142,1
DA:144,1
LF:38
LH:21
BRDA:50,0,0,68
BRDA:51,1,0,68
BRDA:51,1,1,0
BRDA:65,2,0,0
BRDA:87,3,0,0
BRDA:89,4,0,0
BRDA:104,5,0,0
BRDA:119,6,0,0
BRDA:138,7,0,0
BRDA:138,7,1,1
BRDA:139,8,0,0
BRDA:139,8,1,0
BRDA:142,9,0,0
BRDA:142,9,1,1
BRF:14
BRH:4
end_of_record
TN:
SF:src\middlewares\permission.middleware.ts
FN:17,requirePermission
FN:18,(anonymous_1)
FN:24,(anonymous_2)
FN:39,requireAnyPermission
FN:40,(anonymous_4)
FN:46,(anonymous_5)
FN:62,requireRole
FN:63,(anonymous_7)
FNF:8
FNH:3
FNDA:54,requirePermission
FNDA:159,(anonymous_1)
FNDA:159,(anonymous_2)
FNDA:0,requireAnyPermission
FNDA:0,(anonymous_4)
FNDA:0,(anonymous_5)
FNDA:0,requireRole
FNDA:0,(anonymous_7)
DA:2,4
DA:17,4
DA:18,54
DA:19,159
DA:20,0
DA:23,159
DA:24,159
DA:26,159
DA:27,10
DA:32,149
DA:39,4
DA:40,0
DA:41,0
DA:42,0
DA:45,0
DA:46,0
DA:48,0
DA:49,0
DA:54,0
DA:62,4
DA:63,0
DA:64,0
DA:65,0
DA:68,0
DA:69,0
DA:72,0
LF:26
LH:11
BRDA:19,0,0,0
BRDA:23,1,0,159
BRDA:23,1,1,0
BRDA:26,2,0,10
BRDA:41,3,0,0
BRDA:45,4,0,0
BRDA:45,4,1,0
BRDA:48,5,0,0
BRDA:64,6,0,0
BRDA:68,7,0,0
BRF:10
BRH:2
end_of_record
TN:
SF:src\middlewares\request-logger.middleware.ts
FN:14,(anonymous_1)
FN:15,(anonymous_2)
FN:20,(anonymous_3)
FN:22,(anonymous_4)
FN:25,(anonymous_5)
FN:35,(anonymous_6)
FN:43,(anonymous_7)
FNF:7
FNH:7
FNDA:170,(anonymous_1)
FNDA:169,(anonymous_2)
FNDA:168,(anonymous_3)
FNDA:1,(anonymous_4)
FNDA:170,(anonymous_5)
FNDA:169,(anonymous_6)
FNDA:170,(anonymous_7)
DA:1,4
DA:2,4
DA:12,4
DA:14,170
DA:16,169
DA:17,168
DA:18,100
DA:21,168
DA:23,1
DA:26,170
DA:27,170
DA:36,169
DA:44,170
LF:13
LH:13
BRDA:16,0,0,1
BRDA:16,1,0,169
BRDA:16,1,1,169
BRDA:17,2,0,68
BRDA:44,3,0,170
BRDA:44,3,1,0
BRF:6
BRH:5
end_of_record
TN:
SF:src\middlewares\tenant.middleware.ts
FN:17,tenantMiddleware
FNF:1
FNH:1
FNDA:159,tenantMiddleware
DA:2,4
DA:3,4
DA:4,4
DA:5,4
DA:17,4
DA:22,159
DA:23,0
DA:26,159
DA:29,159
DA:40,159
DA:41,0
DA:44,159
DA:46,159
DA:47,0
DA:50,159
DA:58,159
LF:16
LH:13
BRDA:22,0,0,0
BRDA:40,1,0,0
BRDA:46,2,0,0
BRF:3
BRH:0
end_of_record
TN:
SF:src\middlewares\validation.middleware.ts
FN:25,validate
FN:26,(anonymous_1)
FN:40,(anonymous_2)
FNF:3
FNH:3
FNDA:49,validate
FNDA:145,(anonymous_1)
FNDA:17,(anonymous_2)
DA:2,4
DA:3,4
DA:25,4
DA:26,49
DA:27,145
DA:28,145
DA:29,67
DA:31,139
DA:32,85
DA:34,132
DA:35,22
DA:37,129
DA:39,16
DA:40,17
DA:45,16
DA:47,0
DA:56,4
LF:17
LH:16
BRDA:28,0,0,67
BRDA:31,1,0,85
BRDA:34,2,0,22
BRDA:39,3,0,16
BRDA:39,3,1,0
BRF:5
BRH:4
end_of_record
TN:
SF:src\modules\projects\constants\project.permissions.ts
FNF:0
FNH:0
DA:1,2
DA:19,2
DA:21,2
LF:3
LH:3
BRF:0
BRH:0
end_of_record
TN:
SF:src\modules\projects\controller\project.controller.ts
FN:28,(anonymous_0)
FN:37,(anonymous_1)
FN:46,(anonymous_2)
FN:58,(anonymous_3)
FN:69,(anonymous_4)
FN:80,(anonymous_5)
FN:87,(anonymous_6)
FN:96,(anonymous_7)
FN:105,(anonymous_8)
FN:114,(anonymous_9)
FN:129,(anonymous_10)
FN:144,(anonymous_11)
FNF:12
FNH:9
FNDA:7,(anonymous_0)
FNDA:2,(anonymous_1)
FNDA:4,(anonymous_2)
FNDA:1,(anonymous_3)
FNDA:2,(anonymous_4)
FNDA:2,(anonymous_5)
FNDA:6,(anonymous_6)
FNDA:1,(anonymous_7)
FNDA:3,(anonymous_8)
FNDA:0,(anonymous_9)
FNDA:0,(anonymous_10)
FNDA:0,(anonymous_11)
DA:2,2
DA:3,2
DA:4,2
DA:5,2
DA:6,2
DA:27,2
DA:28,2
DA:29,7
DA:30,7
DA:32,6
DA:37,2
DA:38,2
DA:39,2
DA:41,1
DA:46,2
DA:47,4
DA:48,4
DA:53,3
DA:58,2
DA:59,1
DA:60,1
DA:62,1
DA:69,2
DA:70,2
DA:71,2
DA:73,1
DA:80,2
DA:81,2
DA:82,2
DA:84,1
DA:87,2
DA:88,6
DA:89,6
DA:91,3
DA:96,2
DA:97,1
DA:98,1
DA:100,1
DA:105,2
DA:106,3
DA:107,3
DA:109,3
DA:114,2
DA:115,0
DA:116,0
DA:118,0
DA:129,2
DA:130,0
DA:131,0
DA:133,0
DA:144,2
DA:145,0
DA:146,0
DA:148,0
LF:54
LH:45
BRF:0
BRH:0
end_of_record
TN:
SF:src\modules\projects\mapper\project.mapper.ts
FN:16,(anonymous_0)
FN:39,(anonymous_1)
FN:40,(anonymous_2)
FNF:3
FNH:3
FNDA:19,(anonymous_0)
FNDA:3,(anonymous_1)
FNDA:3,(anonymous_2)
DA:1,2
DA:4,2
DA:15,2
DA:18,19
DA:22,19
DA:40,3
LF:6
LH:6
BRDA:18,0,0,19
BRDA:18,0,1,0
BRDA:18,0,2,0
BRDA:29,1,0,0
BRDA:29,1,1,19
BRDA:30,2,0,0
BRDA:30,2,1,19
BRDA:31,3,0,2
BRDA:31,3,1,17
BRDA:32,4,0,1
BRDA:32,4,1,18
BRF:11
BRH:7
end_of_record
TN:
SF:src\modules\projects\repository\project.repository.ts
FN:32,(anonymous_0)
FN:39,(anonymous_1)
FN:46,(anonymous_2)
FN:53,(anonymous_3)
FN:63,(anonymous_4)
FN:82,(anonymous_5)
FNF:6
FNH:3
FNDA:28,(anonymous_0)
FNDA:8,(anonymous_1)
FNDA:0,(anonymous_2)
FNDA:0,(anonymous_3)
FNDA:0,(anonymous_4)
FNDA:3,(anonymous_5)
DA:1,3
DA:2,3
DA:31,3
DA:33,28
DA:40,8
DA:47,0
DA:57,0
DA:64,0
DA:87,3
DA:89,3
DA:90,3
DA:91,3
DA:93,3
DA:94,0
DA:100,3
DA:101,2
DA:107,3
LF:17
LH:13
BRDA:39,0,0,0
BRDA:46,1,0,0
BRDA:55,2,0,0
BRDA:63,3,0,0
BRDA:85,4,0,0
BRDA:89,5,0,0
BRDA:90,6,0,0
BRDA:91,7,0,0
BRDA:93,8,0,0
BRDA:93,9,0,3
BRDA:93,9,1,3
BRDA:95,10,0,0
BRDA:95,10,1,0
BRDA:96,11,0,0
BRDA:96,11,1,0
BRDA:100,12,0,2
BRF:16
BRH:3
end_of_record
TN:
SF:src\modules\projects\routes\project.routes.ts
FNF:0
FNH:0
DA:1,2
DA:2,2
DA:3,2
DA:4,2
DA:5,2
DA:6,2
DA:7,2
DA:8,2
DA:37,2
DA:276,2
DA:349,2
DA:385,2
DA:430,2
DA:476,2
DA:522,2
DA:571,2
DA:632,2
DA:695,2
DA:747,2
DA:799,2
DA:851,2
DA:860,2
LF:22
LH:22
BRF:0
BRH:0
end_of_record
TN:
SF:src\modules\projects\schemas\project.schema.ts
FNF:0
FNH:0
DA:1,2
DA:2,2
DA:3,2
DA:19,2
DA:22,2
DA:29,2
DA:37,2
DA:48,2
DA:57,2
DA:64,2
DA:65,2
DA:66,2
DA:67,2
DA:71,2
LF:14
LH:14
BRF:0
BRH:0
end_of_record
TN:
SF:src\modules\projects\service\project.service.ts
FN:53,(anonymous_0)
FN:67,(anonymous_1)
FN:73,(anonymous_2)
FN:92,(anonymous_3)
FN:124,(anonymous_4)
FN:145,(anonymous_5)
FN:178,(anonymous_6)
FN:204,(anonymous_7)
FN:221,(anonymous_8)
FN:245,(anonymous_9)
FN:251,(anonymous_10)
FN:257,(anonymous_11)
FN:277,(anonymous_12)
FN:281,(anonymous_13)
FN:290,(anonymous_14)
FNF:15
FNH:12
FNDA:50,(anonymous_0)
FNDA:11,(anonymous_1)
FNDA:7,(anonymous_2)
FNDA:10,(anonymous_3)
FNDA:2,(anonymous_4)
FNDA:8,(anonymous_5)
FNDA:4,(anonymous_6)
FNDA:8,(anonymous_7)
FNDA:5,(anonymous_8)
FNDA:8,(anonymous_9)
FNDA:1,(anonymous_10)
FNDA:4,(anonymous_11)
FNDA:0,(anonymous_12)
FNDA:0,(anonymous_13)
FNDA:0,(anonymous_14)
DA:2,3
DA:3,3
DA:4,3
DA:5,3
DA:7,3
DA:21,3
DA:30,3
DA:33,3
DA:52,3
DA:55,50
DA:57,50
DA:68,11
DA:69,1
DA:74,7
DA:75,0
DA:78,7
DA:79,7
DA:80,2
DA:83,5
DA:84,1
DA:93,10
DA:95,9
DA:98,9
DA:99,2
DA:102,7
DA:106,7
DA:121,7
DA:125,2
DA:126,2
DA:128,2
DA:129,1
DA:132,1
DA:133,1
DA:134,1
DA:136,1
DA:138,1
DA:146,8
DA:147,8
DA:149,8
DA:150,1
DA:153,7
DA:155,4
DA:156,4
DA:157,2
DA:158,2
DA:160,0
DA:163,4
DA:171,4
DA:175,4
DA:179,4
DA:180,4
DA:182,3
DA:183,1
DA:186,2
DA:190,2
DA:197,2
DA:205,8
DA:206,8
DA:208,7
DA:209,5
DA:212,2
DA:216,2
DA:222,5
DA:226,5
DA:228,4
DA:229,2
DA:232,2
DA:234,2
DA:236,2
DA:237,2
DA:238,2
DA:246,8
DA:247,8
DA:248,4
DA:252,1
DA:253,1
DA:254,1
DA:258,4
DA:278,0
DA:282,0
DA:291,0
LF:81
LH:76
BRDA:55,0,0,28
BRDA:68,1,0,1
BRDA:68,2,0,11
BRDA:68,2,1,1
BRDA:68,2,2,1
BRDA:74,3,0,0
BRDA:78,4,0,7
BRDA:78,4,1,0
BRDA:79,5,0,2
BRDA:83,6,0,1
BRDA:83,7,0,5
BRDA:83,7,1,1
BRDA:98,8,0,2
BRDA:109,9,0,7
BRDA:109,9,1,7
BRDA:112,10,0,7
BRDA:112,10,1,7
BRDA:113,11,0,7
BRDA:113,11,1,7
BRDA:115,12,0,7
BRDA:115,12,1,0
BRDA:128,13,0,1
BRDA:132,14,0,0
BRDA:132,14,1,1
BRDA:133,15,0,0
BRDA:133,15,1,1
BRDA:149,16,0,1
BRDA:156,17,0,2
BRDA:156,17,1,2
BRDA:158,18,0,0
BRDA:182,19,0,1
BRDA:208,20,0,5
BRDA:228,21,0,2
BRF:33
BRH:27
end_of_record
TN:
SF:src\modules\tasks\constants\task.permissions.ts
FNF:0
FNH:0
DA:1,3
DA:20,3
DA:22,3
LF:3
LH:3
BRF:0
BRH:0
end_of_record
TN:
SF:src\modules\tasks\controller\task.controller.ts
FN:28,(anonymous_0)
FN:37,(anonymous_1)
FN:46,(anonymous_2)
FN:55,(anonymous_3)
FN:62,(anonymous_4)
FN:71,(anonymous_5)
FN:80,(anonymous_6)
FN:89,(anonymous_7)
FN:100,(anonymous_8)
FN:111,(anonymous_9)
FNF:10
FNH:10
FNDA:25,(anonymous_0)
FNDA:8,(anonymous_1)
FNDA:15,(anonymous_2)
FNDA:10,(anonymous_3)
FNDA:6,(anonymous_4)
FNDA:14,(anonymous_5)
FNDA:16,(anonymous_6)
FNDA:4,(anonymous_7)
FNDA:3,(anonymous_8)
FNDA:4,(anonymous_9)
DA:2,3
DA:3,3
DA:4,3
DA:5,3
DA:6,3
DA:27,3
DA:28,3
DA:29,25
DA:30,25
DA:32,23
DA:37,3
DA:38,8
DA:39,8
DA:41,4
DA:46,3
DA:47,15
DA:48,15
DA:50,10
DA:55,3
DA:56,10
DA:57,10
DA:59,5
DA:62,3
DA:63,6
DA:64,6
DA:66,3
DA:71,3
DA:72,14
DA:73,14
DA:75,7
DA:80,3
DA:81,16
DA:82,16
DA:84,16
DA:89,3
DA:90,4
DA:91,4
DA:93,4
DA:100,3
DA:101,3
DA:102,3
DA:104,3
DA:111,3
DA:112,4
DA:113,4
DA:115,4
LF:46
LH:46
BRF:0
BRH:0
end_of_record
TN:
SF:src\modules\tasks\mapper\task.mapper.ts
FN:17,(anonymous_0)
FN:39,(anonymous_1)
FN:40,(anonymous_2)
FNF:3
FNH:3
FNDA:114,(anonymous_0)
FNDA:27,(anonymous_1)
FNDA:67,(anonymous_2)
DA:1,3
DA:5,3
DA:16,3
DA:18,114
DA:20,114
DA:22,114
DA:40,67
LF:7
LH:7
BRDA:20,0,0,114
BRDA:20,0,1,28
BRDA:20,0,2,16
BRDA:29,1,0,21
BRDA:29,1,1,93
BRDA:30,2,0,28
BRDA:30,2,1,86
BRDA:31,3,0,1
BRDA:31,3,1,113
BRF:9
BRH:9
end_of_record
TN:
SF:src\modules\tasks\repository\task.repository.ts
FN:50,(anonymous_0)
FN:57,(anonymous_1)
FN:64,(anonymous_2)
FN:71,(anonymous_3)
FN:78,(anonymous_4)
FN:95,(anonymous_5)
FN:126,(anonymous_6)
FN:133,(anonymous_7)
FNF:8
FNH:7
FNDA:106,(anonymous_0)
FNDA:0,(anonymous_1)
FNDA:5,(anonymous_2)
FNDA:4,(anonymous_3)
FNDA:4,(anonymous_4)
FNDA:18,(anonymous_5)
FNDA:1,(anonymous_6)
FNDA:1,(anonymous_7)
DA:1,6
DA:2,6
DA:29,6
DA:49,6
DA:51,106
DA:58,0
DA:65,5
DA:72,4
DA:79,4
DA:100,18
DA:102,18
DA:103,18
DA:104,18
DA:106,18
DA:107,1
DA:113,18
DA:114,5
DA:120,18
DA:127,1
DA:134,1
LF:20
LH:19
BRDA:57,0,0,0
BRDA:64,1,0,0
BRDA:71,2,0,0
BRDA:78,3,0,0
BRDA:98,4,0,0
BRDA:102,5,0,2
BRDA:103,6,0,1
BRDA:104,7,0,1
BRDA:106,8,0,1
BRDA:106,9,0,18
BRDA:106,9,1,17
BRDA:108,10,0,1
BRDA:108,10,1,1
BRDA:109,11,0,1
BRDA:109,11,1,1
BRDA:113,12,0,5
BRDA:126,13,0,0
BRDA:133,14,0,0
BRF:18
BRH:11
end_of_record
TN:
SF:src\modules\tasks\routes\task.routes.ts
FNF:0
FNH:0
DA:1,3
DA:2,3
DA:3,3
DA:4,3
DA:5,3
DA:6,3
DA:7,3
DA:8,3
DA:37,3
DA:250,3
DA:323,3
DA:359,3
DA:404,3
DA:450,3
DA:499,3
DA:552,3
DA:614,3
DA:662,3
DA:713,3
DA:722,3
LF:20
LH:20
BRF:0
BRH:0
end_of_record
TN:
SF:src\modules\tasks\schemas\task.schema.ts
FNF:0
FNH:0
DA:1,3
DA:2,3
DA:3,3
DA:24,3
DA:26,3
DA:32,3
DA:36,3
DA:47,3
DA:58,3
DA:65,3
DA:66,3
DA:67,3
DA:71,3
LF:13
LH:13
BRF:0
BRH:0
end_of_record
TN:
SF:src\modules\tasks\service\task.service.ts
FN:57,(anonymous_0)
FN:71,(anonymous_1)
FN:77,(anonymous_2)
FN:92,(anonymous_3)
FN:118,(anonymous_4)
FN:139,(anonymous_5)
FN:171,(anonymous_6)
FN:191,(anonymous_7)
FN:216,(anonymous_8)
FN:222,(anonymous_9)
FN:242,(anonymous_10)
FN:246,(anonymous_11)
FN:250,(anonymous_12)
FN:254,(anonymous_13)
FN:258,(anonymous_14)
FNF:15
FNH:15
FNDA:159,(anonymous_0)
FNDA:38,(anonymous_1)
FNDA:28,(anonymous_2)
FNDA:29,(anonymous_3)
FNDA:13,(anonymous_4)
FNDA:29,(anonymous_5)
FNDA:10,(anonymous_6)
FNDA:19,(anonymous_7)
FNDA:16,(anonymous_8)
FNDA:17,(anonymous_9)
FNDA:4,(anonymous_10)
FNDA:3,(anonymous_11)
FNDA:4,(anonymous_12)
FNDA:1,(anonymous_13)
FNDA:1,(anonymous_14)
DA:2,5
DA:3,5
DA:4,5
DA:5,5
DA:7,5
DA:28,5
DA:37,5
DA:40,5
DA:56,5
DA:59,159
DA:61,159
DA:72,38
DA:73,8
DA:78,28
DA:79,28
DA:80,7
DA:83,21
DA:84,3
DA:93,29
DA:95,25
DA:100,25
DA:115,25
DA:119,13
DA:120,13
DA:122,9
DA:123,9
DA:124,9
DA:126,5
DA:132,5
DA:140,29
DA:141,29
DA:143,28
DA:145,18
DA:147,18
DA:149,3
DA:150,15
DA:152,3
DA:155,18
DA:164,18
DA:168,18
DA:172,10
DA:176,10
DA:178,9
DA:179,5
DA:182,4
DA:184,4
DA:186,4
DA:187,4
DA:188,4
DA:192,19
DA:193,19
DA:195,16
DA:196,8
DA:202,8
DA:207,8
DA:217,16
DA:218,16
DA:219,8
DA:223,17
DA:243,4
DA:247,3
DA:251,4
DA:255,1
DA:259,1
LF:64
LH:64
BRDA:59,0,0,105
BRDA:72,1,0,8
BRDA:72,2,0,38
BRDA:72,2,1,12
BRDA:72,2,2,12
BRDA:78,3,0,28
BRDA:78,3,1,2
BRDA:79,4,0,7
BRDA:83,5,0,3
BRDA:83,6,0,21
BRDA:83,6,1,7
BRDA:102,7,0,25
BRDA:102,7,1,20
BRDA:103,8,0,25
BRDA:103,8,1,21
BRDA:105,9,0,25
BRDA:105,9,1,21
BRDA:106,10,0,25
BRDA:106,10,1,23
BRDA:107,11,0,25
BRDA:107,11,1,21
BRDA:109,12,0,25
BRDA:109,12,1,0
BRDA:122,13,0,3
BRDA:122,13,1,6
BRDA:123,14,0,4
BRDA:123,14,1,5
BRDA:147,15,0,3
BRDA:147,15,1,15
BRDA:150,16,0,3
BRDA:178,17,0,5
BRDA:195,18,0,8
BRF:32
BRH:31
end_of_record
TN:
SF:src\shared\base\base.repository.ts
FN:62,(anonymous_0)
FN:70,(anonymous_1)
FN:80,(anonymous_2)
FN:94,(anonymous_3)
FN:124,(anonymous_4)
FN:139,(anonymous_5)
FN:156,(anonymous_6)
FN:173,(anonymous_7)
FN:191,(anonymous_8)
FN:209,(anonymous_9)
FN:228,(anonymous_10)
FN:247,(anonymous_11)
FN:261,(anonymous_12)
FN:273,(anonymous_13)
FN:286,(anonymous_14)
FNF:15
FNH:12
FNDA:134,(anonymous_0)
FNDA:200,(anonymous_1)
FNDA:0,(anonymous_2)
FNDA:156,(anonymous_3)
FNDA:85,(anonymous_4)
FNDA:8,(anonymous_5)
FNDA:13,(anonymous_6)
FNDA:44,(anonymous_7)
FNDA:17,(anonymous_8)
FNDA:6,(anonymous_9)
FNDA:4,(anonymous_10)
FNDA:0,(anonymous_11)
FNDA:0,(anonymous_12)
FNDA:2,(anonymous_13)
FNDA:21,(anonymous_14)
DA:3,8
DA:58,8
DA:63,134
DA:64,134
DA:71,200
DA:78,0
DA:80,0
DA:83,0
DA:84,0
DA:88,0
DA:99,156
DA:101,156
DA:102,145
DA:105,156
DA:106,156
DA:107,0
DA:111,156
DA:114,156
DA:130,85
DA:131,85
DA:133,85
DA:148,8
DA:149,8
DA:150,8
DA:165,13
DA:166,13
DA:167,13
DA:180,44
DA:181,44
DA:182,44
DA:184,44
DA:185,44
DA:199,17
DA:200,17
DA:202,17
DA:203,17
DA:210,6
DA:211,6
DA:214,6
DA:222,6
DA:230,4
DA:231,4
DA:233,4
DA:241,4
DA:248,0
DA:249,0
DA:251,0
DA:255,0
DA:266,0
DA:267,0
DA:278,2
DA:279,2
DA:280,2
DA:294,21
DA:295,21
DA:297,21
DA:298,21
DA:299,21
DA:300,21
DA:302,21
DA:313,21
LF:61
LH:49
BRDA:71,0,0,200
BRDA:83,1,0,0
BRDA:96,2,0,0
BRDA:97,3,0,0
BRDA:101,4,0,145
BRDA:105,5,0,156
BRDA:106,6,0,0
BRDA:126,7,0,0
BRDA:142,8,0,0
BRDA:158,9,0,0
BRDA:159,10,0,0
BRDA:176,11,0,0
BRDA:181,12,0,44
BRDA:181,13,0,44
BRDA:181,13,1,44
BRDA:195,14,0,0
BRDA:209,15,0,0
BRDA:218,16,0,6
BRDA:218,16,1,0
BRDA:228,17,0,0
BRDA:247,18,0,0
BRDA:264,19,0,0
BRDA:275,20,0,0
BRDA:276,21,0,0
BRDA:289,22,0,0
BRDA:290,23,0,0
BRDA:297,24,0,21
BRDA:297,24,1,0
BRDA:298,25,0,21
BRDA:298,25,1,0
BRDA:300,26,0,19
BRDA:300,26,1,2
BRDA:300,27,0,19
BRDA:300,27,1,0
BRF:34
BRH:12
end_of_record
TN:
SF:src\shared\base\base.service.ts
FN:38,(anonymous_0)
FN:61,(anonymous_1)
FN:76,(anonymous_2)
FN:105,(anonymous_3)
FN:114,(anonymous_4)
FN:123,(anonymous_5)
FN:130,(anonymous_6)
FNF:7
FNH:3
FNDA:209,(anonymous_0)
FNDA:0,(anonymous_1)
FNDA:0,(anonymous_2)
FNDA:129,(anonymous_3)
FNDA:24,(anonymous_4)
FNDA:0,(anonymous_5)
FNDA:0,(anonymous_6)
DA:3,7
DA:4,7
DA:5,7
DA:6,7
DA:8,7
DA:32,7
DA:39,209
DA:40,209
DA:41,209
DA:44,209
DA:64,0
DA:80,0
DA:81,0
DA:82,0
DA:83,0
DA:85,0
DA:87,0
DA:91,0
DA:94,0
DA:106,129
DA:107,24
DA:115,24
DA:116,24
DA:124,0
DA:131,0
LF:25
LH:14
BRDA:85,0,0,0
BRDA:106,1,0,24
BRDA:114,2,0,24
BRF:3
BRH:2
end_of_record
TN:
SF:src\shared\base\index.ts
FNF:0
FNH:0
DA:1,7
DA:2,7
LF:2
LH:2
BRF:0
BRH:0
end_of_record
TN:
SF:src\shared\constants\api.constants.ts
FNF:0
FNH:0
DA:30,8
DA:47,8
DA:62,8
DA:95,8
DA:110,8
DA:127,8
DA:142,8
DA:151,8
DA:166,8
DA:181,8
DA:190,8
LF:11
LH:11
BRF:0
BRH:0
end_of_record
TN:
SF:src\shared\constants\date-formats.ts
FNF:0
FNH:0
DA:21,8
DA:86,8
LF:2
LH:2
BRF:0
BRH:0
end_of_record
TN:
SF:src\shared\constants\http-status.ts
FNF:0
FNH:0
DA:5,8
LF:1
LH:1
BRF:0
BRH:0
end_of_record
TN:
SF:src\shared\constants\index.ts
FN:13,(anonymous_0)
FN:16,(anonymous_1)
FN:20,(anonymous_2)
FN:21,(anonymous_3)
FN:22,(anonymous_4)
FN:23,(anonymous_5)
FN:24,(anonymous_6)
FN:25,(anonymous_7)
FN:26,(anonymous_8)
FN:27,(anonymous_9)
FN:28,(anonymous_10)
FN:29,(anonymous_11)
FN:30,(anonymous_12)
FN:33,(anonymous_13)
FN:36,(anonymous_14)
FN:36,(anonymous_15)
FNF:16
FNH:3
FNDA:100,(anonymous_0)
FNDA:99,(anonymous_1)
FNDA:32,(anonymous_2)
FNDA:0,(anonymous_3)
FNDA:0,(anonymous_4)
FNDA:0,(anonymous_5)
FNDA:0,(anonymous_6)
FNDA:0,(anonymous_7)
FNDA:0,(anonymous_8)
FNDA:0,(anonymous_9)
FNDA:0,(anonymous_10)
FNDA:0,(anonymous_11)
FNDA:0,(anonymous_12)
FNDA:0,(anonymous_13)
FNDA:0,(anonymous_14)
FNDA:0,(anonymous_15)
DA:13,108
DA:16,107
DA:19,8
DA:20,40
DA:21,8
DA:22,8
DA:23,8
DA:24,8
DA:25,8
DA:26,8
DA:27,8
DA:28,8
DA:29,8
DA:30,8
DA:33,8
DA:36,8
LF:16
LH:16
BRF:0
BRH:0
end_of_record
TN:
SF:src\shared\constants\messages.ts
FNF:0
FNH:0
DA:23,8
LF:1
LH:1
BRF:0
BRH:0
end_of_record
TN:
SF:src\shared\constants\regex.ts
FNF:0
FNH:0
DA:22,8
LF:1
LH:1
BRF:0
BRH:0
end_of_record
TN:
SF:src\shared\enums\error.enum.ts
FN:36,(anonymous_0)
FNF:1
FNH:1
FNDA:7,(anonymous_0)
DA:36,7
DA:41,7
DA:44,7
DA:47,7
DA:50,7
DA:53,7
DA:56,7
DA:59,7
DA:62,7
DA:65,7
DA:68,7
DA:71,7
DA:74,7
DA:79,7
DA:82,7
DA:85,7
DA:88,7
DA:91,7
DA:94,7
DA:97,7
DA:100,7
DA:103,7
DA:106,7
DA:109,7
DA:112,7
DA:115,7
DA:120,7
DA:123,7
DA:126,7
DA:129,7
DA:134,7
DA:137,7
DA:140,7
DA:145,7
DA:148,7
DA:151,7
DA:154,7
DA:159,7
DA:162,7
DA:165,7
DA:170,7
DA:173,7
DA:176,7
DA:181,7
DA:184,7
LF:45
LH:45
BRDA:36,0,0,7
BRDA:36,0,1,7
BRF:2
BRH:2
end_of_record
TN:
SF:src\shared\enums\index.ts
FN:19,(anonymous_0)
FN:19,(anonymous_1)
FN:20,(anonymous_2)
FN:20,(anonymous_3)
FN:21,(anonymous_4)
FN:21,(anonymous_5)
FN:22,(anonymous_6)
FNF:7
FNH:5
FNDA:194,(anonymous_0)
FNDA:0,(anonymous_1)
FNDA:35,(anonymous_2)
FNDA:5,(anonymous_3)
FNDA:159,(anonymous_4)
FNDA:0,(anonymous_5)
FNDA:112,(anonymous_6)
DA:19,201
DA:20,42
DA:21,166
DA:22,119
LF:4
LH:4
BRF:0
BRH:0
end_of_record
TN:
SF:src\shared\enums\permission.enum.ts
FN:5,(anonymous_0)
FN:20,(anonymous_1)
FNF:2
FNH:2
FNDA:7,(anonymous_0)
FNDA:7,(anonymous_1)
DA:5,7
DA:6,7
DA:7,7
DA:8,7
DA:9,7
DA:10,7
DA:11,7
DA:12,7
DA:13,7
DA:20,7
DA:21,7
DA:22,7
DA:23,7
DA:24,7
DA:25,7
DA:26,7
DA:27,7
DA:28,7
DA:29,7
DA:30,7
DA:31,7
DA:32,7
DA:33,7
DA:34,7
DA:35,7
LF:25
LH:25
BRDA:5,0,0,7
BRDA:5,0,1,7
BRDA:20,1,0,7
BRDA:20,1,1,7
BRF:4
BRH:4
end_of_record
TN:
SF:src\shared\enums\tenant.enum.ts
FN:23,(anonymous_0)
FN:34,(anonymous_1)
FNF:2
FNH:2
FNDA:7,(anonymous_0)
FNDA:7,(anonymous_1)
DA:23,7
DA:24,7
DA:25,7
DA:26,7
DA:27,7
DA:34,7
DA:35,7
DA:36,7
DA:37,7
DA:38,7
DA:39,7
DA:40,7
LF:12
LH:12
BRDA:23,0,0,7
BRDA:23,0,1,7
BRDA:34,1,0,7
BRDA:34,1,1,7
BRF:4
BRH:4
end_of_record
TN:
SF:src\shared\enums\user.enum.ts
FN:5,(anonymous_0)
FN:16,(anonymous_1)
FNF:2
FNH:2
FNDA:7,(anonymous_0)
FNDA:7,(anonymous_1)
DA:5,7
DA:6,7
DA:7,7
DA:8,7
DA:9,7
DA:10,7
DA:16,7
DA:17,7
DA:18,7
DA:19,7
DA:20,7
LF:11
LH:11
BRDA:5,0,0,7
BRDA:5,0,1,7
BRDA:16,1,0,7
BRDA:16,1,1,7
BRF:4
BRH:4
end_of_record
TN:
SF:src\shared\errors\app.error.ts
FN:57,(anonymous_0)
FNF:1
FNH:1
FNDA:111,(anonymous_0)
DA:41,7
DA:64,111
DA:65,111
DA:66,111
DA:67,111
DA:68,111
DA:69,111
DA:72,111
LF:8
LH:8
BRDA:61,0,0,0
BRF:1
BRH:0
end_of_record
TN:
SF:src\shared\errors\http.errors.ts
FN:39,(anonymous_0)
FN:51,(anonymous_1)
FN:62,(anonymous_2)
FN:73,(anonymous_3)
FN:84,(anonymous_4)
FN:95,(anonymous_5)
FN:106,(anonymous_6)
FN:118,(anonymous_7)
FN:133,(anonymous_8)
FN:144,(anonymous_9)
FNF:10
FNH:5
FNDA:0,(anonymous_0)
FNDA:8,(anonymous_1)
FNDA:10,(anonymous_2)
FNDA:26,(anonymous_3)
FNDA:37,(anonymous_4)
FNDA:0,(anonymous_5)
FNDA:30,(anonymous_6)
FNDA:0,(anonymous_7)
FNDA:0,(anonymous_8)
FNDA:0,(anonymous_9)
DA:1,7
DA:2,7
DA:3,7
DA:38,7
DA:44,0
DA:50,7
DA:55,8
DA:61,7
DA:66,10
DA:72,7
DA:77,26
DA:83,7
DA:88,37
DA:94,7
DA:99,0
DA:105,7
DA:111,30
DA:117,7
DA:122,0
DA:132,7
DA:137,0
DA:143,7
DA:148,0
LF:23
LH:18
BRDA:40,0,0,0
BRDA:42,1,0,0
BRDA:52,2,0,0
BRDA:53,3,0,8
BRDA:63,4,0,0
BRDA:64,5,0,10
BRDA:74,6,0,0
BRDA:75,7,0,2
BRDA:85,8,0,0
BRDA:86,9,0,37
BRDA:96,10,0,0
BRDA:97,11,0,0
BRDA:107,12,0,0
BRDA:109,13,0,30
BRDA:119,14,0,0
BRDA:120,15,0,0
BRDA:134,16,0,0
BRDA:135,17,0,0
BRDA:145,18,0,0
BRDA:146,19,0,0
BRF:20
BRH:5
end_of_record
TN:
SF:src\shared\errors\index.ts
FN:5,(anonymous_0)
FN:7,(anonymous_1)
FN:8,(anonymous_2)
FN:9,(anonymous_3)
FN:10,(anonymous_4)
FN:11,(anonymous_5)
FN:12,(anonymous_6)
FN:13,(anonymous_7)
FN:14,(anonymous_8)
FN:15,(anonymous_9)
FN:16,(anonymous_10)
FNF:11
FNH:6
FNDA:69,(anonymous_0)
FNDA:0,(anonymous_1)
FNDA:8,(anonymous_2)
FNDA:10,(anonymous_3)
FNDA:37,(anonymous_4)
FNDA:58,(anonymous_5)
FNDA:0,(anonymous_6)
FNDA:39,(anonymous_7)
FNDA:0,(anonymous_8)
FNDA:0,(anonymous_9)
FNDA:0,(anonymous_10)
DA:5,76
DA:6,7
DA:7,7
DA:8,15
DA:9,17
DA:10,44
DA:11,65
DA:12,7
DA:13,46
DA:14,7
DA:15,7
DA:16,7
LF:12
LH:12
BRF:0
BRH:0
end_of_record
TN:
SF:src\shared\response\api-response.ts
FN:30,(anonymous_0)
FN:45,(anonymous_1)
FN:57,(anonymous_2)
FN:69,(anonymous_3)
FN:81,(anonymous_4)
FN:93,(anonymous_5)
FN:111,(anonymous_6)
FN:122,(anonymous_7)
FN:139,(anonymous_8)
FNF:9
FNH:8
FNDA:169,(anonymous_0)
FNDA:28,(anonymous_1)
FNDA:29,(anonymous_2)
FNDA:18,(anonymous_3)
FNDA:6,(anonymous_4)
FNDA:19,(anonymous_5)
FNDA:0,(anonymous_6)
FNDA:69,(anonymous_7)
FNDA:21,(anonymous_8)
DA:2,8
DA:26,8
DA:31,169
DA:32,169
DA:34,169
DA:35,169
DA:46,28
DA:58,29
DA:70,18
DA:82,6
DA:99,19
DA:112,0
DA:128,69
DA:140,21
DA:141,21
LF:15
LH:14
BRDA:32,0,0,0
BRDA:34,1,0,169
BRDA:34,1,1,0
BRDA:45,2,0,0
BRDA:57,3,0,29
BRDA:69,4,0,18
BRDA:81,5,0,6
BRDA:97,6,0,19
BRDA:111,7,0,0
BRF:9
BRH:5
end_of_record
TN:
SF:src\shared\utils\async-handler.ts
FN:31,(anonymous_0)
FN:32,(anonymous_1)
FNF:2
FNH:2
FNDA:54,(anonymous_0)
FNDA:133,(anonymous_1)
DA:30,4
DA:31,4
DA:32,54
DA:33,133
LF:4
LH:4
BRF:0
BRH:0
end_of_record
TN:
SF:src\shared\utils\crypto.utils.ts
FN:26,(anonymous_1)
FN:36,(anonymous_2)
FN:59,(anonymous_3)
FNF:3
FNH:0
FNDA:0,(anonymous_1)
FNDA:0,(anonymous_2)
FNDA:0,(anonymous_3)
DA:1,4
DA:18,4
DA:27,0
DA:37,0
DA:38,0
DA:41,0
DA:42,0
DA:44,0
DA:45,0
DA:46,0
DA:48,0
DA:60,0
LF:12
LH:2
BRDA:26,0,0,0
BRDA:36,1,0,0
BRDA:37,2,0,0
BRDA:37,3,0,0
BRDA:37,3,1,0
BRF:5
BRH:0
end_of_record
TN:
SF:src\shared\utils\index.ts
FNF:0
FNH:0
DA:4,4
DA:5,4
LF:2
LH:2
BRF:0
BRH:0
end_of_record
TN:
SF:src\shared\validators\index.ts
FNF:0
FNH:0
DA:4,4
LF:1
LH:1
BRF:0
BRH:0
end_of_record
TN:
SF:src\shared\validators\pagination.validator.ts
FNF:0
FNH:0
DA:1,4
DA:2,4
DA:20,4
DA:51,4
LF:4
LH:4
BRF:0
BRH:0
end_of_record
TN:
SF:tests\integration\helpers\fixtures.ts
FN:23,createTenantFixture
FN:70,seedFixtures
FN:84,cleanupFixtures
FN:95,(anonymous_3)
FNF:4
FNH:4
FNDA:6,createTenantFixture
FNDA:3,seedFixtures
FNDA:3,cleanupFixtures
FNDA:6,(anonymous_3)
DA:1,3
DA:2,3
DA:24,6
DA:26,6
DA:34,6
DA:43,6
DA:50,6
DA:59,6
DA:67,6
DA:70,3
DA:71,3
DA:76,3
DA:84,3
DA:85,3
DA:87,3
DA:88,3
DA:90,3
DA:94,3
DA:95,6
DA:97,3
DA:98,3
LF:21
LH:21
BRF:0
BRH:0
end_of_record
TN:
SF:tests\integration\helpers\full-test-app.ts
FN:26,createFullTestApp
FN:36,(anonymous_2)
FNF:2
FNH:2
FNDA:1,createFullTestApp
FNDA:1,(anonymous_2)
DA:1,1
DA:2,1
DA:3,1
DA:4,1
DA:5,1
DA:6,1
DA:7,1
DA:8,1
DA:9,1
DA:26,1
DA:27,1
DA:30,1
DA:31,1
DA:32,1
DA:33,1
DA:36,1
DA:37,1
DA:43,1
DA:46,1
DA:47,1
DA:50,1
DA:52,1
LF:22
LH:22
BRF:0
BRH:0
end_of_record
TN:
SF:tests\integration\helpers\jwt.ts
FN:20,signAccessToken
FNF:1
FNH:1
FNDA:140,signAccessToken
DA:1,4
DA:2,4
DA:3,4
DA:20,4
DA:28,140
DA:30,140
LF:6
LH:6
BRDA:24,0,0,140
BRDA:25,1,0,140
BRDA:26,2,0,1
BRDA:27,3,0,138
BRF:4
BRH:4
end_of_record
TN:
SF:tests\integration\helpers\task-test-app.ts
FN:14,createTaskTestApp
FNF:1
FNH:1
FNDA:2,createTaskTestApp
DA:1,2
DA:2,2
DA:3,2
DA:4,2
DA:5,2
DA:14,2
DA:15,2
DA:16,2
DA:17,2
DA:18,2
DA:19,2
DA:20,2
DA:21,2
LF:13
LH:13
BRF:0
BRH:0
end_of_record
TN:
SF:tests\integration\helpers\test-app.ts
FN:17,createTestApp
FNF:1
FNH:1
FNDA:1,createTestApp
DA:1,1
DA:2,1
DA:3,1
DA:4,1
DA:5,1
DA:17,1
DA:18,1
DA:19,1
DA:20,1
DA:21,1
DA:22,1
DA:23,1
DA:24,1
LF:13
LH:13
BRF:0
BRH:0
end_of_record
