TN:
SF:src\config\database.ts
FN:20,createPrismaClient
FN:43,connectDatabase
FN:51,disconnectDatabase
FNF:3
FNH:2
FNDA:23,createPrismaClient
FNDA:0,connectDatabase
FNDA:2,disconnectDatabase
DA:1,23
DA:2,23
DA:3,23
DA:16,23
DA:21,23
DA:23,23
DA:33,23
DA:35,23
DA:36,23
DA:43,23
DA:44,0
DA:51,23
DA:52,2
LF:13
LH:12
BRDA:26,0,0,0
BRDA:26,0,1,23
BRDA:33,1,0,23
BRDA:33,1,1,23
BRDA:35,2,0,23
BRF:5
BRH:4
end_of_record
TN:
SF:src\config\environment.ts
FNF:0
FNH:0
DA:1,50
DA:9,50
DA:93,50
DA:95,50
DA:96,0
DA:97,0
DA:98,0
DA:101,50
LF:8
LH:5
BRDA:95,0,0,0
BRF:1
BRH:0
end_of_record
TN:
SF:src\config\jwt.ts
FNF:0
FNH:0
DA:1,31
DA:8,31
LF:2
LH:2
BRF:0
BRH:0
end_of_record
TN:
SF:src\config\logger.ts
FN:87,createContextLogger
FNF:1
FNH:1
FNDA:723,createContextLogger
DA:1,48
DA:2,48
DA:31,48
DA:87,48
DA:88,723
LF:5
LH:5
BRDA:33,0,0,0
BRDA:33,0,1,48
BRF:2
BRH:1
end_of_record
TN:
SF:src\config\queue.ts
FNF:0
FNH:0
DA:1,1
DA:2,1
DA:9,1
DA:14,1
DA:28,1
DA:38,1
DA:48,1
DA:58,1
DA:68,1
LF:9
LH:9
BRF:0
BRH:0
end_of_record
TN:
SF:src\config\razorpay.ts
FNF:0
FNH:0
DA:1,3
DA:2,3
DA:12,3
DA:17,3
LF:4
LH:4
BRDA:13,0,0,3
BRDA:13,0,1,0
BRDA:14,1,0,3
BRDA:14,1,1,0
BRDA:18,2,0,3
BRDA:18,2,1,0
BRDA:20,3,0,3
BRDA:20,3,1,0
BRDA:22,4,0,3
BRDA:22,4,1,3
BRF:10
BRH:6
end_of_record
TN:
SF:src\config\redis.ts
FN:16,(anonymous_1)
FN:20,(anonymous_2)
FN:22,(anonymous_3)
FN:30,(anonymous_4)
FN:34,(anonymous_5)
FN:38,(anonymous_6)
FN:42,(anonymous_7)
FN:46,(anonymous_8)
FN:53,connectRedis
FN:60,disconnectRedis
FNF:10
FNH:2
FNDA:0,(anonymous_1)
FNDA:0,(anonymous_2)
FNDA:0,(anonymous_3)
FNDA:1,(anonymous_4)
FNDA:1,(anonymous_5)
FNDA:0,(anonymous_6)
FNDA:0,(anonymous_7)
FNDA:0,(anonymous_8)
FNDA:0,connectRedis
FNDA:0,disconnectRedis
DA:1,1
DA:2,1
DA:3,1
DA:10,1
DA:17,0
DA:18,0
DA:21,0
DA:22,0
DA:23,0
DA:25,0
DA:30,1
DA:31,1
DA:34,1
DA:35,1
DA:38,1
DA:39,0
DA:42,1
DA:43,0
DA:46,1
DA:47,0
DA:53,1
DA:54,0
DA:60,1
DA:61,0
LF:24
LH:13
BRDA:13,0,0,1
BRDA:13,0,1,1
BRDA:22,1,0,0
BRF:3
BRH:2
end_of_record
TN:
SF:src\config\storage.ts
FNF:0
FNH:0
DA:1,5
DA:2,5
DA:8,5
DA:20,5
LF:4
LH:4
BRDA:9,0,0,5
BRDA:9,0,1,5
BRDA:11,1,0,0
BRDA:11,1,1,5
BRDA:11,2,0,5
BRDA:11,2,1,0
BRDA:17,3,0,0
BRDA:17,3,1,5
BRDA:22,4,0,5
BRDA:22,4,1,5
BRDA:23,5,0,5
BRDA:23,5,1,5
BRF:12
BRH:9
end_of_record
TN:
SF:src\config\swagger.ts
FNF:0
FNH:0
DA:1,1
DA:2,1
DA:8,1
DA:59,1
DA:64,1
LF:5
LH:5
BRDA:28,0,0,0
BRDA:28,0,1,1
BRF:2
BRH:1
end_of_record
TN:
SF:src\middlewares\auth.middleware.ts
FN:28,authMiddleware
FN:68,optionalAuthMiddleware
FNF:2
FNH:1
FNDA:468,authMiddleware
FNDA:0,optionalAuthMiddleware
DA:2,30
DA:3,30
DA:4,30
DA:28,30
DA:33,468
DA:35,468
DA:36,21
DA:39,447
DA:41,447
DA:42,447
DA:44,442
DA:52,442
DA:54,5
DA:55,2
DA:57,3
DA:58,3
DA:60,0
DA:68,30
DA:73,0
DA:75,0
DA:76,0
DA:79,0
DA:81,0
DA:82,0
DA:83,0
DA:94,0
LF:26
LH:17
BRDA:35,0,0,21
BRDA:35,1,0,468
BRDA:35,1,1,447
BRDA:49,2,0,442
BRDA:49,2,1,0
BRDA:54,3,0,2
BRDA:57,4,0,3
BRDA:75,5,0,0
BRDA:75,6,0,0
BRDA:75,6,1,0
BRDA:88,7,0,0
BRDA:88,7,1,0
BRF:12
BRH:6
end_of_record
TN:
SF:src\middlewares\correlation-id.middleware.ts
FN:33,correlationIdMiddleware
FNF:1
FNH:1
FNDA:494,correlationIdMiddleware
DA:2,21
DA:33,21
DA:39,494
DA:40,494
DA:43,494
DA:46,494
DA:49,494
DA:51,494
LF:8
LH:8
BRDA:40,0,0,494
BRDA:40,0,1,494
BRDA:40,1,0,0
BRDA:40,1,1,494
BRF:4
BRH:3
end_of_record
TN:
SF:src\middlewares\error.middleware.ts
FN:34,errorMiddleware
FN:67,(anonymous_1)
FNF:2
FNH:1
FNDA:227,errorMiddleware
FNDA:0,(anonymous_1)
DA:2,21
DA:3,21
DA:4,21
DA:5,21
DA:6,21
DA:7,21
DA:8,21
DA:9,21
DA:10,21
DA:34,21
DA:42,227
DA:51,227
DA:52,222
DA:53,222
DA:56,0
DA:59,222
DA:62,222
DA:66,5
DA:67,0
DA:72,0
DA:74,0
DA:84,0
DA:88,5
DA:89,0
DA:91,0
DA:94,0
DA:98,5
DA:100,4
DA:101,2
DA:102,2
DA:111,2
DA:115,2
DA:116,0
DA:117,0
DA:126,0
DA:130,2
DA:131,2
DA:132,2
DA:141,2
DA:146,1
DA:149,1
DA:153,1
DA:155,1
LF:43
LH:32
BRDA:51,0,0,222
BRDA:52,1,0,222
BRDA:52,1,1,0
BRDA:66,2,0,0
BRDA:88,3,0,0
BRDA:98,4,0,4
BRDA:100,5,0,2
BRDA:115,6,0,0
BRDA:130,7,0,2
BRDA:149,8,0,0
BRDA:149,8,1,1
BRDA:150,9,0,0
BRDA:150,9,1,0
BRDA:153,10,0,0
BRDA:153,10,1,1
BRF:15
BRH:7
end_of_record
TN:
SF:src\middlewares\permission.middleware.ts
FN:17,requirePermission
FN:18,(anonymous_1)
FN:24,(anonymous_2)
FN:39,requireAnyPermission
FN:40,(anonymous_4)
FN:46,(anonymous_5)
FN:62,requireRole
FN:63,(anonymous_7)
FNF:8
FNH:5
FNDA:222,requirePermission
FNDA:377,(anonymous_1)
FNDA:377,(anonymous_2)
FNDA:0,requireAnyPermission
FNDA:0,(anonymous_4)
FNDA:0,(anonymous_5)
FNDA:14,requireRole
FNDA:16,(anonymous_7)
DA:2,27
DA:17,27
DA:18,222
DA:19,377
DA:20,0
DA:23,377
DA:24,377
DA:26,377
DA:27,41
DA:32,336
DA:39,27
DA:40,0
DA:41,0
DA:42,0
DA:45,0
DA:46,0
DA:48,0
DA:49,0
DA:54,0
DA:62,27
DA:63,14
DA:64,16
DA:65,0
DA:68,16
DA:69,2
DA:72,14
LF:26
LH:16
BRDA:19,0,0,0
BRDA:23,1,0,377
BRDA:23,1,1,0
BRDA:26,2,0,41
BRDA:41,3,0,0
BRDA:45,4,0,0
BRDA:45,4,1,0
BRDA:48,5,0,0
BRDA:64,6,0,0
BRDA:68,7,0,2
BRF:10
BRH:3
end_of_record
TN:
SF:src\middlewares\request-logger.middleware.ts
FN:14,(anonymous_1)
FN:15,(anonymous_2)
FN:20,(anonymous_3)
FN:22,(anonymous_4)
FN:25,(anonymous_5)
FN:35,(anonymous_6)
FN:43,(anonymous_7)
FNF:7
FNH:7
FNDA:494,(anonymous_1)
FNDA:493,(anonymous_2)
FNDA:489,(anonymous_3)
FNDA:4,(anonymous_4)
FNDA:494,(anonymous_5)
FNDA:493,(anonymous_6)
FNDA:494,(anonymous_7)
DA:1,21
DA:2,21
DA:12,21
DA:14,494
DA:16,493
DA:17,489
DA:18,266
DA:21,489
DA:23,4
DA:26,494
DA:27,494
DA:36,493
DA:44,494
LF:13
LH:13
BRDA:16,0,0,4
BRDA:16,1,0,493
BRDA:16,1,1,493
BRDA:17,2,0,223
BRDA:44,3,0,494
BRDA:44,3,1,0
BRF:6
BRH:5
end_of_record
TN:
SF:src\middlewares\tenant.middleware.ts
FN:43,tenantMiddlewareHandler
FNF:1
FNH:1
FNDA:426,tenantMiddlewareHandler
DA:2,30
DA:3,30
DA:4,30
DA:5,30
DA:6,30
DA:7,30
DA:11,30
DA:48,426
DA:49,0
DA:52,426
DA:55,426
DA:68,426
DA:69,0
DA:72,426
DA:74,426
DA:75,0
DA:79,426
DA:83,426
DA:84,1
DA:87,425
DA:88,1
DA:91,424
DA:99,424
DA:102,30
LF:24
LH:21
BRDA:48,0,0,0
BRDA:68,1,0,0
BRDA:74,2,0,0
BRDA:79,3,0,426
BRDA:79,3,1,401
BRDA:79,3,2,1
BRDA:83,4,0,1
BRDA:87,5,0,1
BRF:8
BRH:5
end_of_record
TN:
SF:src\middlewares\validation.middleware.ts
FN:25,validate
FN:26,(anonymous_1)
FN:40,(anonymous_2)
FNF:3
FNH:3
FNDA:239,validate
FNDA:396,(anonymous_1)
FNDA:50,(anonymous_2)
DA:2,30
DA:3,30
DA:25,30
DA:26,239
DA:27,396
DA:28,396
DA:29,189
DA:31,373
DA:32,200
DA:34,356
DA:35,73
DA:37,349
DA:39,47
DA:40,50
DA:45,47
DA:47,0
DA:56,30
LF:17
LH:16
BRDA:28,0,0,189
BRDA:31,1,0,200
BRDA:34,2,0,73
BRDA:39,3,0,47
BRDA:39,3,1,0
BRF:5
BRH:4
end_of_record
TN:
SF:src\modules\audit\index.ts
FN:9,(anonymous_1)
FN:10,(anonymous_2)
FNF:2
FNH:1
FNDA:0,(anonymous_1)
FNDA:294,(anonymous_2)
DA:9,16
DA:10,310
LF:2
LH:2
BRF:0
BRH:0
end_of_record
TN:
SF:src\modules\audit\constants\audit.permissions.ts
FNF:0
FNH:0
DA:1,16
DA:15,16
DA:17,16
LF:3
LH:3
BRF:0
BRH:0
end_of_record
TN:
SF:src\modules\audit\controller\audit-log.controller.ts
FN:13,(anonymous_0)
FN:20,(anonymous_1)
FNF:2
FNH:2
FNDA:4,(anonymous_0)
FNDA:2,(anonymous_1)
DA:2,16
DA:3,16
DA:4,16
DA:5,16
DA:6,16
DA:12,16
DA:13,16
DA:14,4
DA:15,4
DA:17,4
DA:20,16
DA:21,2
DA:22,2
DA:24,1
LF:14
LH:14
BRF:0
BRH:0
end_of_record
TN:
SF:src\modules\audit\mapper\audit.mapper.ts
FN:9,(anonymous_0)
FN:23,(anonymous_1)
FN:24,(anonymous_2)
FNF:3
FNH:3
FNDA:5,(anonymous_0)
FNDA:4,(anonymous_1)
FNDA:4,(anonymous_2)
DA:8,16
DA:10,5
DA:24,4
LF:3
LH:3
BRF:0
BRH:0
end_of_record
TN:
SF:src\modules\audit\repository\audit-log.repository.ts
FN:37,(anonymous_0)
FN:41,(anonymous_1)
FN:67,(anonymous_2)
FN:72,(anonymous_3)
FNF:4
FNH:4
FNDA:300,(anonymous_0)
FNDA:4,(anonymous_1)
FNDA:2,(anonymous_2)
FNDA:24,(anonymous_3)
DA:2,18
DA:36,18
DA:38,300
DA:46,4
DA:48,4
DA:49,2
DA:51,4
DA:52,2
DA:54,4
DA:55,1
DA:57,4
DA:58,0
DA:60,4
DA:61,0
DA:64,4
DA:68,2
DA:73,24
LF:17
LH:15
BRDA:44,0,0,0
BRDA:48,1,0,2
BRDA:51,2,0,2
BRDA:54,3,0,1
BRDA:57,4,0,0
BRDA:57,5,0,4
BRDA:57,5,1,4
BRDA:60,6,0,0
BRDA:67,7,0,0
BRDA:78,8,0,24
BRDA:78,8,1,8
BRDA:79,9,0,24
BRDA:79,9,1,8
BRDA:81,10,0,24
BRDA:81,10,1,0
BRF:15
BRH:10
end_of_record
TN:
SF:src\modules\audit\routes\audit-log.routes.ts
FNF:0
FNH:0
DA:1,16
DA:2,16
DA:3,16
DA:4,16
DA:5,16
DA:6,16
DA:7,16
DA:8,16
DA:22,16
DA:101,16
DA:126,16
DA:135,16
LF:12
LH:12
BRF:0
BRH:0
end_of_record
TN:
SF:src\modules\audit\schemas\audit.schema.ts
FNF:0
FNH:0
DA:1,16
DA:2,16
DA:3,16
DA:19,16
DA:21,16
DA:23,16
LF:6
LH:6
BRF:0
BRH:0
end_of_record
TN:
SF:src\modules\audit\service\audit-log.recorder.ts
FN:51,(anonymous_0)
FN:53,(anonymous_1)
FNF:2
FNH:2
FNDA:297,(anonymous_0)
FNDA:51,(anonymous_1)
DA:2,17
DA:3,17
DA:4,17
DA:50,17
DA:51,297
DA:54,51
DA:55,51
DA:59,27
DA:61,27
DA:74,25
LF:10
LH:10
BRDA:51,0,0,294
BRDA:59,1,0,26
BRDA:59,1,1,1
BRDA:66,2,0,27
BRDA:66,2,1,10
BRDA:67,3,0,27
BRDA:67,3,1,10
BRDA:69,4,0,27
BRDA:69,4,1,2
BRF:9
BRH:9
end_of_record
TN:
SF:src\modules\audit\service\audit-log.service.ts
FN:22,(anonymous_0)
FN:29,(anonymous_1)
FN:44,(anonymous_2)
FNF:3
FNH:3
FNDA:9,(anonymous_0)
FNDA:5,(anonymous_1)
FNDA:4,(anonymous_2)
DA:3,17
DA:4,17
DA:6,17
DA:21,17
DA:24,9
DA:26,9
DA:30,5
DA:45,4
DA:46,4
DA:47,2
LF:10
LH:10
BRDA:24,0,0,6
BRF:1
BRH:1
end_of_record
TN:
SF:src\modules\auth\controller\auth.controller.ts
FN:20,requestMeta
FN:25,(anonymous_1)
FN:32,(anonymous_2)
FN:39,(anonymous_3)
FN:46,(anonymous_4)
FN:53,(anonymous_5)
FN:60,(anonymous_6)
FN:67,(anonymous_7)
FN:74,(anonymous_8)
FNF:9
FNH:9
FNDA:13,requestMeta
FNDA:10,(anonymous_1)
FNDA:3,(anonymous_2)
FNDA:1,(anonymous_3)
FNDA:1,(anonymous_4)
FNDA:2,(anonymous_5)
FNDA:1,(anonymous_6)
FNDA:1,(anonymous_7)
FNDA:1,(anonymous_8)
DA:2,1
DA:3,1
DA:4,1
DA:5,1
DA:21,13
DA:24,1
DA:25,1
DA:26,10
DA:27,10
DA:29,7
DA:32,1
DA:33,3
DA:34,3
DA:36,2
DA:39,1
DA:40,1
DA:41,1
DA:43,1
DA:46,1
DA:47,1
DA:48,1
DA:50,1
DA:53,1
DA:54,2
DA:55,2
DA:57,1
DA:60,1
DA:61,1
DA:62,1
DA:64,1
DA:67,1
DA:68,1
DA:69,1
DA:71,1
DA:74,1
DA:75,1
DA:76,1
DA:78,1
LF:38
LH:38
BRDA:21,0,0,13
BRDA:21,0,1,0
BRDA:21,1,0,13
BRDA:21,1,1,13
BRF:4
BRH:3
end_of_record
TN:
SF:src\modules\auth\mapper\auth.mapper.ts
FN:9,(anonymous_0)
FN:21,(anonymous_1)
FN:35,(anonymous_2)
FN:51,(anonymous_3)
FN:52,(anonymous_4)
FNF:5
FNH:5
FNDA:11,(anonymous_0)
FNDA:2,(anonymous_1)
FNDA:6,(anonymous_2)
FNDA:4,(anonymous_3)
FNDA:6,(anonymous_4)
DA:8,4
DA:10,11
DA:22,2
DA:36,6
DA:52,6
LF:5
LH:5
BRDA:30,0,0,1
BRDA:30,0,1,1
BRF:2
BRH:2
end_of_record
TN:
SF:src\modules\auth\repository\auth.repository.ts
FN:31,(anonymous_0)
FN:45,(anonymous_1)
FN:49,(anonymous_2)
FN:53,(anonymous_3)
FN:57,(anonymous_4)
FN:64,(anonymous_5)
FN:72,(anonymous_6)
FN:89,(anonymous_7)
FN:118,(anonymous_8)
FN:122,(anonymous_9)
FN:126,(anonymous_10)
FN:133,(anonymous_11)
FN:137,(anonymous_12)
FN:144,(anonymous_13)
FN:156,(anonymous_14)
FN:160,(anonymous_15)
FN:164,(anonymous_16)
FN:169,(anonymous_17)
FN:176,(anonymous_18)
FN:187,(anonymous_19)
FN:201,(anonymous_20)
FN:205,(anonymous_21)
FN:212,(anonymous_22)
FNF:23
FNH:22
FNDA:20,(anonymous_0)
FNDA:10,(anonymous_1)
FNDA:5,(anonymous_2)
FNDA:2,(anonymous_3)
FNDA:7,(anonymous_4)
FNDA:1,(anonymous_5)
FNDA:7,(anonymous_6)
FNDA:10,(anonymous_7)
FNDA:7,(anonymous_8)
FNDA:2,(anonymous_9)
FNDA:1,(anonymous_10)
FNDA:1,(anonymous_11)
FNDA:3,(anonymous_12)
FNDA:2,(anonymous_13)
FNDA:9,(anonymous_14)
FNDA:4,(anonymous_15)
FNDA:2,(anonymous_16)
FNDA:1,(anonymous_17)
FNDA:2,(anonymous_18)
FNDA:12,(anonymous_19)
FNDA:1,(anonymous_20)
FNDA:1,(anonymous_21)
FNDA:0,(anonymous_22)
DA:1,2
DA:30,2
DA:31,20
DA:46,10
DA:50,5
DA:54,2
DA:58,7
DA:65,1
DA:73,7
DA:90,10
DA:105,10
DA:106,10
DA:107,0
DA:108,0
DA:111,10
DA:119,7
DA:123,2
DA:127,1
DA:134,1
DA:138,3
DA:145,2
DA:149,2
DA:157,9
DA:161,4
DA:165,2
DA:170,1
DA:177,2
DA:198,12
DA:202,1
DA:206,1
DA:212,1
LF:31
LH:29
BRDA:146,0,0,0
BRDA:146,0,1,2
BRF:2
BRH:1
end_of_record
TN:
SF:src\modules\auth\routes\auth.routes.ts
FNF:0
FNH:0
DA:1,1
DA:2,1
DA:3,1
DA:4,1
DA:5,1
DA:6,1
DA:28,1
DA:75,1
DA:91,1
DA:108,1
DA:121,1
DA:140,1
DA:153,1
DA:169,1
DA:194,1
DA:196,1
LF:16
LH:16
BRF:0
BRH:0
end_of_record
TN:
SF:src\modules\auth\schemas\auth.schema.ts
FNF:0
FNH:0
DA:1,1
DA:2,1
DA:21,1
DA:23,1
DA:29,1
DA:34,1
DA:39,1
DA:43,1
LF:8
LH:8
BRF:0
BRH:0
end_of_record
TN:
SF:src\modules\auth\service\auth.service.ts
FN:68,(anonymous_1)
FN:80,(anonymous_2)
FN:177,(anonymous_3)
FN:239,(anonymous_4)
FN:268,(anonymous_5)
FN:285,(anonymous_6)
FN:324,(anonymous_7)
FN:330,(anonymous_8)
FN:340,(anonymous_9)
FN:357,(anonymous_10)
FN:362,(anonymous_11)
FN:366,(anonymous_12)
FN:370,(anonymous_13)
FNF:13
FNH:13
FNDA:46,(anonymous_1)
FNDA:18,(anonymous_2)
FNDA:9,(anonymous_3)
FNDA:3,(anonymous_4)
FNDA:2,(anonymous_5)
FNDA:6,(anonymous_6)
FNDA:2,(anonymous_7)
FNDA:3,(anonymous_8)
FNDA:3,(anonymous_9)
FNDA:19,(anonymous_10)
FNDA:14,(anonymous_11)
FNDA:12,(anonymous_12)
FNDA:6,(anonymous_13)
DA:1,2
DA:3,2
DA:4,2
DA:5,2
DA:17,2
DA:18,2
DA:19,2
DA:20,2
DA:21,2
DA:22,2
DA:23,2
DA:25,2
DA:26,2
DA:27,2
DA:28,2
DA:33,2
DA:67,2
DA:70,46
DA:71,46
DA:73,46
DA:81,18
DA:83,18
DA:84,2
DA:85,2
DA:88,16
DA:89,1
DA:92,15
DA:93,1
DA:96,14
DA:97,14
DA:98,4
DA:99,4
DA:102,10
DA:103,10
DA:104,1
DA:107,9
DA:108,9
DA:110,9
DA:111,9
DA:117,9
DA:129,9
DA:130,9
DA:142,9
DA:143,9
DA:153,9
DA:161,9
DA:163,9
DA:178,9
DA:180,9
DA:181,1
DA:184,8
DA:185,2
DA:186,2
DA:187,2
DA:193,6
DA:194,2
DA:197,4
DA:198,4
DA:199,1
DA:202,3
DA:203,3
DA:205,3
DA:206,3
DA:219,3
DA:220,3
DA:221,3
DA:232,3
DA:240,3
DA:242,3
DA:243,3
DA:244,2
DA:245,2
DA:251,3
DA:252,3
DA:261,3
DA:269,2
DA:270,2
DA:271,2
DA:273,2
DA:274,2
DA:286,6
DA:287,6
DA:288,6
DA:290,6
DA:291,6
DA:292,2
DA:295,4
DA:296,4
DA:297,4
DA:299,6
DA:300,2
DA:304,2
DA:305,2
DA:306,2
DA:308,2
DA:309,2
DA:311,2
DA:325,2
DA:326,2
DA:327,2
DA:331,3
DA:332,3
DA:333,3
DA:335,2
DA:336,2
DA:341,3
DA:344,3
DA:345,1
DA:346,1
DA:349,3
DA:350,3
DA:358,19
DA:359,19
DA:363,14
DA:367,12
DA:371,6
DA:372,4
DA:374,4
DA:377,4
DA:380,6
LF:120
LH:120
BRDA:70,0,0,20
BRDA:71,1,0,46
BRDA:83,2,0,2
BRDA:88,3,0,1
BRDA:88,4,0,16
BRDA:88,4,1,1
BRDA:92,5,0,1
BRDA:96,6,0,14
BRDA:96,6,1,0
BRDA:97,7,0,4
BRDA:103,8,0,1
BRDA:103,9,0,10
BRDA:103,9,1,10
BRDA:110,10,0,0
BRDA:110,10,1,9
BRDA:180,11,0,1
BRDA:184,12,0,2
BRDA:193,13,0,2
BRDA:193,14,0,6
BRDA:193,14,1,5
BRDA:198,15,0,1
BRDA:198,16,0,4
BRDA:198,16,1,4
BRDA:243,17,0,2
BRDA:243,18,0,3
BRDA:243,18,1,3
BRDA:251,19,0,3
BRDA:257,20,0,3
BRDA:257,20,1,2
BRDA:290,21,0,6
BRDA:290,21,1,0
BRDA:291,22,0,2
BRDA:296,23,0,4
BRDA:296,23,1,0
BRDA:299,24,0,2
BRDA:305,25,0,2
BRDA:344,26,0,1
BRDA:346,27,0,1
BRDA:346,28,0,1
BRDA:346,28,1,1
BRDA:358,29,0,0
BRDA:363,30,0,1
BRDA:363,30,1,13
BRDA:371,31,0,4
BRDA:374,32,0,1
BRDA:374,32,1,3
BRF:46
BRH:41
end_of_record
TN:
SF:src\modules\auth\utils\user-agent.util.ts
FN:26,detectBrowser
FN:28,(anonymous_1)
FN:31,detectOs
FN:33,(anonymous_3)
FNF:4
FNH:4
FNDA:15,detectBrowser
FNDA:19,(anonymous_1)
FNDA:15,detectOs
FNDA:17,(anonymous_3)
DA:8,3
DA:16,3
DA:26,3
DA:27,15
DA:28,19
DA:31,3
DA:32,15
DA:33,17
LF:8
LH:8
BRDA:27,0,0,9
BRDA:28,1,0,6
BRDA:28,1,1,1
BRDA:32,2,0,8
BRDA:33,3,0,7
BRDA:33,3,1,1
BRF:6
BRH:6
end_of_record
TN:
SF:src\modules\billing\index.ts
FN:12,(anonymous_1)
FN:13,(anonymous_2)
FN:14,(anonymous_3)
FN:15,(anonymous_4)
FN:15,(anonymous_5)
FN:15,(anonymous_6)
FNF:6
FNH:4
FNDA:0,(anonymous_1)
FNDA:6,(anonymous_2)
FNDA:0,(anonymous_3)
FNDA:2,(anonymous_4)
FNDA:2,(anonymous_5)
FNDA:2,(anonymous_6)
DA:12,2
DA:13,8
DA:14,2
DA:15,4
LF:4
LH:4
BRF:0
BRH:0
end_of_record
TN:
SF:src\modules\billing\constants\billing.permissions.ts
FNF:0
FNH:0
DA:1,3
DA:14,3
DA:16,3
LF:3
LH:3
BRF:0
BRH:0
end_of_record
TN:
SF:src\modules\billing\controller\billing.controller.ts
FN:16,(anonymous_0)
FN:23,(anonymous_1)
FN:30,(anonymous_2)
FN:37,(anonymous_3)
FN:44,(anonymous_4)
FNF:5
FNH:4
FNDA:2,(anonymous_0)
FNDA:1,(anonymous_1)
FNDA:2,(anonymous_2)
FNDA:0,(anonymous_3)
FNDA:1,(anonymous_4)
DA:2,3
DA:3,3
DA:4,3
DA:5,3
DA:15,3
DA:16,3
DA:17,2
DA:18,2
DA:20,2
DA:23,3
DA:24,1
DA:25,1
DA:27,1
DA:30,3
DA:31,2
DA:32,2
DA:34,1
DA:37,3
DA:38,0
DA:39,0
DA:41,0
DA:44,3
DA:45,1
DA:46,1
DA:47,1
DA:50,1
LF:26
LH:23
BRF:0
BRH:0
end_of_record
TN:
SF:src\modules\billing\controller\plan.controller.ts
FN:16,(anonymous_0)
FN:23,(anonymous_1)
FN:30,(anonymous_2)
FN:37,(anonymous_3)
FNF:4
FNH:4
FNDA:3,(anonymous_0)
FNDA:1,(anonymous_1)
FNDA:2,(anonymous_2)
FNDA:2,(anonymous_3)
DA:2,3
DA:3,3
DA:4,3
DA:5,3
DA:15,3
DA:16,3
DA:17,3
DA:18,3
DA:20,3
DA:23,3
DA:24,1
DA:25,1
DA:27,1
DA:30,3
DA:31,2
DA:32,2
DA:34,1
DA:37,3
DA:38,2
DA:39,2
DA:41,1
LF:21
LH:21
BRF:0
BRH:0
end_of_record
TN:
SF:src\modules\billing\mapper\billing.mapper.ts
FN:13,(anonymous_0)
FN:29,(anonymous_1)
FN:30,(anonymous_2)
FN:33,(anonymous_3)
FN:37,(anonymous_4)
FN:38,(anonymous_5)
FN:41,(anonymous_6)
FN:53,(anonymous_7)
FN:68,(anonymous_8)
FN:69,(anonymous_9)
FNF:10
FNH:8
FNDA:50,(anonymous_0)
FNDA:4,(anonymous_1)
FNDA:31,(anonymous_2)
FNDA:11,(anonymous_3)
FNDA:2,(anonymous_4)
FNDA:11,(anonymous_5)
FNDA:6,(anonymous_6)
FNDA:0,(anonymous_7)
FNDA:1,(anonymous_8)
FNDA:0,(anonymous_9)
DA:12,5
DA:14,50
DA:30,31
DA:34,11
DA:38,11
DA:45,6
DA:54,0
DA:69,1
LF:8
LH:7
BRDA:48,0,0,0
BRDA:48,0,1,6
BRDA:49,1,0,4
BRDA:49,1,1,2
BRDA:64,2,0,0
BRDA:64,2,1,0
BRF:6
BRH:3
end_of_record
TN:
SF:src\modules\billing\repository\plan.repository.ts
FN:31,(anonymous_0)
FN:33,(anonymous_1)
FN:38,(anonymous_2)
FN:48,(anonymous_3)
FN:49,(anonymous_4)
FN:52,(anonymous_5)
FN:56,(anonymous_6)
FN:60,(anonymous_7)
FN:64,(anonymous_8)
FNF:9
FNH:9
FNDA:14,(anonymous_0)
FNDA:3,(anonymous_1)
FNDA:1,(anonymous_2)
FNDA:3,(anonymous_3)
FNDA:10,(anonymous_4)
FNDA:5,(anonymous_5)
FNDA:2,(anonymous_6)
FNDA:1,(anonymous_7)
FNDA:1,(anonymous_8)
DA:30,5
DA:31,14
DA:34,3
DA:39,1
DA:48,3
DA:49,10
DA:53,5
DA:57,2
DA:61,1
DA:65,1
LF:10
LH:10
BRDA:49,0,0,10
BRDA:49,0,1,10
BRF:2
BRH:2
end_of_record
TN:
SF:src\modules\billing\repository\platform-invoice.repository.ts
FN:24,(anonymous_0)
FN:28,(anonymous_1)
FN:35,(anonymous_2)
FN:46,(anonymous_3)
FNF:4
FNH:2
FNDA:6,(anonymous_0)
FNDA:0,(anonymous_1)
FNDA:1,(anonymous_2)
FNDA:0,(anonymous_3)
DA:1,4
DA:2,4
DA:6,4
DA:23,4
DA:25,6
DA:29,0
DA:42,1
DA:43,1
DA:50,0
LF:9
LH:7
BRDA:37,0,0,0
BRF:1
BRH:0
end_of_record
TN:
SF:src\modules\billing\repository\tenant-billing.repository.ts
FN:28,(anonymous_0)
FN:30,(anonymous_1)
FN:35,(anonymous_2)
FNF:3
FNH:2
FNDA:6,(anonymous_0)
FNDA:2,(anonymous_1)
FNDA:0,(anonymous_2)
DA:27,4
DA:28,6
DA:31,2
DA:36,0
LF:4
LH:3
BRF:0
BRH:0
end_of_record
TN:
SF:src\modules\billing\routes\billing.routes.ts
FNF:0
FNH:0
DA:1,3
DA:2,3
DA:3,3
DA:4,3
DA:5,3
DA:6,3
DA:7,3
DA:8,3
DA:9,3
DA:33,3
DA:35,3
DA:37,3
DA:45,3
DA:54,3
DA:63,3
DA:73,3
DA:75,3
LF:17
LH:17
BRF:0
BRH:0
end_of_record
TN:
SF:src\modules\billing\schemas\billing.schema.ts
FNF:0
FNH:0
DA:1,3
DA:2,3
DA:3,3
DA:16,3
DA:17,3
DA:21,3
DA:33,3
DA:44,3
DA:46,3
DA:50,3
DA:54,3
DA:60,3
LF:12
LH:12
BRF:0
BRH:0
end_of_record
TN:
SF:src\modules\billing\service\billing.service.ts
FN:51,(anonymous_1)
FN:60,(anonymous_2)
FN:68,(anonymous_3)
FN:76,(anonymous_4)
FN:114,(anonymous_5)
FN:146,(anonymous_6)
FN:177,(anonymous_7)
FN:203,(anonymous_8)
FN:208,(anonymous_9)
FNF:9
FNH:9
FNDA:22,(anonymous_1)
FNDA:7,(anonymous_2)
FNDA:1,(anonymous_3)
FNDA:6,(anonymous_4)
FNDA:5,(anonymous_5)
FNDA:5,(anonymous_6)
FNDA:2,(anonymous_7)
FNDA:13,(anonymous_8)
FNDA:11,(anonymous_9)
DA:2,4
DA:3,4
DA:4,4
DA:5,4
DA:6,4
DA:8,4
DA:9,4
DA:10,4
DA:11,4
DA:12,4
DA:13,4
DA:14,4
DA:15,4
DA:22,4
DA:50,4
DA:53,22
DA:54,22
DA:55,22
DA:57,22
DA:61,7
DA:62,7
DA:64,6
DA:65,6
DA:69,1
DA:73,1
DA:77,6
DA:79,5
DA:80,5
DA:81,3
DA:82,1
DA:85,2
DA:86,2
DA:88,2
DA:95,2
DA:105,2
DA:115,5
DA:117,5
DA:118,5
DA:120,4
DA:121,1
DA:124,3
DA:126,1
DA:129,2
DA:133,2
DA:134,1
DA:137,1
DA:138,1
DA:147,5
DA:148,2
DA:149,2
DA:151,3
DA:152,0
DA:155,3
DA:156,3
DA:157,1
DA:160,2
DA:164,2
DA:166,2
DA:167,2
DA:168,2
DA:170,1
DA:182,2
DA:183,2
DA:185,2
DA:187,2
DA:200,2
DA:204,13
DA:205,13
DA:209,11
DA:210,1
LF:70
LH:69
BRDA:53,0,0,6
BRDA:54,1,0,6
BRDA:55,2,0,6
BRDA:64,3,0,4
BRDA:64,3,1,2
BRDA:81,4,0,1
BRDA:120,5,0,1
BRDA:124,6,0,1
BRDA:133,7,0,1
BRDA:147,8,0,2
BRDA:151,9,0,0
BRDA:151,10,0,3
BRDA:151,10,1,3
BRDA:156,11,0,1
BRDA:164,12,0,0
BRDA:168,13,0,1
BRDA:168,14,0,2
BRDA:168,14,1,1
BRDA:204,15,0,0
BRDA:209,16,0,1
BRF:20
BRH:17
end_of_record
TN:
SF:src\modules\billing\service\plan.service.ts
FN:28,(anonymous_0)
FN:35,(anonymous_1)
FN:40,(anonymous_2)
FN:45,(anonymous_3)
FN:51,(anonymous_4)
FN:72,(anonymous_5)
FNF:6
FNH:6
FNDA:15,(anonymous_0)
FNDA:4,(anonymous_1)
FNDA:2,(anonymous_2)
FNDA:1,(anonymous_3)
FNDA:4,(anonymous_4)
FNDA:4,(anonymous_5)
DA:2,4
DA:3,4
DA:4,4
DA:5,4
DA:6,4
DA:27,4
DA:30,15
DA:32,15
DA:36,4
DA:37,4
DA:41,2
DA:42,2
DA:46,1
DA:47,1
DA:48,0
DA:52,4
DA:53,4
DA:54,2
DA:57,2
DA:58,2
DA:69,2
DA:73,4
DA:74,4
DA:76,2
DA:77,2
DA:78,2
LF:26
LH:25
BRDA:30,0,0,8
BRDA:53,1,0,2
BRDA:63,2,0,2
BRDA:63,2,1,2
BRDA:64,3,0,2
BRDA:64,3,1,2
BRDA:65,4,0,2
BRDA:65,4,1,2
BRDA:66,5,0,2
BRDA:66,5,1,2
BRDA:67,6,0,2
BRDA:67,6,1,2
BRF:12
BRH:12
end_of_record
TN:
SF:src\modules\business\index.ts
FN:11,(anonymous_1)
FN:12,(anonymous_2)
FN:13,(anonymous_3)
FNF:3
FNH:0
FNDA:0,(anonymous_1)
FNDA:0,(anonymous_2)
FNDA:0,(anonymous_3)
DA:11,2
DA:12,2
DA:13,2
LF:3
LH:3
BRF:0
BRH:0
end_of_record
TN:
SF:src\modules\business\constants\business.permissions.ts
FNF:0
FNH:0
DA:1,3
DA:21,3
DA:23,3
LF:3
LH:3
BRF:0
BRH:0
end_of_record
TN:
SF:src\modules\business\controller\business.controller.ts
FN:23,(anonymous_0)
FN:32,(anonymous_1)
FN:41,(anonymous_2)
FN:48,(anonymous_3)
FN:57,(anonymous_4)
FN:66,(anonymous_5)
FNF:6
FNH:6
FNDA:6,(anonymous_0)
FNDA:3,(anonymous_1)
FNDA:2,(anonymous_2)
FNDA:5,(anonymous_3)
FNDA:3,(anonymous_4)
FNDA:2,(anonymous_5)
DA:2,3
DA:3,3
DA:4,3
DA:5,3
DA:6,3
DA:22,3
DA:23,3
DA:24,6
DA:25,6
DA:27,5
DA:32,3
DA:33,3
DA:34,3
DA:36,2
DA:41,3
DA:42,2
DA:43,2
DA:45,1
DA:48,3
DA:49,5
DA:50,5
DA:52,2
DA:57,3
DA:58,3
DA:59,3
DA:61,3
DA:66,3
DA:67,2
DA:68,2
DA:70,2
LF:30
LH:30
BRF:0
BRH:0
end_of_record
TN:
SF:src\modules\business\mapper\business.mapper.ts
FN:10,(anonymous_0)
FN:28,(anonymous_1)
FN:29,(anonymous_2)
FN:32,(anonymous_3)
FN:42,(anonymous_4)
FN:43,(anonymous_5)
FNF:6
FNH:6
FNDA:13,(anonymous_0)
FNDA:3,(anonymous_1)
FNDA:4,(anonymous_2)
FNDA:42,(anonymous_3)
FNDA:2,(anonymous_4)
FNDA:42,(anonymous_5)
DA:9,3
DA:11,13
DA:29,4
DA:33,42
DA:43,42
LF:5
LH:5
BRDA:20,0,0,0
BRDA:20,0,1,13
BRF:2
BRH:1
end_of_record
TN:
SF:src\modules\business\repository\business-type.repository.ts
FN:13,(anonymous_0)
FN:17,(anonymous_1)
FNF:2
FNH:2
FNDA:21,(anonymous_0)
FNDA:2,(anonymous_1)
DA:2,4
DA:12,4
DA:14,21
DA:18,2
LF:4
LH:4
BRDA:17,0,0,2
BRF:1
BRH:1
end_of_record
TN:
SF:src\modules\business\repository\business.repository.ts
FN:29,(anonymous_0)
FN:38,(anonymous_1)
FNF:2
FNH:2
FNDA:21,(anonymous_0)
FNDA:3,(anonymous_1)
DA:2,4
DA:28,4
DA:30,21
DA:43,3
DA:45,3
DA:46,3
DA:48,3
DA:49,2
DA:57,3
LF:9
LH:9
BRDA:41,0,0,0
BRDA:45,1,0,0
BRDA:46,2,0,0
BRDA:48,3,0,2
BRF:4
BRH:1
end_of_record
TN:
SF:src\modules\business\routes\business.routes.ts
FNF:0
FNH:0
DA:1,3
DA:2,3
DA:3,3
DA:4,3
DA:5,3
DA:6,3
DA:7,3
DA:8,3
DA:31,3
DA:153,3
DA:202,3
DA:227,3
DA:253,3
DA:282,3
DA:307,3
DA:316,3
LF:16
LH:16
BRF:0
BRH:0
end_of_record
TN:
SF:src\modules\business\schemas\business.schema.ts
FNF:0
FNH:0
DA:1,3
DA:2,3
DA:3,3
DA:24,3
DA:26,3
DA:32,3
DA:36,3
DA:37,3
DA:39,3
DA:40,3
DA:41,3
DA:45,3
DA:61,3
DA:74,3
DA:78,3
LF:15
LH:15
BRF:0
BRH:0
end_of_record
TN:
SF:src\modules\business\service\business.service.ts
FN:30,(anonymous_0)
FN:42,(anonymous_1)
FN:64,(anonymous_2)
FN:73,(anonymous_3)
FN:86,(anonymous_4)
FN:92,(anonymous_5)
FN:110,(anonymous_6)
FNF:7
FNH:7
FNDA:31,(anonymous_0)
FNDA:8,(anonymous_1)
FNDA:5,(anonymous_2)
FNDA:4,(anonymous_3)
FNDA:7,(anonymous_4)
FNDA:4,(anonymous_5)
FNDA:3,(anonymous_6)
DA:3,4
DA:4,4
DA:6,4
DA:7,4
DA:29,4
DA:32,31
DA:33,31
DA:35,31
DA:43,8
DA:47,8
DA:65,5
DA:66,5
DA:68,3
DA:70,3
DA:74,4
DA:75,4
DA:77,2
DA:79,2
DA:87,7
DA:88,7
DA:89,3
DA:93,4
DA:111,3
LF:23
LH:23
BRDA:32,0,0,21
BRDA:33,1,0,21
BRDA:51,2,0,8
BRDA:51,2,1,7
BRDA:52,3,0,8
BRDA:52,3,1,6
BRDA:53,4,0,8
BRDA:53,4,1,6
BRDA:54,5,0,8
BRDA:54,5,1,7
BRDA:55,6,0,8
BRDA:55,6,1,7
BRDA:56,7,0,8
BRDA:56,7,1,7
BRDA:57,8,0,8
BRDA:57,8,1,7
BRDA:58,9,0,8
BRDA:58,9,1,0
BRF:18
BRH:17
end_of_record
TN:
SF:src\modules\client-billing\constants\client-billing.permissions.ts
FNF:0
FNH:0
DA:1,1
DA:17,1
DA:19,1
LF:3
LH:3
BRF:0
BRH:0
end_of_record
TN:
SF:src\modules\client-billing\controller\expense.controller.ts
FN:13,(anonymous_0)
FN:20,(anonymous_1)
FN:27,(anonymous_2)
FN:34,(anonymous_3)
FN:41,(anonymous_4)
FNF:5
FNH:5
FNDA:1,(anonymous_0)
FNDA:1,(anonymous_1)
FNDA:1,(anonymous_2)
FNDA:1,(anonymous_3)
FNDA:1,(anonymous_4)
DA:2,1
DA:3,1
DA:4,1
DA:5,1
DA:6,1
DA:12,1
DA:13,1
DA:14,1
DA:15,1
DA:17,1
DA:20,1
DA:21,1
DA:22,1
DA:24,0
DA:27,1
DA:28,1
DA:29,1
DA:31,1
DA:34,1
DA:35,1
DA:36,1
DA:38,1
DA:41,1
DA:42,1
DA:43,1
DA:45,1
LF:26
LH:25
BRF:0
BRH:0
end_of_record
TN:
SF:src\modules\client-billing\controller\invoice.controller.ts
FN:13,(anonymous_0)
FN:20,(anonymous_1)
FN:27,(anonymous_2)
FN:34,(anonymous_3)
FN:41,(anonymous_4)
FNF:5
FNH:5
FNDA:2,(anonymous_0)
FNDA:4,(anonymous_1)
FNDA:7,(anonymous_2)
FNDA:1,(anonymous_3)
FNDA:1,(anonymous_4)
DA:2,1
DA:3,1
DA:4,1
DA:5,1
DA:6,1
DA:12,1
DA:13,1
DA:14,2
DA:15,2
DA:17,2
DA:20,1
DA:21,4
DA:22,4
DA:24,1
DA:27,1
DA:28,7
DA:29,7
DA:31,4
DA:34,1
DA:35,1
DA:36,1
DA:38,1
DA:41,1
DA:42,1
DA:43,1
DA:45,1
LF:26
LH:26
BRF:0
BRH:0
end_of_record
TN:
SF:src\modules\client-billing\controller\payment.controller.ts
FN:13,(anonymous_0)
FN:20,(anonymous_1)
FN:27,(anonymous_2)
FN:34,(anonymous_3)
FN:41,(anonymous_4)
FNF:5
FNH:3
FNDA:0,(anonymous_0)
FNDA:1,(anonymous_1)
FNDA:3,(anonymous_2)
FNDA:0,(anonymous_3)
FNDA:1,(anonymous_4)
DA:2,1
DA:3,1
DA:4,1
DA:5,1
DA:6,1
DA:12,1
DA:13,1
DA:14,0
DA:15,0
DA:17,0
DA:20,1
DA:21,1
DA:22,1
DA:24,1
DA:27,1
DA:28,3
DA:29,3
DA:31,1
DA:34,1
DA:35,0
DA:36,0
DA:38,0
DA:41,1
DA:42,1
DA:43,1
DA:45,1
LF:26
LH:20
BRF:0
BRH:0
end_of_record
TN:
SF:src\modules\client-billing\mapper\expense.mapper.ts
FN:6,(anonymous_0)
FN:22,(anonymous_1)
FN:23,(anonymous_2)
FNF:3
FNH:3
FNDA:3,(anonymous_0)
FNDA:1,(anonymous_1)
FNDA:1,(anonymous_2)
DA:5,1
DA:7,3
DA:23,1
LF:3
LH:3
BRDA:13,0,0,0
BRDA:13,0,1,3
BRF:2
BRH:1
end_of_record
TN:
SF:src\modules\client-billing\mapper\invoice.mapper.ts
FN:11,(anonymous_0)
FN:28,(anonymous_1)
FN:29,(anonymous_2)
FNF:3
FNH:3
FNDA:8,(anonymous_0)
FNDA:2,(anonymous_1)
FNDA:2,(anonymous_2)
DA:10,1
DA:12,8
DA:29,2
LF:3
LH:3
BRDA:19,0,0,0
BRDA:19,0,1,8
BRDA:20,1,0,0
BRDA:20,1,1,8
BRF:4
BRH:2
end_of_record
TN:
SF:src\modules\client-billing\mapper\payment.mapper.ts
FN:6,(anonymous_0)
FN:22,(anonymous_1)
FN:23,(anonymous_2)
FNF:3
FNH:1
FNDA:2,(anonymous_0)
FNDA:0,(anonymous_1)
FNDA:0,(anonymous_2)
DA:5,1
DA:7,2
DA:23,0
LF:3
LH:2
BRDA:14,0,0,0
BRDA:14,0,1,2
BRF:2
BRH:1
end_of_record
TN:
SF:src\modules\client-billing\repository\expense.repository.ts
FN:18,(anonymous_0)
FN:22,(anonymous_1)
FN:45,(anonymous_2)
FNF:3
FNH:3
FNDA:5,(anonymous_0)
FNDA:1,(anonymous_1)
FNDA:1,(anonymous_2)
DA:2,2
DA:17,2
DA:19,5
DA:27,1
DA:29,1
DA:30,0
DA:32,1
DA:33,1
DA:35,1
DA:36,0
DA:42,1
DA:46,1
DA:47,1
DA:48,1
DA:49,1
LF:15
LH:13
BRDA:25,0,0,0
BRDA:29,1,0,0
BRDA:32,2,0,1
BRDA:35,3,0,0
BRDA:45,4,0,0
BRF:5
BRH:1
end_of_record
TN:
SF:src\modules\client-billing\repository\invoice.repository.ts
FN:23,(anonymous_0)
FN:27,(anonymous_1)
FN:45,(anonymous_2)
FN:51,(anonymous_3)
FN:62,(anonymous_4)
FNF:5
FNH:5
FNDA:20,(anonymous_0)
FNDA:2,(anonymous_1)
FNDA:2,(anonymous_2)
FNDA:2,(anonymous_3)
FNDA:1,(anonymous_4)
DA:2,3
DA:22,3
DA:24,20
DA:32,2
DA:34,2
DA:35,0
DA:37,2
DA:38,0
DA:41,2
DA:46,2
DA:47,2
DA:52,2
DA:53,2
DA:63,1
DA:64,1
DA:65,1
DA:66,1
LF:17
LH:15
BRDA:30,0,0,0
BRDA:34,1,0,0
BRDA:37,2,0,0
BRDA:62,3,0,0
BRF:4
BRH:0
end_of_record
TN:
SF:src\modules\client-billing\repository\payment.repository.ts
FN:17,(anonymous_0)
FN:21,(anonymous_1)
FN:41,(anonymous_2)
FNF:3
FNH:2
FNDA:5,(anonymous_0)
FNDA:0,(anonymous_1)
FNDA:1,(anonymous_2)
DA:2,2
DA:16,2
DA:18,5
DA:26,0
DA:28,0
DA:29,0
DA:31,0
DA:32,0
DA:38,0
DA:42,1
DA:43,1
DA:44,1
DA:45,1
LF:13
LH:7
BRDA:24,0,0,0
BRDA:28,1,0,0
BRDA:31,2,0,0
BRDA:41,3,0,0
BRF:4
BRH:0
end_of_record
TN:
SF:src\modules\client-billing\routes\expense.routes.ts
FNF:0
FNH:0
DA:1,1
DA:2,1
DA:3,1
DA:4,1
DA:5,1
DA:6,1
DA:7,1
DA:8,1
DA:20,1
DA:128,1
DA:137,1
DA:189,1
DA:198,1
DA:207,1
DA:216,1
LF:15
LH:15
BRF:0
BRH:0
end_of_record
TN:
SF:src\modules\client-billing\routes\invoice.routes.ts
FNF:0
FNH:0
DA:1,1
DA:2,1
DA:3,1
DA:4,1
DA:5,1
DA:6,1
DA:7,1
DA:8,1
DA:22,1
DA:129,1
DA:138,1
DA:190,1
DA:199,1
DA:208,1
DA:217,1
LF:15
LH:15
BRF:0
BRH:0
end_of_record
TN:
SF:src\modules\client-billing\routes\payment.routes.ts
FNF:0
FNH:0
DA:1,1
DA:2,1
DA:3,1
DA:4,1
DA:5,1
DA:6,1
DA:7,1
DA:8,1
DA:20,1
DA:126,1
DA:135,1
DA:187,1
DA:196,1
DA:205,1
DA:214,1
LF:15
LH:15
BRF:0
BRH:0
end_of_record
TN:
SF:src\modules\client-billing\schemas\expense.schema.ts
FNF:0
FNH:0
DA:1,2
DA:2,2
DA:3,2
DA:15,2
DA:17,2
DA:27,2
DA:29,2
DA:31,2
LF:8
LH:8
BRF:0
BRH:0
end_of_record
TN:
SF:src\modules\client-billing\schemas\invoice.schema.ts
FNF:0
FNH:0
DA:1,2
DA:2,2
DA:3,2
DA:11,2
DA:13,2
DA:23,2
DA:25,2
DA:27,2
LF:8
LH:8
BRF:0
BRH:0
end_of_record
TN:
SF:src\modules\client-billing\schemas\payment.schema.ts
FNF:0
FNH:0
DA:1,2
DA:2,2
DA:3,2
DA:14,2
DA:16,2
DA:26,2
DA:28,2
DA:30,2
LF:8
LH:8
BRF:0
BRH:0
end_of_record
TN:
SF:src\modules\client-billing\service\expense.service.ts
FN:17,(anonymous_0)
FN:24,(anonymous_1)
FN:32,(anonymous_2)
FN:38,(anonymous_3)
FN:55,(anonymous_4)
FN:63,(anonymous_5)
FNF:6
FNH:6
FNDA:13,(anonymous_0)
FNDA:2,(anonymous_1)
FNDA:9,(anonymous_2)
FNDA:2,(anonymous_3)
FNDA:3,(anonymous_4)
FNDA:3,(anonymous_5)
DA:3,2
DA:4,2
DA:6,2
DA:16,2
DA:19,13
DA:21,13
DA:25,2
DA:33,9
DA:34,9
DA:35,5
DA:39,2
DA:41,2
DA:56,3
DA:58,2
DA:60,2
DA:64,3
DA:66,2
DA:68,2
LF:18
LH:18
BRDA:19,0,0,5
BRDA:45,1,0,2
BRDA:45,1,1,1
BRDA:47,2,0,2
BRDA:47,2,1,2
BRDA:48,3,0,2
BRDA:48,3,1,2
BRDA:49,4,0,2
BRDA:49,4,1,2
BRF:9
BRH:9
end_of_record
TN:
SF:src\modules\client-billing\service\invoice.service.ts
FN:35,(anonymous_0)
FN:42,(anonymous_1)
FN:50,(anonymous_2)
FN:56,(anonymous_3)
FN:75,(anonymous_4)
FN:84,(anonymous_5)
FN:92,(anonymous_6)
FNF:7
FNH:7
FNDA:26,(anonymous_0)
FNDA:3,(anonymous_1)
FNDA:12,(anonymous_2)
FNDA:11,(anonymous_3)
FNDA:3,(anonymous_4)
FNDA:3,(anonymous_5)
FNDA:13,(anonymous_6)
DA:3,2
DA:4,2
DA:5,2
DA:7,2
DA:34,2
DA:37,26
DA:39,26
DA:43,3
DA:51,12
DA:52,12
DA:53,6
DA:57,11
DA:59,7
DA:61,7
DA:76,3
DA:77,2
DA:79,2
DA:81,2
DA:85,3
DA:87,2
DA:89,2
DA:93,13
DA:95,13
DA:96,5
DA:97,5
DA:99,11
DA:100,4
DA:101,4
LF:28
LH:28
BRDA:37,0,0,15
BRDA:64,1,0,7
BRDA:64,1,1,5
BRDA:65,2,0,7
BRDA:65,2,1,5
BRDA:67,3,0,7
BRDA:67,3,1,6
BRDA:68,4,0,7
BRDA:68,4,1,7
BRDA:69,5,0,7
BRDA:69,5,1,7
BRDA:95,6,0,5
BRDA:97,7,0,2
BRDA:99,8,0,4
BRDA:101,9,0,2
BRF:15
BRH:15
end_of_record
TN:
SF:src\modules\client-billing\service\payment.service.ts
FN:23,(anonymous_0)
FN:32,(anonymous_1)
FN:40,(anonymous_2)
FN:46,(anonymous_3)
FN:77,(anonymous_4)
FN:86,(anonymous_5)
FN:104,(anonymous_6)
FNF:7
FNH:6
FNDA:14,(anonymous_0)
FNDA:0,(anonymous_1)
FNDA:8,(anonymous_2)
FNDA:6,(anonymous_3)
FNDA:2,(anonymous_4)
FNDA:3,(anonymous_5)
FNDA:7,(anonymous_6)
DA:2,2
DA:3,2
DA:4,2
DA:5,2
DA:7,2
DA:8,2
DA:9,2
DA:22,2
DA:25,14
DA:26,14
DA:27,14
DA:29,14
DA:33,0
DA:41,8
DA:42,8
DA:43,5
DA:47,6
DA:49,3
DA:51,3
DA:64,3
DA:74,3
DA:78,2
DA:79,1
DA:81,1
DA:83,1
DA:87,3
DA:89,2
DA:91,2
DA:93,2
DA:105,7
DA:106,5
DA:107,5
LF:32
LH:31
BRDA:25,0,0,5
BRDA:26,1,0,5
BRDA:27,2,0,14
BRDA:54,3,0,3
BRDA:54,3,1,1
BRDA:56,4,0,3
BRDA:56,4,1,2
BRDA:57,5,0,3
BRDA:57,5,1,2
BRDA:58,6,0,3
BRDA:58,6,1,3
BRDA:59,7,0,3
BRDA:59,7,1,3
BRDA:71,8,0,3
BRDA:71,8,1,2
BRDA:100,9,0,2
BRDA:100,9,1,1
BRDA:105,10,0,2
BRDA:107,11,0,3
BRF:19
BRH:19
end_of_record
TN:
SF:src\modules\compliance\controller\compliance-filing.controller.ts
FN:24,createComplianceFilingController
FN:26,(anonymous_1)
FN:35,(anonymous_2)
FN:44,(anonymous_3)
FN:53,(anonymous_4)
FN:62,(anonymous_5)
FNF:6
FNH:6
FNDA:2,createComplianceFilingController
FNDA:5,(anonymous_1)
FNDA:5,(anonymous_2)
FNDA:7,(anonymous_3)
FNDA:1,(anonymous_4)
FNDA:1,(anonymous_5)
DA:3,1
DA:4,1
DA:5,1
DA:6,1
DA:7,1
DA:24,1
DA:25,2
DA:27,5
DA:28,5
DA:30,5
DA:36,5
DA:37,5
DA:39,1
DA:45,7
DA:46,7
DA:48,7
DA:54,1
DA:55,1
DA:57,1
DA:63,1
DA:64,1
DA:66,1
LF:22
LH:22
BRF:0
BRH:0
end_of_record
TN:
SF:src\modules\compliance\mapper\compliance-filing.mapper.ts
FN:10,(anonymous_0)
FN:24,(anonymous_1)
FN:25,(anonymous_2)
FNF:3
FNH:3
FNDA:14,(anonymous_0)
FNDA:5,(anonymous_1)
FNDA:5,(anonymous_2)
DA:9,1
DA:11,14
DA:25,5
LF:3
LH:3
BRDA:16,0,0,3
BRDA:16,0,1,11
BRDA:17,1,0,0
BRDA:17,1,1,14
BRF:4
BRH:3
end_of_record
TN:
SF:src\modules\compliance\repository\compliance-filing.repository.ts
FN:32,(anonymous_0)
FN:36,(anonymous_1)
FN:56,(anonymous_2)
FN:70,(anonymous_3)
FNF:4
FNH:4
FNDA:19,(anonymous_0)
FNDA:5,(anonymous_1)
FNDA:7,(anonymous_2)
FNDA:1,(anonymous_3)
DA:2,2
DA:31,2
DA:33,19
DA:41,5
DA:43,5
DA:44,1
DA:46,5
DA:47,2
DA:53,5
DA:61,7
DA:71,1
DA:72,1
DA:73,1
DA:74,1
LF:14
LH:14
BRDA:39,0,0,0
BRDA:43,1,0,1
BRDA:46,2,0,2
BRDA:59,3,0,0
BRDA:70,4,0,0
BRF:5
BRH:2
end_of_record
TN:
SF:src\modules\compliance\routes\compliance-filing.routes.ts
FN:36,createComplianceFilingRoutes
FNF:1
FNH:1
FNDA:2,createComplianceFilingRoutes
DA:1,1
DA:3,1
DA:4,1
DA:5,1
DA:6,1
DA:7,1
DA:36,1
DA:37,2
DA:38,2
DA:132,2
DA:140,2
DA:185,2
DA:193,2
DA:201,2
DA:209,2
LF:15
LH:15
BRF:0
BRH:0
end_of_record
TN:
SF:src\modules\compliance\schemas\compliance-filing.schema.ts
FNF:0
FNH:0
DA:1,2
DA:2,2
DA:3,2
DA:21,2
DA:23,2
DA:30,2
DA:34,2
DA:38,2
LF:8
LH:8
BRF:0
BRH:0
end_of_record
TN:
SF:src\modules\compliance\service\compliance-filing.service.ts
FN:40,(anonymous_0)
FN:48,(anonymous_1)
FN:56,(anonymous_2)
FN:62,(anonymous_3)
FN:77,(anonymous_4)
FN:85,(anonymous_5)
FNF:6
FNH:6
FNDA:27,(anonymous_0)
FNDA:6,(anonymous_1)
FNDA:13,(anonymous_2)
FNDA:8,(anonymous_3)
FNDA:3,(anonymous_4)
FNDA:3,(anonymous_5)
DA:3,2
DA:4,2
DA:6,2
DA:39,2
DA:42,27
DA:43,27
DA:45,27
DA:49,6
DA:57,13
DA:58,13
DA:59,6
DA:63,8
DA:65,8
DA:78,3
DA:80,2
DA:82,2
DA:86,3
DA:88,2
DA:90,2
LF:19
LH:19
BRDA:43,0,0,19
BRDA:70,1,0,8
BRDA:70,1,1,7
BRDA:71,2,0,8
BRDA:71,2,1,7
BRF:5
BRH:5
end_of_record
TN:
SF:src\modules\contacts\index.ts
FN:18,(anonymous_1)
FN:19,(anonymous_2)
FN:20,(anonymous_3)
FN:21,(anonymous_4)
FNF:4
FNH:0
FNDA:0,(anonymous_1)
FNDA:0,(anonymous_2)
FNDA:0,(anonymous_3)
FNDA:0,(anonymous_4)
DA:18,2
DA:19,2
DA:20,2
DA:21,2
LF:4
LH:4
BRF:0
BRH:0
end_of_record
TN:
SF:src\modules\contacts\constants\contact.permissions.ts
FNF:0
FNH:0
DA:1,3
DA:21,3
DA:23,3
LF:3
LH:3
BRF:0
BRH:0
end_of_record
TN:
SF:src\modules\contacts\controller\contact.controller.ts
FN:23,(anonymous_0)
FN:32,(anonymous_1)
FN:41,(anonymous_2)
FN:48,(anonymous_3)
FN:57,(anonymous_4)
FN:66,(anonymous_5)
FN:75,(anonymous_6)
FNF:7
FNH:7
FNDA:7,(anonymous_0)
FNDA:1,(anonymous_1)
FNDA:1,(anonymous_2)
FNDA:4,(anonymous_3)
FNDA:2,(anonymous_4)
FNDA:2,(anonymous_5)
FNDA:4,(anonymous_6)
DA:2,3
DA:3,3
DA:4,3
DA:5,3
DA:6,3
DA:22,3
DA:23,3
DA:24,7
DA:25,7
DA:27,7
DA:32,3
DA:33,1
DA:34,1
DA:36,1
DA:41,3
DA:42,1
DA:43,1
DA:45,1
DA:48,3
DA:49,4
DA:50,4
DA:52,1
DA:57,3
DA:58,2
DA:59,2
DA:61,2
DA:66,3
DA:67,2
DA:68,2
DA:70,2
DA:75,3
DA:76,4
DA:77,4
DA:79,2
LF:34
LH:34
BRF:0
BRH:0
end_of_record
TN:
SF:src\modules\contacts\mapper\contact.mapper.ts
FN:10,(anonymous_0)
FN:24,(anonymous_1)
FN:25,(anonymous_2)
FN:28,(anonymous_3)
FN:40,(anonymous_4)
FN:41,(anonymous_5)
FNF:6
FNH:6
FNDA:11,(anonymous_0)
FNDA:2,(anonymous_1)
FNDA:2,(anonymous_2)
FNDA:4,(anonymous_3)
FNDA:2,(anonymous_4)
FNDA:2,(anonymous_5)
DA:9,3
DA:11,11
DA:25,2
DA:29,4
DA:41,2
LF:5
LH:5
BRDA:36,0,0,0
BRDA:36,0,1,4
BRF:2
BRH:1
end_of_record
TN:
SF:src\modules\contacts\repository\contact-role.repository.ts
FN:12,(anonymous_0)
FN:16,(anonymous_1)
FN:25,(anonymous_2)
FN:35,(anonymous_3)
FNF:4
FNH:4
FNDA:21,(anonymous_0)
FNDA:2,(anonymous_1)
FNDA:4,(anonymous_2)
FNDA:2,(anonymous_3)
DA:2,4
DA:11,4
DA:13,21
DA:17,2
DA:31,4
DA:36,2
DA:37,2
DA:38,2
LF:8
LH:8
BRDA:16,0,0,0
BRDA:29,1,0,0
BRDA:35,2,0,0
BRF:3
BRH:0
end_of_record
TN:
SF:src\modules\contacts\repository\contact.repository.ts
FN:23,(anonymous_0)
FN:27,(anonymous_1)
FN:59,(anonymous_2)
FNF:3
FNH:3
FNDA:21,(anonymous_0)
FNDA:2,(anonymous_1)
FNDA:1,(anonymous_2)
DA:2,4
DA:22,4
DA:24,21
DA:32,2
DA:34,2
DA:35,0
DA:38,2
DA:39,1
DA:47,2
DA:60,1
DA:61,1
DA:62,1
DA:63,1
LF:13
LH:12
BRDA:30,0,0,0
BRDA:34,1,0,0
BRDA:38,2,0,1
BRDA:59,3,0,0
BRF:4
BRH:1
end_of_record
TN:
SF:src\modules\contacts\routes\contact.routes.ts
FNF:0
FNH:0
DA:1,3
DA:2,3
DA:3,3
DA:4,3
DA:5,3
DA:6,3
DA:7,3
DA:8,3
DA:32,3
DA:157,3
DA:202,3
DA:236,3
DA:263,3
DA:288,3
DA:316,3
DA:341,3
DA:350,3
LF:17
LH:17
BRF:0
BRH:0
end_of_record
TN:
SF:src\modules\contacts\schemas\contact.schema.ts
FNF:0
FNH:0
DA:1,3
DA:2,3
DA:3,3
DA:23,3
DA:25,3
DA:31,3
DA:32,3
DA:33,3
DA:34,3
DA:35,3
DA:39,3
DA:49,3
DA:59,3
DA:63,3
DA:69,3
LF:15
LH:15
BRF:0
BRH:0
end_of_record
TN:
SF:src\modules\contacts\service\contact.service.ts
FN:22,(anonymous_0)
FN:34,(anonymous_1)
FN:49,(anonymous_2)
FN:58,(anonymous_3)
FN:71,(anonymous_4)
FN:77,(anonymous_5)
FN:94,(anonymous_6)
FN:101,(anonymous_7)
FN:125,(anonymous_8)
FNF:9
FNH:9
FNDA:35,(anonymous_0)
FNDA:8,(anonymous_1)
FNDA:3,(anonymous_2)
FNDA:3,(anonymous_3)
FNDA:6,(anonymous_4)
FNDA:3,(anonymous_5)
FNDA:4,(anonymous_6)
FNDA:8,(anonymous_7)
FNDA:5,(anonymous_8)
DA:3,4
DA:4,4
DA:5,4
DA:7,4
DA:8,4
DA:21,4
DA:24,35
DA:25,35
DA:27,35
DA:35,8
DA:37,8
DA:50,3
DA:51,3
DA:53,2
DA:55,2
DA:59,3
DA:60,3
DA:62,2
DA:64,2
DA:72,6
DA:73,6
DA:74,2
DA:78,3
DA:95,4
DA:96,4
DA:98,3
DA:102,8
DA:103,8
DA:105,7
DA:111,7
DA:112,2
DA:115,5
DA:125,5
DA:126,5
DA:127,3
DA:130,5
LF:36
LH:36
BRDA:24,0,0,21
BRDA:25,1,0,21
BRDA:40,2,0,8
BRDA:40,2,1,5
BRDA:41,3,0,8
BRDA:41,3,1,7
BRDA:42,4,0,8
BRDA:42,4,1,8
BRDA:43,5,0,8
BRDA:43,5,1,7
BRDA:111,6,0,2
BRDA:126,7,0,3
BRDA:135,8,0,5
BRDA:135,8,1,5
BRDA:136,9,0,5
BRDA:136,9,1,2
BRDA:137,10,0,5
BRDA:137,10,1,5
BRF:18
BRH:18
end_of_record
TN:
SF:src\modules\crm\constants\lead.permissions.ts
FNF:0
FNH:0
DA:1,1
DA:21,1
DA:23,1
LF:3
LH:3
BRF:0
BRH:0
end_of_record
TN:
SF:src\modules\crm\controller\lead.controller.ts
FN:23,(anonymous_0)
FN:30,(anonymous_1)
FN:37,(anonymous_2)
FN:44,(anonymous_3)
FN:51,(anonymous_4)
FN:58,(anonymous_5)
FN:67,(anonymous_6)
FNF:7
FNH:0
FNDA:0,(anonymous_0)
FNDA:0,(anonymous_1)
FNDA:0,(anonymous_2)
FNDA:0,(anonymous_3)
FNDA:0,(anonymous_4)
FNDA:0,(anonymous_5)
FNDA:0,(anonymous_6)
DA:2,1
DA:3,1
DA:4,1
DA:5,1
DA:6,1
DA:22,1
DA:23,1
DA:24,0
DA:25,0
DA:27,0
DA:30,1
DA:31,0
DA:32,0
DA:34,0
DA:37,1
DA:38,0
DA:39,0
DA:41,0
DA:44,1
DA:45,0
DA:46,0
DA:48,0
DA:51,1
DA:52,0
DA:53,0
DA:55,0
DA:58,1
DA:59,0
DA:60,0
DA:62,0
DA:67,1
DA:68,0
DA:69,0
DA:71,0
LF:34
LH:13
BRF:0
BRH:0
end_of_record
TN:
SF:src\modules\crm\mapper\lead.mapper.ts
FN:10,(anonymous_0)
FN:26,(anonymous_1)
FN:27,(anonymous_2)
FN:30,(anonymous_3)
FN:34,(anonymous_4)
FN:35,(anonymous_5)
FNF:6
FNH:6
FNDA:7,(anonymous_0)
FNDA:2,(anonymous_1)
FNDA:3,(anonymous_2)
FNDA:4,(anonymous_3)
FNDA:1,(anonymous_4)
FNDA:2,(anonymous_5)
DA:9,2
DA:11,7
DA:27,3
DA:31,4
DA:35,2
LF:5
LH:5
BRDA:18,0,0,6
BRDA:18,0,1,1
BRDA:20,1,0,6
BRDA:20,1,1,1
BRF:4
BRH:4
end_of_record
TN:
SF:src\modules\crm\repository\client.repository.ts
FN:15,(anonymous_0)
FN:19,(anonymous_1)
FNF:2
FNH:0
FNDA:0,(anonymous_0)
FNDA:0,(anonymous_1)
DA:2,2
DA:14,2
DA:16,0
DA:20,0
LF:4
LH:2
BRDA:19,0,0,0
BRF:1
BRH:0
end_of_record
TN:
SF:src\modules\crm\repository\lead-conversion.repository.ts
FN:11,(anonymous_0)
FN:15,(anonymous_1)
FNF:2
FNH:0
FNDA:0,(anonymous_0)
FNDA:0,(anonymous_1)
DA:2,2
DA:10,2
DA:12,0
DA:16,0
LF:4
LH:2
BRDA:15,0,0,0
BRF:1
BRH:0
end_of_record
TN:
SF:src\modules\crm\repository\lead-stage.repository.ts
FN:12,(anonymous_0)
FN:16,(anonymous_1)
FNF:2
FNH:2
FNDA:4,(anonymous_0)
FNDA:4,(anonymous_1)
DA:2,3
DA:11,3
DA:13,4
DA:17,4
LF:4
LH:4
BRDA:16,0,0,0
BRF:1
BRH:0
end_of_record
TN:
SF:src\modules\crm\repository\lead.repository.ts
FN:30,(anonymous_0)
FN:34,(anonymous_1)
FNF:2
FNH:2
FNDA:15,(anonymous_0)
FNDA:8,(anonymous_1)
DA:2,3
DA:29,3
DA:31,15
DA:39,8
DA:41,8
DA:42,8
DA:43,8
DA:45,8
LF:8
LH:8
BRDA:37,0,0,0
BRDA:41,1,0,1
BRDA:42,2,0,1
BRDA:43,3,0,1
BRF:4
BRH:3
end_of_record
TN:
SF:src\modules\crm\routes\lead.routes.ts
FNF:0
FNH:0
DA:1,1
DA:2,1
DA:3,1
DA:4,1
DA:5,1
DA:6,1
DA:7,1
DA:8,1
DA:30,1
DA:142,1
DA:189,1
DA:212,1
DA:238,1
DA:267,1
DA:292,1
DA:326,1
DA:335,1
LF:17
LH:17
BRF:0
BRH:0
end_of_record
TN:
SF:src\modules\crm\schemas\lead.schema.ts
FNF:0
FNH:0
DA:1,2
DA:2,2
DA:22,2
DA:24,2
DA:25,2
DA:26,2
DA:27,2
DA:31,2
DA:44,2
DA:57,2
DA:61,2
DA:68,2
LF:12
LH:12
BRF:0
BRH:0
end_of_record
TN:
SF:src\modules\crm\service\lead.service.ts
FN:33,(anonymous_0)
FN:49,(anonymous_1)
FN:70,(anonymous_2)
FN:79,(anonymous_3)
FN:92,(anonymous_4)
FN:98,(anonymous_5)
FN:112,(anonymous_6)
FN:134,(anonymous_7)
FN:163,(anonymous_8)
FNF:9
FNH:9
FNDA:24,(anonymous_0)
FNDA:2,(anonymous_1)
FNDA:2,(anonymous_2)
FNDA:2,(anonymous_3)
FNDA:2,(anonymous_4)
FNDA:1,(anonymous_5)
FNDA:1,(anonymous_6)
FNDA:14,(anonymous_7)
FNDA:9,(anonymous_8)
DA:2,2
DA:3,2
DA:4,2
DA:5,2
DA:7,2
DA:8,2
DA:9,2
DA:10,2
DA:11,2
DA:12,2
DA:32,2
DA:35,24
DA:36,24
DA:37,24
DA:38,24
DA:39,24
DA:40,24
DA:42,24
DA:50,2
DA:55,2
DA:71,2
DA:72,2
DA:74,1
DA:76,1
DA:80,2
DA:81,2
DA:83,1
DA:85,1
DA:93,2
DA:94,2
DA:95,1
DA:99,1
DA:113,1
DA:139,14
DA:140,14
DA:141,1
DA:144,13
DA:145,13
DA:147,12
DA:148,12
DA:149,1
DA:152,11
DA:153,1
DA:155,10
DA:159,10
DA:161,9
DA:163,9
DA:164,9
DA:165,9
DA:166,2
DA:175,9
DA:176,3
DA:183,3
DA:184,2
DA:185,2
DA:202,9
DA:213,8
LF:57
LH:57
BRDA:35,0,0,0
BRDA:36,1,0,0
BRDA:37,2,0,0
BRDA:38,3,0,0
BRDA:39,4,0,0
BRDA:40,5,0,0
BRDA:57,6,0,2
BRDA:57,6,1,1
BRDA:58,7,0,2
BRDA:58,7,1,1
BRDA:62,8,0,2
BRDA:62,8,1,1
BRDA:63,9,0,2
BRDA:63,9,1,1
BRDA:64,10,0,2
BRDA:64,10,1,1
BRDA:140,11,0,1
BRDA:148,12,0,1
BRDA:152,13,0,1
BRDA:165,14,0,2
BRDA:175,15,0,3
BRDA:183,16,0,2
BRDA:207,17,0,9
BRDA:207,17,1,1
BRF:24
BRH:18
end_of_record
TN:
SF:src\modules\documents\constants\document.permissions.ts
FNF:0
FNH:0
DA:1,1
DA:21,1
DA:23,1
LF:3
LH:3
BRF:0
BRH:0
end_of_record
TN:
SF:src\modules\documents\controller\document.controller.ts
FN:25,(anonymous_0)
FN:32,(anonymous_1)
FN:39,(anonymous_2)
FN:46,(anonymous_3)
FN:53,(anonymous_4)
FN:60,(anonymous_5)
FNF:6
FNH:0
FNDA:0,(anonymous_0)
FNDA:0,(anonymous_1)
FNDA:0,(anonymous_2)
FNDA:0,(anonymous_3)
FNDA:0,(anonymous_4)
FNDA:0,(anonymous_5)
DA:2,1
DA:3,1
DA:4,1
DA:5,1
DA:6,1
DA:24,1
DA:25,1
DA:26,0
DA:27,0
DA:29,0
DA:32,1
DA:33,0
DA:34,0
DA:36,0
DA:39,1
DA:40,0
DA:41,0
DA:43,0
DA:46,1
DA:47,0
DA:48,0
DA:50,0
DA:53,1
DA:54,0
DA:55,0
DA:57,0
DA:60,1
DA:61,0
DA:62,0
DA:64,0
LF:30
LH:12
BRF:0
BRH:0
end_of_record
TN:
SF:src\modules\documents\mapper\document.mapper.ts
FN:12,(anonymous_0)
FN:28,(anonymous_1)
FN:29,(anonymous_2)
FNF:3
FNH:3
FNDA:7,(anonymous_0)
FNDA:2,(anonymous_1)
FNDA:3,(anonymous_2)
DA:11,2
DA:13,7
DA:29,3
LF:3
LH:3
BRF:0
BRH:0
end_of_record
TN:
SF:src\modules\documents\repository\document.repository.ts
FN:27,(anonymous_0)
FN:31,(anonymous_1)
FNF:2
FNH:2
FNDA:16,(anonymous_0)
FNDA:9,(anonymous_1)
DA:2,3
DA:26,3
DA:28,16
DA:36,9
DA:38,9
DA:39,9
DA:40,9
DA:42,9
LF:8
LH:8
BRDA:34,0,0,0
BRDA:38,1,0,1
BRDA:39,2,0,1
BRDA:40,3,0,1
BRF:4
BRH:3
end_of_record
TN:
SF:src\modules\documents\routes\document.routes.ts
FNF:0
FNH:0
DA:1,1
DA:2,1
DA:3,1
DA:4,1
DA:5,1
DA:6,1
DA:7,1
DA:8,1
DA:9,1
DA:10,1
DA:34,1
DA:36,1
DA:133,1
DA:181,1
DA:206,1
DA:231,1
DA:261,1
DA:286,1
DA:295,1
LF:19
LH:19
BRF:0
BRH:0
end_of_record
TN:
SF:src\modules\documents\schemas\document.schema.ts
FNF:0
FNH:0
DA:1,2
DA:2,2
DA:3,2
DA:23,2
DA:24,2
DA:28,2
DA:36,2
DA:44,2
DA:48,2
LF:9
LH:9
BRF:0
BRH:0
end_of_record
TN:
SF:src\modules\documents\service\document.service.ts
FN:17,sanitizeFileName
FN:41,(anonymous_1)
FN:54,(anonymous_2)
FN:106,(anonymous_3)
FN:115,(anonymous_4)
FN:128,(anonymous_5)
FN:134,(anonymous_6)
FN:148,(anonymous_7)
FNF:8
FNH:8
FNDA:4,sanitizeFileName
FNDA:17,(anonymous_1)
FNDA:8,(anonymous_2)
FNDA:2,(anonymous_3)
FNDA:2,(anonymous_4)
FNDA:4,(anonymous_5)
FNDA:1,(anonymous_6)
FNDA:2,(anonymous_7)
DA:2,2
DA:3,2
DA:4,2
DA:5,2
DA:6,2
DA:8,2
DA:9,2
DA:10,2
DA:11,2
DA:12,2
DA:18,4
DA:40,2
DA:43,17
DA:44,17
DA:45,17
DA:47,17
DA:55,8
DA:56,8
DA:57,1
DA:60,7
DA:61,1
DA:63,6
DA:64,1
DA:66,5
DA:67,1
DA:70,4
DA:72,4
DA:76,4
DA:78,4
DA:93,4
DA:103,4
DA:107,2
DA:108,2
DA:110,1
DA:112,1
DA:116,2
DA:117,2
DA:119,1
DA:121,1
DA:129,4
DA:130,4
DA:131,2
DA:135,1
DA:149,2
DA:150,1
DA:152,1
DA:153,1
DA:164,1
LF:48
LH:48
BRDA:43,0,0,0
BRDA:44,1,0,0
BRDA:45,2,0,17
BRDA:56,3,0,1
BRDA:60,4,0,1
BRDA:63,5,0,1
BRDA:66,6,0,1
BRDA:80,7,0,4
BRDA:80,7,1,3
BRDA:81,8,0,4
BRDA:81,8,1,3
BRDA:100,9,0,4
BRDA:100,9,1,4
BRDA:152,10,0,1
BRDA:160,11,0,1
BRDA:160,11,1,1
BRF:16
BRH:14
end_of_record
TN:
SF:src\modules\master-admin\controller\master-admin-auth.controller.ts
FN:15,(anonymous_0)
FNF:1
FNH:1
FNDA:4,(anonymous_0)
DA:2,2
DA:3,2
DA:4,2
DA:5,2
DA:14,2
DA:15,2
DA:16,4
DA:17,4
DA:19,1
LF:9
LH:9
BRF:0
BRH:0
end_of_record
TN:
SF:src\modules\master-admin\controller\tenant.controller.ts
FN:13,(anonymous_0)
FN:20,(anonymous_1)
FN:27,(anonymous_2)
FN:34,(anonymous_3)
FNF:4
FNH:4
FNDA:2,(anonymous_0)
FNDA:2,(anonymous_1)
FNDA:2,(anonymous_2)
FNDA:2,(anonymous_3)
DA:2,2
DA:3,2
DA:4,2
DA:5,2
DA:12,2
DA:13,2
DA:14,2
DA:15,2
DA:17,2
DA:20,2
DA:21,2
DA:22,2
DA:24,1
DA:27,2
DA:28,2
DA:29,2
DA:31,2
DA:34,2
DA:35,2
DA:36,2
DA:38,1
LF:21
LH:21
BRF:0
BRH:0
end_of_record
TN:
SF:src\modules\master-admin\mapper\tenant.mapper.ts
FN:13,(anonymous_0)
FN:26,(anonymous_1)
FN:27,(anonymous_2)
FN:30,(anonymous_3)
FN:49,(anonymous_4)
FNF:5
FNH:5
FNDA:10,(anonymous_0)
FNDA:3,(anonymous_1)
FNDA:10,(anonymous_2)
FNDA:7,(anonymous_3)
FNDA:2,(anonymous_4)
DA:12,4
DA:14,10
DA:27,10
DA:31,7
DA:50,2
LF:5
LH:5
BRDA:38,0,0,0
BRDA:38,0,1,7
BRF:2
BRH:1
end_of_record
TN:
SF:src\modules\master-admin\repository\master-admin.repository.ts
FN:17,(anonymous_0)
FN:19,(anonymous_1)
FN:23,(anonymous_2)
FNF:3
FNH:3
FNDA:4,(anonymous_0)
FNDA:4,(anonymous_1)
FNDA:1,(anonymous_2)
DA:16,3
DA:17,4
DA:20,4
DA:24,1
LF:4
LH:4
BRF:0
BRH:0
end_of_record
TN:
SF:src\modules\master-admin\repository\tenant.repository.ts
FN:43,(anonymous_0)
FN:45,(anonymous_1)
FN:82,(anonymous_2)
FN:86,(anonymous_3)
FN:90,(anonymous_4)
FN:95,(anonymous_5)
FNF:6
FNH:6
FNDA:8,(anonymous_0)
FNDA:2,(anonymous_1)
FNDA:6,(anonymous_2)
FNDA:2,(anonymous_3)
FNDA:1,(anonymous_4)
FNDA:4,(anonymous_5)
DA:3,3
DA:42,3
DA:43,8
DA:49,2
DA:51,2
DA:53,2
DA:54,1
DA:60,2
DA:61,2
DA:62,2
DA:63,2
DA:65,2
DA:76,2
DA:83,6
DA:87,2
DA:91,1
DA:96,4
DA:107,4
LF:18
LH:18
BRDA:51,0,0,0
BRDA:53,1,0,1
BRDA:60,2,0,2
BRDA:60,2,1,0
BRDA:61,3,0,2
BRDA:61,3,1,0
BRDA:63,4,0,2
BRDA:63,4,1,0
BRDA:63,5,0,2
BRDA:63,5,1,0
BRDA:112,6,0,4
BRDA:112,6,1,4
BRF:12
BRH:7
end_of_record
TN:
SF:src\modules\master-admin\routes\master-admin.routes.ts
FNF:0
FNH:0
DA:1,2
DA:2,2
DA:3,2
DA:4,2
DA:5,2
DA:6,2
DA:7,2
DA:8,2
DA:15,2
DA:33,2
DA:57,2
DA:86,2
DA:112,2
DA:148,2
DA:189,2
DA:217,2
DA:233,2
DA:260,2
DA:268,2
LF:19
LH:19
BRF:0
BRH:0
end_of_record
TN:
SF:src\modules\master-admin\schemas\master-admin.schema.ts
FNF:0
FNH:0
DA:1,2
DA:2,2
DA:3,2
DA:22,2
DA:26,2
DA:33,2
DA:37,2
DA:43,2
DA:49,2
LF:9
LH:9
BRF:0
BRH:0
end_of_record
TN:
SF:src\modules\master-admin\service\master-admin-auth.service.ts
FN:36,(anonymous_1)
FN:43,(anonymous_2)
FNF:2
FNH:2
FNDA:8,(anonymous_1)
FNDA:8,(anonymous_2)
DA:2,3
DA:3,3
DA:4,3
DA:5,3
DA:7,3
DA:8,3
DA:9,3
DA:10,3
DA:11,3
DA:12,3
DA:20,3
DA:35,3
DA:38,8
DA:40,8
DA:44,8
DA:46,8
DA:47,2
DA:50,6
DA:51,2
DA:54,4
DA:55,4
DA:56,2
DA:59,2
DA:61,2
DA:67,2
DA:71,2
LF:26
LH:26
BRDA:38,0,0,4
BRDA:46,1,0,2
BRDA:50,2,0,2
BRDA:55,3,0,2
BRF:4
BRH:4
end_of_record
TN:
SF:src\modules\master-admin\service\tenant.service.ts
FN:29,(anonymous_0)
FN:36,(anonymous_1)
FN:45,(anonymous_2)
FN:53,(anonymous_3)
FN:63,(anonymous_4)
FN:73,(anonymous_5)
FNF:6
FNH:6
FNDA:15,(anonymous_0)
FNDA:3,(anonymous_1)
FNDA:4,(anonymous_2)
FNDA:4,(anonymous_3)
FNDA:4,(anonymous_4)
FNDA:8,(anonymous_5)
DA:3,3
DA:4,3
DA:6,3
DA:7,3
DA:28,3
DA:31,15
DA:33,15
DA:37,3
DA:42,3
DA:46,4
DA:47,4
DA:49,2
DA:50,2
DA:54,4
DA:56,3
DA:57,3
DA:59,3
DA:60,3
DA:64,4
DA:66,2
DA:67,2
DA:69,2
DA:70,2
DA:74,8
DA:75,8
DA:76,5
LF:26
LH:26
BRDA:31,0,0,8
BRF:1
BRH:1
end_of_record
TN:
SF:src\modules\notifications\index.ts
FN:11,(anonymous_1)
FN:14,(anonymous_2)
FNF:2
FNH:1
FNDA:0,(anonymous_1)
FNDA:3,(anonymous_2)
DA:11,1
DA:14,4
LF:2
LH:2
BRF:0
BRH:0
end_of_record
TN:
SF:src\modules\notifications\controller\notification.controller.ts
FN:13,(anonymous_0)
FN:20,(anonymous_1)
FN:29,(anonymous_2)
FN:36,(anonymous_3)
FN:43,(anonymous_4)
FNF:5
FNH:5
FNDA:6,(anonymous_0)
FNDA:6,(anonymous_1)
FNDA:3,(anonymous_2)
FNDA:1,(anonymous_3)
FNDA:2,(anonymous_4)
DA:2,2
DA:3,2
DA:4,2
DA:5,2
DA:6,2
DA:12,2
DA:13,2
DA:14,6
DA:15,6
DA:17,6
DA:20,2
DA:21,6
DA:22,6
DA:24,2
DA:29,2
DA:30,3
DA:31,3
DA:33,2
DA:36,2
DA:37,1
DA:38,1
DA:40,1
DA:43,2
DA:44,2
DA:45,2
DA:47,1
LF:26
LH:26
BRF:0
BRH:0
end_of_record
TN:
SF:src\modules\notifications\mapper\notification.mapper.ts
FN:9,(anonymous_0)
FN:21,(anonymous_1)
FN:22,(anonymous_2)
FNF:3
FNH:3
FNDA:7,(anonymous_0)
FNDA:6,(anonymous_1)
FNDA:5,(anonymous_2)
DA:8,2
DA:10,7
DA:22,6
LF:3
LH:3
BRF:0
BRH:0
end_of_record
TN:
SF:src\modules\notifications\providers\email.provider.ts
FN:15,(anonymous_0)
FNF:1
FNH:1
FNDA:3,(anonymous_0)
DA:1,2
DA:2,2
DA:12,2
DA:13,4
DA:16,3
DA:17,3
DA:24,2
DA:26,1
DA:27,1
LF:9
LH:9
BRDA:27,0,0,1
BRDA:27,0,1,0
BRF:2
BRH:1
end_of_record
TN:
SF:src\modules\notifications\providers\index.ts
FN:8,(anonymous_4)
FN:9,(anonymous_5)
FN:10,(anonymous_6)
FN:21,resolveProvider
FNF:4
FNH:1
FNDA:0,(anonymous_4)
FNDA:0,(anonymous_5)
FNDA:0,(anonymous_6)
FNDA:2,resolveProvider
DA:1,1
DA:3,1
DA:4,1
DA:5,1
DA:7,1
DA:8,1
DA:9,1
DA:10,1
DA:12,1
DA:13,1
DA:14,1
DA:21,1
DA:22,2
DA:24,1
DA:26,1
DA:28,0
LF:16
LH:15
BRDA:22,0,0,1
BRDA:22,0,1,1
BRDA:22,0,2,0
BRF:3
BRH:2
end_of_record
TN:
SF:src\modules\notifications\providers\sms.provider.ts
FN:15,(anonymous_0)
FN:38,(anonymous_1)
FNF:2
FNH:1
FNDA:3,(anonymous_0)
FNDA:0,(anonymous_1)
DA:1,4
DA:2,4
DA:12,4
DA:13,4
DA:16,3
DA:17,1
DA:20,2
DA:21,2
DA:34,2
DA:35,1
DA:38,1
DA:39,1
DA:41,0
DA:42,0
LF:14
LH:12
BRDA:13,0,0,4
BRDA:13,0,1,2
BRDA:16,1,0,1
BRDA:34,2,0,1
BRDA:42,3,0,0
BRDA:42,3,1,0
BRF:6
BRH:4
end_of_record
TN:
SF:src\modules\notifications\providers\whatsapp.provider.ts
FN:21,(anonymous_0)
FN:44,(anonymous_1)
FNF:2
FNH:1
FNDA:4,(anonymous_0)
FNDA:0,(anonymous_1)
DA:1,4
DA:2,4
DA:18,4
DA:19,4
DA:22,4
DA:23,2
DA:26,2
DA:27,2
DA:40,2
DA:41,1
DA:44,1
DA:45,1
DA:47,0
DA:48,0
LF:14
LH:12
BRDA:19,0,0,4
BRDA:19,0,1,2
BRDA:22,1,0,2
BRDA:40,2,0,1
BRDA:48,3,0,0
BRDA:48,3,1,0
BRF:6
BRH:4
end_of_record
TN:
SF:src\modules\notifications\repository\notification.repository.ts
FN:38,(anonymous_0)
FN:42,(anonymous_1)
FN:68,(anonymous_2)
FN:73,(anonymous_3)
FN:81,(anonymous_4)
FN:89,(anonymous_5)
FNF:6
FNH:6
FNDA:21,(anonymous_0)
FNDA:6,(anonymous_1)
FNDA:6,(anonymous_2)
FNDA:3,(anonymous_3)
FNDA:1,(anonymous_4)
FNDA:2,(anonymous_5)
DA:2,4
DA:37,4
DA:39,21
DA:47,6
DA:49,6
DA:50,1
DA:52,6
DA:53,0
DA:55,6
DA:56,1
DA:58,6
DA:59,1
DA:65,6
DA:69,6
DA:74,3
DA:75,3
DA:76,3
DA:77,3
DA:82,1
DA:83,1
DA:84,1
DA:85,1
DA:90,2
DA:91,2
DA:92,2
DA:93,2
LF:26
LH:25
BRDA:45,0,0,0
BRDA:49,1,0,1
BRDA:52,2,0,0
BRDA:55,3,0,1
BRDA:58,4,0,1
BRDA:68,5,0,0
BRDA:73,6,0,0
BRDA:81,7,0,0
BRDA:89,8,0,0
BRF:9
BRH:3
end_of_record
TN:
SF:src\modules\notifications\routes\notification.routes.ts
FNF:0
FNH:0
DA:1,2
DA:2,2
DA:3,2
DA:4,2
DA:5,2
DA:6,2
DA:33,2
DA:105,2
DA:125,2
DA:151,2
DA:159,2
DA:181,2
DA:189,2
LF:13
LH:13
BRF:0
BRH:0
end_of_record
TN:
SF:src\modules\notifications\schemas\notification.schema.ts
FNF:0
FNH:0
DA:1,3
DA:2,3
DA:3,3
DA:18,3
DA:20,3
DA:22,3
LF:6
LH:6
BRF:0
BRH:0
end_of_record
TN:
SF:src\modules\notifications\service\notification-dispatch.service.ts
FN:38,(anonymous_0)
FN:40,(anonymous_1)
FNF:2
FNH:2
FNDA:6,(anonymous_0)
FNDA:6,(anonymous_1)
DA:1,2
DA:2,2
DA:3,2
DA:4,2
DA:37,2
DA:38,6
DA:41,6
DA:43,6
DA:44,8
DA:47,8
DA:58,8
DA:60,5
DA:63,8
DA:66,6
LF:14
LH:14
BRDA:38,0,0,3
BRDA:53,1,0,3
BRDA:53,1,1,5
BRDA:58,2,0,5
BRF:4
BRH:4
end_of_record
TN:
SF:src\modules\notifications\service\notification.service.ts
FN:38,(anonymous_0)
FN:45,(anonymous_1)
FN:59,(anonymous_2)
FN:65,(anonymous_3)
FN:73,(anonymous_4)
FN:78,(anonymous_5)
FNF:6
FNH:6
FNDA:27,(anonymous_0)
FNDA:7,(anonymous_1)
FNDA:9,(anonymous_2)
FNDA:5,(anonymous_3)
FNDA:2,(anonymous_4)
FNDA:4,(anonymous_5)
DA:3,3
DA:4,3
DA:6,3
DA:37,3
DA:40,27
DA:42,27
DA:46,7
DA:60,9
DA:61,9
DA:62,3
DA:66,5
DA:67,5
DA:68,2
DA:70,3
DA:74,2
DA:75,2
DA:79,4
DA:80,4
DA:81,2
DA:83,2
LF:20
LH:20
BRDA:40,0,0,18
BRDA:67,1,0,2
BRDA:80,2,0,2
BRF:3
BRH:3
end_of_record
TN:
SF:src\modules\notifications\templates\index.ts
FN:28,(anonymous_0)
FN:46,renderTemplate
FNF:2
FNH:2
FNDA:2,(anonymous_0)
FNDA:3,renderTemplate
DA:27,1
DA:29,2
DA:30,2
DA:31,2
DA:33,2
DA:46,1
DA:47,3
DA:48,3
DA:49,1
DA:51,2
LF:10
LH:10
BRDA:30,0,0,1
BRDA:30,0,1,1
BRDA:48,1,0,1
BRF:3
BRH:3
end_of_record
TN:
SF:src\modules\permissions\controller\permission.controller.ts
FN:23,(anonymous_0)
FN:30,(anonymous_1)
FN:37,(anonymous_2)
FN:41,(anonymous_3)
FN:45,(anonymous_4)
FNF:5
FNH:5
FNDA:1,(anonymous_0)
FNDA:1,(anonymous_1)
FNDA:5,(anonymous_2)
FNDA:168,(anonymous_3)
FNDA:6,(anonymous_4)
DA:2,1
DA:3,1
DA:4,1
DA:5,1
DA:6,1
DA:22,1
DA:23,1
DA:24,1
DA:25,1
DA:27,1
DA:30,1
DA:31,1
DA:32,1
DA:34,1
DA:37,1
DA:38,5
DA:39,5
DA:41,168
DA:42,3
DA:45,1
DA:46,6
DA:47,6
DA:49,3
LF:23
LH:23
BRF:0
BRH:0
end_of_record
TN:
SF:src\modules\permissions\mapper\permission.mapper.ts
FN:20,(anonymous_0)
FN:34,(anonymous_1)
FN:35,(anonymous_2)
FN:38,(anonymous_3)
FN:48,(anonymous_4)
FN:49,(anonymous_5)
FN:52,(anonymous_6)
FNF:7
FNH:5
FNDA:56,(anonymous_0)
FNDA:1,(anonymous_1)
FNDA:56,(anonymous_2)
FNDA:0,(anonymous_3)
FNDA:1,(anonymous_4)
FNDA:0,(anonymous_5)
FNDA:168,(anonymous_6)
DA:9,1
DA:21,56
DA:35,56
DA:39,0
DA:49,1
DA:53,168
LF:6
LH:5
BRF:0
BRH:0
end_of_record
TN:
SF:src\modules\permissions\repository\permission.repository.ts
FN:25,(anonymous_0)
FN:27,(anonymous_1)
FN:31,(anonymous_2)
FN:35,(anonymous_3)
FN:40,(anonymous_4)
FN:42,(anonymous_5)
FN:46,(anonymous_6)
FN:55,(anonymous_7)
FNF:8
FNH:8
FNDA:13,(anonymous_0)
FNDA:4,(anonymous_1)
FNDA:4,(anonymous_2)
FNDA:1,(anonymous_3)
FNDA:3,(anonymous_4)
FNDA:1,(anonymous_5)
FNDA:2,(anonymous_6)
FNDA:1,(anonymous_7)
DA:24,2
DA:25,13
DA:28,4
DA:32,4
DA:36,1
DA:41,3
DA:42,3
DA:47,2
DA:56,1
LF:9
LH:9
BRF:0
BRH:0
end_of_record
TN:
SF:src\modules\permissions\routes\permission.routes.ts
FNF:0
FNH:0
DA:1,1
DA:2,1
DA:3,1
DA:4,1
DA:5,1
DA:6,1
DA:7,1
DA:8,1
DA:32,1
DA:98,1
DA:113,1
DA:132,1
DA:160,1
DA:169,1
LF:14
LH:14
BRF:0
BRH:0
end_of_record
TN:
SF:src\modules\permissions\schemas\permission.schema.ts
FNF:0
FNH:0
DA:1,2
DA:17,2
DA:19,2
DA:21,2
LF:4
LH:4
BRF:0
BRH:0
end_of_record
TN:
SF:src\modules\permissions\service\permission.service.ts
FN:31,(anonymous_0)
FN:39,(anonymous_1)
FN:43,(anonymous_2)
FN:48,(anonymous_3)
FN:57,(anonymous_4)
FN:60,(anonymous_5)
FNF:6
FNH:6
FNDA:22,(anonymous_0)
FNDA:2,(anonymous_1)
FNDA:2,(anonymous_2)
FNDA:7,(anonymous_3)
FNDA:170,(anonymous_4)
FNDA:11,(anonymous_5)
DA:2,2
DA:3,2
DA:4,2
DA:5,2
DA:6,2
DA:7,2
DA:8,2
DA:30,2
DA:33,22
DA:34,22
DA:36,22
DA:40,2
DA:44,2
DA:50,7
DA:52,4
DA:57,170
DA:61,11
DA:63,9
DA:64,2
DA:67,7
DA:68,7
DA:69,2
DA:72,5
DA:74,5
DA:75,3
DA:77,2
LF:26
LH:26
BRDA:33,0,0,13
BRDA:34,1,0,13
BRDA:63,2,0,2
BRDA:68,3,0,2
BRDA:74,4,0,3
BRDA:74,4,1,2
BRF:6
BRH:6
end_of_record
TN:
SF:src\modules\projects\constants\project.permissions.ts
FNF:0
FNH:0
DA:1,2
DA:19,2
DA:21,2
LF:3
LH:3
BRF:0
BRH:0
end_of_record
TN:
SF:src\modules\projects\controller\project.controller.ts
FN:28,(anonymous_0)
FN:37,(anonymous_1)
FN:46,(anonymous_2)
FN:58,(anonymous_3)
FN:69,(anonymous_4)
FN:80,(anonymous_5)
FN:87,(anonymous_6)
FN:96,(anonymous_7)
FN:105,(anonymous_8)
FN:114,(anonymous_9)
FN:129,(anonymous_10)
FN:144,(anonymous_11)
FNF:12
FNH:9
FNDA:7,(anonymous_0)
FNDA:2,(anonymous_1)
FNDA:4,(anonymous_2)
FNDA:1,(anonymous_3)
FNDA:2,(anonymous_4)
FNDA:2,(anonymous_5)
FNDA:6,(anonymous_6)
FNDA:1,(anonymous_7)
FNDA:3,(anonymous_8)
FNDA:0,(anonymous_9)
FNDA:0,(anonymous_10)
FNDA:0,(anonymous_11)
DA:2,2
DA:3,2
DA:4,2
DA:5,2
DA:6,2
DA:27,2
DA:28,2
DA:29,7
DA:30,7
DA:32,6
DA:37,2
DA:38,2
DA:39,2
DA:41,1
DA:46,2
DA:47,4
DA:48,4
DA:53,3
DA:58,2
DA:59,1
DA:60,1
DA:62,1
DA:69,2
DA:70,2
DA:71,2
DA:73,1
DA:80,2
DA:81,2
DA:82,2
DA:84,1
DA:87,2
DA:88,6
DA:89,6
DA:91,3
DA:96,2
DA:97,1
DA:98,1
DA:100,1
DA:105,2
DA:106,3
DA:107,3
DA:109,3
DA:114,2
DA:115,0
DA:116,0
DA:118,0
DA:129,2
DA:130,0
DA:131,0
DA:133,0
DA:144,2
DA:145,0
DA:146,0
DA:148,0
LF:54
LH:45
BRF:0
BRH:0
end_of_record
TN:
SF:src\modules\projects\mapper\project.mapper.ts
FN:16,(anonymous_0)
FN:39,(anonymous_1)
FN:40,(anonymous_2)
FNF:3
FNH:3
FNDA:19,(anonymous_0)
FNDA:3,(anonymous_1)
FNDA:3,(anonymous_2)
DA:1,2
DA:4,2
DA:15,2
DA:18,19
DA:22,19
DA:40,3
LF:6
LH:6
BRDA:18,0,0,19
BRDA:18,0,1,0
BRDA:18,0,2,0
BRDA:29,1,0,0
BRDA:29,1,1,19
BRDA:30,2,0,0
BRDA:30,2,1,19
BRDA:31,3,0,2
BRDA:31,3,1,17
BRDA:32,4,0,1
BRDA:32,4,1,18
BRF:11
BRH:7
end_of_record
TN:
SF:src\modules\projects\repository\project.repository.ts
FN:32,(anonymous_0)
FN:39,(anonymous_1)
FN:46,(anonymous_2)
FN:53,(anonymous_3)
FN:63,(anonymous_4)
FN:82,(anonymous_5)
FNF:6
FNH:3
FNDA:28,(anonymous_0)
FNDA:8,(anonymous_1)
FNDA:0,(anonymous_2)
FNDA:0,(anonymous_3)
FNDA:0,(anonymous_4)
FNDA:3,(anonymous_5)
DA:1,3
DA:2,3
DA:31,3
DA:33,28
DA:40,8
DA:47,0
DA:57,0
DA:64,0
DA:87,3
DA:89,3
DA:90,3
DA:91,3
DA:93,3
DA:94,0
DA:100,3
DA:101,2
DA:107,3
LF:17
LH:13
BRDA:39,0,0,0
BRDA:46,1,0,0
BRDA:55,2,0,0
BRDA:63,3,0,0
BRDA:85,4,0,0
BRDA:89,5,0,0
BRDA:90,6,0,0
BRDA:91,7,0,0
BRDA:93,8,0,0
BRDA:93,9,0,3
BRDA:93,9,1,3
BRDA:95,10,0,0
BRDA:95,10,1,0
BRDA:96,11,0,0
BRDA:96,11,1,0
BRDA:100,12,0,2
BRF:16
BRH:3
end_of_record
TN:
SF:src\modules\projects\routes\project.routes.ts
FNF:0
FNH:0
DA:1,2
DA:2,2
DA:3,2
DA:4,2
DA:5,2
DA:6,2
DA:7,2
DA:8,2
DA:37,2
DA:276,2
DA:349,2
DA:385,2
DA:430,2
DA:476,2
DA:522,2
DA:571,2
DA:632,2
DA:695,2
DA:747,2
DA:799,2
DA:851,2
DA:860,2
LF:22
LH:22
BRF:0
BRH:0
end_of_record
TN:
SF:src\modules\projects\schemas\project.schema.ts
FNF:0
FNH:0
DA:1,2
DA:2,2
DA:3,2
DA:19,2
DA:22,2
DA:29,2
DA:37,2
DA:48,2
DA:57,2
DA:64,2
DA:65,2
DA:66,2
DA:67,2
DA:71,2
LF:14
LH:14
BRF:0
BRH:0
end_of_record
TN:
SF:src\modules\projects\service\project.service.ts
FN:53,(anonymous_0)
FN:67,(anonymous_1)
FN:73,(anonymous_2)
FN:92,(anonymous_3)
FN:124,(anonymous_4)
FN:145,(anonymous_5)
FN:178,(anonymous_6)
FN:204,(anonymous_7)
FN:221,(anonymous_8)
FN:245,(anonymous_9)
FN:251,(anonymous_10)
FN:257,(anonymous_11)
FN:277,(anonymous_12)
FN:281,(anonymous_13)
FN:290,(anonymous_14)
FNF:15
FNH:12
FNDA:50,(anonymous_0)
FNDA:11,(anonymous_1)
FNDA:7,(anonymous_2)
FNDA:10,(anonymous_3)
FNDA:2,(anonymous_4)
FNDA:8,(anonymous_5)
FNDA:4,(anonymous_6)
FNDA:8,(anonymous_7)
FNDA:5,(anonymous_8)
FNDA:8,(anonymous_9)
FNDA:1,(anonymous_10)
FNDA:4,(anonymous_11)
FNDA:0,(anonymous_12)
FNDA:0,(anonymous_13)
FNDA:0,(anonymous_14)
DA:2,3
DA:3,3
DA:4,3
DA:5,3
DA:7,3
DA:21,3
DA:30,3
DA:33,3
DA:52,3
DA:55,50
DA:57,50
DA:68,11
DA:69,1
DA:74,7
DA:75,0
DA:78,7
DA:79,7
DA:80,2
DA:83,5
DA:84,1
DA:93,10
DA:95,9
DA:98,9
DA:99,2
DA:102,7
DA:106,7
DA:121,7
DA:125,2
DA:126,2
DA:128,2
DA:129,1
DA:132,1
DA:133,1
DA:134,1
DA:136,1
DA:138,1
DA:146,8
DA:147,8
DA:149,8
DA:150,1
DA:153,7
DA:155,4
DA:156,4
DA:157,2
DA:158,2
DA:160,0
DA:163,4
DA:171,4
DA:175,4
DA:179,4
DA:180,4
DA:182,3
DA:183,1
DA:186,2
DA:190,2
DA:197,2
DA:205,8
DA:206,8
DA:208,7
DA:209,5
DA:212,2
DA:216,2
DA:222,5
DA:226,5
DA:228,4
DA:229,2
DA:232,2
DA:234,2
DA:236,2
DA:237,2
DA:238,2
DA:246,8
DA:247,8
DA:248,4
DA:252,1
DA:253,1
DA:254,1
DA:258,4
DA:278,0
DA:282,0
DA:291,0
LF:81
LH:76
BRDA:55,0,0,28
BRDA:68,1,0,1
BRDA:68,2,0,11
BRDA:68,2,1,1
BRDA:68,2,2,1
BRDA:74,3,0,0
BRDA:78,4,0,7
BRDA:78,4,1,0
BRDA:79,5,0,2
BRDA:83,6,0,1
BRDA:83,7,0,5
BRDA:83,7,1,1
BRDA:98,8,0,2
BRDA:109,9,0,7
BRDA:109,9,1,7
BRDA:112,10,0,7
BRDA:112,10,1,7
BRDA:113,11,0,7
BRDA:113,11,1,7
BRDA:115,12,0,7
BRDA:115,12,1,0
BRDA:128,13,0,1
BRDA:132,14,0,0
BRDA:132,14,1,1
BRDA:133,15,0,0
BRDA:133,15,1,1
BRDA:149,16,0,1
BRDA:156,17,0,2
BRDA:156,17,1,2
BRDA:158,18,0,0
BRDA:182,19,0,1
BRDA:208,20,0,5
BRDA:228,21,0,2
BRF:33
BRH:27
end_of_record
TN:
SF:src\modules\reports\constants\report.permissions.ts
FNF:0
FNH:0
DA:1,1
DA:18,1
DA:20,1
LF:3
LH:3
BRF:0
BRH:0
end_of_record
TN:
SF:src\modules\reports\controller\report.controller.ts
FN:15,(anonymous_0)
FN:25,(anonymous_1)
FNF:2
FNH:2
FNDA:12,(anonymous_0)
FNDA:3,(anonymous_1)
DA:2,1
DA:3,1
DA:4,1
DA:5,1
DA:14,1
DA:15,1
DA:16,12
DA:17,12
DA:18,12
DA:20,12
DA:22,11
DA:25,1
DA:26,3
DA:27,3
DA:28,3
DA:30,3
DA:32,1
LF:17
LH:17
BRF:0
BRH:0
end_of_record
TN:
SF:src\modules\reports\repository\reports.repository.ts
FN:40,(anonymous_0)
FN:43,(anonymous_1)
FN:49,(anonymous_2)
FN:61,(anonymous_3)
FN:71,(anonymous_4)
FN:85,(anonymous_5)
FN:94,(anonymous_6)
FN:110,(anonymous_7)
FN:127,(anonymous_8)
FN:138,(anonymous_9)
FN:155,(anonymous_10)
FN:167,(anonymous_11)
FN:185,(anonymous_12)
FN:229,(anonymous_13)
FN:255,(anonymous_14)
FN:284,(anonymous_15)
FN:292,(anonymous_16)
FN:293,(anonymous_17)
FN:294,(anonymous_18)
FN:297,(anonymous_19)
FN:298,(anonymous_20)
FNF:21
FNH:20
FNDA:15,(anonymous_0)
FNDA:14,(anonymous_1)
FNDA:4,(anonymous_2)
FNDA:5,(anonymous_3)
FNDA:1,(anonymous_4)
FNDA:1,(anonymous_5)
FNDA:3,(anonymous_6)
FNDA:1,(anonymous_7)
FNDA:1,(anonymous_8)
FNDA:1,(anonymous_9)
FNDA:1,(anonymous_10)
FNDA:1,(anonymous_11)
FNDA:1,(anonymous_12)
FNDA:1,(anonymous_13)
FNDA:1,(anonymous_14)
FNDA:3,(anonymous_15)
FNDA:1,(anonymous_16)
FNDA:1,(anonymous_17)
FNDA:1,(anonymous_18)
FNDA:0,(anonymous_19)
FNDA:1,(anonymous_20)
DA:1,2
DA:39,2
DA:40,15
DA:44,14
DA:45,0
DA:50,4
DA:61,5
DA:72,1
DA:85,1
DA:95,3
DA:110,3
DA:128,1
DA:138,1
DA:156,1
DA:167,1
DA:186,1
DA:200,1
DA:205,1
DA:206,1
DA:208,1
DA:209,1
DA:220,1
DA:221,1
DA:222,1
DA:223,0
DA:224,0
DA:225,0
DA:226,0
DA:229,1
DA:256,1
DA:282,1
DA:284,1
DA:285,3
DA:286,3
DA:287,1
DA:289,3
DA:292,1
DA:293,1
DA:294,1
DA:296,1
DA:297,0
DA:298,1
LF:42
LH:36
BRDA:44,0,0,14
BRDA:44,1,0,14
BRDA:44,1,1,14
BRDA:55,2,0,1
BRDA:55,2,1,3
BRDA:76,3,0,0
BRDA:76,3,1,1
BRDA:101,4,0,1
BRDA:101,4,1,2
BRDA:114,5,0,1
BRDA:114,5,1,0
BRDA:115,6,0,1
BRDA:115,6,1,0
BRDA:116,7,0,1
BRDA:116,7,1,0
BRDA:161,8,0,0
BRDA:161,8,1,1
BRDA:190,9,0,1
BRDA:190,9,1,1
BRDA:206,10,0,0
BRDA:206,11,0,1
BRDA:206,11,1,1
BRDA:208,12,0,1
BRDA:222,13,0,1
BRDA:222,13,1,0
BRDA:223,14,0,0
BRDA:223,14,1,0
BRDA:224,15,0,0
BRDA:224,15,1,0
BRDA:225,16,0,0
BRDA:225,16,1,0
BRDA:226,17,0,0
BRDA:263,18,0,0
BRDA:263,18,1,1
BRDA:286,19,0,1
BRF:35
BRH:20
end_of_record
TN:
SF:src\modules\reports\routes\report.routes.ts
FNF:0
FNH:0
DA:1,1
DA:2,1
DA:3,1
DA:4,1
DA:5,1
DA:6,1
DA:7,1
DA:8,1
DA:29,1
DA:84,1
DA:124,1
DA:133,1
LF:12
LH:12
BRF:0
BRH:0
end_of_record
TN:
SF:src\modules\reports\schemas\report.schema.ts
FNF:0
FNH:0
DA:1,2
DA:17,2
DA:28,2
DA:30,2
DA:34,2
DA:40,2
LF:6
LH:6
BRF:0
BRH:0
end_of_record
TN:
SF:src\modules\reports\service\report.service.ts
FN:38,(anonymous_0)
FN:45,(anonymous_1)
FN:57,(anonymous_2)
FN:76,(anonymous_3)
FNF:4
FNH:4
FNDA:27,(anonymous_0)
FNDA:23,(anonymous_1)
FNDA:7,(anonymous_2)
FNDA:23,(anonymous_3)
DA:2,2
DA:3,2
DA:4,2
DA:5,2
DA:6,2
DA:37,2
DA:40,27
DA:42,27
DA:46,23
DA:48,23
DA:50,20
DA:58,7
DA:59,4
DA:64,3
DA:65,2
DA:67,2
DA:69,2
DA:77,23
DA:79,23
DA:81,6
DA:83,2
DA:85,4
DA:87,2
DA:89,2
DA:91,2
DA:93,2
DA:95,3
DA:101,0
DA:102,0
LF:29
LH:27
BRDA:40,0,0,15
BRDA:58,1,0,4
BRDA:79,2,0,6
BRDA:79,2,1,2
BRDA:79,2,2,4
BRDA:79,2,3,2
BRDA:79,2,4,2
BRDA:79,2,5,2
BRDA:79,2,6,2
BRDA:79,2,7,3
BRDA:79,2,8,0
BRF:11
BRH:10
end_of_record
TN:
SF:src\modules\reports\utils\csv.util.ts
FN:9,csvEscape
FN:18,toCsv
FN:25,(anonymous_2)
FNF:3
FNH:3
FNDA:29,csvEscape
FNDA:9,toCsv
FNDA:29,(anonymous_2)
DA:10,29
DA:11,28
DA:12,28
DA:13,3
DA:15,25
DA:18,3
DA:19,9
DA:21,8
DA:22,8
DA:24,8
DA:25,29
DA:28,8
LF:12
LH:12
BRDA:10,0,0,1
BRDA:10,1,0,29
BRDA:10,1,1,28
BRDA:12,2,0,3
BRDA:19,3,0,1
BRF:5
BRH:5
end_of_record
TN:
SF:src\modules\roles\index.ts
FN:10,(anonymous_1)
FN:11,(anonymous_2)
FN:12,(anonymous_3)
FNF:3
FNH:2
FNDA:0,(anonymous_1)
FNDA:13,(anonymous_2)
FNDA:6,(anonymous_3)
DA:10,2
DA:11,15
DA:12,8
LF:3
LH:3
BRF:0
BRH:0
end_of_record
TN:
SF:src\modules\roles\constants\role.permissions.ts
FNF:0
FNH:0
DA:1,4
DA:16,4
DA:18,4
LF:3
LH:3
BRF:0
BRH:0
end_of_record
TN:
SF:src\modules\roles\controller\role.controller.ts
FN:23,(anonymous_0)
FN:30,(anonymous_1)
FN:37,(anonymous_2)
FN:44,(anonymous_3)
FN:53,(anonymous_4)
FN:62,(anonymous_5)
FN:69,(anonymous_6)
FN:76,(anonymous_7)
FNF:8
FNH:8
FNDA:2,(anonymous_0)
FNDA:4,(anonymous_1)
FNDA:1,(anonymous_2)
FNDA:4,(anonymous_3)
FNDA:4,(anonymous_4)
FNDA:2,(anonymous_5)
FNDA:5,(anonymous_6)
FNDA:2,(anonymous_7)
DA:2,4
DA:3,4
DA:4,4
DA:5,4
DA:6,4
DA:22,4
DA:23,4
DA:24,2
DA:25,2
DA:27,2
DA:30,4
DA:31,4
DA:32,4
DA:34,1
DA:37,4
DA:38,1
DA:39,1
DA:41,1
DA:44,4
DA:45,4
DA:46,4
DA:48,2
DA:53,4
DA:54,4
DA:55,4
DA:57,3
DA:62,4
DA:63,2
DA:64,2
DA:66,1
DA:69,4
DA:70,5
DA:71,5
DA:73,2
DA:76,4
DA:77,2
DA:78,2
DA:80,1
LF:38
LH:38
BRF:0
BRH:0
end_of_record
TN:
SF:src\modules\roles\mapper\role.mapper.ts
FN:12,(anonymous_0)
FN:20,(anonymous_1)
FN:26,(anonymous_2)
FN:27,(anonymous_3)
FNF:4
FNH:4
FNDA:8,(anonymous_0)
FNDA:8,(anonymous_1)
FNDA:2,(anonymous_2)
FNDA:2,(anonymous_3)
DA:11,4
DA:13,8
DA:20,8
DA:27,2
LF:4
LH:4
BRF:0
BRH:0
end_of_record
TN:
SF:src\modules\roles\repository\role.repository.ts
FN:39,(anonymous_0)
FN:43,(anonymous_1)
FN:61,(anonymous_2)
FN:73,(anonymous_3)
FN:81,(anonymous_4)
FN:86,(anonymous_5)
FN:95,(anonymous_6)
FN:100,(anonymous_7)
FN:105,(anonymous_8)
FN:109,(anonymous_9)
FN:113,(anonymous_10)
FN:118,(anonymous_11)
FN:130,(anonymous_12)
FNF:13
FNH:13
FNDA:37,(anonymous_0)
FNDA:2,(anonymous_1)
FNDA:27,(anonymous_2)
FNDA:1,(anonymous_3)
FNDA:6,(anonymous_4)
FNDA:4,(anonymous_5)
FNDA:5,(anonymous_6)
FNDA:4,(anonymous_7)
FNDA:5,(anonymous_8)
FNDA:2,(anonymous_9)
FNDA:1,(anonymous_10)
FNDA:1,(anonymous_11)
FNDA:1,(anonymous_12)
DA:2,5
DA:13,5
DA:38,5
DA:40,37
DA:48,2
DA:50,2
DA:51,0
DA:53,2
DA:54,0
DA:57,2
DA:58,2
DA:62,27
DA:63,27
DA:74,1
DA:75,1
DA:76,1
DA:77,1
DA:82,6
DA:92,4
DA:93,4
DA:94,4
DA:95,5
DA:101,4
DA:102,4
DA:106,5
DA:110,2
DA:114,1
DA:119,1
DA:130,1
LF:29
LH:27
BRDA:46,0,0,0
BRDA:50,1,0,0
BRDA:53,2,0,0
BRDA:61,3,0,0
BRDA:73,4,0,0
BRDA:93,5,0,0
BRF:6
BRH:0
end_of_record
TN:
SF:src\modules\roles\routes\role.routes.ts
FNF:0
FNH:0
DA:1,4
DA:2,4
DA:3,4
DA:4,4
DA:5,4
DA:6,4
DA:7,4
DA:8,4
DA:29,4
DA:111,4
DA:138,4
DA:198,4
DA:207,4
DA:262,4
DA:287,4
DA:296,4
DA:305,4
DA:314,4
LF:18
LH:18
BRF:0
BRH:0
end_of_record
TN:
SF:src\modules\roles\schemas\role.schema.ts
FNF:0
FNH:0
DA:1,5
DA:2,5
DA:3,5
DA:21,5
DA:23,5
DA:34,5
DA:38,5
DA:42,5
DA:48,5
LF:9
LH:9
BRF:0
BRH:0
end_of_record
TN:
SF:src\modules\roles\service\role.service.ts
FN:34,(anonymous_0)
FN:46,(anonymous_1)
FN:52,(anonymous_2)
FN:60,(anonymous_3)
FN:70,(anonymous_4)
FN:78,(anonymous_5)
FN:83,(anonymous_6)
FN:90,(anonymous_7)
FN:103,(anonymous_8)
FN:110,(anonymous_9)
FN:134,(anonymous_10)
FN:150,(anonymous_11)
FN:187,(anonymous_12)
FNF:13
FNH:13
FNDA:58,(anonymous_0)
FNDA:42,(anonymous_1)
FNDA:3,(anonymous_2)
FNDA:3,(anonymous_3)
FNDA:6,(anonymous_4)
FNDA:4,(anonymous_5)
FNDA:3,(anonymous_6)
FNDA:9,(anonymous_7)
FNDA:4,(anonymous_8)
FNDA:5,(anonymous_9)
FNDA:5,(anonymous_10)
FNDA:9,(anonymous_11)
FNDA:4,(anonymous_12)
DA:2,5
DA:3,5
DA:4,5
DA:5,5
DA:6,5
DA:8,5
DA:10,5
DA:11,5
DA:33,5
DA:36,58
DA:37,58
DA:39,58
DA:47,42
DA:48,42
DA:49,32
DA:53,3
DA:61,3
DA:62,2
DA:63,2
DA:71,6
DA:72,6
DA:73,2
DA:76,4
DA:78,4
DA:79,4
DA:83,3
DA:84,3
DA:87,3
DA:91,9
DA:93,8
DA:94,2
DA:98,6
DA:99,4
DA:100,4
DA:101,1
DA:103,4
DA:106,5
DA:108,5
DA:110,5
DA:111,5
DA:112,2
DA:114,5
DA:115,3
DA:119,5
DA:120,3
DA:131,5
DA:135,5
DA:137,4
DA:138,2
DA:141,2
DA:143,2
DA:151,9
DA:153,9
DA:154,9
DA:156,7
DA:157,7
DA:158,2
DA:161,5
DA:162,5
DA:163,2
DA:166,3
DA:168,3
DA:176,3
DA:188,4
DA:190,4
DA:191,4
DA:193,2
DA:195,2
DA:197,2
DA:199,2
LF:70
LH:70
BRDA:36,0,0,37
BRDA:37,1,0,58
BRDA:72,2,0,2
BRDA:80,3,0,4
BRDA:80,3,1,3
BRDA:80,4,0,4
BRDA:80,4,1,3
BRDA:93,5,0,2
BRDA:98,6,0,4
BRDA:100,7,0,1
BRDA:111,8,0,2
BRDA:114,9,0,3
BRDA:119,10,0,3
BRDA:127,11,0,3
BRDA:127,11,1,1
BRDA:137,12,0,2
BRDA:157,13,0,2
BRDA:162,14,0,2
BRDA:173,15,0,3
BRDA:173,15,1,3
BRDA:183,16,0,3
BRDA:183,16,1,1
BRDA:203,17,0,2
BRDA:203,17,1,1
BRDA:206,18,0,2
BRDA:206,18,1,1
BRF:26
BRH:26
end_of_record
TN:
SF:src\modules\tasks\constants\task.permissions.ts
FNF:0
FNH:0
DA:1,3
DA:20,3
DA:22,3
LF:3
LH:3
BRF:0
BRH:0
end_of_record
TN:
SF:src\modules\tasks\controller\task.controller.ts
FN:28,(anonymous_0)
FN:37,(anonymous_1)
FN:46,(anonymous_2)
FN:55,(anonymous_3)
FN:62,(anonymous_4)
FN:71,(anonymous_5)
FN:80,(anonymous_6)
FN:89,(anonymous_7)
FN:100,(anonymous_8)
FN:111,(anonymous_9)
FNF:10
FNH:10
FNDA:25,(anonymous_0)
FNDA:8,(anonymous_1)
FNDA:15,(anonymous_2)
FNDA:10,(anonymous_3)
FNDA:6,(anonymous_4)
FNDA:14,(anonymous_5)
FNDA:16,(anonymous_6)
FNDA:4,(anonymous_7)
FNDA:3,(anonymous_8)
FNDA:4,(anonymous_9)
DA:2,3
DA:3,3
DA:4,3
DA:5,3
DA:6,3
DA:27,3
DA:28,3
DA:29,25
DA:30,25
DA:32,23
DA:37,3
DA:38,8
DA:39,8
DA:41,4
DA:46,3
DA:47,15
DA:48,15
DA:50,10
DA:55,3
DA:56,10
DA:57,10
DA:59,5
DA:62,3
DA:63,6
DA:64,6
DA:66,3
DA:71,3
DA:72,14
DA:73,14
DA:75,7
DA:80,3
DA:81,16
DA:82,16
DA:84,16
DA:89,3
DA:90,4
DA:91,4
DA:93,4
DA:100,3
DA:101,3
DA:102,3
DA:104,3
DA:111,3
DA:112,4
DA:113,4
DA:115,4
LF:46
LH:46
BRF:0
BRH:0
end_of_record
TN:
SF:src\modules\tasks\mapper\task.mapper.ts
FN:17,(anonymous_0)
FN:39,(anonymous_1)
FN:40,(anonymous_2)
FNF:3
FNH:3
FNDA:114,(anonymous_0)
FNDA:27,(anonymous_1)
FNDA:67,(anonymous_2)
DA:1,3
DA:5,3
DA:16,3
DA:18,114
DA:20,114
DA:22,114
DA:40,67
LF:7
LH:7
BRDA:20,0,0,114
BRDA:20,0,1,28
BRDA:20,0,2,16
BRDA:29,1,0,21
BRDA:29,1,1,93
BRDA:30,2,0,28
BRDA:30,2,1,86
BRDA:31,3,0,1
BRDA:31,3,1,113
BRF:9
BRH:9
end_of_record
TN:
SF:src\modules\tasks\repository\task.repository.ts
FN:50,(anonymous_0)
FN:57,(anonymous_1)
FN:64,(anonymous_2)
FN:71,(anonymous_3)
FN:78,(anonymous_4)
FN:95,(anonymous_5)
FN:126,(anonymous_6)
FN:133,(anonymous_7)
FNF:8
FNH:7
FNDA:106,(anonymous_0)
FNDA:0,(anonymous_1)
FNDA:5,(anonymous_2)
FNDA:4,(anonymous_3)
FNDA:4,(anonymous_4)
FNDA:18,(anonymous_5)
FNDA:1,(anonymous_6)
FNDA:1,(anonymous_7)
DA:1,6
DA:2,6
DA:29,6
DA:49,6
DA:51,106
DA:58,0
DA:65,5
DA:72,4
DA:79,4
DA:100,18
DA:102,18
DA:103,18
DA:104,18
DA:106,18
DA:107,1
DA:113,18
DA:114,5
DA:120,18
DA:127,1
DA:134,1
LF:20
LH:19
BRDA:57,0,0,0
BRDA:64,1,0,0
BRDA:71,2,0,0
BRDA:78,3,0,0
BRDA:98,4,0,0
BRDA:102,5,0,2
BRDA:103,6,0,1
BRDA:104,7,0,1
BRDA:106,8,0,1
BRDA:106,9,0,18
BRDA:106,9,1,17
BRDA:108,10,0,1
BRDA:108,10,1,1
BRDA:109,11,0,1
BRDA:109,11,1,1
BRDA:113,12,0,5
BRDA:126,13,0,0
BRDA:133,14,0,0
BRF:18
BRH:11
end_of_record
TN:
SF:src\modules\tasks\routes\task.routes.ts
FNF:0
FNH:0
DA:1,3
DA:2,3
DA:3,3
DA:4,3
DA:5,3
DA:6,3
DA:7,3
DA:8,3
DA:37,3
DA:250,3
DA:323,3
DA:359,3
DA:404,3
DA:450,3
DA:499,3
DA:552,3
DA:614,3
DA:662,3
DA:713,3
DA:722,3
LF:20
LH:20
BRF:0
BRH:0
end_of_record
TN:
SF:src\modules\tasks\schemas\task.schema.ts
FNF:0
FNH:0
DA:1,3
DA:2,3
DA:3,3
DA:24,3
DA:26,3
DA:32,3
DA:36,3
DA:47,3
DA:58,3
DA:65,3
DA:66,3
DA:67,3
DA:71,3
LF:13
LH:13
BRF:0
BRH:0
end_of_record
TN:
SF:src\modules\tasks\service\task.service.ts
FN:58,(anonymous_0)
FN:73,(anonymous_1)
FN:79,(anonymous_2)
FN:94,(anonymous_3)
FN:120,(anonymous_4)
FN:141,(anonymous_5)
FN:183,(anonymous_6)
FN:203,(anonymous_7)
FN:228,(anonymous_8)
FN:234,(anonymous_9)
FN:254,(anonymous_10)
FN:258,(anonymous_11)
FN:262,(anonymous_12)
FN:266,(anonymous_13)
FN:270,(anonymous_14)
FNF:15
FNH:15
FNDA:159,(anonymous_0)
FNDA:38,(anonymous_1)
FNDA:28,(anonymous_2)
FNDA:29,(anonymous_3)
FNDA:13,(anonymous_4)
FNDA:29,(anonymous_5)
FNDA:10,(anonymous_6)
FNDA:19,(anonymous_7)
FNDA:16,(anonymous_8)
FNDA:17,(anonymous_9)
FNDA:4,(anonymous_10)
FNDA:3,(anonymous_11)
FNDA:4,(anonymous_12)
FNDA:1,(anonymous_13)
FNDA:1,(anonymous_14)
DA:2,5
DA:3,5
DA:4,5
DA:5,5
DA:7,5
DA:8,5
DA:29,5
DA:38,5
DA:41,5
DA:57,5
DA:60,159
DA:61,159
DA:63,159
DA:74,38
DA:75,8
DA:80,28
DA:81,28
DA:82,7
DA:85,21
DA:86,3
DA:95,29
DA:97,25
DA:102,25
DA:117,25
DA:121,13
DA:122,13
DA:124,9
DA:125,9
DA:126,9
DA:128,5
DA:134,5
DA:142,29
DA:143,29
DA:145,28
DA:147,18
DA:149,18
DA:151,3
DA:152,15
DA:154,3
DA:157,18
DA:166,18
DA:168,18
DA:180,18
DA:184,10
DA:188,10
DA:190,9
DA:191,5
DA:194,4
DA:196,4
DA:198,4
DA:199,4
DA:200,4
DA:204,19
DA:205,19
DA:207,16
DA:208,8
DA:214,8
DA:219,8
DA:229,16
DA:230,16
DA:231,8
DA:235,17
DA:255,4
DA:259,3
DA:263,4
DA:267,1
DA:271,1
LF:67
LH:67
BRDA:60,0,0,105
BRDA:61,1,0,159
BRDA:74,2,0,8
BRDA:74,3,0,38
BRDA:74,3,1,12
BRDA:74,3,2,12
BRDA:80,4,0,28
BRDA:80,4,1,2
BRDA:81,5,0,7
BRDA:85,6,0,3
BRDA:85,7,0,21
BRDA:85,7,1,7
BRDA:104,8,0,25
BRDA:104,8,1,20
BRDA:105,9,0,25
BRDA:105,9,1,21
BRDA:107,10,0,25
BRDA:107,10,1,21
BRDA:108,11,0,25
BRDA:108,11,1,23
BRDA:109,12,0,25
BRDA:109,12,1,21
BRDA:111,13,0,25
BRDA:111,13,1,0
BRDA:124,14,0,3
BRDA:124,14,1,6
BRDA:125,15,0,4
BRDA:125,15,1,5
BRDA:149,16,0,3
BRDA:149,16,1,15
BRDA:152,17,0,3
BRDA:175,18,0,18
BRDA:175,18,1,9
BRDA:190,19,0,5
BRDA:207,20,0,8
BRF:35
BRH:34
end_of_record
TN:
SF:src\modules\tenant\constants\tenant.permissions.ts
FNF:0
FNH:0
DA:1,1
DA:17,1
DA:19,1
LF:3
LH:3
BRF:0
BRH:0
end_of_record
TN:
SF:src\modules\tenant\controller\branding.controller.ts
FN:13,(anonymous_0)
FN:20,(anonymous_1)
FN:27,(anonymous_2)
FNF:3
FNH:2
FNDA:3,(anonymous_0)
FNDA:1,(anonymous_1)
FNDA:0,(anonymous_2)
DA:2,1
DA:3,1
DA:4,1
DA:5,1
DA:12,1
DA:13,1
DA:14,3
DA:15,3
DA:17,3
DA:20,1
DA:21,1
DA:22,1
DA:24,1
DA:27,1
DA:28,0
DA:29,0
DA:31,0
LF:17
LH:14
BRF:0
BRH:0
end_of_record
TN:
SF:src\modules\tenant\controller\domain.controller.ts
FN:12,(anonymous_0)
FN:19,(anonymous_1)
FN:26,(anonymous_2)
FN:33,(anonymous_3)
FNF:4
FNH:3
FNDA:0,(anonymous_0)
FNDA:3,(anonymous_1)
FNDA:1,(anonymous_2)
FNDA:1,(anonymous_3)
DA:2,1
DA:3,1
DA:4,1
DA:5,1
DA:11,1
DA:12,1
DA:13,0
DA:14,0
DA:16,0
DA:19,1
DA:20,3
DA:21,3
DA:23,2
DA:26,1
DA:27,1
DA:28,1
DA:30,1
DA:33,1
DA:34,1
DA:35,1
DA:37,1
LF:21
LH:18
BRF:0
BRH:0
end_of_record
TN:
SF:src\modules\tenant\controller\public-branding.controller.ts
FN:11,(anonymous_0)
FNF:1
FNH:1
FNDA:2,(anonymous_0)
DA:2,1
DA:3,1
DA:4,1
DA:5,1
DA:8,1
DA:10,1
DA:11,1
DA:12,2
DA:13,2
DA:15,2
LF:10
LH:10
BRF:0
BRH:0
end_of_record
TN:
SF:src\modules\tenant\mapper\branding.mapper.ts
FN:18,(anonymous_0)
FN:40,(anonymous_1)
FNF:2
FNH:2
FNDA:5,(anonymous_0)
FNDA:5,(anonymous_1)
DA:17,3
DA:19,5
DA:44,5
LF:3
LH:3
BRDA:45,0,0,5
BRDA:45,0,1,3
BRDA:48,1,0,5
BRDA:48,1,1,3
BRDA:49,2,0,5
BRDA:49,2,1,4
BRF:6
BRH:6
end_of_record
TN:
SF:src\modules\tenant\mapper\domain.mapper.ts
FN:6,(anonymous_0)
FNF:1
FNH:1
FNDA:9,(anonymous_0)
DA:2,2
DA:5,2
DA:7,9
LF:3
LH:3
BRDA:11,0,0,7
BRDA:11,0,1,2
BRDA:14,1,0,5
BRDA:14,1,1,4
BRDA:14,2,0,9
BRDA:14,2,1,5
BRF:6
BRH:6
end_of_record
TN:
SF:src\modules\tenant\repository\tenant-branding.repository.ts
FN:17,(anonymous_0)
FN:19,(anonymous_1)
FN:24,(anonymous_2)
FNF:3
FNH:3
FNDA:5,(anonymous_0)
FNDA:5,(anonymous_1)
FNDA:1,(anonymous_2)
DA:16,3
DA:17,5
DA:20,5
DA:25,1
LF:4
LH:4
BRF:0
BRH:0
end_of_record
TN:
SF:src\modules\tenant\repository\tenant-domain.repository.ts
FN:18,(anonymous_0)
FN:20,(anonymous_1)
FN:25,(anonymous_2)
FN:30,(anonymous_3)
FN:34,(anonymous_4)
FN:38,(anonymous_5)
FN:42,(anonymous_6)
FNF:7
FNH:6
FNDA:6,(anonymous_0)
FNDA:5,(anonymous_1)
FNDA:3,(anonymous_2)
FNDA:1,(anonymous_3)
FNDA:2,(anonymous_4)
FNDA:0,(anonymous_5)
FNDA:1,(anonymous_6)
DA:17,3
DA:18,6
DA:21,5
DA:26,3
DA:31,1
DA:35,2
DA:39,0
DA:43,1
LF:8
LH:7
BRF:0
BRH:0
end_of_record
TN:
SF:src\modules\tenant\routes\branding.routes.ts
FNF:0
FNH:0
DA:1,1
DA:2,1
DA:3,1
DA:4,1
DA:5,1
DA:6,1
DA:7,1
DA:8,1
DA:9,1
DA:10,1
DA:24,1
DA:26,1
DA:100,1
DA:108,1
DA:143,1
DA:153,1
LF:16
LH:16
BRF:0
BRH:0
end_of_record
TN:
SF:src\modules\tenant\routes\domain.routes.ts
FNF:0
FNH:0
DA:1,1
DA:2,1
DA:3,1
DA:4,1
DA:5,1
DA:6,1
DA:7,1
DA:8,1
DA:19,1
DA:88,1
DA:96,1
DA:105,1
DA:128,1
DA:136,1
LF:14
LH:14
BRF:0
BRH:0
end_of_record
TN:
SF:src\modules\tenant\routes\public-branding.routes.ts
FNF:0
FNH:0
DA:1,1
DA:2,1
DA:3,1
DA:4,1
DA:17,1
DA:49,1
DA:51,1
LF:7
LH:7
BRF:0
BRH:0
end_of_record
TN:
SF:src\modules\tenant\schemas\branding.schema.ts
FNF:0
FNH:0
DA:1,1
DA:17,1
DA:22,1
DA:38,1
DA:41,1
DA:54,1
LF:6
LH:6
BRF:0
BRH:0
end_of_record
TN:
SF:src\modules\tenant\schemas\domain.schema.ts
FNF:0
FNH:0
DA:1,1
DA:25,1
DA:34,1
DA:41,1
LF:4
LH:4
BRF:0
BRH:0
end_of_record
TN:
SF:src\modules\tenant\service\public-branding.service.ts
FN:27,(anonymous_0)
FN:33,(anonymous_1)
FNF:2
FNH:2
FNDA:4,(anonymous_0)
FNDA:5,(anonymous_1)
DA:1,2
DA:2,2
DA:3,2
DA:4,2
DA:5,2
DA:26,2
DA:28,4
DA:29,4
DA:30,4
DA:34,5
DA:35,5
DA:36,2
DA:39,3
DA:41,3
DA:46,3
LF:15
LH:15
BRDA:28,0,0,1
BRDA:29,1,0,1
BRDA:30,2,0,1
BRDA:35,3,0,2
BRDA:42,4,0,1
BRDA:42,4,1,2
BRDA:43,5,0,0
BRDA:43,5,1,3
BRF:8
BRH:7
end_of_record
TN:
SF:src\modules\tenant\service\tenant-branding.service.ts
FN:23,sanitizeFileName
FN:43,(anonymous_1)
FN:51,(anonymous_2)
FN:61,(anonymous_3)
FN:68,(anonymous_4)
FN:90,(anonymous_5)
FN:100,(anonymous_6)
FNF:7
FNH:7
FNDA:1,sanitizeFileName
FNDA:11,(anonymous_1)
FNDA:8,(anonymous_2)
FNDA:2,(anonymous_3)
FNDA:4,(anonymous_4)
FNDA:5,(anonymous_5)
FNDA:3,(anonymous_6)
DA:3,2
DA:4,2
DA:5,2
DA:6,2
DA:7,2
DA:8,2
DA:9,2
DA:10,2
DA:15,2
DA:24,1
DA:42,2
DA:45,11
DA:46,11
DA:48,11
DA:52,8
DA:53,8
DA:54,3
DA:57,5
DA:58,5
DA:62,2
DA:64,2
DA:65,2
DA:69,4
DA:70,1
DA:72,3
DA:73,1
DA:75,2
DA:76,1
DA:79,1
DA:80,1
DA:82,1
DA:84,1
DA:85,1
DA:87,1
DA:91,5
DA:97,5
DA:101,3
LF:37
LH:37
BRDA:45,0,0,4
BRDA:46,1,0,4
BRDA:53,2,0,3
BRDA:69,3,0,1
BRDA:72,4,0,1
BRDA:75,5,0,1
BRDA:92,6,0,1
BRDA:92,6,1,4
BRDA:93,7,0,0
BRDA:93,7,1,5
BRDA:94,8,0,0
BRDA:94,8,1,5
BRDA:95,9,0,0
BRDA:95,9,1,5
BRF:14
BRH:11
end_of_record
TN:
SF:src\modules\tenant\service\tenant-domain.service.ts
FN:40,(anonymous_1)
FN:48,(anonymous_2)
FN:53,(anonymous_3)
FN:109,(anonymous_4)
FN:121,(anonymous_5)
FN:135,(anonymous_6)
FNF:6
FNH:5
FNDA:19,(anonymous_1)
FNDA:0,(anonymous_2)
FNDA:10,(anonymous_3)
FNDA:6,(anonymous_4)
FNDA:2,(anonymous_5)
FNDA:3,(anonymous_6)
DA:2,2
DA:3,2
DA:4,2
DA:5,2
DA:6,2
DA:7,2
DA:8,2
DA:9,2
DA:10,2
DA:11,2
DA:39,2
DA:42,19
DA:43,19
DA:45,19
DA:49,0
DA:50,0
DA:54,10
DA:55,2
DA:58,8
DA:60,8
DA:61,8
DA:62,2
DA:65,6
DA:66,3
DA:67,3
DA:68,1
DA:71,2
DA:73,2
DA:82,2
DA:85,3
DA:86,3
DA:87,3
DA:88,1
DA:91,2
DA:93,2
DA:100,2
DA:110,6
DA:111,6
DA:113,5
DA:114,1
DA:117,4
DA:118,4
DA:119,4
DA:120,4
DA:121,2
DA:123,2
DA:126,4
DA:127,3
DA:130,1
DA:131,1
DA:132,1
DA:136,3
DA:137,3
DA:138,3
DA:140,2
DA:141,2
LF:56
LH:54
BRDA:42,0,0,5
BRDA:43,1,0,5
BRDA:50,2,0,0
BRDA:50,2,1,0
BRDA:54,3,0,2
BRDA:61,4,0,2
BRDA:65,5,0,3
BRDA:67,6,0,1
BRDA:87,7,0,1
BRDA:113,8,0,1
BRDA:126,9,0,3
BRF:11
BRH:9
end_of_record
TN:
SF:src\modules\users\constants\user.permissions.ts
FNF:0
FNH:0
DA:1,1
DA:17,1
DA:19,1
LF:3
LH:3
BRF:0
BRH:0
end_of_record
TN:
SF:src\modules\users\controller\user.controller.ts
FN:23,(anonymous_0)
FN:30,(anonymous_1)
FN:37,(anonymous_2)
FN:46,(anonymous_3)
FN:53,(anonymous_4)
FN:62,(anonymous_5)
FN:69,(anonymous_6)
FN:78,(anonymous_7)
FN:85,(anonymous_8)
FNF:9
FNH:9
FNDA:2,(anonymous_0)
FNDA:4,(anonymous_1)
FNDA:3,(anonymous_2)
FNDA:3,(anonymous_3)
FNDA:1,(anonymous_4)
FNDA:1,(anonymous_5)
FNDA:4,(anonymous_6)
FNDA:2,(anonymous_7)
FNDA:1,(anonymous_8)
DA:2,1
DA:3,1
DA:4,1
DA:5,1
DA:6,1
DA:22,1
DA:23,1
DA:24,2
DA:25,2
DA:27,2
DA:30,1
DA:31,4
DA:32,4
DA:34,1
DA:37,1
DA:38,3
DA:39,3
DA:41,2
DA:46,1
DA:47,3
DA:48,3
DA:50,1
DA:53,1
DA:54,1
DA:55,1
DA:57,1
DA:62,1
DA:63,1
DA:64,1
DA:66,1
DA:69,1
DA:70,4
DA:71,4
DA:73,1
DA:78,1
DA:79,2
DA:80,2
DA:82,1
DA:85,1
DA:86,1
DA:87,1
DA:89,1
LF:42
LH:42
BRF:0
BRH:0
end_of_record
TN:
SF:src\modules\users\mapper\user.mapper.ts
FN:13,(anonymous_0)
FN:29,(anonymous_1)
FN:30,(anonymous_2)
FN:33,(anonymous_3)
FN:45,(anonymous_4)
FN:46,(anonymous_5)
FN:49,(anonymous_6)
FN:57,(anonymous_7)
FN:63,(anonymous_8)
FN:64,(anonymous_9)
FNF:10
FNH:7
FNDA:9,(anonymous_0)
FNDA:4,(anonymous_1)
FNDA:6,(anonymous_2)
FNDA:1,(anonymous_3)
FNDA:0,(anonymous_4)
FNDA:0,(anonymous_5)
FNDA:1,(anonymous_6)
FNDA:0,(anonymous_7)
FNDA:1,(anonymous_8)
FNDA:1,(anonymous_9)
DA:12,6
DA:14,9
DA:30,6
DA:34,1
DA:46,0
DA:50,1
DA:57,0
DA:64,1
LF:8
LH:6
BRDA:24,0,0,0
BRDA:24,0,1,9
BRF:2
BRH:1
end_of_record
TN:
[...]
FN:105,(anonymous_5)
FN:109,(anonymous_6)
FN:122,(anonymous_7)
FNF:8
FNH:8
FNDA:21,(anonymous_0)
FNDA:2,(anonymous_1)
FNDA:4,(anonymous_2)
FNDA:2,(anonymous_3)
FNDA:1,(anonymous_4)
FNDA:1,(anonymous_5)
FNDA:1,(anonymous_6)
FNDA:2,(anonymous_7)
DA:1,2
DA:11,2
DA:35,2
DA:37,21
DA:45,2
DA:47,2
DA:48,0
DA:51,2
DA:52,0
DA:59,2
DA:63,4
DA:73,2
DA:74,2
DA:88,1
DA:105,1
DA:110,1
DA:123,2
DA:128,2
LF:18
LH:16
BRDA:43,0,0,0
BRDA:47,1,0,0
BRDA:51,2,0,0
BRDA:62,3,0,0
BRDA:73,4,0,2
BRDA:73,4,1,2
BRF:6
BRH:2
end_of_record
TN:
SF:src\modules\users\routes\user.routes.ts
FNF:0
FNH:0
DA:1,1
DA:2,1
DA:3,1
DA:4,1
DA:5,1
DA:6,1
DA:7,1
DA:8,1
DA:36,1
DA:132,1
DA:158,1
DA:183,1
DA:227,1
DA:254,1
DA:279,1
DA:304,1
DA:333,1
DA:358,1
DA:367,1
LF:19
LH:19
BRF:0
BRH:0
end_of_record
TN:
SF:src\modules\users\schemas\user.schema.ts
FNF:0
FNH:0
DA:1,2
DA:2,2
DA:3,2
DA:20,2
DA:22,2
DA:23,2
DA:24,2
DA:25,2
DA:29,2
DA:39,2
DA:49,2
DA:50,2
DA:54,2
LF:13
LH:13
BRF:0
BRH:0
end_of_record
TN:
SF:src\modules\users\service\user.service.ts
FN:37,(anonymous_0)
FN:49,(anonymous_1)
FN:55,(anonymous_2)
FN:63,(anonymous_3)
FN:68,(anonymous_4)
FN:81,(anonymous_5)
FN:98,(anonymous_6)
FN:105,(anonymous_7)
FN:117,(anonymous_8)
FN:128,(anonymous_9)
FN:167,(anonymous_10)
FN:191,(anonymous_11)
FN:220,(anonymous_12)
FN:234,(anonymous_13)
FNF:14
FNH:13
FNDA:48,(anonymous_0)
FNDA:27,(anonymous_1)
FNDA:3,(anonymous_2)
FNDA:3,(anonymous_3)
FNDA:3,(anonymous_4)
FNDA:8,(anonymous_5)
FNDA:2,(anonymous_6)
FNDA:7,(anonymous_7)
FNDA:2,(anonymous_8)
FNDA:8,(anonymous_9)
FNDA:6,(anonymous_10)
FNDA:4,(anonymous_11)
FNDA:4,(anonymous_12)
FNDA:0,(anonymous_13)
DA:2,2
DA:3,2
DA:4,2
DA:5,2
DA:6,2
DA:7,2
DA:8,2
DA:9,2
DA:10,2
DA:11,2
DA:14,2
DA:15,2
DA:36,2
DA:39,48
DA:40,48
DA:42,48
DA:50,27
DA:51,27
DA:52,19
DA:56,3
DA:64,3
DA:65,2
DA:69,3
DA:70,2
DA:74,2
DA:82,8
DA:84,7
DA:85,2
DA:88,5
DA:90,5
DA:91,5
DA:92,3
DA:98,2
DA:99,2
DA:100,2
DA:101,2
DA:106,7
DA:108,6
DA:109,2
DA:111,4
DA:112,2
DA:115,2
DA:117,2
DA:118,2
DA:119,2
DA:120,2
DA:129,8
DA:131,8
DA:132,8
DA:133,2
DA:136,6
DA:137,6
DA:138,2
DA:141,4
DA:142,4
DA:143,2
DA:146,2
DA:147,2
DA:149,2
DA:161,2
DA:162,2
DA:164,2
DA:168,6
DA:169,6
DA:171,5
DA:172,1
DA:174,4
DA:175,2
DA:178,2
DA:179,2
DA:181,2
DA:187,2
DA:188,2
DA:192,4
DA:193,4
DA:195,3
DA:196,1
DA:199,2
DA:204,2
DA:221,4
DA:223,4
DA:235,0
LF:82
LH:81
BRDA:39,0,0,21
BRDA:40,1,0,21
BRDA:84,2,0,2
BRDA:84,3,0,7
BRDA:84,3,1,2
BRDA:84,3,2,2
BRDA:90,4,0,5
BRDA:90,4,1,3
BRDA:90,4,2,3
BRDA:91,5,0,3
BRDA:108,6,0,2
BRDA:111,7,0,2
BRDA:132,8,0,2
BRDA:137,9,0,2
BRDA:142,10,0,2
BRDA:152,11,0,2
BRDA:152,11,1,0
BRDA:153,12,0,2
BRDA:153,12,1,0
BRDA:158,13,0,2
BRDA:158,13,1,2
BRDA:171,14,0,1
BRDA:174,15,0,2
BRDA:195,16,0,1
BRF:24
BRH:22
end_of_record
TN:
SF:src\shared\base\base.repository.ts
FN:62,(anonymous_0)
FN:70,(anonymous_1)
FN:80,(anonymous_2)
FN:94,(anonymous_3)
FN:124,(anonymous_4)
FN:139,(anonymous_5)
FN:156,(anonymous_6)
FN:173,(anonymous_7)
FN:191,(anonymous_8)
FN:209,(anonymous_9)
FN:228,(anonymous_10)
FN:247,(anonymous_11)
FN:261,(anonymous_12)
FN:273,(anonymous_13)
FN:286,(anonymous_14)
FNF:15
FNH:13
FNDA:687,(anonymous_0)
FNDA:467,(anonymous_1)
FNDA:785,(anonymous_2)
FNDA:363,(anonymous_3)
FNDA:186,(anonymous_4)
FNDA:29,(anonymous_5)
FNDA:21,(anonymous_6)
FNDA:107,(anonymous_7)
FNDA:29,(anonymous_8)
FNDA:12,(anonymous_9)
FNDA:4,(anonymous_10)
FNDA:0,(anonymous_11)
FNDA:0,(anonymous_12)
FNDA:2,(anonymous_13)
FNDA:66,(anonymous_14)
DA:3,51
DA:58,51
DA:63,687
DA:64,687
DA:71,467
DA:78,15
DA:80,785
DA:83,15
DA:84,0
DA:88,15
DA:99,363
DA:101,363
DA:102,329
DA:105,363
DA:106,361
DA:107,3
DA:111,358
DA:114,360
DA:130,186
DA:131,184
DA:133,184
DA:148,29
DA:149,29
DA:150,29
DA:165,21
DA:166,20
DA:167,20
DA:180,107
DA:181,107
DA:182,107
DA:184,107
DA:185,107
DA:199,29
DA:200,29
DA:202,29
DA:203,29
DA:210,12
DA:211,12
DA:214,12
DA:222,12
DA:230,4
DA:231,4
DA:233,4
DA:241,4
DA:248,0
DA:249,0
DA:251,0
DA:255,0
DA:266,0
DA:267,0
DA:278,2
DA:279,2
DA:280,2
DA:294,66
DA:295,66
DA:297,66
DA:298,66
DA:299,66
DA:300,66
DA:302,66
DA:313,66
LF:61
LH:54
BRDA:71,0,0,452
BRDA:83,1,0,0
BRDA:96,2,0,0
BRDA:97,3,0,0
BRDA:101,4,0,329
BRDA:105,5,0,361
BRDA:106,6,0,3
BRDA:126,7,0,0
BRDA:142,8,0,0
BRDA:158,9,0,0
BRDA:159,10,0,0
BRDA:176,11,0,0
BRDA:181,12,0,107
BRDA:181,13,0,107
BRDA:181,13,1,107
BRDA:195,14,0,0
BRDA:209,15,0,0
BRDA:218,16,0,12
BRDA:218,16,1,0
BRDA:228,17,0,0
BRDA:247,18,0,0
BRDA:264,19,0,0
BRDA:275,20,0,0
BRDA:276,21,0,0
BRDA:289,22,0,0
BRDA:290,23,0,0
BRDA:297,24,0,66
BRDA:297,24,1,0
BRDA:298,25,0,66
BRDA:298,25,1,0
BRDA:300,26,0,49
BRDA:300,26,1,17
BRDA:300,27,0,49
BRDA:300,27,1,0
BRF:34
BRH:13
end_of_record
TN:
SF:src\shared\base\base.service.ts
FN:38,(anonymous_0)
FN:61,(anonymous_1)
FN:76,(anonymous_2)
FN:105,(anonymous_3)
FN:114,(anonymous_4)
FN:123,(anonymous_5)
FN:130,(anonymous_6)
FNF:7
FNH:4
FNDA:723,(anonymous_0)
FNDA:27,(anonymous_1)
FNDA:0,(anonymous_2)
FNDA:397,(anonymous_3)
FNDA:122,(anonymous_4)
FNDA:0,(anonymous_5)
FNDA:0,(anonymous_6)
DA:3,46
DA:4,46
DA:5,46
DA:6,46
DA:8,46
DA:32,46
DA:39,723
DA:40,723
DA:41,723
DA:44,723
DA:64,27
DA:80,0
DA:81,0
DA:82,0
DA:83,0
DA:85,0
DA:87,0
DA:91,0
DA:94,0
DA:106,397
DA:107,115
DA:115,122
DA:116,122
DA:124,0
DA:131,0
LF:25
LH:15
BRDA:85,0,0,0
BRDA:106,1,0,115
BRDA:114,2,0,120
BRF:3
BRH:2
end_of_record
TN:
SF:src\shared\base\index.ts
FNF:0
FNH:0
DA:1,46
DA:2,46
LF:2
LH:2
BRF:0
BRH:0
end_of_record
TN:
SF:src\shared\constants\api.constants.ts
FNF:0
FNH:0
DA:30,58
DA:47,58
DA:62,58
DA:95,58
DA:110,58
DA:127,58
DA:142,58
DA:151,58
DA:166,58
DA:181,58
DA:190,58
DA:202,58
DA:211,58
LF:13
LH:13
BRF:0
BRH:0
end_of_record
TN:
SF:src\shared\constants\date-formats.ts
FNF:0
FNH:0
DA:21,58
DA:86,58
LF:2
LH:2
BRF:0
BRH:0
end_of_record
TN:
SF:src\shared\constants\http-status.ts
FNF:0
FNH:0
DA:5,58
LF:1
LH:1
BRF:0
BRH:0
end_of_record
TN:
SF:src\shared\constants\index.ts
FN:13,(anonymous_0)
FN:16,(anonymous_1)
FN:20,(anonymous_2)
FN:21,(anonymous_3)
FN:22,(anonymous_4)
FN:23,(anonymous_5)
FN:24,(anonymous_6)
FN:25,(anonymous_7)
FN:26,(anonymous_8)
FN:27,(anonymous_9)
FN:28,(anonymous_10)
FN:29,(anonymous_11)
FN:30,(anonymous_12)
FN:31,(anonymous_13)
FN:32,(anonymous_14)
FN:35,(anonymous_15)
FN:38,(anonymous_16)
FN:38,(anonymous_17)
FNF:18
FNH:8
FNDA:270,(anonymous_0)
FNDA:283,(anonymous_1)
FNDA:280,(anonymous_2)
FNDA:0,(anonymous_3)
FNDA:21,(anonymous_4)
FNDA:0,(anonymous_5)
FNDA:18,(anonymous_6)
FNDA:38,(anonymous_7)
FNDA:0,(anonymous_8)
FNDA:0,(anonymous_9)
FNDA:0,(anonymous_10)
FNDA:0,(anonymous_11)
FNDA:4,(anonymous_12)
FNDA:13,(anonymous_13)
FNDA:0,(anonymous_14)
FNDA:0,(anonymous_15)
FNDA:0,(anonymous_16)
FNDA:0,(anonymous_17)
DA:13,328
DA:16,341
DA:19,58
DA:20,338
DA:21,58
DA:22,79
DA:23,58
DA:24,76
DA:25,96
DA:26,58
DA:27,58
DA:28,58
DA:29,58
DA:30,62
DA:31,71
DA:32,58
DA:35,58
DA:38,58
LF:18
LH:18
BRF:0
BRH:0
end_of_record
TN:
SF:src\shared\constants\messages.ts
FNF:0
FNH:0
DA:23,58
LF:1
LH:1
BRF:0
BRH:0
end_of_record
TN:
SF:src\shared\constants\regex.ts
FNF:0
FNH:0
DA:22,58
LF:1
LH:1
BRF:0
BRH:0
end_of_record
TN:
SF:src\shared\enums\error.enum.ts
FN:36,(anonymous_0)
FNF:1
FNH:1
FNDA:46,(anonymous_0)
DA:36,46
DA:41,46
DA:44,46
DA:47,46
DA:50,46
DA:53,46
DA:56,46
DA:59,46
DA:62,46
DA:65,46
DA:68,46
DA:71,46
DA:74,46
DA:79,46
DA:82,46
DA:85,46
DA:88,46
DA:91,46
DA:94,46
DA:97,46
DA:100,46
DA:103,46
DA:106,46
DA:109,46
DA:112,46
DA:115,46
DA:120,46
DA:123,46
DA:126,46
DA:129,46
DA:134,46
DA:137,46
DA:140,46
DA:145,46
DA:148,46
DA:151,46
DA:154,46
DA:159,46
DA:162,46
DA:165,46
DA:170,46
DA:173,46
DA:176,46
DA:181,46
DA:184,46
LF:45
LH:45
BRDA:36,0,0,46
BRDA:36,0,1,46
BRF:2
BRH:2
end_of_record
TN:
SF:src\shared\enums\index.ts
FN:19,(anonymous_0)
FN:19,(anonymous_1)
FN:20,(anonymous_2)
FN:20,(anonymous_3)
FN:21,(anonymous_4)
FN:21,(anonymous_5)
FN:22,(anonymous_6)
FNF:7
FNH:5
FNDA:687,(anonymous_0)
FNDA:0,(anonymous_1)
FNDA:129,(anonymous_2)
FNDA:40,(anonymous_3)
FNDA:426,(anonymous_4)
FNDA:0,(anonymous_5)
FNDA:393,(anonymous_6)
DA:19,733
DA:20,175
DA:21,472
DA:22,439
LF:4
LH:4
BRF:0
BRH:0
end_of_record
TN:
SF:src\shared\enums\permission.enum.ts
FN:5,(anonymous_0)
FN:20,(anonymous_1)
FNF:2
FNH:2
FNDA:46,(anonymous_0)
FNDA:46,(anonymous_1)
DA:5,46
DA:6,46
DA:7,46
DA:8,46
DA:9,46
DA:10,46
DA:11,46
DA:12,46
DA:13,46
DA:20,46
DA:21,46
DA:22,46
DA:23,46
DA:24,46
DA:25,46
DA:26,46
DA:27,46
DA:28,46
DA:30,46
DA:32,46
DA:33,46
DA:34,46
DA:35,46
DA:36,46
DA:37,46
DA:38,46
LF:26
LH:26
BRDA:5,0,0,46
BRDA:5,0,1,46
BRDA:20,1,0,46
BRDA:20,1,1,46
BRF:4
BRH:4
end_of_record
TN:
SF:src\shared\enums\tenant.enum.ts
FN:23,(anonymous_0)
FN:34,(anonymous_1)
FNF:2
FNH:2
FNDA:46,(anonymous_0)
FNDA:46,(anonymous_1)
DA:23,46
DA:24,46
DA:25,46
DA:26,46
DA:27,46
DA:34,46
DA:35,46
DA:36,46
DA:37,46
DA:38,46
DA:39,46
DA:40,46
LF:12
LH:12
BRDA:23,0,0,46
BRDA:23,0,1,46
BRDA:34,1,0,46
BRDA:34,1,1,46
BRF:4
BRH:4
end_of_record
TN:
SF:src\shared\enums\user.enum.ts
FN:5,(anonymous_0)
FN:16,(anonymous_1)
FNF:2
FNH:2
FNDA:46,(anonymous_0)
FNDA:46,(anonymous_1)
DA:5,46
DA:6,46
DA:7,46
DA:8,46
DA:9,46
DA:10,46
DA:16,46
DA:17,46
DA:18,46
DA:19,46
DA:20,46
LF:11
LH:11
BRDA:5,0,0,46
BRDA:5,0,1,46
BRDA:16,1,0,46
BRDA:16,1,1,46
BRF:4
BRH:4
end_of_record
TN:
SF:src\shared\errors\app.error.ts
FN:57,(anonymous_0)
FNF:1
FNH:1
FNDA:388,(anonymous_0)
DA:41,46
DA:64,388
DA:65,388
DA:66,388
DA:67,388
DA:68,388
DA:69,388
DA:72,388
LF:8
LH:8
BRDA:61,0,0,0
BRF:1
BRH:0
end_of_record
TN:
SF:src\shared\errors\http.errors.ts
FN:39,(anonymous_0)
FN:51,(anonymous_1)
FN:62,(anonymous_2)
FN:73,(anonymous_3)
FN:84,(anonymous_4)
FN:95,(anonymous_5)
FN:106,(anonymous_6)
FN:118,(anonymous_7)
FN:135,(anonymous_8)
FN:150,(anonymous_9)
FN:161,(anonymous_10)
FNF:11
FNH:8
FNDA:6,(anonymous_0)
FNDA:45,(anonymous_1)
FNDA:66,(anonymous_2)
FNDA:141,(anonymous_3)
FNDA:59,(anonymous_4)
FNDA:0,(anonymous_5)
FNDA:63,(anonymous_6)
FNDA:0,(anonymous_7)
FNDA:7,(anonymous_8)
FNDA:0,(anonymous_9)
FNDA:1,(anonymous_10)
DA:1,46
DA:2,46
DA:3,46
DA:38,46
DA:44,6
DA:50,46
DA:55,45
DA:61,46
DA:66,66
DA:72,46
DA:77,141
DA:83,46
DA:88,59
DA:94,46
DA:99,0
DA:105,46
DA:111,63
DA:117,46
DA:122,0
DA:134,46
DA:139,7
DA:149,46
DA:154,0
DA:160,46
DA:165,1
LF:25
LH:22
BRDA:40,0,0,0
BRDA:42,1,0,6
BRDA:52,2,0,2
BRDA:53,3,0,28
BRDA:63,4,0,0
BRDA:64,5,0,53
BRDA:74,6,0,0
BRDA:75,7,0,17
BRDA:85,8,0,0
BRDA:86,9,0,53
BRDA:96,10,0,0
BRDA:97,11,0,0
BRDA:107,12,0,0
BRDA:109,13,0,63
BRDA:119,14,0,0
BRDA:120,15,0,0
BRDA:136,16,0,0
BRDA:137,17,0,7
BRDA:151,18,0,0
BRDA:152,19,0,0
BRDA:162,20,0,0
BRDA:163,21,0,0
BRF:22
BRH:8
end_of_record
TN:
SF:src\shared\errors\index.ts
FN:5,(anonymous_0)
FN:7,(anonymous_1)
FN:8,(anonymous_2)
FN:9,(anonymous_3)
FN:10,(anonymous_4)
FN:11,(anonymous_5)
FN:12,(anonymous_6)
FN:13,(anonymous_7)
FN:14,(anonymous_8)
FN:15,(anonymous_9)
FN:16,(anonymous_10)
FN:17,(anonymous_11)
FNF:12
FNH:9
FNDA:227,(anonymous_0)
FNDA:12,(anonymous_1)
FNDA:57,(anonymous_2)
FNDA:80,(anonymous_3)
FNDA:221,(anonymous_4)
FNDA:95,(anonymous_5)
FNDA:0,(anonymous_6)
FNDA:74,(anonymous_7)
FNDA:0,(anonymous_8)
FNDA:11,(anonymous_9)
FNDA:0,(anonymous_10)
FNDA:2,(anonymous_11)
DA:5,273
DA:6,46
DA:7,58
DA:8,103
DA:9,126
DA:10,267
DA:11,141
DA:12,46
DA:13,120
DA:14,46
DA:15,57
DA:16,46
DA:17,48
LF:13
LH:13
BRF:0
BRH:0
end_of_record
TN:
SF:src\shared\response\api-response.ts
FN:30,(anonymous_0)
FN:45,(anonymous_1)
FN:57,(anonymous_2)
FN:69,(anonymous_3)
FN:81,(anonymous_4)
FN:93,(anonymous_5)
FN:111,(anonymous_6)
FN:122,(anonymous_7)
FN:139,(anonymous_8)
FNF:9
FNH:8
FNDA:491,(anonymous_0)
FNDA:95,(anonymous_1)
FNDA:63,(anonymous_2)
FNDA:40,(anonymous_3)
FNDA:17,(anonymous_4)
FNDA:49,(anonymous_5)
FNDA:0,(anonymous_6)
FNDA:227,(anonymous_7)
FNDA:68,(anonymous_8)
DA:2,51
DA:26,51
DA:31,491
DA:32,491
DA:34,491
DA:35,491
DA:46,95
DA:58,63
DA:70,40
DA:82,17
DA:99,49
DA:112,0
DA:128,227
DA:140,68
DA:141,68
LF:15
LH:14
BRDA:32,0,0,0
BRDA:34,1,0,491
BRDA:34,1,1,0
BRDA:45,2,0,0
BRDA:57,3,0,60
BRDA:69,4,0,35
BRDA:81,5,0,14
BRDA:97,6,0,49
BRDA:111,7,0,0
BRF:9
BRH:5
end_of_record
TN:
SF:src\shared\utils\async-handler.ts
FN:31,(anonymous_0)
FN:32,(anonymous_1)
FNF:2
FNH:2
FNDA:303,(anonymous_0)
FNDA:799,(anonymous_1)
DA:30,34
DA:31,34
DA:32,303
DA:33,799
LF:4
LH:4
BRF:0
BRH:0
end_of_record
TN:
SF:src\shared\utils\crypto.utils.ts
FN:26,(anonymous_1)
FN:36,(anonymous_2)
FN:59,(anonymous_3)
FN:67,(anonymous_4)
FN:76,(anonymous_5)
FNF:5
FNH:4
FNDA:34,(anonymous_1)
FNDA:0,(anonymous_2)
FNDA:38,(anonymous_3)
FNDA:2,(anonymous_4)
FNDA:2,(anonymous_5)
DA:1,34
DA:18,34
DA:27,34
DA:37,0
DA:38,0
DA:41,0
DA:42,0
DA:44,0
DA:45,0
DA:46,0
DA:48,0
DA:60,38
DA:68,2
DA:77,2
DA:78,2
DA:79,2
DA:80,1
LF:17
LH:9
BRDA:26,0,0,0
BRDA:36,1,0,0
BRDA:37,2,0,0
BRDA:37,3,0,0
BRDA:37,3,1,0
BRDA:79,4,0,1
BRF:6
BRH:1
end_of_record
TN:
SF:src\shared\utils\index.ts
FNF:0
FNH:0
DA:4,34
DA:5,34
LF:2
LH:2
BRF:0
BRH:0
end_of_record
TN:
SF:src\shared\validators\gstin.validator.ts
FN:13,(anonymous_0)
FNF:1
FNH:1
FNDA:1,(anonymous_0)
DA:1,35
DA:8,35
DA:10,35
DA:13,1
LF:4
LH:4
BRF:0
BRH:0
end_of_record
TN:
SF:src\shared\validators\index.ts
FNF:0
FNH:0
DA:4,35
DA:5,35
DA:6,35
LF:3
LH:3
BRF:0
BRH:0
end_of_record
TN:
SF:src\shared\validators\pagination.validator.ts
FNF:0
FNH:0
DA:1,35
DA:2,35
DA:20,35
DA:51,35
LF:4
LH:4
BRF:0
BRH:0
end_of_record
TN:
SF:src\shared\validators\pan.validator.ts
FN:23,(anonymous_0)
FNF:1
FNH:1
FNDA:3,(anonymous_0)
DA:1,35
DA:18,35
DA:20,35
DA:23,3
LF:4
LH:4
BRF:0
BRH:0
end_of_record
TN:
SF:src\storage\s3-storage.service.ts
FN:25,(anonymous_0)
FN:28,(anonymous_1)
FN:40,(anonymous_2)
FNF:3
FNH:3
FNDA:8,(anonymous_0)
FNDA:2,(anonymous_1)
FNDA:1,(anonymous_2)
DA:1,6
DA:2,6
DA:3,6
DA:24,6
DA:25,8
DA:29,2
DA:41,1
DA:42,1
LF:8
LH:8
BRDA:25,0,0,5
BRF:1
BRH:1
end_of_record
TN:
SF:src\workers\notification.worker.ts
FN:32,createNotificationWorker
FN:35,(anonymous_1)
FNF:2
FNH:2
FNDA:1,createNotificationWorker
FNDA:2,(anonymous_1)
DA:1,1
DA:2,1
DA:3,1
DA:4,1
DA:5,1
DA:6,1
DA:7,1
DA:32,1
DA:33,1
DA:36,2
DA:41,2
DA:42,0
DA:43,0
DA:46,2
DA:49,0
DA:52,2
DA:54,2
DA:55,0
DA:59,0
DA:63,0
DA:66,2
DA:67,2
DA:69,2
DA:74,2
DA:75,1
LF:25
LH:19
BRDA:41,0,0,0
BRDA:46,1,0,0
BRDA:52,2,0,1
BRDA:52,2,1,1
BRDA:54,3,0,0
BRDA:61,4,0,0
BRDA:61,4,1,0
BRDA:71,5,0,1
BRDA:71,5,1,1
BRDA:74,6,0,1
BRF:10
BRH:5
end_of_record
TN:
SF:tests\integration\helpers\audit-test-app.ts
FN:19,createAuditTestApp
FNF:1
FNH:1
FNDA:1,createAuditTestApp
DA:1,1
DA:2,1
DA:3,1
DA:4,1
DA:5,1
DA:6,1
DA:19,1
DA:20,1
DA:21,1
DA:22,1
DA:23,1
DA:24,1
DA:25,1
DA:26,1
DA:27,1
LF:15
LH:15
BRF:0
BRH:0
end_of_record
TN:
SF:tests\integration\helpers\auth-test-app.ts
FN:12,createAuthTestApp
FNF:1
FNH:1
FNDA:1,createAuthTestApp
DA:1,1
DA:2,1
DA:3,1
DA:4,1
DA:5,1
DA:12,1
DA:13,1
DA:14,1
DA:15,1
DA:16,1
DA:17,1
DA:18,1
DA:19,1
LF:13
LH:13
BRF:0
BRH:0
end_of_record
TN:
SF:tests\integration\helpers\billing-test-app.ts
FN:16,createBillingTestApp
FN:20,(anonymous_2)
FNF:2
FNH:2
FNDA:1,createBillingTestApp
FNDA:4,(anonymous_2)
DA:1,1
DA:2,1
DA:3,1
DA:4,1
DA:5,1
DA:16,1
DA:17,1
DA:18,1
DA:19,1
DA:20,4
DA:21,1
DA:22,1
DA:23,1
LF:13
LH:13
BRF:0
BRH:0
end_of_record
TN:
SF:tests\integration\helpers\business-test-app.ts
FN:14,createBusinessTestApp
FNF:1
FNH:1
FNDA:1,createBusinessTestApp
DA:1,1
DA:2,1
DA:3,1
DA:4,1
DA:5,1
DA:14,1
DA:15,1
DA:16,1
DA:17,1
DA:18,1
DA:19,1
DA:20,1
DA:21,1
LF:13
LH:13
BRF:0
BRH:0
end_of_record
TN:
SF:tests\integration\helpers\client-billing-test-app.ts
FN:16,createClientBillingTestApp
FNF:1
FNH:1
FNDA:1,createClientBillingTestApp
DA:1,1
DA:2,1
DA:3,1
DA:4,1
DA:5,1
DA:6,1
DA:7,1
DA:16,1
DA:17,1
DA:18,1
DA:19,1
DA:20,1
DA:21,1
DA:22,1
DA:23,1
DA:24,1
DA:25,1
LF:17
LH:17
BRF:0
BRH:0
end_of_record
TN:
SF:tests\integration\helpers\compliance-test-app.ts
FN:16,createComplianceTestApp
FNF:1
FNH:1
FNDA:1,createComplianceTestApp
DA:1,1
DA:2,1
DA:3,1
DA:4,1
DA:5,1
DA:6,1
DA:16,1
DA:17,1
DA:18,1
DA:19,1
DA:20,1
DA:21,1
DA:22,1
DA:23,1
DA:24,1
LF:15
LH:15
BRF:0
BRH:0
end_of_record
TN:
SF:tests\integration\helpers\contact-test-app.ts
FN:12,createContactTestApp
FNF:1
FNH:1
FNDA:1,createContactTestApp
DA:1,1
DA:2,1
DA:3,1
DA:4,1
DA:5,1
DA:12,1
DA:13,1
DA:14,1
DA:15,1
DA:16,1
DA:17,1
DA:18,1
DA:19,1
LF:13
LH:13
BRF:0
BRH:0
end_of_record
TN:
SF:tests\integration\helpers\crm-test-app.ts
FN:12,createCrmTestApp
FNF:1
FNH:1
FNDA:1,createCrmTestApp
DA:1,1
DA:2,1
DA:3,1
DA:4,1
DA:5,1
DA:12,1
DA:13,1
DA:14,1
DA:15,1
DA:16,1
DA:17,1
DA:18,1
DA:19,1
LF:13
LH:13
BRF:0
BRH:0
end_of_record
TN:
SF:tests\integration\helpers\document-test-app.ts
FN:12,createDocumentTestApp
FNF:1
FNH:1
FNDA:1,createDocumentTestApp
DA:1,1
DA:2,1
DA:3,1
DA:4,1
DA:5,1
DA:12,1
DA:13,1
DA:14,1
DA:15,1
DA:16,1
DA:17,1
DA:18,1
DA:19,1
LF:13
LH:13
BRF:0
BRH:0
end_of_record
TN:
SF:tests\integration\helpers\fixtures.ts
FN:23,createTenantFixture
FN:70,seedFixtures
FN:84,cleanupFixtures
FN:95,(anonymous_3)
FNF:4
FNH:4
FNDA:40,createTenantFixture
FNDA:20,seedFixtures
FNDA:20,cleanupFixtures
FNDA:40,(anonymous_3)
DA:1,20
DA:2,20
DA:24,40
DA:26,40
DA:34,40
DA:43,40
DA:50,40
DA:59,40
DA:67,40
DA:70,20
DA:71,20
DA:76,20
DA:84,20
DA:85,20
DA:87,20
DA:88,20
DA:90,20
DA:94,20
DA:95,40
DA:97,20
DA:98,20
LF:21
LH:21
BRF:0
BRH:0
end_of_record
TN:
SF:tests\integration\helpers\full-test-app.ts
FN:26,createFullTestApp
FN:36,(anonymous_2)
FNF:2
FNH:2
FNDA:1,createFullTestApp
FNDA:1,(anonymous_2)
DA:1,1
DA:2,1
DA:3,1
DA:4,1
DA:5,1
DA:6,1
DA:7,1
DA:8,1
DA:9,1
DA:26,1
DA:27,1
DA:30,1
DA:31,1
DA:32,1
DA:33,1
DA:36,1
DA:37,1
DA:43,1
DA:46,1
DA:47,1
DA:50,1
DA:52,1
LF:22
LH:22
BRF:0
BRH:0
end_of_record
TN:
SF:tests\integration\helpers\jwt.ts
FN:21,signAccessToken
FNF:1
FNH:1
FNDA:401,signAccessToken
DA:1,20
DA:2,20
DA:3,20
DA:21,20
DA:29,401
DA:31,401
LF:6
LH:6
BRDA:25,0,0,387
BRDA:26,1,0,385
BRDA:27,2,0,3
BRDA:28,3,0,399
BRF:4
BRH:4
end_of_record
TN:
SF:tests\integration\helpers\master-admin-test-app.ts
FN:12,createMasterAdminTestApp
FNF:1
FNH:1
FNDA:2,createMasterAdminTestApp
DA:1,2
DA:2,2
DA:3,2
DA:4,2
DA:5,2
DA:12,2
DA:13,2
DA:14,2
DA:15,2
DA:16,2
DA:17,2
DA:18,2
DA:19,2
LF:13
LH:13
BRF:0
BRH:0
end_of_record
TN:
SF:tests\integration\helpers\notification-test-app.ts
FN:12,createNotificationTestApp
FNF:1
FNH:1
FNDA:1,createNotificationTestApp
DA:1,1
DA:2,1
DA:3,1
DA:4,1
DA:5,1
DA:12,1
DA:13,1
DA:14,1
DA:15,1
DA:16,1
DA:17,1
DA:18,1
DA:19,1
LF:13
LH:13
BRF:0
BRH:0
end_of_record
TN:
SF:tests\integration\helpers\permission-test-app.ts
FN:12,createPermissionTestApp
FNF:1
FNH:1
FNDA:1,createPermissionTestApp
DA:1,1
DA:2,1
DA:3,1
DA:4,1
DA:5,1
DA:12,1
DA:13,1
DA:14,1
DA:15,1
DA:16,1
DA:17,1
DA:18,1
DA:19,1
LF:13
LH:13
BRF:0
BRH:0
end_of_record
TN:
SF:tests\integration\helpers\report-test-app.ts
FN:12,createReportTestApp
FNF:1
FNH:1
FNDA:1,createReportTestApp
DA:1,1
DA:2,1
DA:3,1
DA:4,1
DA:5,1
DA:12,1
DA:13,1
DA:14,1
DA:15,1
DA:16,1
DA:17,1
DA:18,1
DA:19,1
LF:13
LH:13
BRF:0
BRH:0
end_of_record
TN:
SF:tests\integration\helpers\role-test-app.ts
FN:12,createRoleTestApp
FNF:1
FNH:1
FNDA:1,createRoleTestApp
DA:1,1
DA:2,1
DA:3,1
DA:4,1
DA:5,1
DA:12,1
DA:13,1
DA:14,1
DA:15,1
DA:16,1
DA:17,1
DA:18,1
DA:19,1
LF:13
LH:13
BRF:0
BRH:0
end_of_record
TN:
SF:tests\integration\helpers\task-test-app.ts
FN:14,createTaskTestApp
FNF:1
FNH:1
FNDA:2,createTaskTestApp
DA:1,2
DA:2,2
DA:3,2
DA:4,2
DA:5,2
DA:14,2
DA:15,2
DA:16,2
DA:17,2
DA:18,2
DA:19,2
DA:20,2
DA:21,2
LF:13
LH:13
BRF:0
BRH:0
end_of_record
TN:
SF:tests\integration\helpers\tenant-test-app.ts
FN:14,createTenantTestApp
FNF:1
FNH:1
FNDA:1,createTenantTestApp
DA:1,1
DA:2,1
DA:3,1
DA:4,1
DA:5,1
DA:6,1
DA:7,1
DA:14,1
DA:15,1
DA:16,1
DA:17,1
DA:18,1
DA:19,1
DA:20,1
DA:21,1
DA:22,1
DA:23,1
LF:17
LH:17
BRF:0
BRH:0
end_of_record
TN:
SF:tests\integration\helpers\test-app.ts
FN:17,createTestApp
FNF:1
FNH:1
FNDA:1,createTestApp
DA:1,1
DA:2,1
DA:3,1
DA:4,1
DA:5,1
DA:17,1
DA:18,1
DA:19,1
DA:20,1
DA:21,1
DA:22,1
DA:23,1
DA:24,1
LF:13
LH:13
BRF:0
BRH:0
end_of_record
TN:
SF:tests\integration\helpers\user-test-app.ts
FN:12,createUserTestApp
FNF:1
FNH:1
FNDA:1,createUserTestApp
DA:1,1
DA:2,1
DA:3,1
DA:4,1
DA:5,1
DA:12,1
DA:13,1
DA:14,1
DA:15,1
DA:16,1
DA:17,1
DA:18,1
DA:19,1
LF:13
LH:13
BRF:0
BRH:0
end_of_record
